{"timestamp":"2026-06-20T09:19:25.576596Z","level":"info","event":"DAG bundles loaded: dags-folder","logger":"airflow.dag_processing.bundles.manager.DagBundlesManager","filename":"manager.py","lineno":209}
{"timestamp":"2026-06-20T09:19:25.577801Z","level":"info","event":"Filling up the DagBag from /opt/airflow/dags/openf1_session_results_bronze.py","logger":"airflow.dag_processing.dagbag.BundleDagBag","filename":"dagbag.py","lineno":469}
{"timestamp":"2026-06-20T09:19:26.180124Z","level":"warning","event":"The `airflow.operators.python.PythonOperator` attribute is deprecated. Please use `'airflow.providers.standard.operators.python.PythonOperator'`.","category":"UserWarning","filename":"/opt/airflow/dags/openf1_session_results_bronze.py","lineno":3,"logger":"py.warnings"}
{"timestamp":"2026-06-20T09:19:26.198136Z","level":"info","event":"Init Bigquery Client","logger":"openf1_de.fetch_bronze_session_results","filename":"fetch_bronze_session_results.py","lineno":63}
{"timestamp":"2026-06-20T09:19:26.228577Z","level":"info","event":"Fetch stg_sessions","logger":"openf1_de.fetch_bronze_session_results","filename":"fetch_bronze_session_results.py","lineno":65}
{"timestamp":"2026-06-20T09:19:28.015767Z","level":"info","event":"Using the only necessary tables columns: ['session_key', 'date_start', 'session_type', 'session_name', 'year'] and before 2026-06-20 09:19:28.015616+00:00","logger":"openf1_de.fetch_bronze_session_results","filename":"fetch_bronze_session_results.py","lineno":74}
{"timestamp":"2026-06-20T09:19:28.017578Z","level":"info","event":"Fetching the Session Results","logger":"openf1_de.fetch_bronze_session_results","filename":"fetch_bronze_session_results.py","lineno":80}
{"timestamp":"2026-06-20T09:19:28.018383Z","level":"info","event":"Fetching for url: https://api.openf1.org/v1/session_result?session_key=9683","logger":"openf1_de.fetch_bronze_session_results","filename":"fetch_bronze_session_results.py","lineno":94}
{"timestamp":"2026-06-20T09:19:28.561906Z","level":"info","event":"Fetching for url: https://api.openf1.org/v1/session_result?session_key=9684","logger":"openf1_de.fetch_bronze_session_results","filename":"fetch_bronze_session_results.py","lineno":94}
{"timestamp":"2026-06-20T09:19:29.088271Z","level":"info","event":"Fetching for url: https://api.openf1.org/v1/session_result?session_key=9685","logger":"openf1_de.fetch_bronze_session_results","filename":"fetch_bronze_session_results.py","lineno":94}
{"timestamp":"2026-06-20T09:19:29.617673Z","level":"info","event":"Fetching for url: https://api.openf1.org/v1/session_result?session_key=9686","logger":"openf1_de.fetch_bronze_session_results","filename":"fetch_bronze_session_results.py","lineno":94}
{"timestamp":"2026-06-20T09:19:30.140373Z","level":"info","event":"Fetching for url: https://api.openf1.org/v1/session_result?session_key=9687","logger":"openf1_de.fetch_bronze_session_results","filename":"fetch_bronze_session_results.py","lineno":94}
{"timestamp":"2026-06-20T09:19:30.691379Z","level":"info","event":"Fetching for url: https://api.openf1.org/v1/session_result?session_key=9688","logger":"openf1_de.fetch_bronze_session_results","filename":"fetch_bronze_session_results.py","lineno":94}
{"timestamp":"2026-06-20T09:19:31.211244Z","level":"info","event":"Fetching for url: https://api.openf1.org/v1/session_result?session_key=9689","logger":"openf1_de.fetch_bronze_session_results","filename":"fetch_bronze_session_results.py","lineno":94}
{"timestamp":"2026-06-20T09:19:31.736090Z","level":"info","event":"Fetching for url: https://api.openf1.org/v1/session_result?session_key=9693","logger":"openf1_de.fetch_bronze_session_results","filename":"fetch_bronze_session_results.py","lineno":94}
{"timestamp":"2026-06-20T09:19:32.260247Z","level":"info","event":"Fetching for url: https://api.openf1.org/v1/session_result?session_key=9988","logger":"openf1_de.fetch_bronze_session_results","filename":"fetch_bronze_session_results.py","lineno":94}
{"timestamp":"2026-06-20T09:19:32.784150Z","level":"info","event":"Fetching for url: https://api.openf1.org/v1/session_result?session_key=9989","logger":"openf1_de.fetch_bronze_session_results","filename":"fetch_bronze_session_results.py","lineno":94}
{"timestamp":"2026-06-20T09:19:33.311280Z","level":"info","event":"Fetching for url: https://api.openf1.org/v1/session_result?session_key=9993","logger":"openf1_de.fetch_bronze_session_results","filename":"fetch_bronze_session_results.py","lineno":94}
{"timestamp":"2026-06-20T09:19:33.836878Z","level":"info","event":"Fetching for url: https://api.openf1.org/v1/session_result?session_key=9994","logger":"openf1_de.fetch_bronze_session_results","filename":"fetch_bronze_session_results.py","lineno":94}
{"timestamp":"2026-06-20T09:19:34.362237Z","level":"info","event":"Fetching for url: https://api.openf1.org/v1/session_result?session_key=9998","logger":"openf1_de.fetch_bronze_session_results","filename":"fetch_bronze_session_results.py","lineno":94}
{"timestamp":"2026-06-20T09:19:34.885869Z","level":"info","event":"Fetching for url: https://api.openf1.org/v1/session_result?session_key=9999","logger":"openf1_de.fetch_bronze_session_results","filename":"fetch_bronze_session_results.py","lineno":94}
{"timestamp":"2026-06-20T09:19:35.408352Z","level":"info","event":"Fetching for url: https://api.openf1.org/v1/session_result?session_key=10000","logger":"openf1_de.fetch_bronze_session_results","filename":"fetch_bronze_session_results.py","lineno":94}
{"timestamp":"2026-06-20T09:19:35.929232Z","level":"info","event":"Fetching for url: https://api.openf1.org/v1/session_result?session_key=10001","logger":"openf1_de.fetch_bronze_session_results","filename":"fetch_bronze_session_results.py","lineno":94}
{"timestamp":"2026-06-20T09:19:36.453384Z","level":"info","event":"Fetching for url: https://api.openf1.org/v1/session_result?session_key=10002","logger":"openf1_de.fetch_bronze_session_results","filename":"fetch_bronze_session_results.py","lineno":94}
{"timestamp":"2026-06-20T09:19:36.976182Z","level":"info","event":"Fetching for url: https://api.openf1.org/v1/session_result?session_key=10006","logger":"openf1_de.fetch_bronze_session_results","filename":"fetch_bronze_session_results.py","lineno":94}
{"timestamp":"2026-06-20T09:19:37.509759Z","level":"info","event":"Fetching for url: https://api.openf1.org/v1/session_result?session_key=10007","logger":"openf1_de.fetch_bronze_session_results","filename":"fetch_bronze_session_results.py","lineno":94}
{"timestamp":"2026-06-20T09:19:38.033281Z","level":"info","event":"Fetching for url: https://api.openf1.org/v1/session_result?session_key=10008","logger":"openf1_de.fetch_bronze_session_results","filename":"fetch_bronze_session_results.py","lineno":94}
{"timestamp":"2026-06-20T09:19:38.553551Z","level":"info","event":"Fetching for url: https://api.openf1.org/v1/session_result?session_key=10009","logger":"openf1_de.fetch_bronze_session_results","filename":"fetch_bronze_session_results.py","lineno":94}
{"timestamp":"2026-06-20T09:19:39.082123Z","level":"info","event":"Fetching for url: https://api.openf1.org/v1/session_result?session_key=10010","logger":"openf1_de.fetch_bronze_session_results","filename":"fetch_bronze_session_results.py","lineno":94}
{"timestamp":"2026-06-20T09:19:39.601985Z","level":"info","event":"Fetching for url: https://api.openf1.org/v1/session_result?session_key=10014","logger":"openf1_de.fetch_bronze_session_results","filename":"fetch_bronze_session_results.py","lineno":94}
{"timestamp":"2026-06-20T09:19:40.149545Z","level":"info","event":"Fetching for url: https://api.openf1.org/v1/session_result?session_key=10015","logger":"openf1_de.fetch_bronze_session_results","filename":"fetch_bronze_session_results.py","lineno":94}
{"timestamp":"2026-06-20T09:19:40.673733Z","level":"info","event":"Fetching for url: https://api.openf1.org/v1/session_result?session_key=10016","logger":"openf1_de.fetch_bronze_session_results","filename":"fetch_bronze_session_results.py","lineno":94}
{"timestamp":"2026-06-20T09:19:41.196870Z","level":"info","event":"Fetching for url: https://api.openf1.org/v1/session_result?session_key=10017","logger":"openf1_de.fetch_bronze_session_results","filename":"fetch_bronze_session_results.py","lineno":94}
{"timestamp":"2026-06-20T09:19:41.715692Z","level":"info","event":"Fetching for url: https://api.openf1.org/v1/session_result?session_key=10018","logger":"openf1_de.fetch_bronze_session_results","filename":"fetch_bronze_session_results.py","lineno":94}
{"timestamp":"2026-06-20T09:19:42.240386Z","level":"info","event":"Fetching for url: https://api.openf1.org/v1/session_result?session_key=10022","logger":"openf1_de.fetch_bronze_session_results","filename":"fetch_bronze_session_results.py","lineno":94}
{"timestamp":"2026-06-20T09:19:42.756812Z","level":"error","event":"429: Waiting 17.2s until next minute...","logger":"openf1_de.fetch_bronze_session_results","filename":"fetch_bronze_session_results.py","lineno":107}
{"timestamp":"2026-06-20T09:20:00.527051Z","level":"info","event":"Fetching for url: https://api.openf1.org/v1/session_result?session_key=10023","logger":"openf1_de.fetch_bronze_session_results","filename":"fetch_bronze_session_results.py","lineno":94}
{"timestamp":"2026-06-20T09:20:01.053602Z","level":"info","event":"Fetching for url: https://api.openf1.org/v1/session_result?session_key=10024","logger":"openf1_de.fetch_bronze_session_results","filename":"fetch_bronze_session_results.py","lineno":94}
{"timestamp":"2026-06-20T09:20:01.571667Z","level":"info","event":"Fetching for url: https://api.openf1.org/v1/session_result?session_key=10028","logger":"openf1_de.fetch_bronze_session_results","filename":"fetch_bronze_session_results.py","lineno":94}
{"timestamp":"2026-06-20T09:20:02.099843Z","level":"info","event":"Fetching for url: https://api.openf1.org/v1/session_result?session_key=10029","logger":"openf1_de.fetch_bronze_session_results","filename":"fetch_bronze_session_results.py","lineno":94}
{"timestamp":"2026-06-20T09:20:02.625407Z","level":"info","event":"Fetching for url: https://api.openf1.org/v1/session_result?session_key=10033","logger":"openf1_de.fetch_bronze_session_results","filename":"fetch_bronze_session_results.py","lineno":94}
{"timestamp":"2026-06-20T09:20:03.146676Z","level":"info","event":"Fetching for url: https://api.openf1.org/v1/session_result?session_key=9980","logger":"openf1_de.fetch_bronze_session_results","filename":"fetch_bronze_session_results.py","lineno":94}
{"timestamp":"2026-06-20T09:20:03.667355Z","level":"info","event":"Fetching for url: https://api.openf1.org/v1/session_result?session_key=9981","logger":"openf1_de.fetch_bronze_session_results","filename":"fetch_bronze_session_results.py","lineno":94}
{"timestamp":"2026-06-20T09:20:04.191126Z","level":"info","event":"Fetching for url: https://api.openf1.org/v1/session_result?session_key=9982","logger":"openf1_de.fetch_bronze_session_results","filename":"fetch_bronze_session_results.py","lineno":94}
{"timestamp":"2026-06-20T09:20:04.972621Z","level":"info","event":"Fetching for url: https://api.openf1.org/v1/session_result?session_key=9983","logger":"openf1_de.fetch_bronze_session_results","filename":"fetch_bronze_session_results.py","lineno":94}
{"timestamp":"2026-06-20T09:20:05.492390Z","level":"info","event":"Fetching for url: https://api.openf1.org/v1/session_result?session_key=9987","logger":"openf1_de.fetch_bronze_session_results","filename":"fetch_bronze_session_results.py","lineno":94}
{"timestamp":"2026-06-20T09:20:06.013729Z","level":"info","event":"Fetching for url: https://api.openf1.org/v1/session_result?session_key=9972","logger":"openf1_de.fetch_bronze_session_results","filename":"fetch_bronze_session_results.py","lineno":94}
{"timestamp":"2026-06-20T09:20:06.537076Z","level":"info","event":"Fetching for url: https://api.openf1.org/v1/session_result?session_key=9973","logger":"openf1_de.fetch_bronze_session_results","filename":"fetch_bronze_session_results.py","lineno":94}
{"timestamp":"2026-06-20T09:20:07.054968Z","level":"info","event":"Fetching for url: https://api.openf1.org/v1/session_result?session_key=9974","logger":"openf1_de.fetch_bronze_session_results","filename":"fetch_bronze_session_results.py","lineno":94}
{"timestamp":"2026-06-20T09:20:07.732341Z","level":"info","event":"Fetching for url: https://api.openf1.org/v1/session_result?session_key=9975","logger":"openf1_de.fetch_bronze_session_results","filename":"fetch_bronze_session_results.py","lineno":94}
{"timestamp":"2026-06-20T09:20:08.251749Z","level":"info","event":"Fetching for url: https://api.openf1.org/v1/session_result?session_key=9979","logger":"openf1_de.fetch_bronze_session_results","filename":"fetch_bronze_session_results.py","lineno":94}
{"timestamp":"2026-06-20T09:20:08.772155Z","level":"info","event":"Fetching for url: https://api.openf1.org/v1/session_result?session_key=9964","logger":"openf1_de.fetch_bronze_session_results","filename":"fetch_bronze_session_results.py","lineno":94}
{"timestamp":"2026-06-20T09:20:09.291643Z","level":"info","event":"Fetching for url: https://api.openf1.org/v1/session_result?session_key=9965","logger":"openf1_de.fetch_bronze_session_results","filename":"fetch_bronze_session_results.py","lineno":94}
{"timestamp":"2026-06-20T09:20:09.817351Z","level":"info","event":"Fetching for url: https://api.openf1.org/v1/session_result?session_key=9966","logger":"openf1_de.fetch_bronze_session_results","filename":"fetch_bronze_session_results.py","lineno":94}
{"timestamp":"2026-06-20T09:20:10.347489Z","level":"info","event":"Fetching for url: https://api.openf1.org/v1/session_result?session_key=9967","logger":"openf1_de.fetch_bronze_session_results","filename":"fetch_bronze_session_results.py","lineno":94}
{"timestamp":"2026-06-20T09:20:10.869171Z","level":"info","event":"Fetching for url: https://api.openf1.org/v1/session_result?session_key=9971","logger":"openf1_de.fetch_bronze_session_results","filename":"fetch_bronze_session_results.py","lineno":94}
{"timestamp":"2026-06-20T09:20:11.399633Z","level":"info","event":"Fetching for url: https://api.openf1.org/v1/session_result?session_key=9956","logger":"openf1_de.fetch_bronze_session_results","filename":"fetch_bronze_session_results.py","lineno":94}
{"timestamp":"2026-06-20T09:20:11.928694Z","level":"info","event":"Fetching for url: https://api.openf1.org/v1/session_result?session_key=9957","logger":"openf1_de.fetch_bronze_session_results","filename":"fetch_bronze_session_results.py","lineno":94}
{"timestamp":"2026-06-20T09:20:12.452554Z","level":"info","event":"Fetching for url: https://api.openf1.org/v1/session_result?session_key=9958","logger":"openf1_de.fetch_bronze_session_results","filename":"fetch_bronze_session_results.py","lineno":94}
{"timestamp":"2026-06-20T09:20:12.972333Z","level":"info","event":"Fetching for url: https://api.openf1.org/v1/session_result?session_key=9959","logger":"openf1_de.fetch_bronze_session_results","filename":"fetch_bronze_session_results.py","lineno":94}
{"timestamp":"2026-06-20T09:20:13.496799Z","level":"info","event":"Fetching for url: https://api.openf1.org/v1/session_result?session_key=9963","logger":"openf1_de.fetch_bronze_session_results","filename":"fetch_bronze_session_results.py","lineno":94}
{"timestamp":"2026-06-20T09:20:14.018337Z","level":"info","event":"Fetching for url: https://api.openf1.org/v1/session_result?session_key=9948","logger":"openf1_de.fetch_bronze_session_results","filename":"fetch_bronze_session_results.py","lineno":94}
{"timestamp":"2026-06-20T09:20:14.538892Z","level":"info","event":"Fetching for url: https://api.openf1.org/v1/session_result?session_key=9949","logger":"openf1_de.fetch_bronze_session_results","filename":"fetch_bronze_session_results.py","lineno":94}
{"timestamp":"2026-06-20T09:20:15.059228Z","level":"info","event":"Fetching for url: https://api.openf1.org/v1/session_result?session_key=9950","logger":"openf1_de.fetch_bronze_session_results","filename":"fetch_bronze_session_results.py","lineno":94}
{"timestamp":"2026-06-20T09:20:15.581563Z","level":"info","event":"Fetching for url: https://api.openf1.org/v1/session_result?session_key=9951","logger":"openf1_de.fetch_bronze_session_results","filename":"fetch_bronze_session_results.py","lineno":94}
{"timestamp":"2026-06-20T09:20:16.105967Z","level":"info","event":"Fetching for url: https://api.openf1.org/v1/session_result?session_key=9955","logger":"openf1_de.fetch_bronze_session_results","filename":"fetch_bronze_session_results.py","lineno":94}
{"timestamp":"2026-06-20T09:20:16.623169Z","level":"error","event":"429: Waiting 43.4s until next minute...","logger":"openf1_de.fetch_bronze_session_results","filename":"fetch_bronze_session_results.py","lineno":107}
{"timestamp":"2026-06-20T09:21:00.530309Z","level":"info","event":"Fetching for url: https://api.openf1.org/v1/session_result?session_key=9940","logger":"openf1_de.fetch_bronze_session_results","filename":"fetch_bronze_session_results.py","lineno":94}
{"timestamp":"2026-06-20T09:21:01.060224Z","level":"info","event":"Fetching for url: https://api.openf1.org/v1/session_result?session_key=9941","logger":"openf1_de.fetch_bronze_session_results","filename":"fetch_bronze_session_results.py","lineno":94}
{"timestamp":"2026-06-20T09:21:01.582981Z","level":"info","event":"Fetching for url: https://api.openf1.org/v1/session_result?session_key=9942","logger":"openf1_de.fetch_bronze_session_results","filename":"fetch_bronze_session_results.py","lineno":94}
{"timestamp":"2026-06-20T09:21:02.107262Z","level":"info","event":"Fetching for url: https://api.openf1.org/v1/session_result?session_key=9943","logger":"openf1_de.fetch_bronze_session_results","filename":"fetch_bronze_session_results.py","lineno":94}
{"timestamp":"2026-06-20T09:21:02.631539Z","level":"info","event":"Fetching for url: https://api.openf1.org/v1/session_result?session_key=9947","logger":"openf1_de.fetch_bronze_session_results","filename":"fetch_bronze_session_results.py","lineno":94}
{"timestamp":"2026-06-20T09:21:03.158545Z","level":"info","event":"Fetching for url: https://api.openf1.org/v1/session_result?session_key=9929","logger":"openf1_de.fetch_bronze_session_results","filename":"fetch_bronze_session_results.py","lineno":94}
{"timestamp":"2026-06-20T09:21:03.679046Z","level":"info","event":"Fetching for url: https://api.openf1.org/v1/session_result?session_key=9930","logger":"openf1_de.fetch_bronze_session_results","filename":"fetch_bronze_session_results.py","lineno":94}
{"timestamp":"2026-06-20T09:21:04.202593Z","level":"info","event":"Fetching for url: https://api.openf1.org/v1/session_result?session_key=9934","logger":"openf1_de.fetch_bronze_session_results","filename":"fetch_bronze_session_results.py","lineno":94}
{"timestamp":"2026-06-20T09:21:04.734878Z","level":"info","event":"Fetching for url: https://api.openf1.org/v1/session_result?session_key=9935","logger":"openf1_de.fetch_bronze_session_results","filename":"fetch_bronze_session_results.py","lineno":94}
{"timestamp":"2026-06-20T09:21:05.254989Z","level":"info","event":"Fetching for url: https://api.openf1.org/v1/session_result?session_key=9939","logger":"openf1_de.fetch_bronze_session_results","filename":"fetch_bronze_session_results.py","lineno":94}
{"timestamp":"2026-06-20T09:21:05.782881Z","level":"info","event":"Fetching for url: https://api.openf1.org/v1/session_result?session_key=9921","logger":"openf1_de.fetch_bronze_session_results","filename":"fetch_bronze_session_results.py","lineno":94}
{"timestamp":"2026-06-20T09:21:06.305693Z","level":"info","event":"Fetching for url: https://api.openf1.org/v1/session_result?session_key=9922","logger":"openf1_de.fetch_bronze_session_results","filename":"fetch_bronze_session_results.py","lineno":94}
{"timestamp":"2026-06-20T09:21:06.833428Z","level":"info","event":"Fetching for url: https://api.openf1.org/v1/session_result?session_key=9923","logger":"openf1_de.fetch_bronze_session_results","filename":"fetch_bronze_session_results.py","lineno":94}
{"timestamp":"2026-06-20T09:21:07.359037Z","level":"info","event":"Fetching for url: https://api.openf1.org/v1/session_result?session_key=9924","logger":"openf1_de.fetch_bronze_session_results","filename":"fetch_bronze_session_results.py","lineno":94}
{"timestamp":"2026-06-20T09:21:07.882214Z","level":"info","event":"Fetching for url: https://api.openf1.org/v1/session_result?session_key=9928","logger":"openf1_de.fetch_bronze_session_results","filename":"fetch_bronze_session_results.py","lineno":94}
{"timestamp":"2026-06-20T09:21:08.412310Z","level":"info","event":"Fetching for url: https://api.openf1.org/v1/session_result?session_key=9913","logger":"openf1_de.fetch_bronze_session_results","filename":"fetch_bronze_session_results.py","lineno":94}
{"timestamp":"2026-06-20T09:21:08.934840Z","level":"info","event":"Fetching for url: https://api.openf1.org/v1/session_result?session_key=9914","logger":"openf1_de.fetch_bronze_session_results","filename":"fetch_bronze_session_results.py","lineno":94}
{"timestamp":"2026-06-20T09:21:09.460038Z","level":"info","event":"Fetching for url: https://api.openf1.org/v1/session_result?session_key=9915","logger":"openf1_de.fetch_bronze_session_results","filename":"fetch_bronze_session_results.py","lineno":94}
{"timestamp":"2026-06-20T09:21:09.979494Z","level":"info","event":"Fetching for url: https://api.openf1.org/v1/session_result?session_key=9916","logger":"openf1_de.fetch_bronze_session_results","filename":"fetch_bronze_session_results.py","lineno":94}
{"timestamp":"2026-06-20T09:21:10.500709Z","level":"info","event":"Fetching for url: https://api.openf1.org/v1/session_result?session_key=9920","logger":"openf1_de.fetch_bronze_session_results","filename":"fetch_bronze_session_results.py","lineno":94}
{"timestamp":"2026-06-20T09:21:11.020923Z","level":"info","event":"Fetching for url: https://api.openf1.org/v1/session_result?session_key=9905","logger":"openf1_de.fetch_bronze_session_results","filename":"fetch_bronze_session_results.py","lineno":94}
{"timestamp":"2026-06-20T09:21:11.545148Z","level":"info","event":"Fetching for url: https://api.openf1.org/v1/session_result?session_key=9906","logger":"openf1_de.fetch_bronze_session_results","filename":"fetch_bronze_session_results.py","lineno":94}
{"timestamp":"2026-06-20T09:21:12.067754Z","level":"info","event":"Fetching for url: https://api.openf1.org/v1/session_result?session_key=9907","logger":"openf1_de.fetch_bronze_session_results","filename":"fetch_bronze_session_results.py","lineno":94}
{"timestamp":"2026-06-20T09:21:12.592140Z","level":"info","event":"Fetching for url: https://api.openf1.org/v1/session_result?session_key=9908","logger":"openf1_de.fetch_bronze_session_results","filename":"fetch_bronze_session_results.py","lineno":94}
{"timestamp":"2026-06-20T09:21:13.113167Z","level":"info","event":"Fetching for url: https://api.openf1.org/v1/session_result?session_key=9912","logger":"openf1_de.fetch_bronze_session_results","filename":"fetch_bronze_session_results.py","lineno":94}
{"timestamp":"2026-06-20T09:21:13.641723Z","level":"info","event":"Fetching for url: https://api.openf1.org/v1/session_result?session_key=9897","logger":"openf1_de.fetch_bronze_session_results","filename":"fetch_bronze_session_results.py","lineno":94}
{"timestamp":"2026-06-20T09:21:14.162880Z","level":"info","event":"Fetching for url: https://api.openf1.org/v1/session_result?session_key=9898","logger":"openf1_de.fetch_bronze_session_results","filename":"fetch_bronze_session_results.py","lineno":94}
{"timestamp":"2026-06-20T09:21:14.693242Z","level":"info","event":"Fetching for url: https://api.openf1.org/v1/session_result?session_key=9899","logger":"openf1_de.fetch_bronze_session_results","filename":"fetch_bronze_session_results.py","lineno":94}
{"timestamp":"2026-06-20T09:21:15.214478Z","level":"info","event":"Fetching for url: https://api.openf1.org/v1/session_result?session_key=9900","logger":"openf1_de.fetch_bronze_session_results","filename":"fetch_bronze_session_results.py","lineno":94}
{"timestamp":"2026-06-20T09:21:15.733084Z","level":"info","event":"Fetching for url: https://api.openf1.org/v1/session_result?session_key=9904","logger":"openf1_de.fetch_bronze_session_results","filename":"fetch_bronze_session_results.py","lineno":94}
{"timestamp":"2026-06-20T09:21:16.251474Z","level":"error","event":"429: Waiting 43.7s until next minute...","logger":"openf1_de.fetch_bronze_session_results","filename":"fetch_bronze_session_results.py","lineno":107}
{"timestamp":"2026-06-20T09:22:00.549801Z","level":"info","event":"Fetching for url: https://api.openf1.org/v1/session_result?session_key=9889","logger":"openf1_de.fetch_bronze_session_results","filename":"fetch_bronze_session_results.py","lineno":94}
{"timestamp":"2026-06-20T09:22:01.071921Z","level":"info","event":"Fetching for url: https://api.openf1.org/v1/session_result?session_key=9890","logger":"openf1_de.fetch_bronze_session_results","filename":"fetch_bronze_session_results.py","lineno":94}
{"timestamp":"2026-06-20T09:22:01.602649Z","level":"info","event":"Fetching for url: https://api.openf1.org/v1/session_result?session_key=9891","logger":"openf1_de.fetch_bronze_session_results","filename":"fetch_bronze_session_results.py","lineno":94}
{"timestamp":"2026-06-20T09:22:02.125385Z","level":"info","event":"Fetching for url: https://api.openf1.org/v1/session_result?session_key=9892","logger":"openf1_de.fetch_bronze_session_results","filename":"fetch_bronze_session_results.py","lineno":94}
{"timestamp":"2026-06-20T09:22:02.646375Z","level":"info","event":"Fetching for url: https://api.openf1.org/v1/session_result?session_key=9896","logger":"openf1_de.fetch_bronze_session_results","filename":"fetch_bronze_session_results.py","lineno":94}
{"timestamp":"2026-06-20T09:22:03.171012Z","level":"info","event":"Fetching for url: https://api.openf1.org/v1/session_result?session_key=9878","logger":"openf1_de.fetch_bronze_session_results","filename":"fetch_bronze_session_results.py","lineno":94}
{"timestamp":"2026-06-20T09:22:03.694592Z","level":"info","event":"Fetching for url: https://api.openf1.org/v1/session_result?session_key=9879","logger":"openf1_de.fetch_bronze_session_results","filename":"fetch_bronze_session_results.py","lineno":94}
{"timestamp":"2026-06-20T09:22:04.219391Z","level":"info","event":"Fetching for url: https://api.openf1.org/v1/session_result?session_key=9883","logger":"openf1_de.fetch_bronze_session_results","filename":"fetch_bronze_session_results.py","lineno":94}
{"timestamp":"2026-06-20T09:22:04.746490Z","level":"info","event":"Fetching for url: https://api.openf1.org/v1/session_result?session_key=9884","logger":"openf1_de.fetch_bronze_session_results","filename":"fetch_bronze_session_results.py","lineno":94}
{"timestamp":"2026-06-20T09:22:05.318791Z","level":"info","event":"Fetching for url: https://api.openf1.org/v1/session_result?session_key=9888","logger":"openf1_de.fetch_bronze_session_results","filename":"fetch_bronze_session_results.py","lineno":94}
{"timestamp":"2026-06-20T09:22:05.842489Z","level":"info","event":"Fetching for url: https://api.openf1.org/v1/session_result?session_key=9870","logger":"openf1_de.fetch_bronze_session_results","filename":"fetch_bronze_session_results.py","lineno":94}
{"timestamp":"2026-06-20T09:22:06.380657Z","level":"info","event":"Fetching for url: https://api.openf1.org/v1/session_result?session_key=9871","logger":"openf1_de.fetch_bronze_session_results","filename":"fetch_bronze_session_results.py","lineno":94}
{"timestamp":"2026-06-20T09:22:06.906796Z","level":"info","event":"Fetching for url: https://api.openf1.org/v1/session_result?session_key=9872","logger":"openf1_de.fetch_bronze_session_results","filename":"fetch_bronze_session_results.py","lineno":94}
{"timestamp":"2026-06-20T09:22:07.429006Z","level":"info","event":"Fetching for url: https://api.openf1.org/v1/session_result?session_key=9873","logger":"openf1_de.fetch_bronze_session_results","filename":"fetch_bronze_session_results.py","lineno":94}
{"timestamp":"2026-06-20T09:22:07.953073Z","level":"info","event":"Fetching for url: https://api.openf1.org/v1/session_result?session_key=9877","logger":"openf1_de.fetch_bronze_session_results","filename":"fetch_bronze_session_results.py","lineno":94}
{"timestamp":"2026-06-20T09:22:08.481452Z","level":"info","event":"Fetching for url: https://api.openf1.org/v1/session_result?session_key=9859","logger":"openf1_de.fetch_bronze_session_results","filename":"fetch_bronze_session_results.py","lineno":94}
{"timestamp":"2026-06-20T09:22:09.004904Z","level":"info","event":"Fetching for url: https://api.openf1.org/v1/session_result?session_key=9860","logger":"openf1_de.fetch_bronze_session_results","filename":"fetch_bronze_session_results.py","lineno":94}
{"timestamp":"2026-06-20T09:22:09.527349Z","level":"info","event":"Fetching for url: https://api.openf1.org/v1/session_result?session_key=9864","logger":"openf1_de.fetch_bronze_session_results","filename":"fetch_bronze_session_results.py","lineno":94}
{"timestamp":"2026-06-20T09:22:10.050021Z","level":"info","event":"Fetching for url: https://api.openf1.org/v1/session_result?session_key=9865","logger":"openf1_de.fetch_bronze_session_results","filename":"fetch_bronze_session_results.py","lineno":94}
{"timestamp":"2026-06-20T09:22:10.574101Z","level":"info","event":"Fetching for url: https://api.openf1.org/v1/session_result?session_key=9869","logger":"openf1_de.fetch_bronze_session_results","filename":"fetch_bronze_session_results.py","lineno":94}
{"timestamp":"2026-06-20T09:22:11.098749Z","level":"info","event":"Fetching for url: https://api.openf1.org/v1/session_result?session_key=9851","logger":"openf1_de.fetch_bronze_session_results","filename":"fetch_bronze_session_results.py","lineno":94}
{"timestamp":"2026-06-20T09:22:11.625389Z","level":"info","event":"Fetching for url: https://api.openf1.org/v1/session_result?session_key=9852","logger":"openf1_de.fetch_bronze_session_results","filename":"fetch_bronze_session_results.py","lineno":94}
{"timestamp":"2026-06-20T09:22:12.147553Z","level":"info","event":"Fetching for url: https://api.openf1.org/v1/session_result?session_key=9853","logger":"openf1_de.fetch_bronze_session_results","filename":"fetch_bronze_session_results.py","lineno":94}
{"timestamp":"2026-06-20T09:22:12.678579Z","level":"info","event":"Fetching for url: https://api.openf1.org/v1/session_result?session_key=9854","logger":"openf1_de.fetch_bronze_session_results","filename":"fetch_bronze_session_results.py","lineno":94}
{"timestamp":"2026-06-20T09:22:13.200053Z","level":"info","event":"Fetching for url: https://api.openf1.org/v1/session_result?session_key=9858","logger":"openf1_de.fetch_bronze_session_results","filename":"fetch_bronze_session_results.py","lineno":94}
{"timestamp":"2026-06-20T09:22:13.733522Z","level":"info","event":"Fetching for url: https://api.openf1.org/v1/session_result?session_key=9840","logger":"openf1_de.fetch_bronze_session_results","filename":"fetch_bronze_session_results.py","lineno":94}
{"timestamp":"2026-06-20T09:22:14.253344Z","level":"info","event":"Fetching for url: https://api.openf1.org/v1/session_result?session_key=9841","logger":"openf1_de.fetch_bronze_session_results","filename":"fetch_bronze_session_results.py","lineno":94}
{"timestamp":"2026-06-20T09:22:14.780806Z","level":"info","event":"Fetching for url: https://api.openf1.org/v1/session_result?session_key=9845","logger":"openf1_de.fetch_bronze_session_results","filename":"fetch_bronze_session_results.py","lineno":94}
{"timestamp":"2026-06-20T09:22:15.306926Z","level":"info","event":"Fetching for url: https://api.openf1.org/v1/session_result?session_key=9846","logger":"openf1_de.fetch_bronze_session_results","filename":"fetch_bronze_session_results.py","lineno":94}
{"timestamp":"2026-06-20T09:22:15.829018Z","level":"info","event":"Fetching for url: https://api.openf1.org/v1/session_result?session_key=9850","logger":"openf1_de.fetch_bronze_session_results","filename":"fetch_bronze_session_results.py","lineno":94}
{"timestamp":"2026-06-20T09:22:16.345899Z","level":"error","event":"429: Waiting 43.7s until next minute...","logger":"openf1_de.fetch_bronze_session_results","filename":"fetch_bronze_session_results.py","lineno":107}
{"timestamp":"2026-06-20T09:23:00.526446Z","level":"info","event":"Fetching for url: https://api.openf1.org/v1/session_result?session_key=9832","logger":"openf1_de.fetch_bronze_session_results","filename":"fetch_bronze_session_results.py","lineno":94}
{"timestamp":"2026-06-20T09:23:01.045764Z","level":"info","event":"Fetching for url: https://api.openf1.org/v1/session_result?session_key=9833","logger":"openf1_de.fetch_bronze_session_results","filename":"fetch_bronze_session_results.py","lineno":94}
{"timestamp":"2026-06-20T09:23:01.698420Z","level":"info","event":"Fetching for url: https://api.openf1.org/v1/session_result?session_key=9834","logger":"openf1_de.fetch_bronze_session_results","filename":"fetch_bronze_session_results.py","lineno":94}
{"timestamp":"2026-06-20T09:23:02.218625Z","level":"info","event":"Fetching for url: https://api.openf1.org/v1/session_result?session_key=9835","logger":"openf1_de.fetch_bronze_session_results","filename":"fetch_bronze_session_results.py","lineno":94}
{"timestamp":"2026-06-20T09:23:02.741293Z","level":"info","event":"Fetching for url: https://api.openf1.org/v1/session_result?session_key=9839","logger":"openf1_de.fetch_bronze_session_results","filename":"fetch_bronze_session_results.py","lineno":94}
{"timestamp":"2026-06-20T09:23:03.267018Z","level":"info","event":"Concatting the dataframes","logger":"openf1_de.fetch_bronze_session_results","filename":"fetch_bronze_session_results.py","lineno":124}
{"timestamp":"2026-06-20T09:23:03.288449Z","level":"info","event":"Merging df_sr with df_sessions","logger":"openf1_de.fetch_bronze_session_results","filename":"fetch_bronze_session_results.py","lineno":127}
{"timestamp":"2026-06-20T09:23:03.290827Z","level":"info","event":"Convert the ['duration', 'gap_to_leader'] columns into string","logger":"openf1_de.fetch_bronze_session_results","filename":"fetch_bronze_session_results.py","lineno":131}
{"timestamp":"2026-06-20T09:23:03.293382Z","level":"info","event":"Uploading to GCS to bronze/session_results/2025.parquet","logger":"openf1_de.fetch_bronze_session_results","filename":"fetch_bronze_session_results.py","lineno":135}
{"timestamp":"2026-06-20T09:23:03.860684Z","level":"info","event":"WIthout local save Cannot save file into a non-existent directory: '../../data/bronze/session_results'","logger":"openf1_de.fetch_bronze_session_results","filename":"fetch_bronze_session_results.py","lineno":59}
{"timestamp":"2026-06-20T09:23:03.862387Z","level":"info","event":"Done. Returned value was: None","logger":"airflow.task.operators.airflow.providers.standard.operators.python.PythonOperator","filename":"python.py","lineno":229}
