{"timestamp":"2026-06-06T12:48:26.049574Z","level":"info","event":"DAG bundles loaded: dags-folder","logger":"airflow.dag_processing.bundles.manager.DagBundlesManager","filename":"manager.py","lineno":209}
{"timestamp":"2026-06-06T12:48:26.050713Z","level":"info","event":"Filling up the DagBag from /opt/airflow/dags/openf1_dbt_session_results.py","logger":"airflow.dag_processing.dagbag.BundleDagBag","filename":"dagbag.py","lineno":469}
{"timestamp":"2026-06-06T12:48:26.657980Z","level":"warning","event":"The `airflow.operators.bash.BashOperator` attribute is deprecated. Please use `'airflow.providers.standard.operators.bash.BashOperator'`.","category":"UserWarning","filename":"/opt/airflow/dags/openf1_dbt_session_results.py","lineno":4,"logger":"py.warnings"}
{"timestamp":"2026-06-06T12:48:26.682817Z","level":"info","event":"Tmp dir root location: /tmp","logger":"airflow.task.hooks.airflow.providers.standard.hooks.subprocess.SubprocessHook","filename":"subprocess.py","lineno":78}
{"timestamp":"2026-06-06T12:48:26.683678Z","level":"info","event":"Running command: ['/usr/bin/bash', '-c', 'cd /opt/airflow/dbt/openf1_raw && dbt run --select stg_session_results_race stg_driver_standings stg_session_results_qualifying stg_session_results_fp --profiles-dir /opt/airflow/config ']","logger":"airflow.task.hooks.airflow.providers.standard.hooks.subprocess.SubprocessHook","filename":"subprocess.py","lineno":80}
{"timestamp":"2026-06-06T12:48:26.684286Z","level":"info","event":"Output:","logger":"airflow.task.hooks.airflow.providers.standard.hooks.subprocess.SubprocessHook","filename":"subprocess.py","lineno":92}
{"timestamp":"2026-06-06T12:48:28.005563Z","level":"info","event":"\u001b[0m12:48:28  Running with dbt=1.11.11","logger":"airflow.task.hooks.airflow.providers.standard.hooks.subprocess.SubprocessHook","filename":"subprocess.py","lineno":99}
{"timestamp":"2026-06-06T12:48:29.089188Z","level":"info","event":"\u001b[0m12:48:29  Registered adapter: bigquery=1.11.1","logger":"airflow.task.hooks.airflow.providers.standard.hooks.subprocess.SubprocessHook","filename":"subprocess.py","lineno":99}
{"timestamp":"2026-06-06T12:48:29.315915Z","level":"info","event":"\u001b[0m12:48:29  Unable to do partial parsing because of a version mismatch","logger":"airflow.task.hooks.airflow.providers.standard.hooks.subprocess.SubprocessHook","filename":"subprocess.py","lineno":99}
{"timestamp":"2026-06-06T12:48:30.868164Z","level":"info","event":"\u001b[0m12:48:30  Found 13 models, 2 data tests, 4 sources, 550 macros","logger":"airflow.task.hooks.airflow.providers.standard.hooks.subprocess.SubprocessHook","filename":"subprocess.py","lineno":99}
{"timestamp":"2026-06-06T12:48:30.871142Z","level":"info","event":"\u001b[0m12:48:30","logger":"airflow.task.hooks.airflow.providers.standard.hooks.subprocess.SubprocessHook","filename":"subprocess.py","lineno":99}
{"timestamp":"2026-06-06T12:48:30.871798Z","level":"info","event":"\u001b[0m12:48:30  Concurrency: 1 threads (target='dev')","logger":"airflow.task.hooks.airflow.providers.standard.hooks.subprocess.SubprocessHook","filename":"subprocess.py","lineno":99}
{"timestamp":"2026-06-06T12:48:30.872280Z","level":"info","event":"\u001b[0m12:48:30","logger":"airflow.task.hooks.airflow.providers.standard.hooks.subprocess.SubprocessHook","filename":"subprocess.py","lineno":99}
{"timestamp":"2026-06-06T12:48:32.152810Z","level":"info","event":"\u001b[0m12:48:32  1 of 4 START sql view model openf1_staging.stg_session_results_fp .............. [RUN]","logger":"airflow.task.hooks.airflow.providers.standard.hooks.subprocess.SubprocessHook","filename":"subprocess.py","lineno":99}
{"timestamp":"2026-06-06T12:48:32.804350Z","level":"info","event":"\u001b[0m12:48:32  1 of 4 OK created sql view model openf1_staging.stg_session_results_fp ......... [\u001b[32mCREATE VIEW (0 processed)\u001b[0m in 0.65s]","logger":"airflow.task.hooks.airflow.providers.standard.hooks.subprocess.SubprocessHook","filename":"subprocess.py","lineno":99}
{"timestamp":"2026-06-06T12:48:32.806276Z","level":"info","event":"\u001b[0m12:48:32  2 of 4 START sql view model openf1_staging.stg_session_results_qualifying ...... [RUN]","logger":"airflow.task.hooks.airflow.providers.standard.hooks.subprocess.SubprocessHook","filename":"subprocess.py","lineno":99}
{"timestamp":"2026-06-06T12:48:33.477258Z","level":"info","event":"\u001b[0m12:48:33  BigQuery adapter: https://console.cloud.google.com/bigquery?project=trial-f1&j=bq:asia-southeast2:71ead3e0-f010-4db2-abc1-138bcac8d87b&page=queryresults","logger":"airflow.task.hooks.airflow.providers.standard.hooks.subprocess.SubprocessHook","filename":"subprocess.py","lineno":99}
{"timestamp":"2026-06-06T12:48:33.487899Z","level":"info","event":"\u001b[0m12:48:33  2 of 4 ERROR creating sql view model openf1_staging.stg_session_results_qualifying  [\u001b[31mERROR\u001b[0m in 0.68s]","logger":"airflow.task.hooks.airflow.providers.standard.hooks.subprocess.SubprocessHook","filename":"subprocess.py","lineno":99}
{"timestamp":"2026-06-06T12:48:33.489976Z","level":"info","event":"\u001b[0m12:48:33  3 of 4 START sql view model openf1_staging.stg_session_results_race ............ [RUN]","logger":"airflow.task.hooks.airflow.providers.standard.hooks.subprocess.SubprocessHook","filename":"subprocess.py","lineno":99}
{"timestamp":"2026-06-06T12:48:33.938070Z","level":"info","event":"\u001b[0m12:48:33  BigQuery adapter: https://console.cloud.google.com/bigquery?project=trial-f1&j=bq:asia-southeast2:d2362c65-735f-4e3d-a278-1510f4913743&page=queryresults","logger":"airflow.task.hooks.airflow.providers.standard.hooks.subprocess.SubprocessHook","filename":"subprocess.py","lineno":99}
{"timestamp":"2026-06-06T12:48:33.947837Z","level":"info","event":"\u001b[0m12:48:33  3 of 4 ERROR creating sql view model openf1_staging.stg_session_results_race ... [\u001b[31mERROR\u001b[0m in 0.46s]","logger":"airflow.task.hooks.airflow.providers.standard.hooks.subprocess.SubprocessHook","filename":"subprocess.py","lineno":99}
{"timestamp":"2026-06-06T12:48:33.950341Z","level":"info","event":"\u001b[0m12:48:33  4 of 4 SKIP relation openf1_staging.stg_driver_standings ....................... [\u001b[33mSKIP\u001b[0m]","logger":"airflow.task.hooks.airflow.providers.standard.hooks.subprocess.SubprocessHook","filename":"subprocess.py","lineno":99}
{"timestamp":"2026-06-06T12:48:33.982891Z","level":"info","event":"\u001b[0m12:48:33","logger":"airflow.task.hooks.airflow.providers.standard.hooks.subprocess.SubprocessHook","filename":"subprocess.py","lineno":99}
{"timestamp":"2026-06-06T12:48:33.983378Z","level":"info","event":"\u001b[0m12:48:33  Finished running 4 view models in 0 hours 0 minutes and 3.11 seconds (3.11s).","logger":"airflow.task.hooks.airflow.providers.standard.hooks.subprocess.SubprocessHook","filename":"subprocess.py","lineno":99}
{"timestamp":"2026-06-06T12:48:34.046229Z","level":"info","event":"\u001b[0m12:48:34","logger":"airflow.task.hooks.airflow.providers.standard.hooks.subprocess.SubprocessHook","filename":"subprocess.py","lineno":99}
{"timestamp":"2026-06-06T12:48:34.046736Z","level":"info","event":"\u001b[0m12:48:34  \u001b[31mCompleted with 2 errors, 0 partial successes, and 0 warnings:\u001b[0m","logger":"airflow.task.hooks.airflow.providers.standard.hooks.subprocess.SubprocessHook","filename":"subprocess.py","lineno":99}
{"timestamp":"2026-06-06T12:48:34.047227Z","level":"info","event":"\u001b[0m12:48:34","logger":"airflow.task.hooks.airflow.providers.standard.hooks.subprocess.SubprocessHook","filename":"subprocess.py","lineno":99}
{"timestamp":"2026-06-06T12:48:34.048050Z","level":"info","event":"\u001b[0m12:48:34  \u001b[31mFailure in model stg_session_results_qualifying (models/staging/stg_session_results_qualifying.sql)\u001b[0m","logger":"airflow.task.hooks.airflow.providers.standard.hooks.subprocess.SubprocessHook","filename":"subprocess.py","lineno":99}
{"timestamp":"2026-06-06T12:48:34.048580Z","level":"info","event":"\u001b[0m12:48:34    Database Error in model stg_session_results_qualifying (models/staging/stg_session_results_qualifying.sql)","logger":"airflow.task.hooks.airflow.providers.standard.hooks.subprocess.SubprocessHook","filename":"subprocess.py","lineno":99}
{"timestamp":"2026-06-06T12:48:34.048659Z","level":"info","event":"  No matching signature for function TRIM","logger":"airflow.task.hooks.airflow.providers.standard.hooks.subprocess.SubprocessHook","filename":"subprocess.py","lineno":99}
{"timestamp":"2026-06-06T12:48:34.048704Z","level":"info","event":"    Argument types: FLOAT64","logger":"airflow.task.hooks.airflow.providers.standard.hooks.subprocess.SubprocessHook","filename":"subprocess.py","lineno":99}
{"timestamp":"2026-06-06T12:48:34.048733Z","level":"info","event":"    Signature: TRIM(STRING, [STRING])","logger":"airflow.task.hooks.airflow.providers.standard.hooks.subprocess.SubprocessHook","filename":"subprocess.py","lineno":99}
{"timestamp":"2026-06-06T12:48:34.048791Z","level":"info","event":"      Argument 1: Unable to coerce type FLOAT64 to expected type STRING","logger":"airflow.task.hooks.airflow.providers.standard.hooks.subprocess.SubprocessHook","filename":"subprocess.py","lineno":99}
{"timestamp":"2026-06-06T12:48:34.048842Z","level":"info","event":"    Signature: TRIM(BYTES, BYTES)","logger":"airflow.task.hooks.airflow.providers.standard.hooks.subprocess.SubprocessHook","filename":"subprocess.py","lineno":99}
{"timestamp":"2026-06-06T12:48:34.048869Z","level":"info","event":"      Signature requires at least 2 arguments, found 1 argument at [35:9]","logger":"airflow.task.hooks.airflow.providers.standard.hooks.subprocess.SubprocessHook","filename":"subprocess.py","lineno":99}
{"timestamp":"2026-06-06T12:48:34.048896Z","level":"info","event":"  compiled code at target/run/openf1_raw/models/staging/stg_session_results_qualifying.sql","logger":"airflow.task.hooks.airflow.providers.standard.hooks.subprocess.SubprocessHook","filename":"subprocess.py","lineno":99}
{"timestamp":"2026-06-06T12:48:34.049038Z","level":"info","event":"\u001b[0m12:48:34","logger":"airflow.task.hooks.airflow.providers.standard.hooks.subprocess.SubprocessHook","filename":"subprocess.py","lineno":99}
{"timestamp":"2026-06-06T12:48:34.049564Z","level":"info","event":"\u001b[0m12:48:34    compiled code at target/compiled/openf1_raw/models/staging/stg_session_results_qualifying.sql","logger":"airflow.task.hooks.airflow.providers.standard.hooks.subprocess.SubprocessHook","filename":"subprocess.py","lineno":99}
{"timestamp":"2026-06-06T12:48:34.049964Z","level":"info","event":"\u001b[0m12:48:34","logger":"airflow.task.hooks.airflow.providers.standard.hooks.subprocess.SubprocessHook","filename":"subprocess.py","lineno":99}
{"timestamp":"2026-06-06T12:48:34.050403Z","level":"info","event":"\u001b[0m12:48:34  \u001b[31mFailure in model stg_session_results_race (models/staging/stg_session_results_race.sql)\u001b[0m","logger":"airflow.task.hooks.airflow.providers.standard.hooks.subprocess.SubprocessHook","filename":"subprocess.py","lineno":99}
{"timestamp":"2026-06-06T12:48:34.050860Z","level":"info","event":"\u001b[0m12:48:34    Database Error in model stg_session_results_race (models/staging/stg_session_results_race.sql)","logger":"airflow.task.hooks.airflow.providers.standard.hooks.subprocess.SubprocessHook","filename":"subprocess.py","lineno":99}
{"timestamp":"2026-06-06T12:48:34.050904Z","level":"info","event":"  No matching signature for function TRIM","logger":"airflow.task.hooks.airflow.providers.standard.hooks.subprocess.SubprocessHook","filename":"subprocess.py","lineno":99}
{"timestamp":"2026-06-06T12:48:34.050927Z","level":"info","event":"    Argument types: FLOAT64","logger":"airflow.task.hooks.airflow.providers.standard.hooks.subprocess.SubprocessHook","filename":"subprocess.py","lineno":99}
{"timestamp":"2026-06-06T12:48:34.050955Z","level":"info","event":"    Signature: TRIM(STRING, [STRING])","logger":"airflow.task.hooks.airflow.providers.standard.hooks.subprocess.SubprocessHook","filename":"subprocess.py","lineno":99}
{"timestamp":"2026-06-06T12:48:34.050972Z","level":"info","event":"      Argument 1: Unable to coerce type FLOAT64 to expected type STRING","logger":"airflow.task.hooks.airflow.providers.standard.hooks.subprocess.SubprocessHook","filename":"subprocess.py","lineno":99}
{"timestamp":"2026-06-06T12:48:34.050987Z","level":"info","event":"    Signature: TRIM(BYTES, BYTES)","logger":"airflow.task.hooks.airflow.providers.standard.hooks.subprocess.SubprocessHook","filename":"subprocess.py","lineno":99}
{"timestamp":"2026-06-06T12:48:34.051001Z","level":"info","event":"      Signature requires at least 2 arguments, found 1 argument at [27:5]","logger":"airflow.task.hooks.airflow.providers.standard.hooks.subprocess.SubprocessHook","filename":"subprocess.py","lineno":99}
{"timestamp":"2026-06-06T12:48:34.051015Z","level":"info","event":"  compiled code at target/run/openf1_raw/models/staging/stg_session_results_race.sql","logger":"airflow.task.hooks.airflow.providers.standard.hooks.subprocess.SubprocessHook","filename":"subprocess.py","lineno":99}
{"timestamp":"2026-06-06T12:48:34.051268Z","level":"info","event":"\u001b[0m12:48:34","logger":"airflow.task.hooks.airflow.providers.standard.hooks.subprocess.SubprocessHook","filename":"subprocess.py","lineno":99}
{"timestamp":"2026-06-06T12:48:34.051684Z","level":"info","event":"\u001b[0m12:48:34    compiled code at target/compiled/openf1_raw/models/staging/stg_session_results_race.sql","logger":"airflow.task.hooks.airflow.providers.standard.hooks.subprocess.SubprocessHook","filename":"subprocess.py","lineno":99}
{"timestamp":"2026-06-06T12:48:34.052092Z","level":"info","event":"\u001b[0m12:48:34","logger":"airflow.task.hooks.airflow.providers.standard.hooks.subprocess.SubprocessHook","filename":"subprocess.py","lineno":99}
{"timestamp":"2026-06-06T12:48:34.052527Z","level":"info","event":"\u001b[0m12:48:34  Done. PASS=1 WARN=0 ERROR=2 SKIP=1 NO-OP=0 TOTAL=4","logger":"airflow.task.hooks.airflow.providers.standard.hooks.subprocess.SubprocessHook","filename":"subprocess.py","lineno":99}
{"timestamp":"2026-06-06T12:48:35.708119Z","level":"info","event":"Command exited with return code 1","logger":"airflow.task.hooks.airflow.providers.standard.hooks.subprocess.SubprocessHook","filename":"subprocess.py","lineno":103}
{"timestamp":"2026-06-06T12:48:35.708975Z","level":"error","event":"Task failed with exception","logger":"task","filename":"task_runner.py","lineno":1325,"error_detail":[{"exc_type":"AirflowException","exc_value":"Bash command failed. The command returned a non-zero exit code 1.","exc_notes":[],"syntax_error":null,"is_cause":false,"frames":[{"filename":"/home/airflow/.local/lib/python3.13/site-packages/airflow/sdk/execution_time/task_runner.py","lineno":1263,"name":"run"},{"filename":"/home/airflow/.local/lib/python3.13/site-packages/airflow/sdk/execution_time/task_runner.py","lineno":1678,"name":"_execute_task"},{"filename":"/home/airflow/.local/lib/python3.13/site-packages/airflow/sdk/bases/operator.py","lineno":443,"name":"wrapper"},{"filename":"/home/airflow/.local/lib/python3.13/site-packages/airflow/providers/standard/operators/bash.py","lineno":226,"name":"execute"}],"is_group":false,"exceptions":[]}]}
