{"timestamp":"2026-06-19T11:33:42.324727Z","level":"info","event":"DAG bundles loaded: dags-folder","logger":"airflow.dag_processing.bundles.manager.DagBundlesManager","filename":"manager.py","lineno":209}
{"timestamp":"2026-06-19T11:33:42.326146Z","level":"info","event":"Filling up the DagBag from /opt/airflow/dags/openf1_dbt_mart.py","logger":"airflow.dag_processing.dagbag.BundleDagBag","filename":"dagbag.py","lineno":469}
{"timestamp":"2026-06-19T11:33:42.926116Z","level":"warning","event":"The `airflow.operators.bash.BashOperator` attribute is deprecated. Please use `'airflow.providers.standard.operators.bash.BashOperator'`.","category":"UserWarning","filename":"/opt/airflow/dags/openf1_dbt_mart.py","lineno":4,"logger":"py.warnings"}
{"timestamp":"2026-06-19T11:33:42.948249Z","level":"info","event":"Tmp dir root location: /tmp","logger":"airflow.task.hooks.airflow.providers.standard.hooks.subprocess.SubprocessHook","filename":"subprocess.py","lineno":78}
{"timestamp":"2026-06-19T11:33:42.949003Z","level":"info","event":"Running command: ['/usr/bin/bash', '-c', 'cd /opt/airflow/dbt/openf1_raw && dbt run --select marts --profiles-dir /opt/airflow/config']","logger":"airflow.task.hooks.airflow.providers.standard.hooks.subprocess.SubprocessHook","filename":"subprocess.py","lineno":80}
{"timestamp":"2026-06-19T11:33:42.949711Z","level":"info","event":"Output:","logger":"airflow.task.hooks.airflow.providers.standard.hooks.subprocess.SubprocessHook","filename":"subprocess.py","lineno":92}
{"timestamp":"2026-06-19T11:33:44.342577Z","level":"info","event":"\u001b[0m11:33:44  Running with dbt=1.11.11","logger":"airflow.task.hooks.airflow.providers.standard.hooks.subprocess.SubprocessHook","filename":"subprocess.py","lineno":99}
{"timestamp":"2026-06-19T11:33:45.485960Z","level":"info","event":"\u001b[0m11:33:45  Registered adapter: bigquery=1.11.1","logger":"airflow.task.hooks.airflow.providers.standard.hooks.subprocess.SubprocessHook","filename":"subprocess.py","lineno":99}
{"timestamp":"2026-06-19T11:33:46.142569Z","level":"info","event":"\u001b[0m11:33:46  Found 13 models, 2 data tests, 4 sources, 551 macros","logger":"airflow.task.hooks.airflow.providers.standard.hooks.subprocess.SubprocessHook","filename":"subprocess.py","lineno":99}
{"timestamp":"2026-06-19T11:33:46.145621Z","level":"info","event":"\u001b[0m11:33:46","logger":"airflow.task.hooks.airflow.providers.standard.hooks.subprocess.SubprocessHook","filename":"subprocess.py","lineno":99}
{"timestamp":"2026-06-19T11:33:46.146173Z","level":"info","event":"\u001b[0m11:33:46  Concurrency: 1 threads (target='dev')","logger":"airflow.task.hooks.airflow.providers.standard.hooks.subprocess.SubprocessHook","filename":"subprocess.py","lineno":99}
{"timestamp":"2026-06-19T11:33:46.146628Z","level":"info","event":"\u001b[0m11:33:46","logger":"airflow.task.hooks.airflow.providers.standard.hooks.subprocess.SubprocessHook","filename":"subprocess.py","lineno":99}
{"timestamp":"2026-06-19T11:33:47.495283Z","level":"info","event":"\u001b[0m11:33:47  1 of 6 START sql table model openf1_marts.mart_drivers ......................... [RUN]","logger":"airflow.task.hooks.airflow.providers.standard.hooks.subprocess.SubprocessHook","filename":"subprocess.py","lineno":99}
{"timestamp":"2026-06-19T11:33:50.056577Z","level":"info","event":"\u001b[0m11:33:50  1 of 6 OK created sql table model openf1_marts.mart_drivers .................... [\u001b[32mCREATE TABLE (101.0 rows, 133.6 KiB processed)\u001b[0m in 2.56s]","logger":"airflow.task.hooks.airflow.providers.standard.hooks.subprocess.SubprocessHook","filename":"subprocess.py","lineno":99}
{"timestamp":"2026-06-19T11:33:50.058586Z","level":"info","event":"\u001b[0m11:33:50  2 of 6 START sql table model openf1_marts.mart_schedule ........................ [RUN]","logger":"airflow.task.hooks.airflow.providers.standard.hooks.subprocess.SubprocessHook","filename":"subprocess.py","lineno":99}
{"timestamp":"2026-06-19T11:33:52.235042Z","level":"info","event":"\u001b[0m11:33:52  2 of 6 OK created sql table model openf1_marts.mart_schedule ................... [\u001b[32mCREATE TABLE (249.0 rows, 57.6 KiB processed)\u001b[0m in 2.17s]","logger":"airflow.task.hooks.airflow.providers.standard.hooks.subprocess.SubprocessHook","filename":"subprocess.py","lineno":99}
{"timestamp":"2026-06-19T11:33:52.237144Z","level":"info","event":"\u001b[0m11:33:52  3 of 6 START sql table model openf1_marts.mart_session_results_fp .............. [RUN]","logger":"airflow.task.hooks.airflow.providers.standard.hooks.subprocess.SubprocessHook","filename":"subprocess.py","lineno":99}
{"timestamp":"2026-06-19T11:33:54.791316Z","level":"info","event":"\u001b[0m11:33:54  3 of 6 OK created sql table model openf1_marts.mart_session_results_fp ......... [\u001b[32mCREATE TABLE (1.7k rows, 331.1 KiB processed)\u001b[0m in 2.55s]","logger":"airflow.task.hooks.airflow.providers.standard.hooks.subprocess.SubprocessHook","filename":"subprocess.py","lineno":99}
{"timestamp":"2026-06-19T11:33:54.793311Z","level":"info","event":"\u001b[0m11:33:54  4 of 6 START sql table model openf1_marts.mart_session_results_quali ........... [RUN]","logger":"airflow.task.hooks.airflow.providers.standard.hooks.subprocess.SubprocessHook","filename":"subprocess.py","lineno":99}
{"timestamp":"2026-06-19T11:33:56.934179Z","level":"info","event":"\u001b[0m11:33:56  4 of 6 OK created sql table model openf1_marts.mart_session_results_quali ...... [\u001b[32mCREATE TABLE (812.0 rows, 296.7 KiB processed)\u001b[0m in 2.14s]","logger":"airflow.task.hooks.airflow.providers.standard.hooks.subprocess.SubprocessHook","filename":"subprocess.py","lineno":99}
{"timestamp":"2026-06-19T11:33:56.936045Z","level":"info","event":"\u001b[0m11:33:56  5 of 6 START sql table model openf1_marts.mart_session_results_race ............ [RUN]","logger":"airflow.task.hooks.airflow.providers.standard.hooks.subprocess.SubprocessHook","filename":"subprocess.py","lineno":99}
{"timestamp":"2026-06-19T11:33:59.444693Z","level":"info","event":"\u001b[0m11:33:59  5 of 6 OK created sql table model openf1_marts.mart_session_results_race ....... [\u001b[32mCREATE TABLE (819.0 rows, 337.5 KiB processed)\u001b[0m in 2.51s]","logger":"airflow.task.hooks.airflow.providers.standard.hooks.subprocess.SubprocessHook","filename":"subprocess.py","lineno":99}
{"timestamp":"2026-06-19T11:33:59.447332Z","level":"info","event":"\u001b[0m11:33:59  6 of 6 START sql table model openf1_marts.mart_constructor_standings ........... [RUN]","logger":"airflow.task.hooks.airflow.providers.standard.hooks.subprocess.SubprocessHook","filename":"subprocess.py","lineno":99}
{"timestamp":"2026-06-19T11:34:01.235010Z","level":"info","event":"\u001b[0m11:34:01  6 of 6 OK created sql table model openf1_marts.mart_constructor_standings ...... [\u001b[32mCREATE TABLE (11.0 rows, 1.6 KiB processed)\u001b[0m in 1.79s]","logger":"airflow.task.hooks.airflow.providers.standard.hooks.subprocess.SubprocessHook","filename":"subprocess.py","lineno":99}
{"timestamp":"2026-06-19T11:34:01.276823Z","level":"info","event":"\u001b[0m11:34:01","logger":"airflow.task.hooks.airflow.providers.standard.hooks.subprocess.SubprocessHook","filename":"subprocess.py","lineno":99}
{"timestamp":"2026-06-19T11:34:01.277938Z","level":"info","event":"\u001b[0m11:34:01  Finished running 6 table models in 0 hours 0 minutes and 15.13 seconds (15.13s).","logger":"airflow.task.hooks.airflow.providers.standard.hooks.subprocess.SubprocessHook","filename":"subprocess.py","lineno":99}
{"timestamp":"2026-06-19T11:34:01.348625Z","level":"info","event":"\u001b[0m11:34:01","logger":"airflow.task.hooks.airflow.providers.standard.hooks.subprocess.SubprocessHook","filename":"subprocess.py","lineno":99}
{"timestamp":"2026-06-19T11:34:01.349342Z","level":"info","event":"\u001b[0m11:34:01  \u001b[32mCompleted successfully\u001b[0m","logger":"airflow.task.hooks.airflow.providers.standard.hooks.subprocess.SubprocessHook","filename":"subprocess.py","lineno":99}
{"timestamp":"2026-06-19T11:34:01.349931Z","level":"info","event":"\u001b[0m11:34:01","logger":"airflow.task.hooks.airflow.providers.standard.hooks.subprocess.SubprocessHook","filename":"subprocess.py","lineno":99}
{"timestamp":"2026-06-19T11:34:01.350542Z","level":"info","event":"\u001b[0m11:34:01  Done. PASS=6 WARN=0 ERROR=0 SKIP=0 NO-OP=0 TOTAL=6","logger":"airflow.task.hooks.airflow.providers.standard.hooks.subprocess.SubprocessHook","filename":"subprocess.py","lineno":99}
{"timestamp":"2026-06-19T11:34:03.258193Z","level":"info","event":"Command exited with return code 0","logger":"airflow.task.hooks.airflow.providers.standard.hooks.subprocess.SubprocessHook","filename":"subprocess.py","lineno":103}
{"timestamp":"2026-06-19T11:34:03.259798Z","level":"info","event":"Pushing xcom","ti":"RuntimeTaskInstance(id=UUID('019edfa8-7d8b-7833-9ff2-7fea69c411ea'), task_id='dbt_run_marts', dag_id='openf1_dbt_mart', run_id='manual__2026-06-19T11:33:41.889555+00:00', try_number=1, dag_version_id=UUID('019edfa1-2570-7f75-9883-96ed9f219825'), map_index=-1, hostname='c7c8436b4395', context_carrier={'traceparent': '00-92bcce4cf23a1c3afc067f5fc772e334-8f1333edbf144e25-01'}, task=<Task(BashOperator): dbt_run_marts>, bundle_instance=LocalDagBundle(name=dags-folder), max_tries=2, start_date=datetime.datetime(2026, 6, 19, 11, 33, 42, 294733, tzinfo=datetime.timezone.utc), end_date=None, state=<TaskInstanceState.RUNNING: 'running'>, is_mapped=False, rendered_map_index=None, sentry_integration='')","logger":"task","filename":"task_runner.py","lineno":1724}
