{"timestamp":"2026-06-06T12:56:27.458623Z","level":"info","event":"DAG bundles loaded: dags-folder","logger":"airflow.dag_processing.bundles.manager.DagBundlesManager","filename":"manager.py","lineno":209}
{"timestamp":"2026-06-06T12:56:27.460267Z","level":"info","event":"Filling up the DagBag from /opt/airflow/dags/openf1_session_results_bronze.py","logger":"airflow.dag_processing.dagbag.BundleDagBag","filename":"dagbag.py","lineno":469}
{"timestamp":"2026-06-06T12:56:27.815938Z","level":"warning","event":"The `airflow.operators.python.PythonOperator` attribute is deprecated. Please use `'airflow.providers.standard.operators.python.PythonOperator'`.","category":"UserWarning","filename":"/opt/airflow/dags/openf1_session_results_bronze.py","lineno":3,"logger":"py.warnings"}
{"timestamp":"2026-06-06T12:56:27.833518Z","level":"info","event":"Init Bigquery Client","logger":"openf1_de.fetch_bronze_session_results","filename":"fetch_bronze_session_results.py","lineno":138}
{"timestamp":"2026-06-06T12:56:27.866363Z","level":"info","event":"Fetch stg_sessions","logger":"openf1_de.fetch_bronze_session_results","filename":"fetch_bronze_session_results.py","lineno":140}
{"timestamp":"2026-06-06T12:56:29.687788Z","level":"info","event":"Using columns ['session_key', 'date_start', 'session_type', 'session_name', 'year'] for sessions with date_start before 2026-06-06 12:56:29.687681+00:00","logger":"openf1_de.fetch_bronze_session_results","filename":"fetch_bronze_session_results.py","lineno":149}
{"timestamp":"2026-06-06T12:56:29.689471Z","level":"info","event":"Fetching session results","logger":"openf1_de.fetch_bronze_session_results","filename":"fetch_bronze_session_results.py","lineno":157}
{"timestamp":"2026-06-06T12:56:29.690188Z","level":"info","event":"Skip cached session_key: 11465","logger":"openf1_de.fetch_bronze_session_results","filename":"fetch_bronze_session_results.py","lineno":165}
{"timestamp":"2026-06-06T12:56:29.690273Z","level":"info","event":"Skip cached session_key: 11466","logger":"openf1_de.fetch_bronze_session_results","filename":"fetch_bronze_session_results.py","lineno":165}
{"timestamp":"2026-06-06T12:56:29.690324Z","level":"info","event":"Skip cached session_key: 11467","logger":"openf1_de.fetch_bronze_session_results","filename":"fetch_bronze_session_results.py","lineno":165}
{"timestamp":"2026-06-06T12:56:29.690356Z","level":"info","event":"Skip cached session_key: 11470","logger":"openf1_de.fetch_bronze_session_results","filename":"fetch_bronze_session_results.py","lineno":165}
{"timestamp":"2026-06-06T12:56:29.690383Z","level":"info","event":"Skip cached session_key: 11469","logger":"openf1_de.fetch_bronze_session_results","filename":"fetch_bronze_session_results.py","lineno":165}
{"timestamp":"2026-06-06T12:56:29.690408Z","level":"info","event":"Skip cached session_key: 11468","logger":"openf1_de.fetch_bronze_session_results","filename":"fetch_bronze_session_results.py","lineno":165}
{"timestamp":"2026-06-06T12:56:29.690431Z","level":"info","event":"Skip cached session_key: 11227","logger":"openf1_de.fetch_bronze_session_results","filename":"fetch_bronze_session_results.py","lineno":165}
{"timestamp":"2026-06-06T12:56:29.690454Z","level":"info","event":"Skip cached session_key: 11228","logger":"openf1_de.fetch_bronze_session_results","filename":"fetch_bronze_session_results.py","lineno":165}
{"timestamp":"2026-06-06T12:56:29.690476Z","level":"info","event":"Skip cached session_key: 11229","logger":"openf1_de.fetch_bronze_session_results","filename":"fetch_bronze_session_results.py","lineno":165}
{"timestamp":"2026-06-06T12:56:29.690497Z","level":"info","event":"Skip cached session_key: 11230","logger":"openf1_de.fetch_bronze_session_results","filename":"fetch_bronze_session_results.py","lineno":165}
{"timestamp":"2026-06-06T12:56:29.690519Z","level":"info","event":"Skip cached session_key: 11234","logger":"openf1_de.fetch_bronze_session_results","filename":"fetch_bronze_session_results.py","lineno":165}
{"timestamp":"2026-06-06T12:56:29.690547Z","level":"info","event":"Skip cached session_key: 11235","logger":"openf1_de.fetch_bronze_session_results","filename":"fetch_bronze_session_results.py","lineno":165}
{"timestamp":"2026-06-06T12:56:29.690572Z","level":"info","event":"Skip cached session_key: 11236","logger":"openf1_de.fetch_bronze_session_results","filename":"fetch_bronze_session_results.py","lineno":165}
{"timestamp":"2026-06-06T12:56:29.690594Z","level":"info","event":"Skip cached session_key: 11240","logger":"openf1_de.fetch_bronze_session_results","filename":"fetch_bronze_session_results.py","lineno":165}
{"timestamp":"2026-06-06T12:56:29.690617Z","level":"info","event":"Skip cached session_key: 11241","logger":"openf1_de.fetch_bronze_session_results","filename":"fetch_bronze_session_results.py","lineno":165}
{"timestamp":"2026-06-06T12:56:29.690639Z","level":"info","event":"Skip cached session_key: 11245","logger":"openf1_de.fetch_bronze_session_results","filename":"fetch_bronze_session_results.py","lineno":165}
{"timestamp":"2026-06-06T12:56:29.690660Z","level":"info","event":"Skip cached session_key: 11246","logger":"openf1_de.fetch_bronze_session_results","filename":"fetch_bronze_session_results.py","lineno":165}
{"timestamp":"2026-06-06T12:56:29.690681Z","level":"info","event":"Skip cached session_key: 11247","logger":"openf1_de.fetch_bronze_session_results","filename":"fetch_bronze_session_results.py","lineno":165}
{"timestamp":"2026-06-06T12:56:29.690701Z","level":"info","event":"Skip cached session_key: 11248","logger":"openf1_de.fetch_bronze_session_results","filename":"fetch_bronze_session_results.py","lineno":165}
{"timestamp":"2026-06-06T12:56:29.690723Z","level":"info","event":"Skip cached session_key: 11249","logger":"openf1_de.fetch_bronze_session_results","filename":"fetch_bronze_session_results.py","lineno":165}
{"timestamp":"2026-06-06T12:56:29.690744Z","level":"info","event":"Skip cached session_key: 11253","logger":"openf1_de.fetch_bronze_session_results","filename":"fetch_bronze_session_results.py","lineno":165}
{"timestamp":"2026-06-06T12:56:29.690884Z","level":"info","event":"Fetching for url: https://api.openf1.org/v1/session_result?session_key=11254","logger":"openf1_de.fetch_bronze_session_results","filename":"fetch_bronze_session_results.py","lineno":172}
{"timestamp":"2026-06-06T12:56:30.217410Z","level":"warning","event":"404: No session_result for https://api.openf1.org/v1/session_result?session_key=11254","logger":"openf1_de.fetch_bronze_session_results","filename":"fetch_bronze_session_results.py","lineno":191}
{"timestamp":"2026-06-06T12:56:30.217944Z","level":"info","event":"Fetching for url: https://api.openf1.org/v1/session_result?session_key=11255","logger":"openf1_de.fetch_bronze_session_results","filename":"fetch_bronze_session_results.py","lineno":172}
{"timestamp":"2026-06-06T12:56:30.723546Z","level":"warning","event":"404: No session_result for https://api.openf1.org/v1/session_result?session_key=11255","logger":"openf1_de.fetch_bronze_session_results","filename":"fetch_bronze_session_results.py","lineno":191}
{"timestamp":"2026-06-06T12:56:30.724046Z","level":"info","event":"Fetching for url: https://api.openf1.org/v1/session_result?session_key=11256","logger":"openf1_de.fetch_bronze_session_results","filename":"fetch_bronze_session_results.py","lineno":172}
{"timestamp":"2026-06-06T12:56:31.234732Z","level":"warning","event":"404: No session_result for https://api.openf1.org/v1/session_result?session_key=11256","logger":"openf1_de.fetch_bronze_session_results","filename":"fetch_bronze_session_results.py","lineno":191}
{"timestamp":"2026-06-06T12:56:31.235319Z","level":"info","event":"Fetching for url: https://api.openf1.org/v1/session_result?session_key=11257","logger":"openf1_de.fetch_bronze_session_results","filename":"fetch_bronze_session_results.py","lineno":172}
{"timestamp":"2026-06-06T12:56:31.748018Z","level":"warning","event":"404: No session_result for https://api.openf1.org/v1/session_result?session_key=11257","logger":"openf1_de.fetch_bronze_session_results","filename":"fetch_bronze_session_results.py","lineno":191}
{"timestamp":"2026-06-06T12:56:31.748553Z","level":"info","event":"Fetching for url: https://api.openf1.org/v1/session_result?session_key=11261","logger":"openf1_de.fetch_bronze_session_results","filename":"fetch_bronze_session_results.py","lineno":172}
{"timestamp":"2026-06-06T12:56:32.254789Z","level":"warning","event":"404: No session_result for https://api.openf1.org/v1/session_result?session_key=11261","logger":"openf1_de.fetch_bronze_session_results","filename":"fetch_bronze_session_results.py","lineno":191}
{"timestamp":"2026-06-06T12:56:32.255359Z","level":"info","event":"Fetching for url: https://api.openf1.org/v1/session_result?session_key=11262","logger":"openf1_de.fetch_bronze_session_results","filename":"fetch_bronze_session_results.py","lineno":172}
{"timestamp":"2026-06-06T12:56:32.774645Z","level":"warning","event":"404: No session_result for https://api.openf1.org/v1/session_result?session_key=11262","logger":"openf1_de.fetch_bronze_session_results","filename":"fetch_bronze_session_results.py","lineno":191}
{"timestamp":"2026-06-06T12:56:32.775289Z","level":"info","event":"Fetching for url: https://api.openf1.org/v1/session_result?session_key=11263","logger":"openf1_de.fetch_bronze_session_results","filename":"fetch_bronze_session_results.py","lineno":172}
{"timestamp":"2026-06-06T12:56:33.286423Z","level":"warning","event":"404: No session_result for https://api.openf1.org/v1/session_result?session_key=11263","logger":"openf1_de.fetch_bronze_session_results","filename":"fetch_bronze_session_results.py","lineno":191}
{"timestamp":"2026-06-06T12:56:33.286994Z","level":"info","event":"Fetching for url: https://api.openf1.org/v1/session_result?session_key=11264","logger":"openf1_de.fetch_bronze_session_results","filename":"fetch_bronze_session_results.py","lineno":172}
{"timestamp":"2026-06-06T12:56:33.798819Z","level":"warning","event":"404: No session_result for https://api.openf1.org/v1/session_result?session_key=11264","logger":"openf1_de.fetch_bronze_session_results","filename":"fetch_bronze_session_results.py","lineno":191}
{"timestamp":"2026-06-06T12:56:33.799458Z","level":"info","event":"Fetching for url: https://api.openf1.org/v1/session_result?session_key=11265","logger":"openf1_de.fetch_bronze_session_results","filename":"fetch_bronze_session_results.py","lineno":172}
{"timestamp":"2026-06-06T12:56:34.310098Z","level":"warning","event":"404: No session_result for https://api.openf1.org/v1/session_result?session_key=11265","logger":"openf1_de.fetch_bronze_session_results","filename":"fetch_bronze_session_results.py","lineno":191}
{"timestamp":"2026-06-06T12:56:34.310690Z","level":"info","event":"Fetching for url: https://api.openf1.org/v1/session_result?session_key=11269","logger":"openf1_de.fetch_bronze_session_results","filename":"fetch_bronze_session_results.py","lineno":172}
{"timestamp":"2026-06-06T12:56:34.816316Z","level":"warning","event":"404: No session_result for https://api.openf1.org/v1/session_result?session_key=11269","logger":"openf1_de.fetch_bronze_session_results","filename":"fetch_bronze_session_results.py","lineno":191}
{"timestamp":"2026-06-06T12:56:34.816792Z","level":"info","event":"Skip cached session_key: 11270","logger":"openf1_de.fetch_bronze_session_results","filename":"fetch_bronze_session_results.py","lineno":165}
{"timestamp":"2026-06-06T12:56:34.816848Z","level":"info","event":"Skip cached session_key: 11271","logger":"openf1_de.fetch_bronze_session_results","filename":"fetch_bronze_session_results.py","lineno":165}
{"timestamp":"2026-06-06T12:56:34.816882Z","level":"info","event":"Skip cached session_key: 11275","logger":"openf1_de.fetch_bronze_session_results","filename":"fetch_bronze_session_results.py","lineno":165}
{"timestamp":"2026-06-06T12:56:34.816909Z","level":"info","event":"Skip cached session_key: 11276","logger":"openf1_de.fetch_bronze_session_results","filename":"fetch_bronze_session_results.py","lineno":165}
{"timestamp":"2026-06-06T12:56:34.816935Z","level":"info","event":"Skip cached session_key: 11280","logger":"openf1_de.fetch_bronze_session_results","filename":"fetch_bronze_session_results.py","lineno":165}
{"timestamp":"2026-06-06T12:56:34.816962Z","level":"info","event":"Skip cached session_key: 11281","logger":"openf1_de.fetch_bronze_session_results","filename":"fetch_bronze_session_results.py","lineno":165}
{"timestamp":"2026-06-06T12:56:34.816988Z","level":"info","event":"Skip cached session_key: 11282","logger":"openf1_de.fetch_bronze_session_results","filename":"fetch_bronze_session_results.py","lineno":165}
{"timestamp":"2026-06-06T12:56:34.817011Z","level":"info","event":"Skip cached session_key: 11286","logger":"openf1_de.fetch_bronze_session_results","filename":"fetch_bronze_session_results.py","lineno":165}
{"timestamp":"2026-06-06T12:56:34.817035Z","level":"info","event":"Skip cached session_key: 11287","logger":"openf1_de.fetch_bronze_session_results","filename":"fetch_bronze_session_results.py","lineno":165}
{"timestamp":"2026-06-06T12:56:34.817059Z","level":"info","event":"Skip cached session_key: 11291","logger":"openf1_de.fetch_bronze_session_results","filename":"fetch_bronze_session_results.py","lineno":165}
{"timestamp":"2026-06-06T12:56:34.817084Z","level":"info","event":"Skip cached session_key: 11292","logger":"openf1_de.fetch_bronze_session_results","filename":"fetch_bronze_session_results.py","lineno":165}
{"timestamp":"2026-06-06T12:56:34.817108Z","level":"info","event":"Skip cached session_key: 11293","logger":"openf1_de.fetch_bronze_session_results","filename":"fetch_bronze_session_results.py","lineno":165}
{"timestamp":"2026-06-06T12:56:34.817132Z","level":"info","event":"Skip cached session_key: 11294","logger":"openf1_de.fetch_bronze_session_results","filename":"fetch_bronze_session_results.py","lineno":165}
{"timestamp":"2026-06-06T12:56:34.817219Z","level":"info","event":"No new session results fetched; leaving GCS parquet unchanged","logger":"openf1_de.fetch_bronze_session_results","filename":"fetch_bronze_session_results.py","lineno":209}
{"timestamp":"2026-06-06T12:56:34.817391Z","level":"info","event":"Done. Returned value was: None","logger":"airflow.task.operators.airflow.providers.standard.operators.python.PythonOperator","filename":"python.py","lineno":229}
