{"timestamp":"2026-06-29T04:41:55.911174Z","level":"info","event":"DAG bundles loaded: dags-folder","logger":"airflow.dag_processing.bundles.manager.DagBundlesManager","filename":"manager.py","lineno":209}
{"timestamp":"2026-06-29T04:41:55.914147Z","level":"info","event":"Filling up the DagBag from /opt/airflow/dags/openf1_session_results.py","logger":"airflow.dag_processing.dagbag.BundleDagBag","filename":"dagbag.py","lineno":469}
{"timestamp":"2026-06-29T04:41:57.783089Z","level":"warning","event":"The `airflow.operators.bash.BashOperator` attribute is deprecated. Please use `'airflow.providers.standard.operators.bash.BashOperator'`.","category":"UserWarning","filename":"/opt/airflow/dags/openf1_session_results.py","lineno":5,"logger":"py.warnings"}
{"timestamp":"2026-06-29T04:41:57.783539Z","level":"warning","event":"The `airflow.operators.python.PythonOperator` attribute is deprecated. Please use `'airflow.providers.standard.operators.python.PythonOperator'`.","category":"UserWarning","filename":"/opt/airflow/dags/openf1_session_results.py","lineno":6,"logger":"py.warnings"}
{"timestamp":"2026-06-29T04:41:57.841560Z","level":"info","event":"Tmp dir root location: /tmp","logger":"airflow.task.hooks.airflow.providers.standard.hooks.subprocess.SubprocessHook","filename":"subprocess.py","lineno":78}
{"timestamp":"2026-06-29T04:41:57.843601Z","level":"info","event":"Running command: ['/usr/bin/bash', '-c', 'cd /opt/airflow/dbt/openf1_raw && dbt run --select mart_driver_standings mart_constructor_standings --profiles-dir /opt/airflow/config']","logger":"airflow.task.hooks.airflow.providers.standard.hooks.subprocess.SubprocessHook","filename":"subprocess.py","lineno":80}
{"timestamp":"2026-06-29T04:41:57.845148Z","level":"info","event":"Output:","logger":"airflow.task.hooks.airflow.providers.standard.hooks.subprocess.SubprocessHook","filename":"subprocess.py","lineno":92}
{"timestamp":"2026-06-29T04:42:05.976832Z","level":"info","event":"\u001b[0m04:42:05  Running with dbt=1.11.11","logger":"airflow.task.hooks.airflow.providers.standard.hooks.subprocess.SubprocessHook","filename":"subprocess.py","lineno":99}
{"timestamp":"2026-06-29T04:42:08.319443Z","level":"info","event":"\u001b[0m04:42:08  Registered adapter: bigquery=1.11.1","logger":"airflow.task.hooks.airflow.providers.standard.hooks.subprocess.SubprocessHook","filename":"subprocess.py","lineno":99}
{"timestamp":"2026-06-29T04:42:13.812394Z","level":"info","event":"\u001b[0m04:42:13  Found 16 models, 2 data tests, 4 sources, 551 macros","logger":"airflow.task.hooks.airflow.providers.standard.hooks.subprocess.SubprocessHook","filename":"subprocess.py","lineno":99}
{"timestamp":"2026-06-29T04:42:13.819080Z","level":"info","event":"\u001b[0m04:42:13","logger":"airflow.task.hooks.airflow.providers.standard.hooks.subprocess.SubprocessHook","filename":"subprocess.py","lineno":99}
{"timestamp":"2026-06-29T04:42:13.821903Z","level":"info","event":"\u001b[0m04:42:13  Concurrency: 4 threads (target='dev')","logger":"airflow.task.hooks.airflow.providers.standard.hooks.subprocess.SubprocessHook","filename":"subprocess.py","lineno":99}
{"timestamp":"2026-06-29T04:42:13.824463Z","level":"info","event":"\u001b[0m04:42:13","logger":"airflow.task.hooks.airflow.providers.standard.hooks.subprocess.SubprocessHook","filename":"subprocess.py","lineno":99}
{"timestamp":"2026-06-29T04:42:15.230450Z","level":"info","event":"\u001b[0m04:42:15  1 of 2 START sql table model openf1_marts.mart_driver_standings ................ [RUN]","logger":"airflow.task.hooks.airflow.providers.standard.hooks.subprocess.SubprocessHook","filename":"subprocess.py","lineno":99}
{"timestamp":"2026-06-29T04:42:17.528120Z","level":"info","event":"\u001b[0m04:42:17  1 of 2 OK created sql table model openf1_marts.mart_driver_standings ........... [\u001b[32mCREATE TABLE (43.0 rows, 19.7 KiB processed)\u001b[0m in 2.29s]","logger":"airflow.task.hooks.airflow.providers.standard.hooks.subprocess.SubprocessHook","filename":"subprocess.py","lineno":99}
{"timestamp":"2026-06-29T04:42:17.535500Z","level":"info","event":"\u001b[0m04:42:17  2 of 2 START sql table model openf1_marts.mart_constructor_standings ........... [RUN]","logger":"airflow.task.hooks.airflow.providers.standard.hooks.subprocess.SubprocessHook","filename":"subprocess.py","lineno":99}
{"timestamp":"2026-06-29T04:42:19.282093Z","level":"info","event":"\u001b[0m04:42:19  2 of 2 OK created sql table model openf1_marts.mart_constructor_standings ...... [\u001b[32mCREATE TABLE (21.0 rows, 2.8 KiB processed)\u001b[0m in 1.74s]","logger":"airflow.task.hooks.airflow.providers.standard.hooks.subprocess.SubprocessHook","filename":"subprocess.py","lineno":99}
{"timestamp":"2026-06-29T04:42:19.345782Z","level":"info","event":"\u001b[0m04:42:19","logger":"airflow.task.hooks.airflow.providers.standard.hooks.subprocess.SubprocessHook","filename":"subprocess.py","lineno":99}
{"timestamp":"2026-06-29T04:42:19.346925Z","level":"info","event":"\u001b[0m04:42:19  Finished running 2 table models in 0 hours 0 minutes and 5.52 seconds (5.52s).","logger":"airflow.task.hooks.airflow.providers.standard.hooks.subprocess.SubprocessHook","filename":"subprocess.py","lineno":99}
{"timestamp":"2026-06-29T04:42:19.509779Z","level":"info","event":"\u001b[0m04:42:19","logger":"airflow.task.hooks.airflow.providers.standard.hooks.subprocess.SubprocessHook","filename":"subprocess.py","lineno":99}
{"timestamp":"2026-06-29T04:42:19.511882Z","level":"info","event":"\u001b[0m04:42:19  \u001b[32mCompleted successfully\u001b[0m","logger":"airflow.task.hooks.airflow.providers.standard.hooks.subprocess.SubprocessHook","filename":"subprocess.py","lineno":99}
{"timestamp":"2026-06-29T04:42:19.513810Z","level":"info","event":"\u001b[0m04:42:19","logger":"airflow.task.hooks.airflow.providers.standard.hooks.subprocess.SubprocessHook","filename":"subprocess.py","lineno":99}
{"timestamp":"2026-06-29T04:42:19.515601Z","level":"info","event":"\u001b[0m04:42:19  Done. PASS=2 WARN=0 ERROR=0 SKIP=0 NO-OP=0 TOTAL=2","logger":"airflow.task.hooks.airflow.providers.standard.hooks.subprocess.SubprocessHook","filename":"subprocess.py","lineno":99}
{"timestamp":"2026-06-29T04:42:21.464009Z","level":"info","event":"Command exited with return code 0","logger":"airflow.task.hooks.airflow.providers.standard.hooks.subprocess.SubprocessHook","filename":"subprocess.py","lineno":103}
{"timestamp":"2026-06-29T04:42:21.464653Z","level":"info","event":"Pushing xcom","ti":"RuntimeTaskInstance(id=UUID('019f11ab-44c1-7b5a-a688-56ca6e14f5b2'), task_id='dbt_run_standings_marts', dag_id='02_openf1_fetch_every_sat_sun_mon', run_id='manual__2026-06-29T04:37:44.684630+00:00', try_number=1, dag_version_id=UUID('019f082e-f249-712c-b497-b4bf1a0fefb8'), map_index=-1, hostname='57434fd533db', context_carrier={'traceparent': '00-2c87c980ab98f26caa4a25bf2faee731-75872518ae1b5ede-01'}, task=<Task(BashOperator): dbt_run_standings_marts>, bundle_instance=LocalDagBundle(name=dags-folder), max_tries=2, start_date=datetime.datetime(2026, 6, 29, 4, 41, 55, 847040, tzinfo=datetime.timezone.utc), end_date=None, state=<TaskInstanceState.RUNNING: 'running'>, is_mapped=False, rendered_map_index=None, sentry_integration='')","logger":"task","filename":"task_runner.py","lineno":1724}
