{"timestamp":"2026-06-19T11:13:35.870086Z","level":"info","event":"DAG bundles loaded: dags-folder","logger":"airflow.dag_processing.bundles.manager.DagBundlesManager","filename":"manager.py","lineno":209}
{"timestamp":"2026-06-19T11:13:35.872960Z","level":"info","event":"Filling up the DagBag from /opt/airflow/dags/openf1_dbt_session_results.py","logger":"airflow.dag_processing.dagbag.BundleDagBag","filename":"dagbag.py","lineno":469}
{"timestamp":"2026-06-19T11:13:36.487439Z","level":"warning","event":"The `airflow.operators.bash.BashOperator` attribute is deprecated. Please use `'airflow.providers.standard.operators.bash.BashOperator'`.","category":"UserWarning","filename":"/opt/airflow/dags/openf1_dbt_session_results.py","lineno":4,"logger":"py.warnings"}
{"timestamp":"2026-06-19T11:13:36.508585Z","level":"info","event":"Tmp dir root location: /tmp","logger":"airflow.task.hooks.airflow.providers.standard.hooks.subprocess.SubprocessHook","filename":"subprocess.py","lineno":78}
{"timestamp":"2026-06-19T11:13:36.509552Z","level":"info","event":"Running command: ['/usr/bin/bash', '-c', 'cd /opt/airflow/dbt/openf1_raw && dbt run --select stg_session_results_race stg_drivers stg_driver_standings stg_session_results_qualifying stg_session_results_fp --profiles-dir /opt/airflow/config ']","logger":"airflow.task.hooks.airflow.providers.standard.hooks.subprocess.SubprocessHook","filename":"subprocess.py","lineno":80}
{"timestamp":"2026-06-19T11:13:36.510442Z","level":"info","event":"Output:","logger":"airflow.task.hooks.airflow.providers.standard.hooks.subprocess.SubprocessHook","filename":"subprocess.py","lineno":92}
{"timestamp":"2026-06-19T11:13:37.878709Z","level":"info","event":"\u001b[0m11:13:37  Running with dbt=1.11.11","logger":"airflow.task.hooks.airflow.providers.standard.hooks.subprocess.SubprocessHook","filename":"subprocess.py","lineno":99}
{"timestamp":"2026-06-19T11:13:38.851483Z","level":"info","event":"\u001b[0m11:13:38  Registered adapter: bigquery=1.11.1","logger":"airflow.task.hooks.airflow.providers.standard.hooks.subprocess.SubprocessHook","filename":"subprocess.py","lineno":99}
{"timestamp":"2026-06-19T11:13:39.373588Z","level":"info","event":"\u001b[0m11:13:39  Found 13 models, 2 data tests, 4 sources, 551 macros","logger":"airflow.task.hooks.airflow.providers.standard.hooks.subprocess.SubprocessHook","filename":"subprocess.py","lineno":99}
{"timestamp":"2026-06-19T11:13:39.376113Z","level":"info","event":"\u001b[0m11:13:39","logger":"airflow.task.hooks.airflow.providers.standard.hooks.subprocess.SubprocessHook","filename":"subprocess.py","lineno":99}
{"timestamp":"2026-06-19T11:13:39.376569Z","level":"info","event":"\u001b[0m11:13:39  Concurrency: 1 threads (target='dev')","logger":"airflow.task.hooks.airflow.providers.standard.hooks.subprocess.SubprocessHook","filename":"subprocess.py","lineno":99}
{"timestamp":"2026-06-19T11:13:39.376962Z","level":"info","event":"\u001b[0m11:13:39","logger":"airflow.task.hooks.airflow.providers.standard.hooks.subprocess.SubprocessHook","filename":"subprocess.py","lineno":99}
{"timestamp":"2026-06-19T11:13:40.493515Z","level":"info","event":"\u001b[0m11:13:40  1 of 5 START sql view model openf1_staging.stg_drivers ......................... [RUN]","logger":"airflow.task.hooks.airflow.providers.standard.hooks.subprocess.SubprocessHook","filename":"subprocess.py","lineno":99}
{"timestamp":"2026-06-19T11:13:41.058569Z","level":"info","event":"\u001b[0m11:13:41  1 of 5 OK created sql view model openf1_staging.stg_drivers .................... [\u001b[32mCREATE VIEW (0 processed)\u001b[0m in 0.56s]","logger":"airflow.task.hooks.airflow.providers.standard.hooks.subprocess.SubprocessHook","filename":"subprocess.py","lineno":99}
{"timestamp":"2026-06-19T11:13:41.060638Z","level":"info","event":"\u001b[0m11:13:41  2 of 5 START sql view model openf1_staging.stg_session_results_fp .............. [RUN]","logger":"airflow.task.hooks.airflow.providers.standard.hooks.subprocess.SubprocessHook","filename":"subprocess.py","lineno":99}
{"timestamp":"2026-06-19T11:13:41.592223Z","level":"info","event":"\u001b[0m11:13:41  2 of 5 OK created sql view model openf1_staging.stg_session_results_fp ......... [\u001b[32mCREATE VIEW (0 processed)\u001b[0m in 0.53s]","logger":"airflow.task.hooks.airflow.providers.standard.hooks.subprocess.SubprocessHook","filename":"subprocess.py","lineno":99}
{"timestamp":"2026-06-19T11:13:41.594395Z","level":"info","event":"\u001b[0m11:13:41  3 of 5 START sql view model openf1_staging.stg_session_results_qualifying ...... [RUN]","logger":"airflow.task.hooks.airflow.providers.standard.hooks.subprocess.SubprocessHook","filename":"subprocess.py","lineno":99}
{"timestamp":"2026-06-19T11:13:42.114979Z","level":"info","event":"\u001b[0m11:13:42  3 of 5 OK created sql view model openf1_staging.stg_session_results_qualifying . [\u001b[32mCREATE VIEW (0 processed)\u001b[0m in 0.52s]","logger":"airflow.task.hooks.airflow.providers.standard.hooks.subprocess.SubprocessHook","filename":"subprocess.py","lineno":99}
{"timestamp":"2026-06-19T11:13:42.116711Z","level":"info","event":"\u001b[0m11:13:42  4 of 5 START sql view model openf1_staging.stg_session_results_race ............ [RUN]","logger":"airflow.task.hooks.airflow.providers.standard.hooks.subprocess.SubprocessHook","filename":"subprocess.py","lineno":99}
{"timestamp":"2026-06-19T11:13:42.584970Z","level":"info","event":"\u001b[0m11:13:42  4 of 5 OK created sql view model openf1_staging.stg_session_results_race ....... [\u001b[32mCREATE VIEW (0 processed)\u001b[0m in 0.47s]","logger":"airflow.task.hooks.airflow.providers.standard.hooks.subprocess.SubprocessHook","filename":"subprocess.py","lineno":99}
{"timestamp":"2026-06-19T11:13:42.587744Z","level":"info","event":"\u001b[0m11:13:42  5 of 5 START sql view model openf1_staging.stg_driver_standings ................ [RUN]","logger":"airflow.task.hooks.airflow.providers.standard.hooks.subprocess.SubprocessHook","filename":"subprocess.py","lineno":99}
{"timestamp":"2026-06-19T11:13:43.526571Z","level":"info","event":"\u001b[0m11:13:43  5 of 5 OK created sql view model openf1_staging.stg_driver_standings ........... [\u001b[32mCREATE VIEW (0 processed)\u001b[0m in 0.94s]","logger":"airflow.task.hooks.airflow.providers.standard.hooks.subprocess.SubprocessHook","filename":"subprocess.py","lineno":99}
{"timestamp":"2026-06-19T11:13:43.558848Z","level":"info","event":"\u001b[0m11:13:43","logger":"airflow.task.hooks.airflow.providers.standard.hooks.subprocess.SubprocessHook","filename":"subprocess.py","lineno":99}
{"timestamp":"2026-06-19T11:13:43.559295Z","level":"info","event":"\u001b[0m11:13:43  Finished running 5 view models in 0 hours 0 minutes and 4.18 seconds (4.18s).","logger":"airflow.task.hooks.airflow.providers.standard.hooks.subprocess.SubprocessHook","filename":"subprocess.py","lineno":99}
{"timestamp":"2026-06-19T11:13:43.613138Z","level":"info","event":"\u001b[0m11:13:43","logger":"airflow.task.hooks.airflow.providers.standard.hooks.subprocess.SubprocessHook","filename":"subprocess.py","lineno":99}
{"timestamp":"2026-06-19T11:13:43.613709Z","level":"info","event":"\u001b[0m11:13:43  \u001b[32mCompleted successfully\u001b[0m","logger":"airflow.task.hooks.airflow.providers.standard.hooks.subprocess.SubprocessHook","filename":"subprocess.py","lineno":99}
{"timestamp":"2026-06-19T11:13:43.614256Z","level":"info","event":"\u001b[0m11:13:43","logger":"airflow.task.hooks.airflow.providers.standard.hooks.subprocess.SubprocessHook","filename":"subprocess.py","lineno":99}
{"timestamp":"2026-06-19T11:13:43.614755Z","level":"info","event":"\u001b[0m11:13:43  Done. PASS=5 WARN=0 ERROR=0 SKIP=0 NO-OP=0 TOTAL=5","logger":"airflow.task.hooks.airflow.providers.standard.hooks.subprocess.SubprocessHook","filename":"subprocess.py","lineno":99}
{"timestamp":"2026-06-19T11:13:45.447468Z","level":"info","event":"Command exited with return code 0","logger":"airflow.task.hooks.airflow.providers.standard.hooks.subprocess.SubprocessHook","filename":"subprocess.py","lineno":103}
{"timestamp":"2026-06-19T11:13:45.448154Z","level":"info","event":"Pushing xcom","ti":"RuntimeTaskInstance(id=UUID('019edf96-1355-7f7f-beb7-ccbf2826bb83'), task_id='dbt_run_session_results', dag_id='openf1_dbt_session_results', run_id='manual__2026-06-19T11:13:35.046704+00:00', try_number=1, dag_version_id=UUID('019edf95-ea49-764a-ad11-b66e905486f1'), map_index=-1, hostname='595f58dcd12d', context_carrier={'traceparent': '00-9d411da98e586d8491a13ba877020436-ffdf4879b4e18d0a-01'}, task=<Task(BashOperator): dbt_run_session_results>, bundle_instance=LocalDagBundle(name=dags-folder), max_tries=2, start_date=datetime.datetime(2026, 6, 19, 11, 13, 35, 826308, tzinfo=datetime.timezone.utc), end_date=None, state=<TaskInstanceState.RUNNING: 'running'>, is_mapped=False, rendered_map_index=None, sentry_integration='')","logger":"task","filename":"task_runner.py","lineno":1724}
