{"timestamp":"2026-05-30T13:00:19.626313Z","level":"info","event":"DAG bundles loaded: dags-folder","logger":"airflow.dag_processing.bundles.manager.DagBundlesManager","filename":"manager.py","lineno":209}
{"timestamp":"2026-05-30T13:00:19.628165Z","level":"info","event":"Filling up the DagBag from /opt/airflow/dags/openf1_dbt_mart.py","logger":"airflow.dag_processing.dagbag.BundleDagBag","filename":"dagbag.py","lineno":469}
{"timestamp":"2026-05-30T13:00:20.397733Z","level":"warning","event":"The `airflow.operators.bash.BashOperator` attribute is deprecated. Please use `'airflow.providers.standard.operators.bash.BashOperator'`.","category":"UserWarning","filename":"/opt/airflow/dags/openf1_dbt_mart.py","lineno":4,"logger":"py.warnings"}
{"timestamp":"2026-05-30T13:00:20.420061Z","level":"info","event":"Tmp dir root location: /tmp","logger":"airflow.task.hooks.airflow.providers.standard.hooks.subprocess.SubprocessHook","filename":"subprocess.py","lineno":78}
{"timestamp":"2026-05-30T13:00:20.421041Z","level":"info","event":"Running command: ['/usr/bin/bash', '-c', 'cd /opt/airflow/dbt/openf1_raw && dbt run --select marts --profiles-dir /opt/airflow/config']","logger":"airflow.task.hooks.airflow.providers.standard.hooks.subprocess.SubprocessHook","filename":"subprocess.py","lineno":80}
{"timestamp":"2026-05-30T13:00:20.421897Z","level":"info","event":"Output:","logger":"airflow.task.hooks.airflow.providers.standard.hooks.subprocess.SubprocessHook","filename":"subprocess.py","lineno":92}
{"timestamp":"2026-05-30T13:00:21.872541Z","level":"info","event":"\u001b[0m13:00:21  Running with dbt=1.11.11","logger":"airflow.task.hooks.airflow.providers.standard.hooks.subprocess.SubprocessHook","filename":"subprocess.py","lineno":99}
{"timestamp":"2026-05-30T13:00:22.885522Z","level":"info","event":"\u001b[0m13:00:22  Registered adapter: bigquery=1.11.1","logger":"airflow.task.hooks.airflow.providers.standard.hooks.subprocess.SubprocessHook","filename":"subprocess.py","lineno":99}
{"timestamp":"2026-05-30T13:00:23.413224Z","level":"info","event":"\u001b[0m13:00:23  Found 3 models, 2 data tests, 2 sources, 550 macros","logger":"airflow.task.hooks.airflow.providers.standard.hooks.subprocess.SubprocessHook","filename":"subprocess.py","lineno":99}
{"timestamp":"2026-05-30T13:00:23.415908Z","level":"info","event":"\u001b[0m13:00:23","logger":"airflow.task.hooks.airflow.providers.standard.hooks.subprocess.SubprocessHook","filename":"subprocess.py","lineno":99}
{"timestamp":"2026-05-30T13:00:23.416428Z","level":"info","event":"\u001b[0m13:00:23  Concurrency: 1 threads (target='dev')","logger":"airflow.task.hooks.airflow.providers.standard.hooks.subprocess.SubprocessHook","filename":"subprocess.py","lineno":99}
{"timestamp":"2026-05-30T13:00:23.416970Z","level":"info","event":"\u001b[0m13:00:23","logger":"airflow.task.hooks.airflow.providers.standard.hooks.subprocess.SubprocessHook","filename":"subprocess.py","lineno":99}
{"timestamp":"2026-05-30T13:00:27.225836Z","level":"info","event":"\u001b[0m13:00:27  1 of 1 START sql table model openf1_marts.mart_schedule ........................ [RUN]","logger":"airflow.task.hooks.airflow.providers.standard.hooks.subprocess.SubprocessHook","filename":"subprocess.py","lineno":99}
{"timestamp":"2026-05-30T13:00:31.686255Z","level":"info","event":"\u001b[0m13:00:31  1 of 1 OK created sql table model openf1_marts.mart_schedule ................... [\u001b[32mCREATE TABLE (126.0 rows, 29.2 KiB processed)\u001b[0m in 4.46s]","logger":"airflow.task.hooks.airflow.providers.standard.hooks.subprocess.SubprocessHook","filename":"subprocess.py","lineno":99}
{"timestamp":"2026-05-30T13:00:31.719029Z","level":"info","event":"\u001b[0m13:00:31","logger":"airflow.task.hooks.airflow.providers.standard.hooks.subprocess.SubprocessHook","filename":"subprocess.py","lineno":99}
{"timestamp":"2026-05-30T13:00:31.719410Z","level":"info","event":"\u001b[0m13:00:31  Finished running 1 table model in 0 hours 0 minutes and 8.30 seconds (8.30s).","logger":"airflow.task.hooks.airflow.providers.standard.hooks.subprocess.SubprocessHook","filename":"subprocess.py","lineno":99}
{"timestamp":"2026-05-30T13:00:31.764786Z","level":"info","event":"\u001b[0m13:00:31","logger":"airflow.task.hooks.airflow.providers.standard.hooks.subprocess.SubprocessHook","filename":"subprocess.py","lineno":99}
{"timestamp":"2026-05-30T13:00:31.765270Z","level":"info","event":"\u001b[0m13:00:31  \u001b[32mCompleted successfully\u001b[0m","logger":"airflow.task.hooks.airflow.providers.standard.hooks.subprocess.SubprocessHook","filename":"subprocess.py","lineno":99}
{"timestamp":"2026-05-30T13:00:31.765768Z","level":"info","event":"\u001b[0m13:00:31","logger":"airflow.task.hooks.airflow.providers.standard.hooks.subprocess.SubprocessHook","filename":"subprocess.py","lineno":99}
{"timestamp":"2026-05-30T13:00:31.766346Z","level":"info","event":"\u001b[0m13:00:31  Done. PASS=1 WARN=0 ERROR=0 SKIP=0 NO-OP=0 TOTAL=1","logger":"airflow.task.hooks.airflow.providers.standard.hooks.subprocess.SubprocessHook","filename":"subprocess.py","lineno":99}
{"timestamp":"2026-05-30T13:00:33.330831Z","level":"info","event":"Command exited with return code 0","logger":"airflow.task.hooks.airflow.providers.standard.hooks.subprocess.SubprocessHook","filename":"subprocess.py","lineno":103}
{"timestamp":"2026-05-30T13:00:33.332084Z","level":"info","event":"Pushing xcom","ti":"RuntimeTaskInstance(id=UUID('019e78f8-9bc8-7288-b2fe-ef00cd9019d6'), task_id='dbt_run_marts', dag_id='openf1_dbt_mart', run_id='manual__2026-05-30T13:00:19.252136+00:00', try_number=1, dag_version_id=UUID('019e78f8-643d-7cb2-a4f0-e0a0a4665480'), map_index=-1, hostname='c92f6cf8acbf', context_carrier={'traceparent': '00-60200af85058c5ff3a0e326a15cb3c5f-7951445c7f7a38ef-01'}, task=<Task(BashOperator): dbt_run_marts>, bundle_instance=LocalDagBundle(name=dags-folder), max_tries=2, start_date=datetime.datetime(2026, 5, 30, 13, 0, 19, 584669, tzinfo=datetime.timezone.utc), end_date=None, state=<TaskInstanceState.RUNNING: 'running'>, is_mapped=False, rendered_map_index=None, sentry_integration='')","logger":"task","filename":"task_runner.py","lineno":1724}
