{"timestamp":"2026-06-03T07:20:39.686850Z","level":"info","event":"DAG bundles loaded: dags-folder","logger":"airflow.dag_processing.bundles.manager.DagBundlesManager","filename":"manager.py","lineno":209}
{"timestamp":"2026-06-03T07:20:39.688454Z","level":"info","event":"Filling up the DagBag from /opt/airflow/dags/openf1_pipeline.py","logger":"airflow.dag_processing.dagbag.BundleDagBag","filename":"dagbag.py","lineno":469}
{"timestamp":"2026-06-03T07:20:41.081647Z","level":"warning","event":"The `airflow.operators.python.PythonOperator` attribute is deprecated. Please use `'airflow.providers.standard.operators.python.PythonOperator'`.","category":"UserWarning","filename":"/opt/airflow/dags/openf1_pipeline.py","lineno":3,"logger":"py.warnings"}
{"timestamp":"2026-06-03T07:20:41.113679Z","level":"info","event":"Start Fetching","logger":"openf1_de.fetch_bronze_meetings","filename":"fetch_bronze_meetings.py","lineno":73}
{"timestamp":"2026-06-03T07:20:41.113811Z","level":"info","event":"Fetching Meetings","logger":"openf1_de.fetch_bronze_meetings","filename":"fetch_bronze_meetings.py","lineno":74}
{"timestamp":"2026-06-03T07:20:41.113866Z","level":"info","event":"URL: https://api.openf1.org/v1/meetings?year=2026","logger":"openf1_de.fetch_bronze_meetings","filename":"fetch_bronze_meetings.py","lineno":38}
{"timestamp":"2026-06-03T07:20:41.844417Z","level":"info","event":"Adding timestamp column","logger":"openf1_de.fetch_bronze_meetings","filename":"fetch_bronze_meetings.py","lineno":43}
{"timestamp":"2026-06-03T07:20:41.848778Z","level":"info","event":"Fetching Sessions","logger":"openf1_de.fetch_bronze_meetings","filename":"fetch_bronze_meetings.py","lineno":76}
{"timestamp":"2026-06-03T07:20:41.848892Z","level":"info","event":"URL: https://api.openf1.org/v1/sessions?year=2026","logger":"openf1_de.fetch_bronze_meetings","filename":"fetch_bronze_meetings.py","lineno":38}
{"timestamp":"2026-06-03T07:20:42.683992Z","level":"info","event":"Adding timestamp column","logger":"openf1_de.fetch_bronze_meetings","filename":"fetch_bronze_meetings.py","lineno":43}
{"timestamp":"2026-06-03T07:20:42.684600Z","level":"info","event":"Fetching Drivers","logger":"openf1_de.fetch_bronze_meetings","filename":"fetch_bronze_meetings.py","lineno":78}
{"timestamp":"2026-06-03T07:20:42.684693Z","level":"info","event":"URL: https://api.openf1.org/v1/drivers?session_key=11253","logger":"openf1_de.fetch_bronze_meetings","filename":"fetch_bronze_meetings.py","lineno":38}
{"timestamp":"2026-06-03T07:20:43.204924Z","level":"info","event":"Adding timestamp column","logger":"openf1_de.fetch_bronze_meetings","filename":"fetch_bronze_meetings.py","lineno":43}
{"timestamp":"2026-06-03T07:20:43.205884Z","level":"info","event":"Init GCP Storage","logger":"openf1_de.fetch_bronze_meetings","filename":"fetch_bronze_meetings.py","lineno":82}
{"timestamp":"2026-06-03T07:20:43.284431Z","level":"info","event":"Uploading meetings_df to GCP","logger":"openf1_de.fetch_bronze_meetings","filename":"fetch_bronze_meetings.py","lineno":86}
{"timestamp":"2026-06-03T07:20:43.892052Z","level":"info","event":"Without local save Cannot save file into a non-existent directory: '../../data/bronze/meetings'","logger":"openf1_de.fetch_bronze_meetings","filename":"fetch_bronze_meetings.py","lineno":67}
{"timestamp":"2026-06-03T07:20:43.892208Z","level":"info","event":"Uploading sessions_df to GCP","logger":"openf1_de.fetch_bronze_meetings","filename":"fetch_bronze_meetings.py","lineno":88}
{"timestamp":"2026-06-03T07:20:44.224141Z","level":"info","event":"Without local save Cannot save file into a non-existent directory: '../../data/bronze/sessions'","logger":"openf1_de.fetch_bronze_meetings","filename":"fetch_bronze_meetings.py","lineno":67}
{"timestamp":"2026-06-03T07:20:44.224384Z","level":"info","event":"Uploading drivers_df to GCP","logger":"openf1_de.fetch_bronze_meetings","filename":"fetch_bronze_meetings.py","lineno":90}
{"timestamp":"2026-06-03T07:20:44.224495Z","level":"info","event":"Year does not exist, adding one","logger":"openf1_de.fetch_bronze_meetings","filename":"fetch_bronze_meetings.py","lineno":50}
{"timestamp":"2026-06-03T07:20:44.562937Z","level":"info","event":"Without local save Cannot save file into a non-existent directory: '../../data/bronze/drivers'","logger":"openf1_de.fetch_bronze_meetings","filename":"fetch_bronze_meetings.py","lineno":67}
{"timestamp":"2026-06-03T07:20:44.563338Z","level":"info","event":"Done. Returned value was: None","logger":"airflow.task.operators.airflow.providers.standard.operators.python.PythonOperator","filename":"python.py","lineno":229}
