{"timestamp":"2026-06-29T04:37:27.016468Z","level":"info","event":"DAG bundles loaded: dags-folder","logger":"airflow.dag_processing.bundles.manager.DagBundlesManager","filename":"manager.py","lineno":209}
{"timestamp":"2026-06-29T04:37:27.018596Z","level":"info","event":"Filling up the DagBag from /opt/airflow/dags/openf1_schedule.py","logger":"airflow.dag_processing.dagbag.BundleDagBag","filename":"dagbag.py","lineno":469}
{"timestamp":"2026-06-29T04:37:28.707104Z","level":"warning","event":"The `airflow.operators.bash.BashOperator` attribute is deprecated. Please use `'airflow.providers.standard.operators.bash.BashOperator'`.","category":"UserWarning","filename":"/opt/airflow/dags/openf1_schedule.py","lineno":5,"logger":"py.warnings"}
{"timestamp":"2026-06-29T04:37:28.707490Z","level":"warning","event":"The `airflow.operators.python.PythonOperator` attribute is deprecated. Please use `'airflow.providers.standard.operators.python.PythonOperator'`.","category":"UserWarning","filename":"/opt/airflow/dags/openf1_schedule.py","lineno":6,"logger":"py.warnings"}
{"timestamp":"2026-06-29T04:37:28.754864Z","level":"info","event":"Tmp dir root location: /tmp","logger":"airflow.task.hooks.airflow.providers.standard.hooks.subprocess.SubprocessHook","filename":"subprocess.py","lineno":78}
{"timestamp":"2026-06-29T04:37:28.756645Z","level":"info","event":"Running command: ['/usr/bin/bash', '-c', 'cd /opt/airflow/dbt/openf1_raw && dbt clean --profiles-dir /opt/airflow/config && dbt run --select stg_meetings stg_sessions --profiles-dir /opt/airflow/config']","logger":"airflow.task.hooks.airflow.providers.standard.hooks.subprocess.SubprocessHook","filename":"subprocess.py","lineno":80}
{"timestamp":"2026-06-29T04:37:28.757824Z","level":"info","event":"Output:","logger":"airflow.task.hooks.airflow.providers.standard.hooks.subprocess.SubprocessHook","filename":"subprocess.py","lineno":92}
{"timestamp":"2026-06-29T04:37:32.637092Z","level":"info","event":"\u001b[0m04:37:32  Running with dbt=1.11.11","logger":"airflow.task.hooks.airflow.providers.standard.hooks.subprocess.SubprocessHook","filename":"subprocess.py","lineno":99}
{"timestamp":"2026-06-29T04:37:33.001731Z","level":"info","event":"\u001b[0m04:37:33  Checking /opt/airflow/dbt/openf1_raw/target/*","logger":"airflow.task.hooks.airflow.providers.standard.hooks.subprocess.SubprocessHook","filename":"subprocess.py","lineno":99}
{"timestamp":"2026-06-29T04:37:33.112187Z","level":"info","event":"\u001b[0m04:37:33  Cleaned /opt/airflow/dbt/openf1_raw/target/*","logger":"airflow.task.hooks.airflow.providers.standard.hooks.subprocess.SubprocessHook","filename":"subprocess.py","lineno":99}
{"timestamp":"2026-06-29T04:37:33.112428Z","level":"info","event":"\u001b[0m04:37:33  Checking /opt/airflow/dbt/openf1_raw/dbt_packages/*","logger":"airflow.task.hooks.airflow.providers.standard.hooks.subprocess.SubprocessHook","filename":"subprocess.py","lineno":99}
{"timestamp":"2026-06-29T04:37:33.113609Z","level":"info","event":"\u001b[0m04:37:33  Cleaned /opt/airflow/dbt/openf1_raw/dbt_packages/*","logger":"airflow.task.hooks.airflow.providers.standard.hooks.subprocess.SubprocessHook","filename":"subprocess.py","lineno":99}
{"timestamp":"2026-06-29T04:37:33.113923Z","level":"info","event":"\u001b[0m04:37:33  Finished cleaning all paths.","logger":"airflow.task.hooks.airflow.providers.standard.hooks.subprocess.SubprocessHook","filename":"subprocess.py","lineno":99}
{"timestamp":"2026-06-29T04:37:39.763616Z","level":"info","event":"\u001b[0m04:37:39  Running with dbt=1.11.11","logger":"airflow.task.hooks.airflow.providers.standard.hooks.subprocess.SubprocessHook","filename":"subprocess.py","lineno":99}
{"timestamp":"2026-06-29T04:37:44.230687Z","level":"info","event":"\u001b[0m04:37:44  Registered adapter: bigquery=1.11.1","logger":"airflow.task.hooks.airflow.providers.standard.hooks.subprocess.SubprocessHook","filename":"subprocess.py","lineno":99}
{"timestamp":"2026-06-29T04:37:53.506051Z","level":"info","event":"\u001b[0m04:37:53  Found 16 models, 2 data tests, 4 sources, 551 macros","logger":"airflow.task.hooks.airflow.providers.standard.hooks.subprocess.SubprocessHook","filename":"subprocess.py","lineno":99}
{"timestamp":"2026-06-29T04:37:53.521218Z","level":"info","event":"\u001b[0m04:37:53","logger":"airflow.task.hooks.airflow.providers.standard.hooks.subprocess.SubprocessHook","filename":"subprocess.py","lineno":99}
{"timestamp":"2026-06-29T04:37:53.523452Z","level":"info","event":"\u001b[0m04:37:53  Concurrency: 4 threads (target='dev')","logger":"airflow.task.hooks.airflow.providers.standard.hooks.subprocess.SubprocessHook","filename":"subprocess.py","lineno":99}
{"timestamp":"2026-06-29T04:37:53.525396Z","level":"info","event":"\u001b[0m04:37:53","logger":"airflow.task.hooks.airflow.providers.standard.hooks.subprocess.SubprocessHook","filename":"subprocess.py","lineno":99}
{"timestamp":"2026-06-29T04:37:55.227665Z","level":"info","event":"\u001b[0m04:37:55  2 of 2 START sql view model openf1_staging.stg_sessions ........................ [RUN]","logger":"airflow.task.hooks.airflow.providers.standard.hooks.subprocess.SubprocessHook","filename":"subprocess.py","lineno":99}
{"timestamp":"2026-06-29T04:37:55.230584Z","level":"info","event":"\u001b[0m04:37:55  1 of 2 START sql view model openf1_staging.stg_meetings ........................ [RUN]","logger":"airflow.task.hooks.airflow.providers.standard.hooks.subprocess.SubprocessHook","filename":"subprocess.py","lineno":99}
{"timestamp":"2026-06-29T04:37:56.989793Z","level":"info","event":"\u001b[0m04:37:56  1 of 2 OK created sql view model openf1_staging.stg_meetings ................... [\u001b[32mCREATE VIEW (0 processed)\u001b[0m in 1.74s]","logger":"airflow.task.hooks.airflow.providers.standard.hooks.subprocess.SubprocessHook","filename":"subprocess.py","lineno":99}
{"timestamp":"2026-06-29T04:37:56.992007Z","level":"info","event":"\u001b[0m04:37:56  2 of 2 OK created sql view model openf1_staging.stg_sessions ................... [\u001b[32mCREATE VIEW (0 processed)\u001b[0m in 1.75s]","logger":"airflow.task.hooks.airflow.providers.standard.hooks.subprocess.SubprocessHook","filename":"subprocess.py","lineno":99}
{"timestamp":"2026-06-29T04:37:57.074501Z","level":"info","event":"\u001b[0m04:37:57","logger":"airflow.task.hooks.airflow.providers.standard.hooks.subprocess.SubprocessHook","filename":"subprocess.py","lineno":99}
{"timestamp":"2026-06-29T04:37:57.076301Z","level":"info","event":"\u001b[0m04:37:57  Finished running 2 view models in 0 hours 0 minutes and 3.55 seconds (3.55s).","logger":"airflow.task.hooks.airflow.providers.standard.hooks.subprocess.SubprocessHook","filename":"subprocess.py","lineno":99}
{"timestamp":"2026-06-29T04:37:57.273777Z","level":"info","event":"\u001b[0m04:37:57","logger":"airflow.task.hooks.airflow.providers.standard.hooks.subprocess.SubprocessHook","filename":"subprocess.py","lineno":99}
{"timestamp":"2026-06-29T04:37:57.275894Z","level":"info","event":"\u001b[0m04:37:57  \u001b[32mCompleted successfully\u001b[0m","logger":"airflow.task.hooks.airflow.providers.standard.hooks.subprocess.SubprocessHook","filename":"subprocess.py","lineno":99}
{"timestamp":"2026-06-29T04:37:57.278227Z","level":"info","event":"\u001b[0m04:37:57","logger":"airflow.task.hooks.airflow.providers.standard.hooks.subprocess.SubprocessHook","filename":"subprocess.py","lineno":99}
{"timestamp":"2026-06-29T04:37:57.280082Z","level":"info","event":"\u001b[0m04:37:57  Done. PASS=2 WARN=0 ERROR=0 SKIP=0 NO-OP=0 TOTAL=2","logger":"airflow.task.hooks.airflow.providers.standard.hooks.subprocess.SubprocessHook","filename":"subprocess.py","lineno":99}
{"timestamp":"2026-06-29T04:37:59.554687Z","level":"info","event":"Command exited with return code 0","logger":"airflow.task.hooks.airflow.providers.standard.hooks.subprocess.SubprocessHook","filename":"subprocess.py","lineno":103}
{"timestamp":"2026-06-29T04:37:59.555563Z","level":"info","event":"Pushing xcom","ti":"RuntimeTaskInstance(id=UUID('019f11aa-681f-76d0-8489-77641b13092a'), task_id='dbt_run_staging_for_schedule', dag_id='01_openf1_fetch_once_per_season', run_id='scheduled__2026-06-29T00:00:00+00:00', try_number=1, dag_version_id=UUID('019efe4e-48b8-79c1-b59e-f003e8e3123a'), map_index=-1, hostname='57434fd533db', context_carrier={'traceparent': '00-beef3eef424452f46f28d9376357aa64-5e63d1eb421fb000-01'}, task=<Task(BashOperator): dbt_run_staging_for_schedule>, bundle_instance=LocalDagBundle(name=dags-folder), max_tries=2, start_date=datetime.datetime(2026, 6, 29, 4, 37, 26, 968051, tzinfo=datetime.timezone.utc), end_date=None, state=<TaskInstanceState.RUNNING: 'running'>, is_mapped=False, rendered_map_index=None, sentry_integration='')","logger":"task","filename":"task_runner.py","lineno":1724}
