{"timestamp":"2026-06-03T11:46:30.355378Z","level":"info","event":"DAG bundles loaded: dags-folder","logger":"airflow.dag_processing.bundles.manager.DagBundlesManager","filename":"manager.py","lineno":209}
{"timestamp":"2026-06-03T11:46:30.359756Z","level":"info","event":"Filling up the DagBag from /opt/airflow/dags/openf1_dbt_session_results.py","logger":"airflow.dag_processing.dagbag.BundleDagBag","filename":"dagbag.py","lineno":469}
{"timestamp":"2026-06-03T11:46:31.757385Z","level":"warning","event":"The `airflow.operators.bash.BashOperator` attribute is deprecated. Please use `'airflow.providers.standard.operators.bash.BashOperator'`.","category":"UserWarning","filename":"/opt/airflow/dags/openf1_dbt_session_results.py","lineno":4,"logger":"py.warnings"}
{"timestamp":"2026-06-03T11:46:31.797054Z","level":"info","event":"Tmp dir root location: /tmp","logger":"airflow.task.hooks.airflow.providers.standard.hooks.subprocess.SubprocessHook","filename":"subprocess.py","lineno":78}
{"timestamp":"2026-06-03T11:46:31.798246Z","level":"info","event":"Running command: ['/usr/bin/bash', '-c', 'cd /opt/airflow/dbt/openf1_raw && dbt run --select stg_session_results_race stg_driver_standings stg_session_results_qualifying stg_session_results_fp --profiles-dir /opt/airflow/config ']","logger":"airflow.task.hooks.airflow.providers.standard.hooks.subprocess.SubprocessHook","filename":"subprocess.py","lineno":80}
{"timestamp":"2026-06-03T11:46:31.799637Z","level":"info","event":"Output:","logger":"airflow.task.hooks.airflow.providers.standard.hooks.subprocess.SubprocessHook","filename":"subprocess.py","lineno":92}
{"timestamp":"2026-06-03T11:46:33.370174Z","level":"info","event":"\u001b[0m11:46:33  Running with dbt=1.11.11","logger":"airflow.task.hooks.airflow.providers.standard.hooks.subprocess.SubprocessHook","filename":"subprocess.py","lineno":99}
{"timestamp":"2026-06-03T11:46:34.442364Z","level":"info","event":"\u001b[0m11:46:34  Registered adapter: bigquery=1.11.1","logger":"airflow.task.hooks.airflow.providers.standard.hooks.subprocess.SubprocessHook","filename":"subprocess.py","lineno":99}
{"timestamp":"2026-06-03T11:46:34.671880Z","level":"info","event":"\u001b[0m11:46:34  Unable to do partial parsing because of a version mismatch","logger":"airflow.task.hooks.airflow.providers.standard.hooks.subprocess.SubprocessHook","filename":"subprocess.py","lineno":99}
{"timestamp":"2026-06-03T11:46:36.041099Z","level":"info","event":"\u001b[0m11:46:36  Found 13 models, 2 data tests, 4 sources, 550 macros","logger":"airflow.task.hooks.airflow.providers.standard.hooks.subprocess.SubprocessHook","filename":"subprocess.py","lineno":99}
{"timestamp":"2026-06-03T11:46:36.043796Z","level":"info","event":"\u001b[0m11:46:36","logger":"airflow.task.hooks.airflow.providers.standard.hooks.subprocess.SubprocessHook","filename":"subprocess.py","lineno":99}
{"timestamp":"2026-06-03T11:46:36.044393Z","level":"info","event":"\u001b[0m11:46:36  Concurrency: 1 threads (target='dev')","logger":"airflow.task.hooks.airflow.providers.standard.hooks.subprocess.SubprocessHook","filename":"subprocess.py","lineno":99}
{"timestamp":"2026-06-03T11:46:36.044831Z","level":"info","event":"\u001b[0m11:46:36","logger":"airflow.task.hooks.airflow.providers.standard.hooks.subprocess.SubprocessHook","filename":"subprocess.py","lineno":99}
{"timestamp":"2026-06-03T11:46:37.289646Z","level":"info","event":"\u001b[0m11:46:37  1 of 4 START sql view model openf1_staging.stg_session_results_fp .............. [RUN]","logger":"airflow.task.hooks.airflow.providers.standard.hooks.subprocess.SubprocessHook","filename":"subprocess.py","lineno":99}
{"timestamp":"2026-06-03T11:46:38.112954Z","level":"info","event":"\u001b[0m11:46:38  1 of 4 OK created sql view model openf1_staging.stg_session_results_fp ......... [\u001b[32mCREATE VIEW (0 processed)\u001b[0m in 0.82s]","logger":"airflow.task.hooks.airflow.providers.standard.hooks.subprocess.SubprocessHook","filename":"subprocess.py","lineno":99}
{"timestamp":"2026-06-03T11:46:38.114784Z","level":"info","event":"\u001b[0m11:46:38  2 of 4 START sql view model openf1_staging.stg_session_results_qualifying ...... [RUN]","logger":"airflow.task.hooks.airflow.providers.standard.hooks.subprocess.SubprocessHook","filename":"subprocess.py","lineno":99}
{"timestamp":"2026-06-03T11:46:38.756967Z","level":"info","event":"\u001b[0m11:46:38  2 of 4 OK created sql view model openf1_staging.stg_session_results_qualifying . [\u001b[32mCREATE VIEW (0 processed)\u001b[0m in 0.64s]","logger":"airflow.task.hooks.airflow.providers.standard.hooks.subprocess.SubprocessHook","filename":"subprocess.py","lineno":99}
{"timestamp":"2026-06-03T11:46:38.758737Z","level":"info","event":"\u001b[0m11:46:38  3 of 4 START sql view model openf1_staging.stg_session_results_race ............ [RUN]","logger":"airflow.task.hooks.airflow.providers.standard.hooks.subprocess.SubprocessHook","filename":"subprocess.py","lineno":99}
{"timestamp":"2026-06-03T11:46:39.460062Z","level":"info","event":"\u001b[0m11:46:39  3 of 4 OK created sql view model openf1_staging.stg_session_results_race ....... [\u001b[32mCREATE VIEW (0 processed)\u001b[0m in 0.70s]","logger":"airflow.task.hooks.airflow.providers.standard.hooks.subprocess.SubprocessHook","filename":"subprocess.py","lineno":99}
{"timestamp":"2026-06-03T11:46:39.462663Z","level":"info","event":"\u001b[0m11:46:39  4 of 4 START sql view model openf1_staging.stg_driver_standings ................ [RUN]","logger":"airflow.task.hooks.airflow.providers.standard.hooks.subprocess.SubprocessHook","filename":"subprocess.py","lineno":99}
{"timestamp":"2026-06-03T11:46:40.460845Z","level":"info","event":"\u001b[0m11:46:40  4 of 4 OK created sql view model openf1_staging.stg_driver_standings ........... [\u001b[32mCREATE VIEW (0 processed)\u001b[0m in 1.00s]","logger":"airflow.task.hooks.airflow.providers.standard.hooks.subprocess.SubprocessHook","filename":"subprocess.py","lineno":99}
{"timestamp":"2026-06-03T11:46:40.493789Z","level":"info","event":"\u001b[0m11:46:40","logger":"airflow.task.hooks.airflow.providers.standard.hooks.subprocess.SubprocessHook","filename":"subprocess.py","lineno":99}
{"timestamp":"2026-06-03T11:46:40.494407Z","level":"info","event":"\u001b[0m11:46:40  Finished running 4 view models in 0 hours 0 minutes and 4.45 seconds (4.45s).","logger":"airflow.task.hooks.airflow.providers.standard.hooks.subprocess.SubprocessHook","filename":"subprocess.py","lineno":99}
{"timestamp":"2026-06-03T11:46:40.557728Z","level":"info","event":"\u001b[0m11:46:40","logger":"airflow.task.hooks.airflow.providers.standard.hooks.subprocess.SubprocessHook","filename":"subprocess.py","lineno":99}
{"timestamp":"2026-06-03T11:46:40.558296Z","level":"info","event":"\u001b[0m11:46:40  \u001b[32mCompleted successfully\u001b[0m","logger":"airflow.task.hooks.airflow.providers.standard.hooks.subprocess.SubprocessHook","filename":"subprocess.py","lineno":99}
{"timestamp":"2026-06-03T11:46:40.558764Z","level":"info","event":"\u001b[0m11:46:40","logger":"airflow.task.hooks.airflow.providers.standard.hooks.subprocess.SubprocessHook","filename":"subprocess.py","lineno":99}
{"timestamp":"2026-06-03T11:46:40.559310Z","level":"info","event":"\u001b[0m11:46:40  Done. PASS=4 WARN=0 ERROR=0 SKIP=0 NO-OP=0 TOTAL=4","logger":"airflow.task.hooks.airflow.providers.standard.hooks.subprocess.SubprocessHook","filename":"subprocess.py","lineno":99}
{"timestamp":"2026-06-03T11:46:42.245236Z","level":"info","event":"Command exited with return code 0","logger":"airflow.task.hooks.airflow.providers.standard.hooks.subprocess.SubprocessHook","filename":"subprocess.py","lineno":103}
{"timestamp":"2026-06-03T11:46:42.246841Z","level":"info","event":"Pushing xcom","ti":"RuntimeTaskInstance(id=UUID('019e8d4e-73f2-75ef-aa87-6b733961b1c1'), task_id='dbt_run_session_results', dag_id='openf1_dbt_session_results', run_id='manual__2026-06-03T11:46:29.454461+00:00', try_number=1, dag_version_id=UUID('019e8d4b-b9ec-7132-9981-fc70589c0a31'), map_index=-1, hostname='f8e6d7edb5ef', context_carrier={'traceparent': '00-39bec3e9c7c21ee8f6c8d17369acab4d-9f0e8155959d52ed-01'}, task=<Task(BashOperator): dbt_run_session_results>, bundle_instance=LocalDagBundle(name=dags-folder), max_tries=2, start_date=datetime.datetime(2026, 6, 3, 11, 46, 30, 240540, tzinfo=datetime.timezone.utc), end_date=None, state=<TaskInstanceState.RUNNING: 'running'>, is_mapped=False, rendered_map_index=None, sentry_integration='')","logger":"task","filename":"task_runner.py","lineno":1724}
