{"timestamp":"2026-06-03T07:49:08.411825Z","level":"info","event":"DAG bundles loaded: dags-folder","logger":"airflow.dag_processing.bundles.manager.DagBundlesManager","filename":"manager.py","lineno":209}
{"timestamp":"2026-06-03T07:49:08.413447Z","level":"info","event":"Filling up the DagBag from /opt/airflow/dags/openf1_dbt_session_results.py","logger":"airflow.dag_processing.dagbag.BundleDagBag","filename":"dagbag.py","lineno":469}
{"timestamp":"2026-06-03T07:49:09.003282Z","level":"warning","event":"The `airflow.operators.bash.BashOperator` attribute is deprecated. Please use `'airflow.providers.standard.operators.bash.BashOperator'`.","category":"UserWarning","filename":"/opt/airflow/dags/openf1_dbt_session_results.py","lineno":4,"logger":"py.warnings"}
{"timestamp":"2026-06-03T07:49:09.022568Z","level":"info","event":"Tmp dir root location: /tmp","logger":"airflow.task.hooks.airflow.providers.standard.hooks.subprocess.SubprocessHook","filename":"subprocess.py","lineno":78}
{"timestamp":"2026-06-03T07:49:09.023728Z","level":"info","event":"Running command: ['/usr/bin/bash', '-c', 'cd /opt/airflow/dbt/openf1_raw && dbt run --select mart_session_results_race mart_drivers mart_constructor_standings --profiles-dir /opt/airflow/config ']","logger":"airflow.task.hooks.airflow.providers.standard.hooks.subprocess.SubprocessHook","filename":"subprocess.py","lineno":80}
{"timestamp":"2026-06-03T07:49:09.024473Z","level":"info","event":"Output:","logger":"airflow.task.hooks.airflow.providers.standard.hooks.subprocess.SubprocessHook","filename":"subprocess.py","lineno":92}
{"timestamp":"2026-06-03T07:49:10.338030Z","level":"info","event":"\u001b[0m07:49:10  Running with dbt=1.11.11","logger":"airflow.task.hooks.airflow.providers.standard.hooks.subprocess.SubprocessHook","filename":"subprocess.py","lineno":99}
{"timestamp":"2026-06-03T07:49:11.293708Z","level":"info","event":"\u001b[0m07:49:11  Registered adapter: bigquery=1.11.1","logger":"airflow.task.hooks.airflow.providers.standard.hooks.subprocess.SubprocessHook","filename":"subprocess.py","lineno":99}
{"timestamp":"2026-06-03T07:49:11.778023Z","level":"info","event":"\u001b[0m07:49:11  Found 9 models, 2 data tests, 4 sources, 550 macros","logger":"airflow.task.hooks.airflow.providers.standard.hooks.subprocess.SubprocessHook","filename":"subprocess.py","lineno":99}
{"timestamp":"2026-06-03T07:49:11.780334Z","level":"info","event":"\u001b[0m07:49:11","logger":"airflow.task.hooks.airflow.providers.standard.hooks.subprocess.SubprocessHook","filename":"subprocess.py","lineno":99}
{"timestamp":"2026-06-03T07:49:11.780774Z","level":"info","event":"\u001b[0m07:49:11  Concurrency: 1 threads (target='dev')","logger":"airflow.task.hooks.airflow.providers.standard.hooks.subprocess.SubprocessHook","filename":"subprocess.py","lineno":99}
{"timestamp":"2026-06-03T07:49:11.781171Z","level":"info","event":"\u001b[0m07:49:11","logger":"airflow.task.hooks.airflow.providers.standard.hooks.subprocess.SubprocessHook","filename":"subprocess.py","lineno":99}
{"timestamp":"2026-06-03T07:49:12.864086Z","level":"info","event":"\u001b[0m07:49:12  1 of 3 START sql table model openf1_marts.mart_drivers ......................... [RUN]","logger":"airflow.task.hooks.airflow.providers.standard.hooks.subprocess.SubprocessHook","filename":"subprocess.py","lineno":99}
{"timestamp":"2026-06-03T07:49:15.401849Z","level":"info","event":"\u001b[0m07:49:15  1 of 3 OK created sql table model openf1_marts.mart_drivers .................... [\u001b[32mCREATE TABLE (22.0 rows, 17.9 KiB processed)\u001b[0m in 2.53s]","logger":"airflow.task.hooks.airflow.providers.standard.hooks.subprocess.SubprocessHook","filename":"subprocess.py","lineno":99}
{"timestamp":"2026-06-03T07:49:15.403851Z","level":"info","event":"\u001b[0m07:49:15  2 of 3 START sql table model openf1_marts.mart_session_results_race ............ [RUN]","logger":"airflow.task.hooks.airflow.providers.standard.hooks.subprocess.SubprocessHook","filename":"subprocess.py","lineno":99}
{"timestamp":"2026-06-03T07:49:17.902152Z","level":"info","event":"\u001b[0m07:49:17  2 of 3 OK created sql table model openf1_marts.mart_session_results_race ....... [\u001b[32mCREATE TABLE (176.0 rows, 67.4 KiB processed)\u001b[0m in 2.50s]","logger":"airflow.task.hooks.airflow.providers.standard.hooks.subprocess.SubprocessHook","filename":"subprocess.py","lineno":99}
{"timestamp":"2026-06-03T07:49:17.903914Z","level":"info","event":"\u001b[0m07:49:17  3 of 3 START sql table model openf1_marts.mart_constructor_standings ........... [RUN]","logger":"airflow.task.hooks.airflow.providers.standard.hooks.subprocess.SubprocessHook","filename":"subprocess.py","lineno":99}
{"timestamp":"2026-06-03T07:49:19.807496Z","level":"info","event":"\u001b[0m07:49:19  3 of 3 OK created sql table model openf1_marts.mart_constructor_standings ...... [\u001b[32mCREATE TABLE (11.0 rows, 418.0 Bytes processed)\u001b[0m in 1.90s]","logger":"airflow.task.hooks.airflow.providers.standard.hooks.subprocess.SubprocessHook","filename":"subprocess.py","lineno":99}
{"timestamp":"2026-06-03T07:49:19.841242Z","level":"info","event":"\u001b[0m07:49:19","logger":"airflow.task.hooks.airflow.providers.standard.hooks.subprocess.SubprocessHook","filename":"subprocess.py","lineno":99}
{"timestamp":"2026-06-03T07:49:19.841671Z","level":"info","event":"\u001b[0m07:49:19  Finished running 3 table models in 0 hours 0 minutes and 8.06 seconds (8.06s).","logger":"airflow.task.hooks.airflow.providers.standard.hooks.subprocess.SubprocessHook","filename":"subprocess.py","lineno":99}
{"timestamp":"2026-06-03T07:49:19.895178Z","level":"info","event":"\u001b[0m07:49:19","logger":"airflow.task.hooks.airflow.providers.standard.hooks.subprocess.SubprocessHook","filename":"subprocess.py","lineno":99}
{"timestamp":"2026-06-03T07:49:19.895705Z","level":"info","event":"\u001b[0m07:49:19  \u001b[32mCompleted successfully\u001b[0m","logger":"airflow.task.hooks.airflow.providers.standard.hooks.subprocess.SubprocessHook","filename":"subprocess.py","lineno":99}
{"timestamp":"2026-06-03T07:49:19.896187Z","level":"info","event":"\u001b[0m07:49:19","logger":"airflow.task.hooks.airflow.providers.standard.hooks.subprocess.SubprocessHook","filename":"subprocess.py","lineno":99}
{"timestamp":"2026-06-03T07:49:19.896633Z","level":"info","event":"\u001b[0m07:49:19  Done. PASS=3 WARN=0 ERROR=0 SKIP=0 NO-OP=0 TOTAL=3","logger":"airflow.task.hooks.airflow.providers.standard.hooks.subprocess.SubprocessHook","filename":"subprocess.py","lineno":99}
{"timestamp":"2026-06-03T07:49:21.414706Z","level":"info","event":"Command exited with return code 0","logger":"airflow.task.hooks.airflow.providers.standard.hooks.subprocess.SubprocessHook","filename":"subprocess.py","lineno":103}
{"timestamp":"2026-06-03T07:49:21.415567Z","level":"info","event":"Pushing xcom","ti":"RuntimeTaskInstance(id=UUID('019e8c75-00f5-7418-8ea1-f4289807e94e'), task_id='dbt_run_marts_srs', dag_id='openf1_dbt_session_results', run_id='manual__2026-06-03T07:48:58.727334+00:00', try_number=1, dag_version_id=UUID('019e8c70-c9de-7018-9d9f-c2330168a497'), map_index=-1, hostname='4aa026630fd4', context_carrier={'traceparent': '00-5ece474b5ffc8c95b8fc97be16d07813-db46c78199fe5d08-01'}, task=<Task(BashOperator): dbt_run_marts_srs>, bundle_instance=LocalDagBundle(name=dags-folder), max_tries=2, start_date=datetime.datetime(2026, 6, 3, 7, 49, 8, 386061, tzinfo=datetime.timezone.utc), end_date=None, state=<TaskInstanceState.RUNNING: 'running'>, is_mapped=False, rendered_map_index=None, sentry_integration='')","logger":"task","filename":"task_runner.py","lineno":1724}
