{"timestamp":"2026-06-06T12:56:18.700776Z","level":"info","event":"DAG bundles loaded: dags-folder","logger":"airflow.dag_processing.bundles.manager.DagBundlesManager","filename":"manager.py","lineno":209}
{"timestamp":"2026-06-06T12:56:18.702141Z","level":"info","event":"Filling up the DagBag from /opt/airflow/dags/openf1_pipeline.py","logger":"airflow.dag_processing.dagbag.BundleDagBag","filename":"dagbag.py","lineno":469}
{"timestamp":"2026-06-06T12:56:19.027000Z","level":"warning","event":"The `airflow.operators.python.PythonOperator` attribute is deprecated. Please use `'airflow.providers.standard.operators.python.PythonOperator'`.","category":"UserWarning","filename":"/opt/airflow/dags/openf1_pipeline.py","lineno":3,"logger":"py.warnings"}
{"timestamp":"2026-06-06T12:56:19.043114Z","level":"info","event":"Start Fetching","logger":"openf1_de.fetch_bronze_meetings","filename":"fetch_bronze_meetings.py","lineno":73}
{"timestamp":"2026-06-06T12:56:19.043256Z","level":"info","event":"Fetching Meetings","logger":"openf1_de.fetch_bronze_meetings","filename":"fetch_bronze_meetings.py","lineno":74}
{"timestamp":"2026-06-06T12:56:19.043318Z","level":"info","event":"URL: https://api.openf1.org/v1/meetings?year=2026","logger":"openf1_de.fetch_bronze_meetings","filename":"fetch_bronze_meetings.py","lineno":38}
{"timestamp":"2026-06-06T12:56:22.362226Z","level":"info","event":"Adding timestamp column","logger":"openf1_de.fetch_bronze_meetings","filename":"fetch_bronze_meetings.py","lineno":43}
{"timestamp":"2026-06-06T12:56:22.363257Z","level":"info","event":"Fetching Sessions","logger":"openf1_de.fetch_bronze_meetings","filename":"fetch_bronze_meetings.py","lineno":76}
{"timestamp":"2026-06-06T12:56:22.363348Z","level":"info","event":"URL: https://api.openf1.org/v1/sessions?year=2026","logger":"openf1_de.fetch_bronze_meetings","filename":"fetch_bronze_meetings.py","lineno":38}
{"timestamp":"2026-06-06T12:56:23.384663Z","level":"info","event":"Adding timestamp column","logger":"openf1_de.fetch_bronze_meetings","filename":"fetch_bronze_meetings.py","lineno":43}
{"timestamp":"2026-06-06T12:56:23.385305Z","level":"info","event":"Fetching Drivers","logger":"openf1_de.fetch_bronze_meetings","filename":"fetch_bronze_meetings.py","lineno":78}
{"timestamp":"2026-06-06T12:56:23.385396Z","level":"info","event":"URL: https://api.openf1.org/v1/drivers?session_key=11253","logger":"openf1_de.fetch_bronze_meetings","filename":"fetch_bronze_meetings.py","lineno":38}
{"timestamp":"2026-06-06T12:56:23.892511Z","level":"info","event":"Adding timestamp column","logger":"openf1_de.fetch_bronze_meetings","filename":"fetch_bronze_meetings.py","lineno":43}
{"timestamp":"2026-06-06T12:56:23.893023Z","level":"info","event":"Init GCP Storage","logger":"openf1_de.fetch_bronze_meetings","filename":"fetch_bronze_meetings.py","lineno":82}
{"timestamp":"2026-06-06T12:56:23.954810Z","level":"info","event":"Uploading meetings_df to GCP","logger":"openf1_de.fetch_bronze_meetings","filename":"fetch_bronze_meetings.py","lineno":86}
{"timestamp":"2026-06-06T12:56:24.490528Z","level":"info","event":"Without local save Cannot save file into a non-existent directory: '../../data/bronze/meetings'","logger":"openf1_de.fetch_bronze_meetings","filename":"fetch_bronze_meetings.py","lineno":67}
{"timestamp":"2026-06-06T12:56:24.490687Z","level":"info","event":"Uploading sessions_df to GCP","logger":"openf1_de.fetch_bronze_meetings","filename":"fetch_bronze_meetings.py","lineno":88}
{"timestamp":"2026-06-06T12:56:24.840009Z","level":"info","event":"Without local save Cannot save file into a non-existent directory: '../../data/bronze/sessions'","logger":"openf1_de.fetch_bronze_meetings","filename":"fetch_bronze_meetings.py","lineno":67}
{"timestamp":"2026-06-06T12:56:24.840228Z","level":"info","event":"Uploading drivers_df to GCP","logger":"openf1_de.fetch_bronze_meetings","filename":"fetch_bronze_meetings.py","lineno":90}
{"timestamp":"2026-06-06T12:56:24.840357Z","level":"info","event":"Year does not exist, adding one","logger":"openf1_de.fetch_bronze_meetings","filename":"fetch_bronze_meetings.py","lineno":50}
{"timestamp":"2026-06-06T12:56:25.201652Z","level":"info","event":"Without local save Cannot save file into a non-existent directory: '../../data/bronze/drivers'","logger":"openf1_de.fetch_bronze_meetings","filename":"fetch_bronze_meetings.py","lineno":67}
{"timestamp":"2026-06-06T12:56:25.202026Z","level":"info","event":"Done. Returned value was: None","logger":"airflow.task.operators.airflow.providers.standard.operators.python.PythonOperator","filename":"python.py","lineno":229}
