{"timestamp":"2026-06-29T04:41:37.592368Z","level":"info","event":"DAG bundles loaded: dags-folder","logger":"airflow.dag_processing.bundles.manager.DagBundlesManager","filename":"manager.py","lineno":209}
{"timestamp":"2026-06-29T04:41:37.594761Z","level":"info","event":"Filling up the DagBag from /opt/airflow/dags/openf1_session_results.py","logger":"airflow.dag_processing.dagbag.BundleDagBag","filename":"dagbag.py","lineno":469}
{"timestamp":"2026-06-29T04:41:38.917353Z","level":"warning","event":"The `airflow.operators.bash.BashOperator` attribute is deprecated. Please use `'airflow.providers.standard.operators.bash.BashOperator'`.","category":"UserWarning","filename":"/opt/airflow/dags/openf1_session_results.py","lineno":5,"logger":"py.warnings"}
{"timestamp":"2026-06-29T04:41:38.917659Z","level":"warning","event":"The `airflow.operators.python.PythonOperator` attribute is deprecated. Please use `'airflow.providers.standard.operators.python.PythonOperator'`.","category":"UserWarning","filename":"/opt/airflow/dags/openf1_session_results.py","lineno":6,"logger":"py.warnings"}
{"timestamp":"2026-06-29T04:41:38.953739Z","level":"info","event":"Tmp dir root location: /tmp","logger":"airflow.task.hooks.airflow.providers.standard.hooks.subprocess.SubprocessHook","filename":"subprocess.py","lineno":78}
{"timestamp":"2026-06-29T04:41:38.954587Z","level":"info","event":"Running command: ['/usr/bin/bash', '-c', 'cd /opt/airflow/dbt/openf1_raw && dbt run --select mart_session_results_race mart_drivers mart_session_results_quali mart_session_results_fp --profiles-dir /opt/airflow/config']","logger":"airflow.task.hooks.airflow.providers.standard.hooks.subprocess.SubprocessHook","filename":"subprocess.py","lineno":80}
{"timestamp":"2026-06-29T04:41:38.955689Z","level":"info","event":"Output:","logger":"airflow.task.hooks.airflow.providers.standard.hooks.subprocess.SubprocessHook","filename":"subprocess.py","lineno":92}
{"timestamp":"2026-06-29T04:41:41.727990Z","level":"info","event":"\u001b[0m04:41:41  Running with dbt=1.11.11","logger":"airflow.task.hooks.airflow.providers.standard.hooks.subprocess.SubprocessHook","filename":"subprocess.py","lineno":99}
{"timestamp":"2026-06-29T04:41:43.388395Z","level":"info","event":"\u001b[0m04:41:43  Registered adapter: bigquery=1.11.1","logger":"airflow.task.hooks.airflow.providers.standard.hooks.subprocess.SubprocessHook","filename":"subprocess.py","lineno":99}
{"timestamp":"2026-06-29T04:41:46.830468Z","level":"info","event":"\u001b[0m04:41:46  Found 16 models, 2 data tests, 4 sources, 551 macros","logger":"airflow.task.hooks.airflow.providers.standard.hooks.subprocess.SubprocessHook","filename":"subprocess.py","lineno":99}
{"timestamp":"2026-06-29T04:41:46.841040Z","level":"info","event":"\u001b[0m04:41:46","logger":"airflow.task.hooks.airflow.providers.standard.hooks.subprocess.SubprocessHook","filename":"subprocess.py","lineno":99}
{"timestamp":"2026-06-29T04:41:46.843373Z","level":"info","event":"\u001b[0m04:41:46  Concurrency: 4 threads (target='dev')","logger":"airflow.task.hooks.airflow.providers.standard.hooks.subprocess.SubprocessHook","filename":"subprocess.py","lineno":99}
{"timestamp":"2026-06-29T04:41:46.846069Z","level":"info","event":"\u001b[0m04:41:46","logger":"airflow.task.hooks.airflow.providers.standard.hooks.subprocess.SubprocessHook","filename":"subprocess.py","lineno":99}
{"timestamp":"2026-06-29T04:41:48.350043Z","level":"info","event":"\u001b[0m04:41:48  3 of 4 START sql table model openf1_marts.mart_session_results_quali ........... [RUN]","logger":"airflow.task.hooks.airflow.providers.standard.hooks.subprocess.SubprocessHook","filename":"subprocess.py","lineno":99}
{"timestamp":"2026-06-29T04:41:48.361306Z","level":"info","event":"\u001b[0m04:41:48  4 of 4 START sql table model openf1_marts.mart_session_results_race ............ [RUN]","logger":"airflow.task.hooks.airflow.providers.standard.hooks.subprocess.SubprocessHook","filename":"subprocess.py","lineno":99}
{"timestamp":"2026-06-29T04:41:48.364379Z","level":"info","event":"\u001b[0m04:41:48  2 of 4 START sql table model openf1_marts.mart_session_results_fp .............. [RUN]","logger":"airflow.task.hooks.airflow.providers.standard.hooks.subprocess.SubprocessHook","filename":"subprocess.py","lineno":99}
{"timestamp":"2026-06-29T04:41:48.374627Z","level":"info","event":"\u001b[0m04:41:48  1 of 4 START sql table model openf1_marts.mart_drivers ......................... [RUN]","logger":"airflow.task.hooks.airflow.providers.standard.hooks.subprocess.SubprocessHook","filename":"subprocess.py","lineno":99}
{"timestamp":"2026-06-29T04:41:50.794507Z","level":"info","event":"\u001b[0m04:41:50  4 of 4 OK created sql table model openf1_marts.mart_session_results_race ....... [\u001b[32mCREATE TABLE (841.0 rows, 348.4 KiB processed)\u001b[0m in 2.41s]","logger":"airflow.task.hooks.airflow.providers.standard.hooks.subprocess.SubprocessHook","filename":"subprocess.py","lineno":99}
{"timestamp":"2026-06-29T04:41:50.805000Z","level":"info","event":"\u001b[0m04:41:50  1 of 4 OK created sql table model openf1_marts.mart_drivers .................... [\u001b[32mCREATE TABLE (68.0 rows, 11.7 KiB processed)\u001b[0m in 2.41s]","logger":"airflow.task.hooks.airflow.providers.standard.hooks.subprocess.SubprocessHook","filename":"subprocess.py","lineno":99}
{"timestamp":"2026-06-29T04:41:51.046578Z","level":"info","event":"\u001b[0m04:41:51  3 of 4 OK created sql table model openf1_marts.mart_session_results_quali ...... [\u001b[32mCREATE TABLE (834.0 rows, 306.4 KiB processed)\u001b[0m in 2.67s]","logger":"airflow.task.hooks.airflow.providers.standard.hooks.subprocess.SubprocessHook","filename":"subprocess.py","lineno":99}
{"timestamp":"2026-06-29T04:41:52.497338Z","level":"info","event":"\u001b[0m04:41:52  2 of 4 OK created sql table model openf1_marts.mart_session_results_fp ......... [\u001b[32mCREATE TABLE (1.8k rows, 341.8 KiB processed)\u001b[0m in 4.11s]","logger":"airflow.task.hooks.airflow.providers.standard.hooks.subprocess.SubprocessHook","filename":"subprocess.py","lineno":99}
{"timestamp":"2026-06-29T04:41:52.590832Z","level":"info","event":"\u001b[0m04:41:52","logger":"airflow.task.hooks.airflow.providers.standard.hooks.subprocess.SubprocessHook","filename":"subprocess.py","lineno":99}
{"timestamp":"2026-06-29T04:41:52.593480Z","level":"info","event":"\u001b[0m04:41:52  Finished running 4 table models in 0 hours 0 minutes and 5.74 seconds (5.74s).","logger":"airflow.task.hooks.airflow.providers.standard.hooks.subprocess.SubprocessHook","filename":"subprocess.py","lineno":99}
{"timestamp":"2026-06-29T04:41:52.799559Z","level":"info","event":"\u001b[0m04:41:52","logger":"airflow.task.hooks.airflow.providers.standard.hooks.subprocess.SubprocessHook","filename":"subprocess.py","lineno":99}
{"timestamp":"2026-06-29T04:41:52.802053Z","level":"info","event":"\u001b[0m04:41:52  \u001b[32mCompleted successfully\u001b[0m","logger":"airflow.task.hooks.airflow.providers.standard.hooks.subprocess.SubprocessHook","filename":"subprocess.py","lineno":99}
{"timestamp":"2026-06-29T04:41:52.804042Z","level":"info","event":"\u001b[0m04:41:52","logger":"airflow.task.hooks.airflow.providers.standard.hooks.subprocess.SubprocessHook","filename":"subprocess.py","lineno":99}
{"timestamp":"2026-06-29T04:41:52.805998Z","level":"info","event":"\u001b[0m04:41:52  Done. PASS=4 WARN=0 ERROR=0 SKIP=0 NO-OP=0 TOTAL=4","logger":"airflow.task.hooks.airflow.providers.standard.hooks.subprocess.SubprocessHook","filename":"subprocess.py","lineno":99}
{"timestamp":"2026-06-29T04:41:55.052680Z","level":"info","event":"Command exited with return code 0","logger":"airflow.task.hooks.airflow.providers.standard.hooks.subprocess.SubprocessHook","filename":"subprocess.py","lineno":103}
{"timestamp":"2026-06-29T04:41:55.053528Z","level":"info","event":"Pushing xcom","ti":"RuntimeTaskInstance(id=UUID('019f11ab-44c0-7b3b-ae5f-68bef26fab36'), task_id='dbt_run_marts_srs', dag_id='02_openf1_fetch_every_sat_sun_mon', run_id='manual__2026-06-29T04:37:44.684630+00:00', try_number=1, dag_version_id=UUID('019f082e-f249-712c-b497-b4bf1a0fefb8'), map_index=-1, hostname='57434fd533db', context_carrier={'traceparent': '00-2c87c980ab98f26caa4a25bf2faee731-75872518ae1b5ede-01'}, task=<Task(BashOperator): dbt_run_marts_srs>, bundle_instance=LocalDagBundle(name=dags-folder), max_tries=2, start_date=datetime.datetime(2026, 6, 29, 4, 41, 37, 535839, tzinfo=datetime.timezone.utc), end_date=None, state=<TaskInstanceState.RUNNING: 'running'>, is_mapped=False, rendered_map_index=None, sentry_integration='')","logger":"task","filename":"task_runner.py","lineno":1724}
