{"timestamp":"2026-06-25T10:08:32.363578Z","level":"info","event":"DAG bundles loaded: dags-folder","logger":"airflow.dag_processing.bundles.manager.DagBundlesManager","filename":"manager.py","lineno":209}
{"timestamp":"2026-06-25T10:08:32.365760Z","level":"info","event":"Filling up the DagBag from /opt/airflow/dags/openf1_schedule.py","logger":"airflow.dag_processing.dagbag.BundleDagBag","filename":"dagbag.py","lineno":469}
{"timestamp":"2026-06-25T10:08:33.366268Z","level":"warning","event":"The `airflow.operators.bash.BashOperator` attribute is deprecated. Please use `'airflow.providers.standard.operators.bash.BashOperator'`.","category":"UserWarning","filename":"/opt/airflow/dags/openf1_schedule.py","lineno":5,"logger":"py.warnings"}
{"timestamp":"2026-06-25T10:08:33.366460Z","level":"warning","event":"The `airflow.operators.python.PythonOperator` attribute is deprecated. Please use `'airflow.providers.standard.operators.python.PythonOperator'`.","category":"UserWarning","filename":"/opt/airflow/dags/openf1_schedule.py","lineno":6,"logger":"py.warnings"}
{"timestamp":"2026-06-25T10:08:33.395591Z","level":"info","event":"Tmp dir root location: /tmp","logger":"airflow.task.hooks.airflow.providers.standard.hooks.subprocess.SubprocessHook","filename":"subprocess.py","lineno":78}
{"timestamp":"2026-06-25T10:08:33.397044Z","level":"info","event":"Running command: ['/usr/bin/bash', '-c', 'cd /opt/airflow/dbt/openf1_raw && dbt clean --profiles-dir /opt/airflow/config && dbt run --select stg_meetings stg_sessions --profiles-dir /opt/airflow/config']","logger":"airflow.task.hooks.airflow.providers.standard.hooks.subprocess.SubprocessHook","filename":"subprocess.py","lineno":80}
{"timestamp":"2026-06-25T10:08:33.398258Z","level":"info","event":"Output:","logger":"airflow.task.hooks.airflow.providers.standard.hooks.subprocess.SubprocessHook","filename":"subprocess.py","lineno":92}
{"timestamp":"2026-06-25T10:08:36.022805Z","level":"info","event":"\u001b[0m10:08:36  Running with dbt=1.11.11","logger":"airflow.task.hooks.airflow.providers.standard.hooks.subprocess.SubprocessHook","filename":"subprocess.py","lineno":99}
{"timestamp":"2026-06-25T10:08:36.292068Z","level":"info","event":"\u001b[0m10:08:36  Checking /opt/airflow/dbt/openf1_raw/dbt_packages/*","logger":"airflow.task.hooks.airflow.providers.standard.hooks.subprocess.SubprocessHook","filename":"subprocess.py","lineno":99}
{"timestamp":"2026-06-25T10:08:36.292742Z","level":"info","event":"\u001b[0m10:08:36  Cleaned /opt/airflow/dbt/openf1_raw/dbt_packages/*","logger":"airflow.task.hooks.airflow.providers.standard.hooks.subprocess.SubprocessHook","filename":"subprocess.py","lineno":99}
{"timestamp":"2026-06-25T10:08:36.293194Z","level":"info","event":"\u001b[0m10:08:36  Checking /opt/airflow/dbt/openf1_raw/target/*","logger":"airflow.task.hooks.airflow.providers.standard.hooks.subprocess.SubprocessHook","filename":"subprocess.py","lineno":99}
{"timestamp":"2026-06-25T10:08:36.343702Z","level":"info","event":"\u001b[0m10:08:36  Cleaned /opt/airflow/dbt/openf1_raw/target/*","logger":"airflow.task.hooks.airflow.providers.standard.hooks.subprocess.SubprocessHook","filename":"subprocess.py","lineno":99}
{"timestamp":"2026-06-25T10:08:36.344088Z","level":"info","event":"\u001b[0m10:08:36  Finished cleaning all paths.","logger":"airflow.task.hooks.airflow.providers.standard.hooks.subprocess.SubprocessHook","filename":"subprocess.py","lineno":99}
{"timestamp":"2026-06-25T10:08:40.203436Z","level":"info","event":"\u001b[0m10:08:40  Running with dbt=1.11.11","logger":"airflow.task.hooks.airflow.providers.standard.hooks.subprocess.SubprocessHook","filename":"subprocess.py","lineno":99}
{"timestamp":"2026-06-25T10:08:41.555481Z","level":"info","event":"\u001b[0m10:08:41  Registered adapter: bigquery=1.11.1","logger":"airflow.task.hooks.airflow.providers.standard.hooks.subprocess.SubprocessHook","filename":"subprocess.py","lineno":99}
{"timestamp":"2026-06-25T10:08:43.990769Z","level":"info","event":"\u001b[0m10:08:43  Found 13 models, 2 data tests, 4 sources, 551 macros","logger":"airflow.task.hooks.airflow.providers.standard.hooks.subprocess.SubprocessHook","filename":"subprocess.py","lineno":99}
{"timestamp":"2026-06-25T10:08:43.999128Z","level":"info","event":"\u001b[0m10:08:43","logger":"airflow.task.hooks.airflow.providers.standard.hooks.subprocess.SubprocessHook","filename":"subprocess.py","lineno":99}
{"timestamp":"2026-06-25T10:08:44.000803Z","level":"info","event":"\u001b[0m10:08:44  Concurrency: 4 threads (target='dev')","logger":"airflow.task.hooks.airflow.providers.standard.hooks.subprocess.SubprocessHook","filename":"subprocess.py","lineno":99}
{"timestamp":"2026-06-25T10:08:44.002435Z","level":"info","event":"\u001b[0m10:08:44","logger":"airflow.task.hooks.airflow.providers.standard.hooks.subprocess.SubprocessHook","filename":"subprocess.py","lineno":99}
{"timestamp":"2026-06-25T10:08:45.228601Z","level":"info","event":"\u001b[0m10:08:45  1 of 2 START sql view model openf1_staging.stg_meetings ........................ [RUN]","logger":"airflow.task.hooks.airflow.providers.standard.hooks.subprocess.SubprocessHook","filename":"subprocess.py","lineno":99}
{"timestamp":"2026-06-25T10:08:45.229791Z","level":"info","event":"\u001b[0m10:08:45  2 of 2 START sql view model openf1_staging.stg_sessions ........................ [RUN]","logger":"airflow.task.hooks.airflow.providers.standard.hooks.subprocess.SubprocessHook","filename":"subprocess.py","lineno":99}
{"timestamp":"2026-06-25T10:08:46.341380Z","level":"info","event":"\u001b[0m10:08:46  2 of 2 OK created sql view model openf1_staging.stg_sessions ................... [\u001b[32mCREATE VIEW (0 processed)\u001b[0m in 1.10s]","logger":"airflow.task.hooks.airflow.providers.standard.hooks.subprocess.SubprocessHook","filename":"subprocess.py","lineno":99}
{"timestamp":"2026-06-25T10:08:46.426592Z","level":"info","event":"\u001b[0m10:08:46  1 of 2 OK created sql view model openf1_staging.stg_meetings ................... [\u001b[32mCREATE VIEW (0 processed)\u001b[0m in 1.19s]","logger":"airflow.task.hooks.airflow.providers.standard.hooks.subprocess.SubprocessHook","filename":"subprocess.py","lineno":99}
{"timestamp":"2026-06-25T10:08:46.471526Z","level":"info","event":"\u001b[0m10:08:46","logger":"airflow.task.hooks.airflow.providers.standard.hooks.subprocess.SubprocessHook","filename":"subprocess.py","lineno":99}
{"timestamp":"2026-06-25T10:08:46.473023Z","level":"info","event":"\u001b[0m10:08:46  Finished running 2 view models in 0 hours 0 minutes and 2.47 seconds (2.47s).","logger":"airflow.task.hooks.airflow.providers.standard.hooks.subprocess.SubprocessHook","filename":"subprocess.py","lineno":99}
{"timestamp":"2026-06-25T10:08:46.588923Z","level":"info","event":"\u001b[0m10:08:46","logger":"airflow.task.hooks.airflow.providers.standard.hooks.subprocess.SubprocessHook","filename":"subprocess.py","lineno":99}
{"timestamp":"2026-06-25T10:08:46.590142Z","level":"info","event":"\u001b[0m10:08:46  \u001b[32mCompleted successfully\u001b[0m","logger":"airflow.task.hooks.airflow.providers.standard.hooks.subprocess.SubprocessHook","filename":"subprocess.py","lineno":99}
{"timestamp":"2026-06-25T10:08:46.592290Z","level":"info","event":"\u001b[0m10:08:46","logger":"airflow.task.hooks.airflow.providers.standard.hooks.subprocess.SubprocessHook","filename":"subprocess.py","lineno":99}
{"timestamp":"2026-06-25T10:08:46.594310Z","level":"info","event":"\u001b[0m10:08:46  Done. PASS=2 WARN=0 ERROR=0 SKIP=0 NO-OP=0 TOTAL=2","logger":"airflow.task.hooks.airflow.providers.standard.hooks.subprocess.SubprocessHook","filename":"subprocess.py","lineno":99}
{"timestamp":"2026-06-25T10:08:48.433772Z","level":"info","event":"Command exited with return code 0","logger":"airflow.task.hooks.airflow.providers.standard.hooks.subprocess.SubprocessHook","filename":"subprocess.py","lineno":103}
{"timestamp":"2026-06-25T10:08:48.434618Z","level":"info","event":"Pushing xcom","ti":"RuntimeTaskInstance(id=UUID('019efe40-7fb7-74ed-8d80-d893933063bf'), task_id='dbt_run_staging_for_schedule', dag_id='01_openf1_fetch_once_per_season', run_id='manual__2026-06-25T10:08:20.382012+00:00', try_number=1, dag_version_id=UUID('019efe3e-9a53-739d-b87c-af251ca9a927'), map_index=-1, hostname='08cbb816d115', context_carrier={'traceparent': '00-4e838733884bc1f8941e692ebcf6745f-6338bbb9bb13b47a-01'}, task=<Task(BashOperator): dbt_run_staging_for_schedule>, bundle_instance=LocalDagBundle(name=dags-folder), max_tries=2, start_date=datetime.datetime(2026, 6, 25, 10, 8, 32, 325475, tzinfo=datetime.timezone.utc), end_date=None, state=<TaskInstanceState.RUNNING: 'running'>, is_mapped=False, rendered_map_index=None, sentry_integration='')","logger":"task","filename":"task_runner.py","lineno":1724}
