{"timestamp":"2026-06-02T13:42:33.604131Z","level":"info","event":"DAG bundles loaded: dags-folder","logger":"airflow.dag_processing.bundles.manager.DagBundlesManager","filename":"manager.py","lineno":209}
{"timestamp":"2026-06-02T13:42:33.605734Z","level":"info","event":"Filling up the DagBag from /opt/airflow/dags/openf1_dbt_session_results.py","logger":"airflow.dag_processing.dagbag.BundleDagBag","filename":"dagbag.py","lineno":469}
{"timestamp":"2026-06-02T13:42:34.216613Z","level":"warning","event":"The `airflow.operators.bash.BashOperator` attribute is deprecated. Please use `'airflow.providers.standard.operators.bash.BashOperator'`.","category":"UserWarning","filename":"/opt/airflow/dags/openf1_dbt_session_results.py","lineno":4,"logger":"py.warnings"}
{"timestamp":"2026-06-02T13:42:34.235397Z","level":"info","event":"Tmp dir root location: /tmp","logger":"airflow.task.hooks.airflow.providers.standard.hooks.subprocess.SubprocessHook","filename":"subprocess.py","lineno":78}
{"timestamp":"2026-06-02T13:42:34.236470Z","level":"info","event":"Running command: ['/usr/bin/bash', '-c', 'cd /opt/airflow/dbt/openf1_raw && dbt run --select mart_session_results_race mart_drivers --profiles-dir /opt/airflow/config ']","logger":"airflow.task.hooks.airflow.providers.standard.hooks.subprocess.SubprocessHook","filename":"subprocess.py","lineno":80}
{"timestamp":"2026-06-02T13:42:34.237113Z","level":"info","event":"Output:","logger":"airflow.task.hooks.airflow.providers.standard.hooks.subprocess.SubprocessHook","filename":"subprocess.py","lineno":92}
{"timestamp":"2026-06-02T13:42:35.523006Z","level":"info","event":"\u001b[0m13:42:35  Running with dbt=1.11.11","logger":"airflow.task.hooks.airflow.providers.standard.hooks.subprocess.SubprocessHook","filename":"subprocess.py","lineno":99}
{"timestamp":"2026-06-02T13:42:36.380671Z","level":"info","event":"\u001b[0m13:42:36  Registered adapter: bigquery=1.11.1","logger":"airflow.task.hooks.airflow.providers.standard.hooks.subprocess.SubprocessHook","filename":"subprocess.py","lineno":99}
{"timestamp":"2026-06-02T13:42:36.850930Z","level":"info","event":"\u001b[0m13:42:36  Found 8 models, 2 data tests, 4 sources, 550 macros","logger":"airflow.task.hooks.airflow.providers.standard.hooks.subprocess.SubprocessHook","filename":"subprocess.py","lineno":99}
{"timestamp":"2026-06-02T13:42:36.853004Z","level":"info","event":"\u001b[0m13:42:36","logger":"airflow.task.hooks.airflow.providers.standard.hooks.subprocess.SubprocessHook","filename":"subprocess.py","lineno":99}
{"timestamp":"2026-06-02T13:42:36.853419Z","level":"info","event":"\u001b[0m13:42:36  Concurrency: 1 threads (target='dev')","logger":"airflow.task.hooks.airflow.providers.standard.hooks.subprocess.SubprocessHook","filename":"subprocess.py","lineno":99}
{"timestamp":"2026-06-02T13:42:36.853803Z","level":"info","event":"\u001b[0m13:42:36","logger":"airflow.task.hooks.airflow.providers.standard.hooks.subprocess.SubprocessHook","filename":"subprocess.py","lineno":99}
{"timestamp":"2026-06-02T13:42:37.924947Z","level":"info","event":"\u001b[0m13:42:37  1 of 2 START sql table model openf1_marts.mart_session_results_race ............ [RUN]","logger":"airflow.task.hooks.airflow.providers.standard.hooks.subprocess.SubprocessHook","filename":"subprocess.py","lineno":99}
{"timestamp":"2026-06-02T13:42:40.151483Z","level":"info","event":"\u001b[0m13:42:40  1 of 2 OK created sql table model openf1_marts.mart_session_results_race ....... [\u001b[32mCREATE TABLE (176.0 rows, 67.4 KiB processed)\u001b[0m in 2.22s]","logger":"airflow.task.hooks.airflow.providers.standard.hooks.subprocess.SubprocessHook","filename":"subprocess.py","lineno":99}
{"timestamp":"2026-06-02T13:42:40.154154Z","level":"info","event":"\u001b[0m13:42:40  2 of 2 START sql table model openf1_marts.mart_drivers ......................... [RUN]","logger":"airflow.task.hooks.airflow.providers.standard.hooks.subprocess.SubprocessHook","filename":"subprocess.py","lineno":99}
{"timestamp":"2026-06-02T13:42:42.574460Z","level":"info","event":"\u001b[0m13:42:42  2 of 2 OK created sql table model openf1_marts.mart_drivers .................... [\u001b[32mCREATE TABLE (22.0 rows, 7.8 KiB processed)\u001b[0m in 2.42s]","logger":"airflow.task.hooks.airflow.providers.standard.hooks.subprocess.SubprocessHook","filename":"subprocess.py","lineno":99}
{"timestamp":"2026-06-02T13:42:42.607851Z","level":"info","event":"\u001b[0m13:42:42","logger":"airflow.task.hooks.airflow.providers.standard.hooks.subprocess.SubprocessHook","filename":"subprocess.py","lineno":99}
{"timestamp":"2026-06-02T13:42:42.608371Z","level":"info","event":"\u001b[0m13:42:42  Finished running 2 table models in 0 hours 0 minutes and 5.75 seconds (5.75s).","logger":"airflow.task.hooks.airflow.providers.standard.hooks.subprocess.SubprocessHook","filename":"subprocess.py","lineno":99}
{"timestamp":"2026-06-02T13:42:42.664748Z","level":"info","event":"\u001b[0m13:42:42","logger":"airflow.task.hooks.airflow.providers.standard.hooks.subprocess.SubprocessHook","filename":"subprocess.py","lineno":99}
{"timestamp":"2026-06-02T13:42:42.665225Z","level":"info","event":"\u001b[0m13:42:42  \u001b[32mCompleted successfully\u001b[0m","logger":"airflow.task.hooks.airflow.providers.standard.hooks.subprocess.SubprocessHook","filename":"subprocess.py","lineno":99}
{"timestamp":"2026-06-02T13:42:42.665716Z","level":"info","event":"\u001b[0m13:42:42","logger":"airflow.task.hooks.airflow.providers.standard.hooks.subprocess.SubprocessHook","filename":"subprocess.py","lineno":99}
{"timestamp":"2026-06-02T13:42:42.666179Z","level":"info","event":"\u001b[0m13:42:42  Done. PASS=2 WARN=0 ERROR=0 SKIP=0 NO-OP=0 TOTAL=2","logger":"airflow.task.hooks.airflow.providers.standard.hooks.subprocess.SubprocessHook","filename":"subprocess.py","lineno":99}
{"timestamp":"2026-06-02T13:42:44.162501Z","level":"info","event":"Command exited with return code 0","logger":"airflow.task.hooks.airflow.providers.standard.hooks.subprocess.SubprocessHook","filename":"subprocess.py","lineno":103}
{"timestamp":"2026-06-02T13:42:44.163338Z","level":"info","event":"Pushing xcom","ti":"RuntimeTaskInstance(id=UUID('019e888d-8c74-7993-8def-12be864e9862'), task_id='dbt_run_marts_srs', dag_id='openf1_dbt_session_results', run_id='manual__2026-06-02T13:37:18.427000+00:00', try_number=1, dag_version_id=UUID('019e8888-52da-76ba-a552-c1f6f71f0c1d'), map_index=-1, hostname='c78258b6eaec', context_carrier={'traceparent': '00-5a4a9adda3367158919a0717810c492d-69fd6d2f4f3cc934-01'}, task=<Task(BashOperator): dbt_run_marts_srs>, bundle_instance=LocalDagBundle(name=dags-folder), max_tries=2, start_date=datetime.datetime(2026, 6, 2, 13, 42, 33, 575693, tzinfo=datetime.timezone.utc), end_date=None, state=<TaskInstanceState.RUNNING: 'running'>, is_mapped=False, rendered_map_index=None, sentry_integration='')","logger":"task","filename":"task_runner.py","lineno":1724}
