{"timestamp":"2026-06-03T07:38:19.716654Z","level":"info","event":"DAG bundles loaded: dags-folder","logger":"airflow.dag_processing.bundles.manager.DagBundlesManager","filename":"manager.py","lineno":209}
{"timestamp":"2026-06-03T07:38:19.718078Z","level":"info","event":"Filling up the DagBag from /opt/airflow/dags/openf1_dbt_session_results.py","logger":"airflow.dag_processing.dagbag.BundleDagBag","filename":"dagbag.py","lineno":469}
{"timestamp":"2026-06-03T07:38:20.234850Z","level":"warning","event":"The `airflow.operators.bash.BashOperator` attribute is deprecated. Please use `'airflow.providers.standard.operators.bash.BashOperator'`.","category":"UserWarning","filename":"/opt/airflow/dags/openf1_dbt_session_results.py","lineno":4,"logger":"py.warnings"}
{"timestamp":"2026-06-03T07:38:20.253204Z","level":"info","event":"Tmp dir root location: /tmp","logger":"airflow.task.hooks.airflow.providers.standard.hooks.subprocess.SubprocessHook","filename":"subprocess.py","lineno":78}
{"timestamp":"2026-06-03T07:38:20.254110Z","level":"info","event":"Running command: ['/usr/bin/bash', '-c', 'cd /opt/airflow/dbt/openf1_raw && dbt run --select mart_session_results_race mart_drivers mart_constructor_standings --profiles-dir /opt/airflow/config ']","logger":"airflow.task.hooks.airflow.providers.standard.hooks.subprocess.SubprocessHook","filename":"subprocess.py","lineno":80}
{"timestamp":"2026-06-03T07:38:20.254861Z","level":"info","event":"Output:","logger":"airflow.task.hooks.airflow.providers.standard.hooks.subprocess.SubprocessHook","filename":"subprocess.py","lineno":92}
{"timestamp":"2026-06-03T07:38:21.508383Z","level":"info","event":"\u001b[0m07:38:21  Running with dbt=1.11.11","logger":"airflow.task.hooks.airflow.providers.standard.hooks.subprocess.SubprocessHook","filename":"subprocess.py","lineno":99}
{"timestamp":"2026-06-03T07:38:22.443206Z","level":"info","event":"\u001b[0m07:38:22  Registered adapter: bigquery=1.11.1","logger":"airflow.task.hooks.airflow.providers.standard.hooks.subprocess.SubprocessHook","filename":"subprocess.py","lineno":99}
{"timestamp":"2026-06-03T07:38:22.945790Z","level":"info","event":"\u001b[0m07:38:22  Found 9 models, 2 data tests, 4 sources, 550 macros","logger":"airflow.task.hooks.airflow.providers.standard.hooks.subprocess.SubprocessHook","filename":"subprocess.py","lineno":99}
{"timestamp":"2026-06-03T07:38:22.947926Z","level":"info","event":"\u001b[0m07:38:22","logger":"airflow.task.hooks.airflow.providers.standard.hooks.subprocess.SubprocessHook","filename":"subprocess.py","lineno":99}
{"timestamp":"2026-06-03T07:38:22.948306Z","level":"info","event":"\u001b[0m07:38:22  Concurrency: 1 threads (target='dev')","logger":"airflow.task.hooks.airflow.providers.standard.hooks.subprocess.SubprocessHook","filename":"subprocess.py","lineno":99}
{"timestamp":"2026-06-03T07:38:22.948760Z","level":"info","event":"\u001b[0m07:38:22","logger":"airflow.task.hooks.airflow.providers.standard.hooks.subprocess.SubprocessHook","filename":"subprocess.py","lineno":99}
{"timestamp":"2026-06-03T07:38:24.767234Z","level":"info","event":"\u001b[0m07:38:24  1 of 3 START sql table model openf1_marts.mart_drivers ......................... [RUN]","logger":"airflow.task.hooks.airflow.providers.standard.hooks.subprocess.SubprocessHook","filename":"subprocess.py","lineno":99}
{"timestamp":"2026-06-03T07:38:27.374958Z","level":"info","event":"\u001b[0m07:38:27  1 of 3 OK created sql table model openf1_marts.mart_drivers .................... [\u001b[32mCREATE TABLE (22.0 rows, 17.9 KiB processed)\u001b[0m in 2.60s]","logger":"airflow.task.hooks.airflow.providers.standard.hooks.subprocess.SubprocessHook","filename":"subprocess.py","lineno":99}
{"timestamp":"2026-06-03T07:38:27.377572Z","level":"info","event":"\u001b[0m07:38:27  2 of 3 START sql table model openf1_marts.mart_session_results_race ............ [RUN]","logger":"airflow.task.hooks.airflow.providers.standard.hooks.subprocess.SubprocessHook","filename":"subprocess.py","lineno":99}
{"timestamp":"2026-06-03T07:38:29.830729Z","level":"info","event":"\u001b[0m07:38:29  2 of 3 OK created sql table model openf1_marts.mart_session_results_race ....... [\u001b[32mCREATE TABLE (176.0 rows, 67.4 KiB processed)\u001b[0m in 2.45s]","logger":"airflow.task.hooks.airflow.providers.standard.hooks.subprocess.SubprocessHook","filename":"subprocess.py","lineno":99}
{"timestamp":"2026-06-03T07:38:29.832363Z","level":"info","event":"\u001b[0m07:38:29  3 of 3 START sql table model openf1_marts.mart_constructor_standings ........... [RUN]","logger":"airflow.task.hooks.airflow.providers.standard.hooks.subprocess.SubprocessHook","filename":"subprocess.py","lineno":99}
{"timestamp":"2026-06-03T07:38:30.288067Z","level":"info","event":"\u001b[0m07:38:30  BigQuery adapter: https://console.cloud.google.com/bigquery?project=trial-f1&j=bq:asia-southeast2:cb637c65-d153-478e-82eb-a8ea0a11d501&page=queryresults","logger":"airflow.task.hooks.airflow.providers.standard.hooks.subprocess.SubprocessHook","filename":"subprocess.py","lineno":99}
{"timestamp":"2026-06-03T07:38:30.301837Z","level":"info","event":"\u001b[0m07:38:30  3 of 3 ERROR creating sql table model openf1_marts.mart_constructor_standings .. [\u001b[31mERROR\u001b[0m in 0.47s]","logger":"airflow.task.hooks.airflow.providers.standard.hooks.subprocess.SubprocessHook","filename":"subprocess.py","lineno":99}
{"timestamp":"2026-06-03T07:38:30.336716Z","level":"info","event":"\u001b[0m07:38:30","logger":"airflow.task.hooks.airflow.providers.standard.hooks.subprocess.SubprocessHook","filename":"subprocess.py","lineno":99}
{"timestamp":"2026-06-03T07:38:30.337350Z","level":"info","event":"\u001b[0m07:38:30  Finished running 3 table models in 0 hours 0 minutes and 7.39 seconds (7.39s).","logger":"airflow.task.hooks.airflow.providers.standard.hooks.subprocess.SubprocessHook","filename":"subprocess.py","lineno":99}
{"timestamp":"2026-06-03T07:38:30.405885Z","level":"info","event":"\u001b[0m07:38:30","logger":"airflow.task.hooks.airflow.providers.standard.hooks.subprocess.SubprocessHook","filename":"subprocess.py","lineno":99}
{"timestamp":"2026-06-03T07:38:30.406391Z","level":"info","event":"\u001b[0m07:38:30  \u001b[31mCompleted with 1 error, 0 partial successes, and 0 warnings:\u001b[0m","logger":"airflow.task.hooks.airflow.providers.standard.hooks.subprocess.SubprocessHook","filename":"subprocess.py","lineno":99}
{"timestamp":"2026-06-03T07:38:30.406953Z","level":"info","event":"\u001b[0m07:38:30","logger":"airflow.task.hooks.airflow.providers.standard.hooks.subprocess.SubprocessHook","filename":"subprocess.py","lineno":99}
{"timestamp":"2026-06-03T07:38:30.407495Z","level":"info","event":"\u001b[0m07:38:30  \u001b[31mFailure in model mart_constructor_standings (models/marts/mart_constructor_standings.sql)\u001b[0m","logger":"airflow.task.hooks.airflow.providers.standard.hooks.subprocess.SubprocessHook","filename":"subprocess.py","lineno":99}
{"timestamp":"2026-06-03T07:38:30.407950Z","level":"info","event":"\u001b[0m07:38:30    Database Error in model mart_constructor_standings (models/marts/mart_constructor_standings.sql)","logger":"airflow.task.hooks.airflow.providers.standard.hooks.subprocess.SubprocessHook","filename":"subprocess.py","lineno":99}
{"timestamp":"2026-06-03T07:38:30.408030Z","level":"info","event":"  Unrecognized name: points at [16:9]","logger":"airflow.task.hooks.airflow.providers.standard.hooks.subprocess.SubprocessHook","filename":"subprocess.py","lineno":99}
{"timestamp":"2026-06-03T07:38:30.408076Z","level":"info","event":"  compiled code at target/run/openf1_raw/models/marts/mart_constructor_standings.sql","logger":"airflow.task.hooks.airflow.providers.standard.hooks.subprocess.SubprocessHook","filename":"subprocess.py","lineno":99}
{"timestamp":"2026-06-03T07:38:30.408387Z","level":"info","event":"\u001b[0m07:38:30","logger":"airflow.task.hooks.airflow.providers.standard.hooks.subprocess.SubprocessHook","filename":"subprocess.py","lineno":99}
{"timestamp":"2026-06-03T07:38:30.408889Z","level":"info","event":"\u001b[0m07:38:30    compiled code at target/compiled/openf1_raw/models/marts/mart_constructor_standings.sql","logger":"airflow.task.hooks.airflow.providers.standard.hooks.subprocess.SubprocessHook","filename":"subprocess.py","lineno":99}
{"timestamp":"2026-06-03T07:38:30.409288Z","level":"info","event":"\u001b[0m07:38:30","logger":"airflow.task.hooks.airflow.providers.standard.hooks.subprocess.SubprocessHook","filename":"subprocess.py","lineno":99}
{"timestamp":"2026-06-03T07:38:30.409896Z","level":"info","event":"\u001b[0m07:38:30  Done. PASS=2 WARN=0 ERROR=1 SKIP=0 NO-OP=0 TOTAL=3","logger":"airflow.task.hooks.airflow.providers.standard.hooks.subprocess.SubprocessHook","filename":"subprocess.py","lineno":99}
{"timestamp":"2026-06-03T07:38:32.068312Z","level":"info","event":"Command exited with return code 1","logger":"airflow.task.hooks.airflow.providers.standard.hooks.subprocess.SubprocessHook","filename":"subprocess.py","lineno":103}
{"timestamp":"2026-06-03T07:38:32.068932Z","level":"error","event":"Task failed with exception","logger":"task","filename":"task_runner.py","lineno":1325,"error_detail":[{"exc_type":"AirflowException","exc_value":"Bash command failed. The command returned a non-zero exit code 1.","exc_notes":[],"syntax_error":null,"is_cause":false,"frames":[{"filename":"/home/airflow/.local/lib/python3.13/site-packages/airflow/sdk/execution_time/task_runner.py","lineno":1263,"name":"run"},{"filename":"/home/airflow/.local/lib/python3.13/site-packages/airflow/sdk/execution_time/task_runner.py","lineno":1678,"name":"_execute_task"},{"filename":"/home/airflow/.local/lib/python3.13/site-packages/airflow/sdk/bases/operator.py","lineno":443,"name":"wrapper"},{"filename":"/home/airflow/.local/lib/python3.13/site-packages/airflow/providers/standard/operators/bash.py","lineno":226,"name":"execute"}],"is_group":false,"exceptions":[]}]}
