{"timestamp":"2026-06-03T08:06:59.837929Z","level":"info","event":"DAG bundles loaded: dags-folder","logger":"airflow.dag_processing.bundles.manager.DagBundlesManager","filename":"manager.py","lineno":209}
{"timestamp":"2026-06-03T08:06:59.840170Z","level":"info","event":"Filling up the DagBag from /opt/airflow/dags/openf1_dbt_session_results.py","logger":"airflow.dag_processing.dagbag.BundleDagBag","filename":"dagbag.py","lineno":469}
{"timestamp":"2026-06-03T08:07:02.131308Z","level":"warning","event":"The `airflow.operators.bash.BashOperator` attribute is deprecated. Please use `'airflow.providers.standard.operators.bash.BashOperator'`.","category":"UserWarning","filename":"/opt/airflow/dags/openf1_dbt_session_results.py","lineno":4,"logger":"py.warnings"}
{"timestamp":"2026-06-03T08:07:02.168668Z","level":"info","event":"Tmp dir root location: /tmp","logger":"airflow.task.hooks.airflow.providers.standard.hooks.subprocess.SubprocessHook","filename":"subprocess.py","lineno":78}
{"timestamp":"2026-06-03T08:07:02.169379Z","level":"info","event":"Running command: ['/usr/bin/bash', '-c', 'cd /opt/airflow/dbt/openf1_raw && dbt run --select stg_session_results_race stg_driver_standings --profiles-dir /opt/airflow/config ']","logger":"airflow.task.hooks.airflow.providers.standard.hooks.subprocess.SubprocessHook","filename":"subprocess.py","lineno":80}
{"timestamp":"2026-06-03T08:07:02.170065Z","level":"info","event":"Output:","logger":"airflow.task.hooks.airflow.providers.standard.hooks.subprocess.SubprocessHook","filename":"subprocess.py","lineno":92}
{"timestamp":"2026-06-03T08:07:03.823863Z","level":"info","event":"\u001b[0m08:07:03  Running with dbt=1.11.11","logger":"airflow.task.hooks.airflow.providers.standard.hooks.subprocess.SubprocessHook","filename":"subprocess.py","lineno":99}
{"timestamp":"2026-06-03T08:07:05.133601Z","level":"info","event":"\u001b[0m08:07:05  Registered adapter: bigquery=1.11.1","logger":"airflow.task.hooks.airflow.providers.standard.hooks.subprocess.SubprocessHook","filename":"subprocess.py","lineno":99}
{"timestamp":"2026-06-03T08:07:05.620493Z","level":"info","event":"\u001b[0m08:07:05  Found 9 models, 2 data tests, 4 sources, 550 macros","logger":"airflow.task.hooks.airflow.providers.standard.hooks.subprocess.SubprocessHook","filename":"subprocess.py","lineno":99}
{"timestamp":"2026-06-03T08:07:05.623380Z","level":"info","event":"\u001b[0m08:07:05","logger":"airflow.task.hooks.airflow.providers.standard.hooks.subprocess.SubprocessHook","filename":"subprocess.py","lineno":99}
{"timestamp":"2026-06-03T08:07:05.623986Z","level":"info","event":"\u001b[0m08:07:05  Concurrency: 1 threads (target='dev')","logger":"airflow.task.hooks.airflow.providers.standard.hooks.subprocess.SubprocessHook","filename":"subprocess.py","lineno":99}
{"timestamp":"2026-06-03T08:07:05.625180Z","level":"info","event":"\u001b[0m08:07:05","logger":"airflow.task.hooks.airflow.providers.standard.hooks.subprocess.SubprocessHook","filename":"subprocess.py","lineno":99}
{"timestamp":"2026-06-03T08:07:06.917409Z","level":"info","event":"\u001b[0m08:07:06  1 of 2 START sql view model openf1_staging.stg_session_results_race ............ [RUN]","logger":"airflow.task.hooks.airflow.providers.standard.hooks.subprocess.SubprocessHook","filename":"subprocess.py","lineno":99}
{"timestamp":"2026-06-03T08:07:07.721845Z","level":"info","event":"\u001b[0m08:07:07  1 of 2 OK created sql view model openf1_staging.stg_session_results_race ....... [\u001b[32mCREATE VIEW (0 processed)\u001b[0m in 0.80s]","logger":"airflow.task.hooks.airflow.providers.standard.hooks.subprocess.SubprocessHook","filename":"subprocess.py","lineno":99}
{"timestamp":"2026-06-03T08:07:07.724354Z","level":"info","event":"\u001b[0m08:07:07  2 of 2 START sql view model openf1_staging.stg_driver_standings ................ [RUN]","logger":"airflow.task.hooks.airflow.providers.standard.hooks.subprocess.SubprocessHook","filename":"subprocess.py","lineno":99}
{"timestamp":"2026-06-03T08:07:08.743267Z","level":"info","event":"\u001b[0m08:07:08  2 of 2 OK created sql view model openf1_staging.stg_driver_standings ........... [\u001b[32mCREATE VIEW (0 processed)\u001b[0m in 1.02s]","logger":"airflow.task.hooks.airflow.providers.standard.hooks.subprocess.SubprocessHook","filename":"subprocess.py","lineno":99}
{"timestamp":"2026-06-03T08:07:08.777390Z","level":"info","event":"\u001b[0m08:07:08","logger":"airflow.task.hooks.airflow.providers.standard.hooks.subprocess.SubprocessHook","filename":"subprocess.py","lineno":99}
{"timestamp":"2026-06-03T08:07:08.777925Z","level":"info","event":"\u001b[0m08:07:08  Finished running 2 view models in 0 hours 0 minutes and 3.15 seconds (3.15s).","logger":"airflow.task.hooks.airflow.providers.standard.hooks.subprocess.SubprocessHook","filename":"subprocess.py","lineno":99}
{"timestamp":"2026-06-03T08:07:08.832036Z","level":"info","event":"\u001b[0m08:07:08","logger":"airflow.task.hooks.airflow.providers.standard.hooks.subprocess.SubprocessHook","filename":"subprocess.py","lineno":99}
{"timestamp":"2026-06-03T08:07:08.832625Z","level":"info","event":"\u001b[0m08:07:08  \u001b[32mCompleted successfully\u001b[0m","logger":"airflow.task.hooks.airflow.providers.standard.hooks.subprocess.SubprocessHook","filename":"subprocess.py","lineno":99}
{"timestamp":"2026-06-03T08:07:08.833058Z","level":"info","event":"\u001b[0m08:07:08","logger":"airflow.task.hooks.airflow.providers.standard.hooks.subprocess.SubprocessHook","filename":"subprocess.py","lineno":99}
{"timestamp":"2026-06-03T08:07:08.833602Z","level":"info","event":"\u001b[0m08:07:08  Done. PASS=2 WARN=0 ERROR=0 SKIP=0 NO-OP=0 TOTAL=2","logger":"airflow.task.hooks.airflow.providers.standard.hooks.subprocess.SubprocessHook","filename":"subprocess.py","lineno":99}
{"timestamp":"2026-06-03T08:07:10.493414Z","level":"info","event":"Command exited with return code 0","logger":"airflow.task.hooks.airflow.providers.standard.hooks.subprocess.SubprocessHook","filename":"subprocess.py","lineno":103}
{"timestamp":"2026-06-03T08:07:10.494020Z","level":"info","event":"Pushing xcom","ti":"RuntimeTaskInstance(id=UUID('019e8c85-7370-7e42-bb47-af4792fb9204'), task_id='dbt_run_session_results', dag_id='openf1_dbt_session_results', run_id='manual__2026-06-03T08:06:56.597090+00:00', try_number=1, dag_version_id=UUID('019e8c70-c9de-7018-9d9f-c2330168a497'), map_index=-1, hostname='f8e6d7edb5ef', context_carrier={'traceparent': '00-0a8da8329832cf76e08324e30323a33a-095797f3e0257e8c-01'}, task=<Task(BashOperator): dbt_run_session_results>, bundle_instance=LocalDagBundle(name=dags-folder), max_tries=2, start_date=datetime.datetime(2026, 6, 3, 8, 6, 57, 513664, tzinfo=datetime.timezone.utc), end_date=None, state=<TaskInstanceState.RUNNING: 'running'>, is_mapped=False, rendered_map_index=None, sentry_integration='')","logger":"task","filename":"task_runner.py","lineno":1724}
