{"timestamp":"2026-06-06T12:56:51.669058Z","level":"info","event":"DAG bundles loaded: dags-folder","logger":"airflow.dag_processing.bundles.manager.DagBundlesManager","filename":"manager.py","lineno":209}
{"timestamp":"2026-06-06T12:56:51.670408Z","level":"info","event":"Filling up the DagBag from /opt/airflow/dags/openf1_dbt_session_results.py","logger":"airflow.dag_processing.dagbag.BundleDagBag","filename":"dagbag.py","lineno":469}
{"timestamp":"2026-06-06T12:56:52.186244Z","level":"warning","event":"The `airflow.operators.bash.BashOperator` attribute is deprecated. Please use `'airflow.providers.standard.operators.bash.BashOperator'`.","category":"UserWarning","filename":"/opt/airflow/dags/openf1_dbt_session_results.py","lineno":4,"logger":"py.warnings"}
{"timestamp":"2026-06-06T12:56:52.204976Z","level":"info","event":"Tmp dir root location: /tmp","logger":"airflow.task.hooks.airflow.providers.standard.hooks.subprocess.SubprocessHook","filename":"subprocess.py","lineno":78}
{"timestamp":"2026-06-06T12:56:52.206130Z","level":"info","event":"Running command: ['/usr/bin/bash', '-c', 'cd /opt/airflow/dbt/openf1_raw && dbt run --select stg_session_results_race stg_driver_standings stg_session_results_qualifying stg_session_results_fp --profiles-dir /opt/airflow/config ']","logger":"airflow.task.hooks.airflow.providers.standard.hooks.subprocess.SubprocessHook","filename":"subprocess.py","lineno":80}
{"timestamp":"2026-06-06T12:56:52.206832Z","level":"info","event":"Output:","logger":"airflow.task.hooks.airflow.providers.standard.hooks.subprocess.SubprocessHook","filename":"subprocess.py","lineno":92}
{"timestamp":"2026-06-06T12:56:53.474533Z","level":"info","event":"\u001b[0m12:56:53  Running with dbt=1.11.11","logger":"airflow.task.hooks.airflow.providers.standard.hooks.subprocess.SubprocessHook","filename":"subprocess.py","lineno":99}
{"timestamp":"2026-06-06T12:56:54.314817Z","level":"info","event":"\u001b[0m12:56:54  Registered adapter: bigquery=1.11.1","logger":"airflow.task.hooks.airflow.providers.standard.hooks.subprocess.SubprocessHook","filename":"subprocess.py","lineno":99}
{"timestamp":"2026-06-06T12:56:54.782351Z","level":"info","event":"\u001b[0m12:56:54  Found 13 models, 2 data tests, 4 sources, 551 macros","logger":"airflow.task.hooks.airflow.providers.standard.hooks.subprocess.SubprocessHook","filename":"subprocess.py","lineno":99}
{"timestamp":"2026-06-06T12:56:54.784406Z","level":"info","event":"\u001b[0m12:56:54","logger":"airflow.task.hooks.airflow.providers.standard.hooks.subprocess.SubprocessHook","filename":"subprocess.py","lineno":99}
{"timestamp":"2026-06-06T12:56:54.784918Z","level":"info","event":"\u001b[0m12:56:54  Concurrency: 1 threads (target='dev')","logger":"airflow.task.hooks.airflow.providers.standard.hooks.subprocess.SubprocessHook","filename":"subprocess.py","lineno":99}
{"timestamp":"2026-06-06T12:56:54.785376Z","level":"info","event":"\u001b[0m12:56:54","logger":"airflow.task.hooks.airflow.providers.standard.hooks.subprocess.SubprocessHook","filename":"subprocess.py","lineno":99}
{"timestamp":"2026-06-06T12:56:55.927469Z","level":"info","event":"\u001b[0m12:56:55  1 of 4 START sql view model openf1_staging.stg_session_results_fp .............. [RUN]","logger":"airflow.task.hooks.airflow.providers.standard.hooks.subprocess.SubprocessHook","filename":"subprocess.py","lineno":99}
{"timestamp":"2026-06-06T12:56:56.532206Z","level":"info","event":"\u001b[0m12:56:56  1 of 4 OK created sql view model openf1_staging.stg_session_results_fp ......... [\u001b[32mCREATE VIEW (0 processed)\u001b[0m in 0.60s]","logger":"airflow.task.hooks.airflow.providers.standard.hooks.subprocess.SubprocessHook","filename":"subprocess.py","lineno":99}
{"timestamp":"2026-06-06T12:56:56.533980Z","level":"info","event":"\u001b[0m12:56:56  2 of 4 START sql view model openf1_staging.stg_session_results_qualifying ...... [RUN]","logger":"airflow.task.hooks.airflow.providers.standard.hooks.subprocess.SubprocessHook","filename":"subprocess.py","lineno":99}
{"timestamp":"2026-06-06T12:56:57.067722Z","level":"info","event":"\u001b[0m12:56:57  2 of 4 OK created sql view model openf1_staging.stg_session_results_qualifying . [\u001b[32mCREATE VIEW (0 processed)\u001b[0m in 0.53s]","logger":"airflow.task.hooks.airflow.providers.standard.hooks.subprocess.SubprocessHook","filename":"subprocess.py","lineno":99}
{"timestamp":"2026-06-06T12:56:57.070740Z","level":"info","event":"\u001b[0m12:56:57  3 of 4 START sql view model openf1_staging.stg_session_results_race ............ [RUN]","logger":"airflow.task.hooks.airflow.providers.standard.hooks.subprocess.SubprocessHook","filename":"subprocess.py","lineno":99}
{"timestamp":"2026-06-06T12:56:57.652583Z","level":"info","event":"\u001b[0m12:56:57  3 of 4 OK created sql view model openf1_staging.stg_session_results_race ....... [\u001b[32mCREATE VIEW (0 processed)\u001b[0m in 0.58s]","logger":"airflow.task.hooks.airflow.providers.standard.hooks.subprocess.SubprocessHook","filename":"subprocess.py","lineno":99}
{"timestamp":"2026-06-06T12:56:57.655390Z","level":"info","event":"\u001b[0m12:56:57  4 of 4 START sql view model openf1_staging.stg_driver_standings ................ [RUN]","logger":"airflow.task.hooks.airflow.providers.standard.hooks.subprocess.SubprocessHook","filename":"subprocess.py","lineno":99}
{"timestamp":"2026-06-06T12:56:58.632740Z","level":"info","event":"\u001b[0m12:56:58  4 of 4 OK created sql view model openf1_staging.stg_driver_standings ........... [\u001b[32mCREATE VIEW (0 processed)\u001b[0m in 0.98s]","logger":"airflow.task.hooks.airflow.providers.standard.hooks.subprocess.SubprocessHook","filename":"subprocess.py","lineno":99}
{"timestamp":"2026-06-06T12:56:58.666264Z","level":"info","event":"\u001b[0m12:56:58","logger":"airflow.task.hooks.airflow.providers.standard.hooks.subprocess.SubprocessHook","filename":"subprocess.py","lineno":99}
{"timestamp":"2026-06-06T12:56:58.666691Z","level":"info","event":"\u001b[0m12:56:58  Finished running 4 view models in 0 hours 0 minutes and 3.88 seconds (3.88s).","logger":"airflow.task.hooks.airflow.providers.standard.hooks.subprocess.SubprocessHook","filename":"subprocess.py","lineno":99}
{"timestamp":"2026-06-06T12:56:58.719595Z","level":"info","event":"\u001b[0m12:56:58","logger":"airflow.task.hooks.airflow.providers.standard.hooks.subprocess.SubprocessHook","filename":"subprocess.py","lineno":99}
{"timestamp":"2026-06-06T12:56:58.720066Z","level":"info","event":"\u001b[0m12:56:58  \u001b[32mCompleted successfully\u001b[0m","logger":"airflow.task.hooks.airflow.providers.standard.hooks.subprocess.SubprocessHook","filename":"subprocess.py","lineno":99}
{"timestamp":"2026-06-06T12:56:58.720536Z","level":"info","event":"\u001b[0m12:56:58","logger":"airflow.task.hooks.airflow.providers.standard.hooks.subprocess.SubprocessHook","filename":"subprocess.py","lineno":99}
{"timestamp":"2026-06-06T12:56:58.721038Z","level":"info","event":"\u001b[0m12:56:58  Done. PASS=4 WARN=0 ERROR=0 SKIP=0 NO-OP=0 TOTAL=4","logger":"airflow.task.hooks.airflow.providers.standard.hooks.subprocess.SubprocessHook","filename":"subprocess.py","lineno":99}
{"timestamp":"2026-06-06T12:57:00.311522Z","level":"info","event":"Command exited with return code 0","logger":"airflow.task.hooks.airflow.providers.standard.hooks.subprocess.SubprocessHook","filename":"subprocess.py","lineno":103}
{"timestamp":"2026-06-06T12:57:00.312908Z","level":"info","event":"Pushing xcom","ti":"RuntimeTaskInstance(id=UUID('019e9d01-f102-7840-8565-5b0bb442654a'), task_id='dbt_run_session_results', dag_id='openf1_dbt_session_results', run_id='manual__2026-06-06T12:56:50.676407+00:00', try_number=1, dag_version_id=UUID('019e8d4b-b9ec-7132-9981-fc70589c0a31'), map_index=-1, hostname='5a0aebbfd5b5', context_carrier={'traceparent': '00-948d9e64fd8977771759f87e179303b1-eb049e921f262f91-01'}, task=<Task(BashOperator): dbt_run_session_results>, bundle_instance=LocalDagBundle(name=dags-folder), max_tries=2, start_date=datetime.datetime(2026, 6, 6, 12, 56, 51, 646117, tzinfo=datetime.timezone.utc), end_date=None, state=<TaskInstanceState.RUNNING: 'running'>, is_mapped=False, rendered_map_index=None, sentry_integration='')","logger":"task","filename":"task_runner.py","lineno":1724}
