{"timestamp":"2026-06-03T07:43:45.417287Z","level":"info","event":"DAG bundles loaded: dags-folder","logger":"airflow.dag_processing.bundles.manager.DagBundlesManager","filename":"manager.py","lineno":209}
{"timestamp":"2026-06-03T07:43:45.419111Z","level":"info","event":"Filling up the DagBag from /opt/airflow/dags/openf1_dbt_session_results.py","logger":"airflow.dag_processing.dagbag.BundleDagBag","filename":"dagbag.py","lineno":469}
{"timestamp":"2026-06-03T07:43:46.018896Z","level":"warning","event":"The `airflow.operators.bash.BashOperator` attribute is deprecated. Please use `'airflow.providers.standard.operators.bash.BashOperator'`.","category":"UserWarning","filename":"/opt/airflow/dags/openf1_dbt_session_results.py","lineno":4,"logger":"py.warnings"}
{"timestamp":"2026-06-03T07:43:46.034923Z","level":"info","event":"Tmp dir root location: /tmp","logger":"airflow.task.hooks.airflow.providers.standard.hooks.subprocess.SubprocessHook","filename":"subprocess.py","lineno":78}
{"timestamp":"2026-06-03T07:43:46.035622Z","level":"info","event":"Running command: ['/usr/bin/bash', '-c', 'cd /opt/airflow/dbt/openf1_raw && dbt run --select mart_session_results_race mart_drivers mart_constructor_standings --profiles-dir /opt/airflow/config ']","logger":"airflow.task.hooks.airflow.providers.standard.hooks.subprocess.SubprocessHook","filename":"subprocess.py","lineno":80}
{"timestamp":"2026-06-03T07:43:46.036235Z","level":"info","event":"Output:","logger":"airflow.task.hooks.airflow.providers.standard.hooks.subprocess.SubprocessHook","filename":"subprocess.py","lineno":92}
{"timestamp":"2026-06-03T07:43:47.427362Z","level":"info","event":"\u001b[0m07:43:47  Running with dbt=1.11.11","logger":"airflow.task.hooks.airflow.providers.standard.hooks.subprocess.SubprocessHook","filename":"subprocess.py","lineno":99}
{"timestamp":"2026-06-03T07:43:48.452333Z","level":"info","event":"\u001b[0m07:43:48  Registered adapter: bigquery=1.11.1","logger":"airflow.task.hooks.airflow.providers.standard.hooks.subprocess.SubprocessHook","filename":"subprocess.py","lineno":99}
{"timestamp":"2026-06-03T07:43:48.953692Z","level":"info","event":"\u001b[0m07:43:48  Found 9 models, 2 data tests, 4 sources, 550 macros","logger":"airflow.task.hooks.airflow.providers.standard.hooks.subprocess.SubprocessHook","filename":"subprocess.py","lineno":99}
{"timestamp":"2026-06-03T07:43:48.955892Z","level":"info","event":"\u001b[0m07:43:48","logger":"airflow.task.hooks.airflow.providers.standard.hooks.subprocess.SubprocessHook","filename":"subprocess.py","lineno":99}
{"timestamp":"2026-06-03T07:43:48.956516Z","level":"info","event":"\u001b[0m07:43:48  Concurrency: 1 threads (target='dev')","logger":"airflow.task.hooks.airflow.providers.standard.hooks.subprocess.SubprocessHook","filename":"subprocess.py","lineno":99}
{"timestamp":"2026-06-03T07:43:48.956973Z","level":"info","event":"\u001b[0m07:43:48","logger":"airflow.task.hooks.airflow.providers.standard.hooks.subprocess.SubprocessHook","filename":"subprocess.py","lineno":99}
{"timestamp":"2026-06-03T07:43:50.081965Z","level":"info","event":"\u001b[0m07:43:50  1 of 3 START sql table model openf1_marts.mart_drivers ......................... [RUN]","logger":"airflow.task.hooks.airflow.providers.standard.hooks.subprocess.SubprocessHook","filename":"subprocess.py","lineno":99}
{"timestamp":"2026-06-03T07:43:52.709146Z","level":"info","event":"\u001b[0m07:43:52  1 of 3 OK created sql table model openf1_marts.mart_drivers .................... [\u001b[32mCREATE TABLE (22.0 rows, 17.9 KiB processed)\u001b[0m in 2.62s]","logger":"airflow.task.hooks.airflow.providers.standard.hooks.subprocess.SubprocessHook","filename":"subprocess.py","lineno":99}
{"timestamp":"2026-06-03T07:43:52.711256Z","level":"info","event":"\u001b[0m07:43:52  2 of 3 START sql table model openf1_marts.mart_session_results_race ............ [RUN]","logger":"airflow.task.hooks.airflow.providers.standard.hooks.subprocess.SubprocessHook","filename":"subprocess.py","lineno":99}
{"timestamp":"2026-06-03T07:43:54.822453Z","level":"info","event":"\u001b[0m07:43:54  2 of 3 OK created sql table model openf1_marts.mart_session_results_race ....... [\u001b[32mCREATE TABLE (176.0 rows, 67.4 KiB processed)\u001b[0m in 2.11s]","logger":"airflow.task.hooks.airflow.providers.standard.hooks.subprocess.SubprocessHook","filename":"subprocess.py","lineno":99}
{"timestamp":"2026-06-03T07:43:54.825348Z","level":"info","event":"\u001b[0m07:43:54  3 of 3 START sql table model openf1_marts.mart_constructor_standings ........... [RUN]","logger":"airflow.task.hooks.airflow.providers.standard.hooks.subprocess.SubprocessHook","filename":"subprocess.py","lineno":99}
{"timestamp":"2026-06-03T07:43:56.880202Z","level":"info","event":"\u001b[0m07:43:56  3 of 3 OK created sql table model openf1_marts.mart_constructor_standings ...... [\u001b[32mCREATE TABLE (11.0 rows, 418.0 Bytes processed)\u001b[0m in 2.05s]","logger":"airflow.task.hooks.airflow.providers.standard.hooks.subprocess.SubprocessHook","filename":"subprocess.py","lineno":99}
{"timestamp":"2026-06-03T07:43:56.912209Z","level":"info","event":"\u001b[0m07:43:56","logger":"airflow.task.hooks.airflow.providers.standard.hooks.subprocess.SubprocessHook","filename":"subprocess.py","lineno":99}
{"timestamp":"2026-06-03T07:43:56.912653Z","level":"info","event":"\u001b[0m07:43:56  Finished running 3 table models in 0 hours 0 minutes and 7.95 seconds (7.95s).","logger":"airflow.task.hooks.airflow.providers.standard.hooks.subprocess.SubprocessHook","filename":"subprocess.py","lineno":99}
{"timestamp":"2026-06-03T07:43:56.962393Z","level":"info","event":"\u001b[0m07:43:56","logger":"airflow.task.hooks.airflow.providers.standard.hooks.subprocess.SubprocessHook","filename":"subprocess.py","lineno":99}
{"timestamp":"2026-06-03T07:43:56.962961Z","level":"info","event":"\u001b[0m07:43:56  \u001b[32mCompleted successfully\u001b[0m","logger":"airflow.task.hooks.airflow.providers.standard.hooks.subprocess.SubprocessHook","filename":"subprocess.py","lineno":99}
{"timestamp":"2026-06-03T07:43:56.963428Z","level":"info","event":"\u001b[0m07:43:56","logger":"airflow.task.hooks.airflow.providers.standard.hooks.subprocess.SubprocessHook","filename":"subprocess.py","lineno":99}
{"timestamp":"2026-06-03T07:43:56.963887Z","level":"info","event":"\u001b[0m07:43:56  Done. PASS=3 WARN=0 ERROR=0 SKIP=0 NO-OP=0 TOTAL=3","logger":"airflow.task.hooks.airflow.providers.standard.hooks.subprocess.SubprocessHook","filename":"subprocess.py","lineno":99}
{"timestamp":"2026-06-03T07:43:58.584755Z","level":"info","event":"Command exited with return code 0","logger":"airflow.task.hooks.airflow.providers.standard.hooks.subprocess.SubprocessHook","filename":"subprocess.py","lineno":103}
{"timestamp":"2026-06-03T07:43:58.586043Z","level":"info","event":"Pushing xcom","ti":"RuntimeTaskInstance(id=UUID('019e8c6b-a0ea-7937-b624-61232451b670'), task_id='dbt_run_marts_srs', dag_id='openf1_dbt_session_results', run_id='manual__2026-06-03T07:33:16.016764+00:00', try_number=2, dag_version_id=UUID('019e8c6d-52fc-7eb2-8d30-62167a3d05a2'), map_index=-1, hostname='4aa026630fd4', context_carrier={'traceparent': '00-cccb346d5dd4dcf7c481d5f0d418b4a4-d2081b004166e17e-01'}, task=<Task(BashOperator): dbt_run_marts_srs>, bundle_instance=LocalDagBundle(name=dags-folder), max_tries=2, start_date=datetime.datetime(2026, 6, 3, 7, 43, 45, 388277, tzinfo=datetime.timezone.utc), end_date=None, state=<TaskInstanceState.RUNNING: 'running'>, is_mapped=False, rendered_map_index=None, sentry_integration='')","logger":"task","filename":"task_runner.py","lineno":1724}
