{"timestamp":"2026-06-25T09:09:12.199136Z","level":"info","event":"DAG bundles loaded: dags-folder","logger":"airflow.dag_processing.bundles.manager.DagBundlesManager","filename":"manager.py","lineno":209}
{"timestamp":"2026-06-25T09:09:12.207503Z","level":"info","event":"Filling up the DagBag from /opt/airflow/dags/openf1_pipeline.py","logger":"airflow.dag_processing.dagbag.BundleDagBag","filename":"dagbag.py","lineno":469}
{"timestamp":"2026-06-25T09:09:13.185580Z","level":"warning","event":"The `airflow.operators.bash.BashOperator` attribute is deprecated. Please use `'airflow.providers.standard.operators.bash.BashOperator'`.","category":"UserWarning","filename":"/opt/airflow/dags/openf1_pipeline.py","lineno":5,"logger":"py.warnings"}
{"timestamp":"2026-06-25T09:09:13.185778Z","level":"warning","event":"The `airflow.operators.python.PythonOperator` attribute is deprecated. Please use `'airflow.providers.standard.operators.python.PythonOperator'`.","category":"UserWarning","filename":"/opt/airflow/dags/openf1_pipeline.py","lineno":6,"logger":"py.warnings"}
{"timestamp":"2026-06-25T09:09:13.214905Z","level":"info","event":"Tmp dir root location: /tmp","logger":"airflow.task.hooks.airflow.providers.standard.hooks.subprocess.SubprocessHook","filename":"subprocess.py","lineno":78}
{"timestamp":"2026-06-25T09:09:13.216186Z","level":"info","event":"Running command: ['/usr/bin/bash', '-c', 'cd /opt/airflow/dbt/openf1_raw && dbt run --select mart_schedule --profiles-dir /opt/airflow/config']","logger":"airflow.task.hooks.airflow.providers.standard.hooks.subprocess.SubprocessHook","filename":"subprocess.py","lineno":80}
{"timestamp":"2026-06-25T09:09:13.217364Z","level":"info","event":"Output:","logger":"airflow.task.hooks.airflow.providers.standard.hooks.subprocess.SubprocessHook","filename":"subprocess.py","lineno":92}
{"timestamp":"2026-06-25T09:09:15.585608Z","level":"info","event":"\u001b[0m09:09:15  Running with dbt=1.11.11","logger":"airflow.task.hooks.airflow.providers.standard.hooks.subprocess.SubprocessHook","filename":"subprocess.py","lineno":99}
{"timestamp":"2026-06-25T09:09:17.404636Z","level":"info","event":"\u001b[0m09:09:17  Registered adapter: bigquery=1.11.1","logger":"airflow.task.hooks.airflow.providers.standard.hooks.subprocess.SubprocessHook","filename":"subprocess.py","lineno":99}
{"timestamp":"2026-06-25T09:09:20.722815Z","level":"info","event":"\u001b[0m09:09:20  Found 13 models, 2 data tests, 4 sources, 551 macros","logger":"airflow.task.hooks.airflow.providers.standard.hooks.subprocess.SubprocessHook","filename":"subprocess.py","lineno":99}
{"timestamp":"2026-06-25T09:09:20.728020Z","level":"info","event":"\u001b[0m09:09:20","logger":"airflow.task.hooks.airflow.providers.standard.hooks.subprocess.SubprocessHook","filename":"subprocess.py","lineno":99}
{"timestamp":"2026-06-25T09:09:20.729512Z","level":"info","event":"\u001b[0m09:09:20  Concurrency: 4 threads (target='dev')","logger":"airflow.task.hooks.airflow.providers.standard.hooks.subprocess.SubprocessHook","filename":"subprocess.py","lineno":99}
{"timestamp":"2026-06-25T09:09:20.731090Z","level":"info","event":"\u001b[0m09:09:20","logger":"airflow.task.hooks.airflow.providers.standard.hooks.subprocess.SubprocessHook","filename":"subprocess.py","lineno":99}
{"timestamp":"2026-06-25T09:09:21.906085Z","level":"info","event":"\u001b[0m09:09:21  1 of 1 START sql table model openf1_marts.mart_schedule ........................ [RUN]","logger":"airflow.task.hooks.airflow.providers.standard.hooks.subprocess.SubprocessHook","filename":"subprocess.py","lineno":99}
{"timestamp":"2026-06-25T09:09:24.597674Z","level":"info","event":"\u001b[0m09:09:24  1 of 1 OK created sql table model openf1_marts.mart_schedule ................... [\u001b[32mCREATE TABLE (126.0 rows, 29.2 KiB processed)\u001b[0m in 2.69s]","logger":"airflow.task.hooks.airflow.providers.standard.hooks.subprocess.SubprocessHook","filename":"subprocess.py","lineno":99}
{"timestamp":"2026-06-25T09:09:24.644744Z","level":"info","event":"\u001b[0m09:09:24","logger":"airflow.task.hooks.airflow.providers.standard.hooks.subprocess.SubprocessHook","filename":"subprocess.py","lineno":99}
{"timestamp":"2026-06-25T09:09:24.646067Z","level":"info","event":"\u001b[0m09:09:24  Finished running 1 table model in 0 hours 0 minutes and 3.91 seconds (3.91s).","logger":"airflow.task.hooks.airflow.providers.standard.hooks.subprocess.SubprocessHook","filename":"subprocess.py","lineno":99}
{"timestamp":"2026-06-25T09:09:24.742876Z","level":"info","event":"\u001b[0m09:09:24","logger":"airflow.task.hooks.airflow.providers.standard.hooks.subprocess.SubprocessHook","filename":"subprocess.py","lineno":99}
{"timestamp":"2026-06-25T09:09:24.744544Z","level":"info","event":"\u001b[0m09:09:24  \u001b[32mCompleted successfully\u001b[0m","logger":"airflow.task.hooks.airflow.providers.standard.hooks.subprocess.SubprocessHook","filename":"subprocess.py","lineno":99}
{"timestamp":"2026-06-25T09:09:24.746161Z","level":"info","event":"\u001b[0m09:09:24","logger":"airflow.task.hooks.airflow.providers.standard.hooks.subprocess.SubprocessHook","filename":"subprocess.py","lineno":99}
{"timestamp":"2026-06-25T09:09:24.747886Z","level":"info","event":"\u001b[0m09:09:24  Done. PASS=1 WARN=0 ERROR=0 SKIP=0 NO-OP=0 TOTAL=1","logger":"airflow.task.hooks.airflow.providers.standard.hooks.subprocess.SubprocessHook","filename":"subprocess.py","lineno":99}
{"timestamp":"2026-06-25T09:09:26.349067Z","level":"info","event":"Command exited with return code 0","logger":"airflow.task.hooks.airflow.providers.standard.hooks.subprocess.SubprocessHook","filename":"subprocess.py","lineno":103}
{"timestamp":"2026-06-25T09:09:26.349786Z","level":"info","event":"Pushing xcom","ti":"RuntimeTaskInstance(id=UUID('019efe03-1d21-7c2f-a4fe-bea6f386e164'), task_id='dbt_run_mart_schedule', dag_id='01_openf1_fetch_once_per_season', run_id='scheduled__2026-06-25T00:00:00+00:00', try_number=1, dag_version_id=UUID('019efe02-eb23-7def-b22e-2491d8f27ca8'), map_index=-1, hostname='a8882e48ba47', context_carrier={'traceparent': '00-e6cb930a200960667ceb960b72372065-8c9e39c830890359-01'}, task=<Task(BashOperator): dbt_run_mart_schedule>, bundle_instance=LocalDagBundle(name=dags-folder), max_tries=2, start_date=datetime.datetime(2026, 6, 25, 9, 9, 12, 164721, tzinfo=datetime.timezone.utc), end_date=None, state=<TaskInstanceState.RUNNING: 'running'>, is_mapped=False, rendered_map_index=None, sentry_integration='')","logger":"task","filename":"task_runner.py","lineno":1724}
