{"timestamp":"2026-06-27T08:46:09.595482Z","level":"info","event":"DAG bundles loaded: dags-folder","logger":"airflow.dag_processing.bundles.manager.DagBundlesManager","filename":"manager.py","lineno":209}
{"timestamp":"2026-06-27T08:46:09.599729Z","level":"info","event":"Filling up the DagBag from /opt/airflow/dags/openf1_session_results.py","logger":"airflow.dag_processing.dagbag.BundleDagBag","filename":"dagbag.py","lineno":469}
{"timestamp":"2026-06-27T08:46:11.927904Z","level":"warning","event":"The `airflow.operators.bash.BashOperator` attribute is deprecated. Please use `'airflow.providers.standard.operators.bash.BashOperator'`.","category":"UserWarning","filename":"/opt/airflow/dags/openf1_session_results.py","lineno":5,"logger":"py.warnings"}
{"timestamp":"2026-06-27T08:46:11.928277Z","level":"warning","event":"The `airflow.operators.python.PythonOperator` attribute is deprecated. Please use `'airflow.providers.standard.operators.python.PythonOperator'`.","category":"UserWarning","filename":"/opt/airflow/dags/openf1_session_results.py","lineno":6,"logger":"py.warnings"}
{"timestamp":"2026-06-27T08:46:11.980607Z","level":"info","event":"Tmp dir root location: /tmp","logger":"airflow.task.hooks.airflow.providers.standard.hooks.subprocess.SubprocessHook","filename":"subprocess.py","lineno":78}
{"timestamp":"2026-06-27T08:46:11.982852Z","level":"info","event":"Running command: ['/usr/bin/bash', '-c', 'cd /opt/airflow/dbt/openf1_raw && dbt run --select mart_driver_standings mart_constructor_standings --profiles-dir /opt/airflow/config']","logger":"airflow.task.hooks.airflow.providers.standard.hooks.subprocess.SubprocessHook","filename":"subprocess.py","lineno":80}
{"timestamp":"2026-06-27T08:46:11.986101Z","level":"info","event":"Output:","logger":"airflow.task.hooks.airflow.providers.standard.hooks.subprocess.SubprocessHook","filename":"subprocess.py","lineno":92}
{"timestamp":"2026-06-27T08:46:15.594555Z","level":"info","event":"\u001b[0m08:46:15  Running with dbt=1.11.11","logger":"airflow.task.hooks.airflow.providers.standard.hooks.subprocess.SubprocessHook","filename":"subprocess.py","lineno":99}
{"timestamp":"2026-06-27T08:46:17.523582Z","level":"info","event":"\u001b[0m08:46:17  Registered adapter: bigquery=1.11.1","logger":"airflow.task.hooks.airflow.providers.standard.hooks.subprocess.SubprocessHook","filename":"subprocess.py","lineno":99}
{"timestamp":"2026-06-27T08:46:20.659786Z","level":"info","event":"\u001b[0m08:46:20  Found 16 models, 2 data tests, 4 sources, 551 macros","logger":"airflow.task.hooks.airflow.providers.standard.hooks.subprocess.SubprocessHook","filename":"subprocess.py","lineno":99}
{"timestamp":"2026-06-27T08:46:20.670014Z","level":"info","event":"\u001b[0m08:46:20","logger":"airflow.task.hooks.airflow.providers.standard.hooks.subprocess.SubprocessHook","filename":"subprocess.py","lineno":99}
{"timestamp":"2026-06-27T08:46:20.672201Z","level":"info","event":"\u001b[0m08:46:20  Concurrency: 4 threads (target='dev')","logger":"airflow.task.hooks.airflow.providers.standard.hooks.subprocess.SubprocessHook","filename":"subprocess.py","lineno":99}
{"timestamp":"2026-06-27T08:46:20.673687Z","level":"info","event":"\u001b[0m08:46:20","logger":"airflow.task.hooks.airflow.providers.standard.hooks.subprocess.SubprocessHook","filename":"subprocess.py","lineno":99}
{"timestamp":"2026-06-27T08:46:22.157697Z","level":"info","event":"\u001b[0m08:46:22  1 of 2 START sql table model openf1_marts.mart_driver_standings ................ [RUN]","logger":"airflow.task.hooks.airflow.providers.standard.hooks.subprocess.SubprocessHook","filename":"subprocess.py","lineno":99}
{"timestamp":"2026-06-27T08:46:24.456913Z","level":"info","event":"\u001b[0m08:46:24  1 of 2 OK created sql table model openf1_marts.mart_driver_standings ........... [\u001b[32mCREATE TABLE (43.0 rows, 19.2 KiB processed)\u001b[0m in 2.29s]","logger":"airflow.task.hooks.airflow.providers.standard.hooks.subprocess.SubprocessHook","filename":"subprocess.py","lineno":99}
{"timestamp":"2026-06-27T08:46:24.467582Z","level":"info","event":"\u001b[0m08:46:24  2 of 2 START sql table model openf1_marts.mart_constructor_standings ........... [RUN]","logger":"airflow.task.hooks.airflow.providers.standard.hooks.subprocess.SubprocessHook","filename":"subprocess.py","lineno":99}
{"timestamp":"2026-06-27T08:46:26.748519Z","level":"info","event":"\u001b[0m08:46:26  2 of 2 OK created sql table model openf1_marts.mart_constructor_standings ...... [\u001b[32mCREATE TABLE (21.0 rows, 2.8 KiB processed)\u001b[0m in 2.27s]","logger":"airflow.task.hooks.airflow.providers.standard.hooks.subprocess.SubprocessHook","filename":"subprocess.py","lineno":99}
{"timestamp":"2026-06-27T08:46:26.880814Z","level":"info","event":"\u001b[0m08:46:26","logger":"airflow.task.hooks.airflow.providers.standard.hooks.subprocess.SubprocessHook","filename":"subprocess.py","lineno":99}
{"timestamp":"2026-06-27T08:46:26.883985Z","level":"info","event":"\u001b[0m08:46:26  Finished running 2 table models in 0 hours 0 minutes and 6.20 seconds (6.20s).","logger":"airflow.task.hooks.airflow.providers.standard.hooks.subprocess.SubprocessHook","filename":"subprocess.py","lineno":99}
{"timestamp":"2026-06-27T08:46:27.089633Z","level":"info","event":"\u001b[0m08:46:27","logger":"airflow.task.hooks.airflow.providers.standard.hooks.subprocess.SubprocessHook","filename":"subprocess.py","lineno":99}
{"timestamp":"2026-06-27T08:46:27.091198Z","level":"info","event":"\u001b[0m08:46:27  \u001b[32mCompleted successfully\u001b[0m","logger":"airflow.task.hooks.airflow.providers.standard.hooks.subprocess.SubprocessHook","filename":"subprocess.py","lineno":99}
{"timestamp":"2026-06-27T08:46:27.093034Z","level":"info","event":"\u001b[0m08:46:27","logger":"airflow.task.hooks.airflow.providers.standard.hooks.subprocess.SubprocessHook","filename":"subprocess.py","lineno":99}
{"timestamp":"2026-06-27T08:46:27.095531Z","level":"info","event":"\u001b[0m08:46:27  Done. PASS=2 WARN=0 ERROR=0 SKIP=0 NO-OP=0 TOTAL=2","logger":"airflow.task.hooks.airflow.providers.standard.hooks.subprocess.SubprocessHook","filename":"subprocess.py","lineno":99}
{"timestamp":"2026-06-27T08:46:29.146347Z","level":"info","event":"Command exited with return code 0","logger":"airflow.task.hooks.airflow.providers.standard.hooks.subprocess.SubprocessHook","filename":"subprocess.py","lineno":103}
{"timestamp":"2026-06-27T08:46:29.148663Z","level":"info","event":"Pushing xcom","ti":"RuntimeTaskInstance(id=UUID('019f083d-6557-74f1-b64b-94252dbc6286'), task_id='dbt_run_standings_marts', dag_id='02_openf1_fetch_every_sat_sun_mon', run_id='manual__2026-06-27T08:33:26.075674+00:00', try_number=2, dag_version_id=UUID('019f082e-f249-712c-b497-b4bf1a0fefb8'), map_index=-1, hostname='57434fd533db', context_carrier={'traceparent': '00-da9f03f79fe686705d2d24f3fac3f21c-f9ebb9644b6825c3-01'}, task=<Task(BashOperator): dbt_run_standings_marts>, bundle_instance=LocalDagBundle(name=dags-folder), max_tries=2, start_date=datetime.datetime(2026, 6, 27, 8, 46, 9, 524911, tzinfo=datetime.timezone.utc), end_date=None, state=<TaskInstanceState.RUNNING: 'running'>, is_mapped=False, rendered_map_index=None, sentry_integration='')","logger":"task","filename":"task_runner.py","lineno":1724}
