{"timestamp":"2026-06-20T09:16:10.189988Z","level":"info","event":"DAG bundles loaded: dags-folder","logger":"airflow.dag_processing.bundles.manager.DagBundlesManager","filename":"manager.py","lineno":209}
{"timestamp":"2026-06-20T09:16:10.191277Z","level":"info","event":"Filling up the DagBag from /opt/airflow/dags/openf1_session_results_bronze.py","logger":"airflow.dag_processing.dagbag.BundleDagBag","filename":"dagbag.py","lineno":469}
{"timestamp":"2026-06-20T09:16:10.566725Z","level":"warning","event":"The `airflow.operators.python.PythonOperator` attribute is deprecated. Please use `'airflow.providers.standard.operators.python.PythonOperator'`.","category":"UserWarning","filename":"/opt/airflow/dags/openf1_session_results_bronze.py","lineno":3,"logger":"py.warnings"}
{"timestamp":"2026-06-20T09:16:10.582947Z","level":"info","event":"Init Bigquery Client","logger":"openf1_de.fetch_bronze_session_results","filename":"fetch_bronze_session_results.py","lineno":63}
{"timestamp":"2026-06-20T09:16:10.612744Z","level":"info","event":"Fetch stg_sessions","logger":"openf1_de.fetch_bronze_session_results","filename":"fetch_bronze_session_results.py","lineno":65}
{"timestamp":"2026-06-20T09:16:12.510383Z","level":"info","event":"Using the only necessary tables columns: ['session_key', 'date_start', 'session_type', 'session_name', 'year'] and before 2026-06-20 09:16:12.510255+00:00","logger":"openf1_de.fetch_bronze_session_results","filename":"fetch_bronze_session_results.py","lineno":74}
{"timestamp":"2026-06-20T09:16:12.517354Z","level":"info","event":"Fetching the Session Results","logger":"openf1_de.fetch_bronze_session_results","filename":"fetch_bronze_session_results.py","lineno":80}
{"timestamp":"2026-06-20T09:16:12.518459Z","level":"info","event":"Fetching for url: https://api.openf1.org/v1/session_result?session_key=11465","logger":"openf1_de.fetch_bronze_session_results","filename":"fetch_bronze_session_results.py","lineno":94}
{"timestamp":"2026-06-20T09:16:13.056953Z","level":"info","event":"Fetching for url: https://api.openf1.org/v1/session_result?session_key=11466","logger":"openf1_de.fetch_bronze_session_results","filename":"fetch_bronze_session_results.py","lineno":94}
{"timestamp":"2026-06-20T09:16:13.576563Z","level":"info","event":"Fetching for url: https://api.openf1.org/v1/session_result?session_key=11467","logger":"openf1_de.fetch_bronze_session_results","filename":"fetch_bronze_session_results.py","lineno":94}
{"timestamp":"2026-06-20T09:16:14.097268Z","level":"info","event":"Fetching for url: https://api.openf1.org/v1/session_result?session_key=11470","logger":"openf1_de.fetch_bronze_session_results","filename":"fetch_bronze_session_results.py","lineno":94}
{"timestamp":"2026-06-20T09:16:14.617257Z","level":"info","event":"Fetching for url: https://api.openf1.org/v1/session_result?session_key=11469","logger":"openf1_de.fetch_bronze_session_results","filename":"fetch_bronze_session_results.py","lineno":94}
{"timestamp":"2026-06-20T09:16:15.135940Z","level":"info","event":"Fetching for url: https://api.openf1.org/v1/session_result?session_key=11468","logger":"openf1_de.fetch_bronze_session_results","filename":"fetch_bronze_session_results.py","lineno":94}
{"timestamp":"2026-06-20T09:16:15.656387Z","level":"info","event":"Fetching for url: https://api.openf1.org/v1/session_result?session_key=11227","logger":"openf1_de.fetch_bronze_session_results","filename":"fetch_bronze_session_results.py","lineno":94}
{"timestamp":"2026-06-20T09:16:16.175736Z","level":"info","event":"Fetching for url: https://api.openf1.org/v1/session_result?session_key=11228","logger":"openf1_de.fetch_bronze_session_results","filename":"fetch_bronze_session_results.py","lineno":94}
{"timestamp":"2026-06-20T09:16:16.796272Z","level":"info","event":"Fetching for url: https://api.openf1.org/v1/session_result?session_key=11229","logger":"openf1_de.fetch_bronze_session_results","filename":"fetch_bronze_session_results.py","lineno":94}
{"timestamp":"2026-06-20T09:16:17.325960Z","level":"info","event":"Fetching for url: https://api.openf1.org/v1/session_result?session_key=11230","logger":"openf1_de.fetch_bronze_session_results","filename":"fetch_bronze_session_results.py","lineno":94}
{"timestamp":"2026-06-20T09:16:17.846248Z","level":"info","event":"Fetching for url: https://api.openf1.org/v1/session_result?session_key=11234","logger":"openf1_de.fetch_bronze_session_results","filename":"fetch_bronze_session_results.py","lineno":94}
{"timestamp":"2026-06-20T09:16:18.364545Z","level":"info","event":"Fetching for url: https://api.openf1.org/v1/session_result?session_key=11235","logger":"openf1_de.fetch_bronze_session_results","filename":"fetch_bronze_session_results.py","lineno":94}
{"timestamp":"2026-06-20T09:16:18.887079Z","level":"info","event":"Fetching for url: https://api.openf1.org/v1/session_result?session_key=11236","logger":"openf1_de.fetch_bronze_session_results","filename":"fetch_bronze_session_results.py","lineno":94}
{"timestamp":"2026-06-20T09:16:19.410945Z","level":"info","event":"Fetching for url: https://api.openf1.org/v1/session_result?session_key=11240","logger":"openf1_de.fetch_bronze_session_results","filename":"fetch_bronze_session_results.py","lineno":94}
{"timestamp":"2026-06-20T09:16:19.941086Z","level":"info","event":"Fetching for url: https://api.openf1.org/v1/session_result?session_key=11241","logger":"openf1_de.fetch_bronze_session_results","filename":"fetch_bronze_session_results.py","lineno":94}
{"timestamp":"2026-06-20T09:16:20.464301Z","level":"info","event":"Fetching for url: https://api.openf1.org/v1/session_result?session_key=11245","logger":"openf1_de.fetch_bronze_session_results","filename":"fetch_bronze_session_results.py","lineno":94}
{"timestamp":"2026-06-20T09:16:21.018875Z","level":"info","event":"Fetching for url: https://api.openf1.org/v1/session_result?session_key=11246","logger":"openf1_de.fetch_bronze_session_results","filename":"fetch_bronze_session_results.py","lineno":94}
{"timestamp":"2026-06-20T09:16:21.542982Z","level":"info","event":"Fetching for url: https://api.openf1.org/v1/session_result?session_key=11247","logger":"openf1_de.fetch_bronze_session_results","filename":"fetch_bronze_session_results.py","lineno":94}
{"timestamp":"2026-06-20T09:16:22.276451Z","level":"info","event":"Fetching for url: https://api.openf1.org/v1/session_result?session_key=11248","logger":"openf1_de.fetch_bronze_session_results","filename":"fetch_bronze_session_results.py","lineno":94}
{"timestamp":"2026-06-20T09:16:22.815870Z","level":"info","event":"Fetching for url: https://api.openf1.org/v1/session_result?session_key=11249","logger":"openf1_de.fetch_bronze_session_results","filename":"fetch_bronze_session_results.py","lineno":94}
{"timestamp":"2026-06-20T09:16:23.336633Z","level":"info","event":"Fetching for url: https://api.openf1.org/v1/session_result?session_key=11253","logger":"openf1_de.fetch_bronze_session_results","filename":"fetch_bronze_session_results.py","lineno":94}
{"timestamp":"2026-06-20T09:16:23.854444Z","level":"info","event":"Fetching for url: https://api.openf1.org/v1/session_result?session_key=11254","logger":"openf1_de.fetch_bronze_session_results","filename":"fetch_bronze_session_results.py","lineno":94}
{"timestamp":"2026-06-20T09:16:24.370731Z","level":"error","event":"404: Not found for https://api.openf1.org/v1/session_result?session_key=11254","logger":"openf1_de.fetch_bronze_session_results","filename":"fetch_bronze_session_results.py","lineno":111}
{"timestamp":"2026-06-20T09:16:24.371033Z","level":"info","event":"Fetching for url: https://api.openf1.org/v1/session_result?session_key=11255","logger":"openf1_de.fetch_bronze_session_results","filename":"fetch_bronze_session_results.py","lineno":94}
{"timestamp":"2026-06-20T09:16:25.787131Z","level":"error","event":"404: Not found for https://api.openf1.org/v1/session_result?session_key=11255","logger":"openf1_de.fetch_bronze_session_results","filename":"fetch_bronze_session_results.py","lineno":111}
{"timestamp":"2026-06-20T09:16:25.787414Z","level":"info","event":"Fetching for url: https://api.openf1.org/v1/session_result?session_key=11256","logger":"openf1_de.fetch_bronze_session_results","filename":"fetch_bronze_session_results.py","lineno":94}
{"timestamp":"2026-06-20T09:16:28.592161Z","level":"error","event":"404: Not found for https://api.openf1.org/v1/session_result?session_key=11256","logger":"openf1_de.fetch_bronze_session_results","filename":"fetch_bronze_session_results.py","lineno":111}
{"timestamp":"2026-06-20T09:16:28.592429Z","level":"info","event":"Fetching for url: https://api.openf1.org/v1/session_result?session_key=11257","logger":"openf1_de.fetch_bronze_session_results","filename":"fetch_bronze_session_results.py","lineno":94}
{"timestamp":"2026-06-20T09:16:29.113468Z","level":"error","event":"404: Not found for https://api.openf1.org/v1/session_result?session_key=11257","logger":"openf1_de.fetch_bronze_session_results","filename":"fetch_bronze_session_results.py","lineno":111}
{"timestamp":"2026-06-20T09:16:29.113743Z","level":"info","event":"Fetching for url: https://api.openf1.org/v1/session_result?session_key=11261","logger":"openf1_de.fetch_bronze_session_results","filename":"fetch_bronze_session_results.py","lineno":94}
{"timestamp":"2026-06-20T09:16:29.631480Z","level":"error","event":"404: Not found for https://api.openf1.org/v1/session_result?session_key=11261","logger":"openf1_de.fetch_bronze_session_results","filename":"fetch_bronze_session_results.py","lineno":111}
{"timestamp":"2026-06-20T09:16:29.631762Z","level":"info","event":"Fetching for url: https://api.openf1.org/v1/session_result?session_key=11262","logger":"openf1_de.fetch_bronze_session_results","filename":"fetch_bronze_session_results.py","lineno":94}
{"timestamp":"2026-06-20T09:16:30.150906Z","level":"error","event":"404: Not found for https://api.openf1.org/v1/session_result?session_key=11262","logger":"openf1_de.fetch_bronze_session_results","filename":"fetch_bronze_session_results.py","lineno":111}
{"timestamp":"2026-06-20T09:16:30.151171Z","level":"info","event":"Fetching for url: https://api.openf1.org/v1/session_result?session_key=11263","logger":"openf1_de.fetch_bronze_session_results","filename":"fetch_bronze_session_results.py","lineno":94}
{"timestamp":"2026-06-20T09:16:30.671682Z","level":"error","event":"404: Not found for https://api.openf1.org/v1/session_result?session_key=11263","logger":"openf1_de.fetch_bronze_session_results","filename":"fetch_bronze_session_results.py","lineno":111}
{"timestamp":"2026-06-20T09:16:30.671953Z","level":"info","event":"Fetching for url: https://api.openf1.org/v1/session_result?session_key=11264","logger":"openf1_de.fetch_bronze_session_results","filename":"fetch_bronze_session_results.py","lineno":94}
{"timestamp":"2026-06-20T09:16:31.192343Z","level":"error","event":"404: Not found for https://api.openf1.org/v1/session_result?session_key=11264","logger":"openf1_de.fetch_bronze_session_results","filename":"fetch_bronze_session_results.py","lineno":111}
{"timestamp":"2026-06-20T09:16:31.192664Z","level":"info","event":"Fetching for url: https://api.openf1.org/v1/session_result?session_key=11265","logger":"openf1_de.fetch_bronze_session_results","filename":"fetch_bronze_session_results.py","lineno":94}
{"timestamp":"2026-06-20T09:16:31.714986Z","level":"error","event":"404: Not found for https://api.openf1.org/v1/session_result?session_key=11265","logger":"openf1_de.fetch_bronze_session_results","filename":"fetch_bronze_session_results.py","lineno":111}
{"timestamp":"2026-06-20T09:16:31.715258Z","level":"info","event":"Fetching for url: https://api.openf1.org/v1/session_result?session_key=11269","logger":"openf1_de.fetch_bronze_session_results","filename":"fetch_bronze_session_results.py","lineno":94}
{"timestamp":"2026-06-20T09:16:32.233732Z","level":"error","event":"429: Waiting 27.8s until next minute...","logger":"openf1_de.fetch_bronze_session_results","filename":"fetch_bronze_session_results.py","lineno":107}
{"timestamp":"2026-06-20T09:17:00.522996Z","level":"error","event":"404: Not found for https://api.openf1.org/v1/session_result?session_key=11269","logger":"openf1_de.fetch_bronze_session_results","filename":"fetch_bronze_session_results.py","lineno":111}
{"timestamp":"2026-06-20T09:17:00.523352Z","level":"info","event":"Fetching for url: https://api.openf1.org/v1/session_result?session_key=11270","logger":"openf1_de.fetch_bronze_session_results","filename":"fetch_bronze_session_results.py","lineno":94}
{"timestamp":"2026-06-20T09:17:01.044466Z","level":"info","event":"Fetching for url: https://api.openf1.org/v1/session_result?session_key=11271","logger":"openf1_de.fetch_bronze_session_results","filename":"fetch_bronze_session_results.py","lineno":94}
{"timestamp":"2026-06-20T09:17:01.564869Z","level":"info","event":"Fetching for url: https://api.openf1.org/v1/session_result?session_key=11275","logger":"openf1_de.fetch_bronze_session_results","filename":"fetch_bronze_session_results.py","lineno":94}
{"timestamp":"2026-06-20T09:17:02.084808Z","level":"info","event":"Fetching for url: https://api.openf1.org/v1/session_result?session_key=11276","logger":"openf1_de.fetch_bronze_session_results","filename":"fetch_bronze_session_results.py","lineno":94}
{"timestamp":"2026-06-20T09:17:02.610632Z","level":"info","event":"Fetching for url: https://api.openf1.org/v1/session_result?session_key=11280","logger":"openf1_de.fetch_bronze_session_results","filename":"fetch_bronze_session_results.py","lineno":94}
{"timestamp":"2026-06-20T09:17:03.134040Z","level":"info","event":"Fetching for url: https://api.openf1.org/v1/session_result?session_key=11281","logger":"openf1_de.fetch_bronze_session_results","filename":"fetch_bronze_session_results.py","lineno":94}
{"timestamp":"2026-06-20T09:17:03.655197Z","level":"info","event":"Fetching for url: https://api.openf1.org/v1/session_result?session_key=11282","logger":"openf1_de.fetch_bronze_session_results","filename":"fetch_bronze_session_results.py","lineno":94}
{"timestamp":"2026-06-20T09:17:04.180020Z","level":"info","event":"Fetching for url: https://api.openf1.org/v1/session_result?session_key=11286","logger":"openf1_de.fetch_bronze_session_results","filename":"fetch_bronze_session_results.py","lineno":94}
{"timestamp":"2026-06-20T09:17:04.710423Z","level":"info","event":"Fetching for url: https://api.openf1.org/v1/session_result?session_key=11287","logger":"openf1_de.fetch_bronze_session_results","filename":"fetch_bronze_session_results.py","lineno":94}
{"timestamp":"2026-06-20T09:17:05.235818Z","level":"info","event":"Fetching for url: https://api.openf1.org/v1/session_result?session_key=11291","logger":"openf1_de.fetch_bronze_session_results","filename":"fetch_bronze_session_results.py","lineno":94}
{"timestamp":"2026-06-20T09:17:05.761666Z","level":"info","event":"Fetching for url: https://api.openf1.org/v1/session_result?session_key=11292","logger":"openf1_de.fetch_bronze_session_results","filename":"fetch_bronze_session_results.py","lineno":94}
{"timestamp":"2026-06-20T09:17:06.286814Z","level":"info","event":"Fetching for url: https://api.openf1.org/v1/session_result?session_key=11293","logger":"openf1_de.fetch_bronze_session_results","filename":"fetch_bronze_session_results.py","lineno":94}
{"timestamp":"2026-06-20T09:17:06.811707Z","level":"info","event":"Fetching for url: https://api.openf1.org/v1/session_result?session_key=11294","logger":"openf1_de.fetch_bronze_session_results","filename":"fetch_bronze_session_results.py","lineno":94}
{"timestamp":"2026-06-20T09:17:07.335654Z","level":"info","event":"Fetching for url: https://api.openf1.org/v1/session_result?session_key=11295","logger":"openf1_de.fetch_bronze_session_results","filename":"fetch_bronze_session_results.py","lineno":94}
{"timestamp":"2026-06-20T09:17:07.861450Z","level":"info","event":"Fetching for url: https://api.openf1.org/v1/session_result?session_key=11299","logger":"openf1_de.fetch_bronze_session_results","filename":"fetch_bronze_session_results.py","lineno":94}
{"timestamp":"2026-06-20T09:17:08.390405Z","level":"info","event":"Fetching for url: https://api.openf1.org/v1/session_result?session_key=11300","logger":"openf1_de.fetch_bronze_session_results","filename":"fetch_bronze_session_results.py","lineno":94}
{"timestamp":"2026-06-20T09:17:08.913633Z","level":"info","event":"Fetching for url: https://api.openf1.org/v1/session_result?session_key=11301","logger":"openf1_de.fetch_bronze_session_results","filename":"fetch_bronze_session_results.py","lineno":94}
{"timestamp":"2026-06-20T09:17:09.440939Z","level":"info","event":"Fetching for url: https://api.openf1.org/v1/session_result?session_key=11302","logger":"openf1_de.fetch_bronze_session_results","filename":"fetch_bronze_session_results.py","lineno":94}
{"timestamp":"2026-06-20T09:17:09.964832Z","level":"info","event":"Fetching for url: https://api.openf1.org/v1/session_result?session_key=11303","logger":"openf1_de.fetch_bronze_session_results","filename":"fetch_bronze_session_results.py","lineno":94}
{"timestamp":"2026-06-20T09:17:10.490288Z","level":"info","event":"Fetching for url: https://api.openf1.org/v1/session_result?session_key=11307","logger":"openf1_de.fetch_bronze_session_results","filename":"fetch_bronze_session_results.py","lineno":94}
{"timestamp":"2026-06-20T09:17:11.015332Z","level":"info","event":"Concatting the dataframes","logger":"openf1_de.fetch_bronze_session_results","filename":"fetch_bronze_session_results.py","lineno":124}
{"timestamp":"2026-06-20T09:17:11.025585Z","level":"info","event":"Merging df_sr with df_sessions","logger":"openf1_de.fetch_bronze_session_results","filename":"fetch_bronze_session_results.py","lineno":127}
{"timestamp":"2026-06-20T09:17:11.030509Z","level":"info","event":"Convert the ['duration', 'gap_to_leader'] columns into string","logger":"openf1_de.fetch_bronze_session_results","filename":"fetch_bronze_session_results.py","lineno":131}
{"timestamp":"2026-06-20T09:17:11.031645Z","level":"info","event":"Uploading to GCS to bronze/session_results/2026.parquet","logger":"openf1_de.fetch_bronze_session_results","filename":"fetch_bronze_session_results.py","lineno":135}
{"timestamp":"2026-06-20T09:17:11.624521Z","level":"info","event":"WIthout local save Cannot save file into a non-existent directory: '../../data/bronze/session_results'","logger":"openf1_de.fetch_bronze_session_results","filename":"fetch_bronze_session_results.py","lineno":59}
{"timestamp":"2026-06-20T09:17:11.625308Z","level":"info","event":"Done. Returned value was: None","logger":"airflow.task.operators.airflow.providers.standard.operators.python.PythonOperator","filename":"python.py","lineno":229}
