{"timestamp":"2026-06-25T11:47:57.819191Z","level":"info","event":"DAG bundles loaded: dags-folder","logger":"airflow.dag_processing.bundles.manager.DagBundlesManager","filename":"manager.py","lineno":209}
{"timestamp":"2026-06-25T11:47:57.823996Z","level":"info","event":"Filling up the DagBag from /opt/airflow/dags/openf1_session_results.py","logger":"airflow.dag_processing.dagbag.BundleDagBag","filename":"dagbag.py","lineno":469}
{"timestamp":"2026-06-25T11:47:59.859006Z","level":"warning","event":"The `airflow.operators.python.PythonOperator` attribute is deprecated. Please use `'airflow.providers.standard.operators.python.PythonOperator'`.","category":"UserWarning","filename":"/opt/airflow/dags/openf1_session_results.py","lineno":3,"logger":"py.warnings"}
{"timestamp":"2026-06-25T11:47:59.859203Z","level":"warning","event":"The `airflow.operators.bash.BashOperator` attribute is deprecated. Please use `'airflow.providers.standard.operators.bash.BashOperator'`.","category":"UserWarning","filename":"/opt/airflow/dags/openf1_session_results.py","lineno":4,"logger":"py.warnings"}
{"timestamp":"2026-06-25T11:47:59.918392Z","level":"info","event":"Init Bigquery Client","logger":"openf1_de.fetch_bronze_session_results","filename":"fetch_bronze_session_results.py","lineno":92}
{"timestamp":"2026-06-25T11:47:59.975034Z","level":"info","event":"Fetch stg_sessions","logger":"openf1_de.fetch_bronze_session_results","filename":"fetch_bronze_session_results.py","lineno":95}
{"timestamp":"2026-06-25T11:48:02.386477Z","level":"info","event":"Using columns ['session_key', 'date_start', 'session_type', 'session_name', 'year'] for sessions before 2026-06-25 11:48:02.385609+00:00","logger":"openf1_de.fetch_bronze_session_results","filename":"fetch_bronze_session_results.py","lineno":100}
{"timestamp":"2026-06-25T11:48:02.395807Z","level":"info","event":"Fetching session results and drivers per session","logger":"openf1_de.fetch_bronze_session_results","filename":"fetch_bronze_session_results.py","lineno":107}
{"timestamp":"2026-06-25T11:48:02.397615Z","level":"info","event":"Fetching session results: https://api.openf1.org/v1/session_result?session_key=11465","logger":"openf1_de.fetch_bronze_session_results","filename":"fetch_bronze_session_results.py","lineno":113}
{"timestamp":"2026-06-25T11:48:03.162224Z","level":"info","event":"Fetching drivers: https://api.openf1.org/v1/drivers?session_key=11465","logger":"openf1_de.fetch_bronze_session_results","filename":"fetch_bronze_session_results.py","lineno":120}
{"timestamp":"2026-06-25T11:48:03.770977Z","level":"info","event":"Fetching session results: https://api.openf1.org/v1/session_result?session_key=11466","logger":"openf1_de.fetch_bronze_session_results","filename":"fetch_bronze_session_results.py","lineno":113}
{"timestamp":"2026-06-25T11:48:04.413691Z","level":"info","event":"Fetching drivers: https://api.openf1.org/v1/drivers?session_key=11466","logger":"openf1_de.fetch_bronze_session_results","filename":"fetch_bronze_session_results.py","lineno":120}
{"timestamp":"2026-06-25T11:48:05.020312Z","level":"info","event":"Fetching session results: https://api.openf1.org/v1/session_result?session_key=11467","logger":"openf1_de.fetch_bronze_session_results","filename":"fetch_bronze_session_results.py","lineno":113}
{"timestamp":"2026-06-25T11:48:05.652038Z","level":"info","event":"Fetching drivers: https://api.openf1.org/v1/drivers?session_key=11467","logger":"openf1_de.fetch_bronze_session_results","filename":"fetch_bronze_session_results.py","lineno":120}
{"timestamp":"2026-06-25T11:48:06.348951Z","level":"info","event":"Fetching session results: https://api.openf1.org/v1/session_result?session_key=11470","logger":"openf1_de.fetch_bronze_session_results","filename":"fetch_bronze_session_results.py","lineno":113}
{"timestamp":"2026-06-25T11:48:06.955331Z","level":"info","event":"Fetching drivers: https://api.openf1.org/v1/drivers?session_key=11470","logger":"openf1_de.fetch_bronze_session_results","filename":"fetch_bronze_session_results.py","lineno":120}
{"timestamp":"2026-06-25T11:48:07.569664Z","level":"info","event":"Fetching session results: https://api.openf1.org/v1/session_result?session_key=11469","logger":"openf1_de.fetch_bronze_session_results","filename":"fetch_bronze_session_results.py","lineno":113}
{"timestamp":"2026-06-25T11:48:08.233357Z","level":"info","event":"Fetching drivers: https://api.openf1.org/v1/drivers?session_key=11469","logger":"openf1_de.fetch_bronze_session_results","filename":"fetch_bronze_session_results.py","lineno":120}
{"timestamp":"2026-06-25T11:48:08.877010Z","level":"info","event":"Fetching session results: https://api.openf1.org/v1/session_result?session_key=11468","logger":"openf1_de.fetch_bronze_session_results","filename":"fetch_bronze_session_results.py","lineno":113}
{"timestamp":"2026-06-25T11:48:09.470954Z","level":"info","event":"Fetching drivers: https://api.openf1.org/v1/drivers?session_key=11468","logger":"openf1_de.fetch_bronze_session_results","filename":"fetch_bronze_session_results.py","lineno":120}
{"timestamp":"2026-06-25T11:48:10.127752Z","level":"info","event":"Fetching session results: https://api.openf1.org/v1/session_result?session_key=11227","logger":"openf1_de.fetch_bronze_session_results","filename":"fetch_bronze_session_results.py","lineno":113}
{"timestamp":"2026-06-25T11:48:10.797386Z","level":"info","event":"Fetching drivers: https://api.openf1.org/v1/drivers?session_key=11227","logger":"openf1_de.fetch_bronze_session_results","filename":"fetch_bronze_session_results.py","lineno":120}
{"timestamp":"2026-06-25T11:48:11.417754Z","level":"info","event":"Fetching session results: https://api.openf1.org/v1/session_result?session_key=11228","logger":"openf1_de.fetch_bronze_session_results","filename":"fetch_bronze_session_results.py","lineno":113}
{"timestamp":"2026-06-25T11:48:12.024620Z","level":"info","event":"Fetching drivers: https://api.openf1.org/v1/drivers?session_key=11228","logger":"openf1_de.fetch_bronze_session_results","filename":"fetch_bronze_session_results.py","lineno":120}
{"timestamp":"2026-06-25T11:48:12.636004Z","level":"info","event":"Fetching session results: https://api.openf1.org/v1/session_result?session_key=11229","logger":"openf1_de.fetch_bronze_session_results","filename":"fetch_bronze_session_results.py","lineno":113}
{"timestamp":"2026-06-25T11:48:13.300363Z","level":"info","event":"Fetching drivers: https://api.openf1.org/v1/drivers?session_key=11229","logger":"openf1_de.fetch_bronze_session_results","filename":"fetch_bronze_session_results.py","lineno":120}
{"timestamp":"2026-06-25T11:48:14.003021Z","level":"info","event":"Fetching session results: https://api.openf1.org/v1/session_result?session_key=11230","logger":"openf1_de.fetch_bronze_session_results","filename":"fetch_bronze_session_results.py","lineno":113}
{"timestamp":"2026-06-25T11:48:14.629531Z","level":"info","event":"Fetching drivers: https://api.openf1.org/v1/drivers?session_key=11230","logger":"openf1_de.fetch_bronze_session_results","filename":"fetch_bronze_session_results.py","lineno":120}
{"timestamp":"2026-06-25T11:48:15.285465Z","level":"info","event":"Fetching session results: https://api.openf1.org/v1/session_result?session_key=11234","logger":"openf1_de.fetch_bronze_session_results","filename":"fetch_bronze_session_results.py","lineno":113}
{"timestamp":"2026-06-25T11:48:15.935257Z","level":"info","event":"Fetching drivers: https://api.openf1.org/v1/drivers?session_key=11234","logger":"openf1_de.fetch_bronze_session_results","filename":"fetch_bronze_session_results.py","lineno":120}
{"timestamp":"2026-06-25T11:48:16.528879Z","level":"info","event":"Fetching session results: https://api.openf1.org/v1/session_result?session_key=11235","logger":"openf1_de.fetch_bronze_session_results","filename":"fetch_bronze_session_results.py","lineno":113}
{"timestamp":"2026-06-25T11:48:17.124327Z","level":"info","event":"Fetching drivers: https://api.openf1.org/v1/drivers?session_key=11235","logger":"openf1_de.fetch_bronze_session_results","filename":"fetch_bronze_session_results.py","lineno":120}
{"timestamp":"2026-06-25T11:48:17.768630Z","level":"info","event":"Fetching session results: https://api.openf1.org/v1/session_result?session_key=11236","logger":"openf1_de.fetch_bronze_session_results","filename":"fetch_bronze_session_results.py","lineno":113}
{"timestamp":"2026-06-25T11:48:18.384107Z","level":"info","event":"Fetching drivers: https://api.openf1.org/v1/drivers?session_key=11236","logger":"openf1_de.fetch_bronze_session_results","filename":"fetch_bronze_session_results.py","lineno":120}
{"timestamp":"2026-06-25T11:48:19.078862Z","level":"info","event":"Fetching session results: https://api.openf1.org/v1/session_result?session_key=11240","logger":"openf1_de.fetch_bronze_session_results","filename":"fetch_bronze_session_results.py","lineno":113}
{"timestamp":"2026-06-25T11:48:19.710142Z","level":"info","event":"Fetching drivers: https://api.openf1.org/v1/drivers?session_key=11240","logger":"openf1_de.fetch_bronze_session_results","filename":"fetch_bronze_session_results.py","lineno":120}
{"timestamp":"2026-06-25T11:48:20.390067Z","level":"info","event":"Fetching session results: https://api.openf1.org/v1/session_result?session_key=11241","logger":"openf1_de.fetch_bronze_session_results","filename":"fetch_bronze_session_results.py","lineno":113}
{"timestamp":"2026-06-25T11:48:21.001856Z","level":"info","event":"Fetching drivers: https://api.openf1.org/v1/drivers?session_key=11241","logger":"openf1_de.fetch_bronze_session_results","filename":"fetch_bronze_session_results.py","lineno":120}
{"timestamp":"2026-06-25T11:48:21.688079Z","level":"info","event":"Fetching session results: https://api.openf1.org/v1/session_result?session_key=11245","logger":"openf1_de.fetch_bronze_session_results","filename":"fetch_bronze_session_results.py","lineno":113}
{"timestamp":"2026-06-25T11:48:22.328123Z","level":"error","event":"429: Waiting 37.7s until next minute...","logger":"openf1_de.fetch_bronze_session_results","filename":"fetch_bronze_session_results.py","lineno":56}
{"timestamp":"2026-06-25T11:49:00.620102Z","level":"error","event":"429: Waiting 59.4s until next minute...","logger":"openf1_de.fetch_bronze_session_results","filename":"fetch_bronze_session_results.py","lineno":56}
{"timestamp":"2026-06-25T11:50:00.630961Z","level":"info","event":"Fetching drivers: https://api.openf1.org/v1/drivers?session_key=11245","logger":"openf1_de.fetch_bronze_session_results","filename":"fetch_bronze_session_results.py","lineno":120}
{"timestamp":"2026-06-25T11:50:01.235711Z","level":"info","event":"Fetching session results: https://api.openf1.org/v1/session_result?session_key=11246","logger":"openf1_de.fetch_bronze_session_results","filename":"fetch_bronze_session_results.py","lineno":113}
{"timestamp":"2026-06-25T11:50:01.829628Z","level":"info","event":"Fetching drivers: https://api.openf1.org/v1/drivers?session_key=11246","logger":"openf1_de.fetch_bronze_session_results","filename":"fetch_bronze_session_results.py","lineno":120}
{"timestamp":"2026-06-25T11:50:02.521875Z","level":"info","event":"Fetching session results: https://api.openf1.org/v1/session_result?session_key=11247","logger":"openf1_de.fetch_bronze_session_results","filename":"fetch_bronze_session_results.py","lineno":113}
{"timestamp":"2026-06-25T11:50:03.115723Z","level":"info","event":"Fetching drivers: https://api.openf1.org/v1/drivers?session_key=11247","logger":"openf1_de.fetch_bronze_session_results","filename":"fetch_bronze_session_results.py","lineno":120}
{"timestamp":"2026-06-25T11:50:03.769822Z","level":"info","event":"Fetching session results: https://api.openf1.org/v1/session_result?session_key=11248","logger":"openf1_de.fetch_bronze_session_results","filename":"fetch_bronze_session_results.py","lineno":113}
{"timestamp":"2026-06-25T11:50:04.468844Z","level":"info","event":"Fetching drivers: https://api.openf1.org/v1/drivers?session_key=11248","logger":"openf1_de.fetch_bronze_session_results","filename":"fetch_bronze_session_results.py","lineno":120}
{"timestamp":"2026-06-25T11:50:05.177587Z","level":"info","event":"Fetching session results: https://api.openf1.org/v1/session_result?session_key=11249","logger":"openf1_de.fetch_bronze_session_results","filename":"fetch_bronze_session_results.py","lineno":113}
{"timestamp":"2026-06-25T11:50:05.978755Z","level":"info","event":"Fetching drivers: https://api.openf1.org/v1/drivers?session_key=11249","logger":"openf1_de.fetch_bronze_session_results","filename":"fetch_bronze_session_results.py","lineno":120}
{"timestamp":"2026-06-25T11:50:06.602161Z","level":"info","event":"Fetching session results: https://api.openf1.org/v1/session_result?session_key=11253","logger":"openf1_de.fetch_bronze_session_results","filename":"fetch_bronze_session_results.py","lineno":113}
{"timestamp":"2026-06-25T11:50:07.247165Z","level":"info","event":"Fetching drivers: https://api.openf1.org/v1/drivers?session_key=11253","logger":"openf1_de.fetch_bronze_session_results","filename":"fetch_bronze_session_results.py","lineno":120}
{"timestamp":"2026-06-25T11:50:07.903837Z","level":"info","event":"Fetching session results: https://api.openf1.org/v1/session_result?session_key=11254","logger":"openf1_de.fetch_bronze_session_results","filename":"fetch_bronze_session_results.py","lineno":113}
{"timestamp":"2026-06-25T11:50:08.620714Z","level":"error","event":"404: Not found for https://api.openf1.org/v1/session_result?session_key=11254","logger":"openf1_de.fetch_bronze_session_results","filename":"fetch_bronze_session_results.py","lineno":60}
{"timestamp":"2026-06-25T11:50:08.621105Z","level":"info","event":"Fetching drivers: https://api.openf1.org/v1/drivers?session_key=11254","logger":"openf1_de.fetch_bronze_session_results","filename":"fetch_bronze_session_results.py","lineno":120}
{"timestamp":"2026-06-25T11:50:09.265332Z","level":"info","event":"Fetching session results: https://api.openf1.org/v1/session_result?session_key=11255","logger":"openf1_de.fetch_bronze_session_results","filename":"fetch_bronze_session_results.py","lineno":113}
{"timestamp":"2026-06-25T11:50:09.952784Z","level":"error","event":"404: Not found for https://api.openf1.org/v1/session_result?session_key=11255","logger":"openf1_de.fetch_bronze_session_results","filename":"fetch_bronze_session_results.py","lineno":60}
{"timestamp":"2026-06-25T11:50:09.953142Z","level":"info","event":"Fetching drivers: https://api.openf1.org/v1/drivers?session_key=11255","logger":"openf1_de.fetch_bronze_session_results","filename":"fetch_bronze_session_results.py","lineno":120}
{"timestamp":"2026-06-25T11:50:10.630041Z","level":"info","event":"Fetching session results: https://api.openf1.org/v1/session_result?session_key=11256","logger":"openf1_de.fetch_bronze_session_results","filename":"fetch_bronze_session_results.py","lineno":113}
{"timestamp":"2026-06-25T11:50:11.235999Z","level":"error","event":"404: Not found for https://api.openf1.org/v1/session_result?session_key=11256","logger":"openf1_de.fetch_bronze_session_results","filename":"fetch_bronze_session_results.py","lineno":60}
{"timestamp":"2026-06-25T11:50:11.236345Z","level":"info","event":"Fetching drivers: https://api.openf1.org/v1/drivers?session_key=11256","logger":"openf1_de.fetch_bronze_session_results","filename":"fetch_bronze_session_results.py","lineno":120}
{"timestamp":"2026-06-25T11:50:11.832772Z","level":"info","event":"Fetching session results: https://api.openf1.org/v1/session_result?session_key=11257","logger":"openf1_de.fetch_bronze_session_results","filename":"fetch_bronze_session_results.py","lineno":113}
{"timestamp":"2026-06-25T11:50:12.473816Z","level":"error","event":"404: Not found for https://api.openf1.org/v1/session_result?session_key=11257","logger":"openf1_de.fetch_bronze_session_results","filename":"fetch_bronze_session_results.py","lineno":60}
{"timestamp":"2026-06-25T11:50:12.474255Z","level":"info","event":"Fetching drivers: https://api.openf1.org/v1/drivers?session_key=11257","logger":"openf1_de.fetch_bronze_session_results","filename":"fetch_bronze_session_results.py","lineno":120}
{"timestamp":"2026-06-25T11:50:13.083388Z","level":"info","event":"Fetching session results: https://api.openf1.org/v1/session_result?session_key=11261","logger":"openf1_de.fetch_bronze_session_results","filename":"fetch_bronze_session_results.py","lineno":113}
{"timestamp":"2026-06-25T11:50:13.710575Z","level":"error","event":"404: Not found for https://api.openf1.org/v1/session_result?session_key=11261","logger":"openf1_de.fetch_bronze_session_results","filename":"fetch_bronze_session_results.py","lineno":60}
{"timestamp":"2026-06-25T11:50:13.710941Z","level":"info","event":"Fetching drivers: https://api.openf1.org/v1/drivers?session_key=11261","logger":"openf1_de.fetch_bronze_session_results","filename":"fetch_bronze_session_results.py","lineno":120}
{"timestamp":"2026-06-25T11:50:14.318392Z","level":"info","event":"Fetching session results: https://api.openf1.org/v1/session_result?session_key=11262","logger":"openf1_de.fetch_bronze_session_results","filename":"fetch_bronze_session_results.py","lineno":113}
{"timestamp":"2026-06-25T11:50:14.920992Z","level":"error","event":"404: Not found for https://api.openf1.org/v1/session_result?session_key=11262","logger":"openf1_de.fetch_bronze_session_results","filename":"fetch_bronze_session_results.py","lineno":60}
{"timestamp":"2026-06-25T11:50:14.921328Z","level":"info","event":"Fetching drivers: https://api.openf1.org/v1/drivers?session_key=11262","logger":"openf1_de.fetch_bronze_session_results","filename":"fetch_bronze_session_results.py","lineno":120}
{"timestamp":"2026-06-25T11:50:15.534616Z","level":"info","event":"Fetching session results: https://api.openf1.org/v1/session_result?session_key=11263","logger":"openf1_de.fetch_bronze_session_results","filename":"fetch_bronze_session_results.py","lineno":113}
{"timestamp":"2026-06-25T11:50:16.200991Z","level":"error","event":"404: Not found for https://api.openf1.org/v1/session_result?session_key=11263","logger":"openf1_de.fetch_bronze_session_results","filename":"fetch_bronze_session_results.py","lineno":60}
{"timestamp":"2026-06-25T11:50:16.201475Z","level":"info","event":"Fetching drivers: https://api.openf1.org/v1/drivers?session_key=11263","logger":"openf1_de.fetch_bronze_session_results","filename":"fetch_bronze_session_results.py","lineno":120}
{"timestamp":"2026-06-25T11:50:16.808187Z","level":"info","event":"Fetching session results: https://api.openf1.org/v1/session_result?session_key=11264","logger":"openf1_de.fetch_bronze_session_results","filename":"fetch_bronze_session_results.py","lineno":113}
{"timestamp":"2026-06-25T11:50:17.494654Z","level":"error","event":"404: Not found for https://api.openf1.org/v1/session_result?session_key=11264","logger":"openf1_de.fetch_bronze_session_results","filename":"fetch_bronze_session_results.py","lineno":60}
{"timestamp":"2026-06-25T11:50:17.495229Z","level":"info","event":"Fetching drivers: https://api.openf1.org/v1/drivers?session_key=11264","logger":"openf1_de.fetch_bronze_session_results","filename":"fetch_bronze_session_results.py","lineno":120}
{"timestamp":"2026-06-25T11:50:18.177710Z","level":"info","event":"Fetching session results: https://api.openf1.org/v1/session_result?session_key=11265","logger":"openf1_de.fetch_bronze_session_results","filename":"fetch_bronze_session_results.py","lineno":113}
{"timestamp":"2026-06-25T11:50:18.786844Z","level":"error","event":"404: Not found for https://api.openf1.org/v1/session_result?session_key=11265","logger":"openf1_de.fetch_bronze_session_results","filename":"fetch_bronze_session_results.py","lineno":60}
{"timestamp":"2026-06-25T11:50:18.787697Z","level":"info","event":"Fetching drivers: https://api.openf1.org/v1/drivers?session_key=11265","logger":"openf1_de.fetch_bronze_session_results","filename":"fetch_bronze_session_results.py","lineno":120}
{"timestamp":"2026-06-25T11:50:19.478441Z","level":"info","event":"Fetching session results: https://api.openf1.org/v1/session_result?session_key=11269","logger":"openf1_de.fetch_bronze_session_results","filename":"fetch_bronze_session_results.py","lineno":113}
{"timestamp":"2026-06-25T11:50:20.100169Z","level":"error","event":"404: Not found for https://api.openf1.org/v1/session_result?session_key=11269","logger":"openf1_de.fetch_bronze_session_results","filename":"fetch_bronze_session_results.py","lineno":60}
{"timestamp":"2026-06-25T11:50:20.100601Z","level":"info","event":"Fetching drivers: https://api.openf1.org/v1/drivers?session_key=11269","logger":"openf1_de.fetch_bronze_session_results","filename":"fetch_bronze_session_results.py","lineno":120}
{"timestamp":"2026-06-25T11:50:21.875888Z","level":"error","event":"429: Waiting 38.1s until next minute...","logger":"openf1_de.fetch_bronze_session_results","filename":"fetch_bronze_session_results.py","lineno":56}
{"timestamp":"2026-06-25T11:51:00.654424Z","level":"error","event":"429: Waiting 59.3s until next minute...","logger":"openf1_de.fetch_bronze_session_results","filename":"fetch_bronze_session_results.py","lineno":56}
{"timestamp":"2026-06-25T11:52:00.602883Z","level":"info","event":"Fetching session results: https://api.openf1.org/v1/session_result?session_key=11270","logger":"openf1_de.fetch_bronze_session_results","filename":"fetch_bronze_session_results.py","lineno":113}
{"timestamp":"2026-06-25T11:52:01.243007Z","level":"info","event":"Fetching drivers: https://api.openf1.org/v1/drivers?session_key=11270","logger":"openf1_de.fetch_bronze_session_results","filename":"fetch_bronze_session_results.py","lineno":120}
{"timestamp":"2026-06-25T11:52:01.852320Z","level":"info","event":"Fetching session results: https://api.openf1.org/v1/session_result?session_key=11271","logger":"openf1_de.fetch_bronze_session_results","filename":"fetch_bronze_session_results.py","lineno":113}
{"timestamp":"2026-06-25T11:52:02.507778Z","level":"info","event":"Fetching drivers: https://api.openf1.org/v1/drivers?session_key=11271","logger":"openf1_de.fetch_bronze_session_results","filename":"fetch_bronze_session_results.py","lineno":120}
{"timestamp":"2026-06-25T11:52:03.197576Z","level":"info","event":"Fetching session results: https://api.openf1.org/v1/session_result?session_key=11275","logger":"openf1_de.fetch_bronze_session_results","filename":"fetch_bronze_session_results.py","lineno":113}
{"timestamp":"2026-06-25T11:52:03.792165Z","level":"info","event":"Fetching drivers: https://api.openf1.org/v1/drivers?session_key=11275","logger":"openf1_de.fetch_bronze_session_results","filename":"fetch_bronze_session_results.py","lineno":120}
{"timestamp":"2026-06-25T11:52:04.460964Z","level":"info","event":"Fetching session results: https://api.openf1.org/v1/session_result?session_key=11276","logger":"openf1_de.fetch_bronze_session_results","filename":"fetch_bronze_session_results.py","lineno":113}
{"timestamp":"2026-06-25T11:52:05.132401Z","level":"info","event":"Fetching drivers: https://api.openf1.org/v1/drivers?session_key=11276","logger":"openf1_de.fetch_bronze_session_results","filename":"fetch_bronze_session_results.py","lineno":120}
{"timestamp":"2026-06-25T11:52:05.742493Z","level":"info","event":"Fetching session results: https://api.openf1.org/v1/session_result?session_key=11280","logger":"openf1_de.fetch_bronze_session_results","filename":"fetch_bronze_session_results.py","lineno":113}
{"timestamp":"2026-06-25T11:52:06.348678Z","level":"info","event":"Fetching drivers: https://api.openf1.org/v1/drivers?session_key=11280","logger":"openf1_de.fetch_bronze_session_results","filename":"fetch_bronze_session_results.py","lineno":120}
{"timestamp":"2026-06-25T11:52:07.005354Z","level":"info","event":"Fetching session results: https://api.openf1.org/v1/session_result?session_key=11281","logger":"openf1_de.fetch_bronze_session_results","filename":"fetch_bronze_session_results.py","lineno":113}
{"timestamp":"2026-06-25T11:52:07.621189Z","level":"info","event":"Fetching drivers: https://api.openf1.org/v1/drivers?session_key=11281","logger":"openf1_de.fetch_bronze_session_results","filename":"fetch_bronze_session_results.py","lineno":120}
{"timestamp":"2026-06-25T11:52:08.273950Z","level":"info","event":"Fetching session results: https://api.openf1.org/v1/session_result?session_key=11282","logger":"openf1_de.fetch_bronze_session_results","filename":"fetch_bronze_session_results.py","lineno":113}
{"timestamp":"2026-06-25T11:52:08.921950Z","level":"info","event":"Fetching drivers: https://api.openf1.org/v1/drivers?session_key=11282","logger":"openf1_de.fetch_bronze_session_results","filename":"fetch_bronze_session_results.py","lineno":120}
{"timestamp":"2026-06-25T11:52:09.584486Z","level":"info","event":"Fetching session results: https://api.openf1.org/v1/session_result?session_key=11286","logger":"openf1_de.fetch_bronze_session_results","filename":"fetch_bronze_session_results.py","lineno":113}
{"timestamp":"2026-06-25T11:52:10.195136Z","level":"info","event":"Fetching drivers: https://api.openf1.org/v1/drivers?session_key=11286","logger":"openf1_de.fetch_bronze_session_results","filename":"fetch_bronze_session_results.py","lineno":120}
{"timestamp":"2026-06-25T11:52:10.897494Z","level":"info","event":"Fetching session results: https://api.openf1.org/v1/session_result?session_key=11287","logger":"openf1_de.fetch_bronze_session_results","filename":"fetch_bronze_session_results.py","lineno":113}
{"timestamp":"2026-06-25T11:52:11.528873Z","level":"info","event":"Fetching drivers: https://api.openf1.org/v1/drivers?session_key=11287","logger":"openf1_de.fetch_bronze_session_results","filename":"fetch_bronze_session_results.py","lineno":120}
{"timestamp":"2026-06-25T11:52:12.143168Z","level":"info","event":"Fetching session results: https://api.openf1.org/v1/session_result?session_key=11291","logger":"openf1_de.fetch_bronze_session_results","filename":"fetch_bronze_session_results.py","lineno":113}
{"timestamp":"2026-06-25T11:52:12.797034Z","level":"info","event":"Fetching drivers: https://api.openf1.org/v1/drivers?session_key=11291","logger":"openf1_de.fetch_bronze_session_results","filename":"fetch_bronze_session_results.py","lineno":120}
{"timestamp":"2026-06-25T11:52:13.475823Z","level":"info","event":"Fetching session results: https://api.openf1.org/v1/session_result?session_key=11292","logger":"openf1_de.fetch_bronze_session_results","filename":"fetch_bronze_session_results.py","lineno":113}
{"timestamp":"2026-06-25T11:52:14.114841Z","level":"info","event":"Fetching drivers: https://api.openf1.org/v1/drivers?session_key=11292","logger":"openf1_de.fetch_bronze_session_results","filename":"fetch_bronze_session_results.py","lineno":120}
{"timestamp":"2026-06-25T11:52:14.789418Z","level":"info","event":"Fetching session results: https://api.openf1.org/v1/session_result?session_key=11293","logger":"openf1_de.fetch_bronze_session_results","filename":"fetch_bronze_session_results.py","lineno":113}
{"timestamp":"2026-06-25T11:52:15.456541Z","level":"info","event":"Fetching drivers: https://api.openf1.org/v1/drivers?session_key=11293","logger":"openf1_de.fetch_bronze_session_results","filename":"fetch_bronze_session_results.py","lineno":120}
{"timestamp":"2026-06-25T11:52:16.167180Z","level":"info","event":"Fetching session results: https://api.openf1.org/v1/session_result?session_key=11294","logger":"openf1_de.fetch_bronze_session_results","filename":"fetch_bronze_session_results.py","lineno":113}
{"timestamp":"2026-06-25T11:52:16.812834Z","level":"info","event":"Fetching drivers: https://api.openf1.org/v1/drivers?session_key=11294","logger":"openf1_de.fetch_bronze_session_results","filename":"fetch_bronze_session_results.py","lineno":120}
{"timestamp":"2026-06-25T11:52:17.432109Z","level":"info","event":"Fetching session results: https://api.openf1.org/v1/session_result?session_key=11295","logger":"openf1_de.fetch_bronze_session_results","filename":"fetch_bronze_session_results.py","lineno":113}
{"timestamp":"2026-06-25T11:52:18.037927Z","level":"info","event":"Fetching drivers: https://api.openf1.org/v1/drivers?session_key=11295","logger":"openf1_de.fetch_bronze_session_results","filename":"fetch_bronze_session_results.py","lineno":120}
{"timestamp":"2026-06-25T11:52:18.684105Z","level":"info","event":"Fetching session results: https://api.openf1.org/v1/session_result?session_key=11299","logger":"openf1_de.fetch_bronze_session_results","filename":"fetch_bronze_session_results.py","lineno":113}
{"timestamp":"2026-06-25T11:52:19.315349Z","level":"info","event":"Fetching drivers: https://api.openf1.org/v1/drivers?session_key=11299","logger":"openf1_de.fetch_bronze_session_results","filename":"fetch_bronze_session_results.py","lineno":120}
{"timestamp":"2026-06-25T11:52:19.915731Z","level":"info","event":"Fetching session results: https://api.openf1.org/v1/session_result?session_key=11300","logger":"openf1_de.fetch_bronze_session_results","filename":"fetch_bronze_session_results.py","lineno":113}
{"timestamp":"2026-06-25T11:52:20.519030Z","level":"error","event":"429: Waiting 39.5s until next minute...","logger":"openf1_de.fetch_bronze_session_results","filename":"fetch_bronze_session_results.py","lineno":56}
{"timestamp":"2026-06-25T11:53:00.695671Z","level":"error","event":"429: Waiting 59.3s until next minute...","logger":"openf1_de.fetch_bronze_session_results","filename":"fetch_bronze_session_results.py","lineno":56}
{"timestamp":"2026-06-25T11:54:00.736916Z","level":"info","event":"Fetching drivers: https://api.openf1.org/v1/drivers?session_key=11300","logger":"openf1_de.fetch_bronze_session_results","filename":"fetch_bronze_session_results.py","lineno":120}
{"timestamp":"2026-06-25T11:54:01.361890Z","level":"info","event":"Fetching session results: https://api.openf1.org/v1/session_result?session_key=11301","logger":"openf1_de.fetch_bronze_session_results","filename":"fetch_bronze_session_results.py","lineno":113}
{"timestamp":"2026-06-25T11:54:02.029312Z","level":"info","event":"Fetching drivers: https://api.openf1.org/v1/drivers?session_key=11301","logger":"openf1_de.fetch_bronze_session_results","filename":"fetch_bronze_session_results.py","lineno":120}
{"timestamp":"2026-06-25T11:54:02.696640Z","level":"info","event":"Fetching session results: https://api.openf1.org/v1/session_result?session_key=11302","logger":"openf1_de.fetch_bronze_session_results","filename":"fetch_bronze_session_results.py","lineno":113}
{"timestamp":"2026-06-25T11:54:03.358701Z","level":"info","event":"Fetching drivers: https://api.openf1.org/v1/drivers?session_key=11302","logger":"openf1_de.fetch_bronze_session_results","filename":"fetch_bronze_session_results.py","lineno":120}
{"timestamp":"2026-06-25T11:54:03.969131Z","level":"info","event":"Fetching session results: https://api.openf1.org/v1/session_result?session_key=11303","logger":"openf1_de.fetch_bronze_session_results","filename":"fetch_bronze_session_results.py","lineno":113}
{"timestamp":"2026-06-25T11:54:04.583905Z","level":"info","event":"Fetching drivers: https://api.openf1.org/v1/drivers?session_key=11303","logger":"openf1_de.fetch_bronze_session_results","filename":"fetch_bronze_session_results.py","lineno":120}
{"timestamp":"2026-06-25T11:54:05.216369Z","level":"info","event":"Fetching session results: https://api.openf1.org/v1/session_result?session_key=11307","logger":"openf1_de.fetch_bronze_session_results","filename":"fetch_bronze_session_results.py","lineno":113}
{"timestamp":"2026-06-25T11:54:05.844349Z","level":"info","event":"Fetching drivers: https://api.openf1.org/v1/drivers?session_key=11307","logger":"openf1_de.fetch_bronze_session_results","filename":"fetch_bronze_session_results.py","lineno":120}
{"timestamp":"2026-06-25T11:54:06.506483Z","level":"info","event":"Concatenating session results","logger":"openf1_de.fetch_bronze_session_results","filename":"fetch_bronze_session_results.py","lineno":131}
{"timestamp":"2026-06-25T11:54:06.528671Z","level":"info","event":"Concatenating drivers","logger":"openf1_de.fetch_bronze_session_results","filename":"fetch_bronze_session_results.py","lineno":139}
{"timestamp":"2026-06-25T11:54:06.533739Z","level":"info","event":"Uploading session results to GCS: bronze/session_results/2026.parquet","logger":"openf1_de.fetch_bronze_session_results","filename":"fetch_bronze_session_results.py","lineno":144}
{"timestamp":"2026-06-25T11:54:07.246662Z","level":"info","event":"Without local save Cannot save file into a non-existent directory: '../../data/bronze/session_results'","logger":"openf1_de.fetch_bronze_session_results","filename":"fetch_bronze_session_results.py","lineno":87}
{"timestamp":"2026-06-25T11:54:07.246960Z","level":"info","event":"Uploading drivers to GCS: bronze/drivers/2026.parquet","logger":"openf1_de.fetch_bronze_session_results","filename":"fetch_bronze_session_results.py","lineno":147}
{"timestamp":"2026-06-25T11:54:07.896016Z","level":"info","event":"Without local save Cannot save file into a non-existent directory: '../../data/bronze/drivers'","logger":"openf1_de.fetch_bronze_session_results","filename":"fetch_bronze_session_results.py","lineno":87}
{"timestamp":"2026-06-25T11:54:07.897818Z","level":"info","event":"Done. Returned value was: None","logger":"airflow.task.operators.airflow.providers.standard.operators.python.PythonOperator","filename":"python.py","lineno":229}
