{"timestamp":"2026-06-19T12:03:30.383768Z","level":"info","event":"DAG bundles loaded: dags-folder","logger":"airflow.dag_processing.bundles.manager.DagBundlesManager","filename":"manager.py","lineno":209}
{"timestamp":"2026-06-19T12:03:30.385444Z","level":"info","event":"Filling up the DagBag from /opt/airflow/dags/openf1_dbt_mart.py","logger":"airflow.dag_processing.dagbag.BundleDagBag","filename":"dagbag.py","lineno":469}
{"timestamp":"2026-06-19T12:03:31.073342Z","level":"warning","event":"The `airflow.operators.bash.BashOperator` attribute is deprecated. Please use `'airflow.providers.standard.operators.bash.BashOperator'`.","category":"UserWarning","filename":"/opt/airflow/dags/openf1_dbt_mart.py","lineno":4,"logger":"py.warnings"}
{"timestamp":"2026-06-19T12:03:31.098589Z","level":"info","event":"Tmp dir root location: /tmp","logger":"airflow.task.hooks.airflow.providers.standard.hooks.subprocess.SubprocessHook","filename":"subprocess.py","lineno":78}
{"timestamp":"2026-06-19T12:03:31.099561Z","level":"info","event":"Running command: ['/usr/bin/bash', '-c', 'cd /opt/airflow/dbt/openf1_raw && dbt run --select marts --profiles-dir /opt/airflow/config']","logger":"airflow.task.hooks.airflow.providers.standard.hooks.subprocess.SubprocessHook","filename":"subprocess.py","lineno":80}
{"timestamp":"2026-06-19T12:03:31.100271Z","level":"info","event":"Output:","logger":"airflow.task.hooks.airflow.providers.standard.hooks.subprocess.SubprocessHook","filename":"subprocess.py","lineno":92}
{"timestamp":"2026-06-19T12:03:32.655402Z","level":"info","event":"\u001b[0m12:03:32  Running with dbt=1.11.11","logger":"airflow.task.hooks.airflow.providers.standard.hooks.subprocess.SubprocessHook","filename":"subprocess.py","lineno":99}
{"timestamp":"2026-06-19T12:03:33.594931Z","level":"info","event":"\u001b[0m12:03:33  Registered adapter: bigquery=1.11.1","logger":"airflow.task.hooks.airflow.providers.standard.hooks.subprocess.SubprocessHook","filename":"subprocess.py","lineno":99}
{"timestamp":"2026-06-19T12:03:34.207034Z","level":"info","event":"\u001b[0m12:03:34  Found 13 models, 2 data tests, 4 sources, 551 macros","logger":"airflow.task.hooks.airflow.providers.standard.hooks.subprocess.SubprocessHook","filename":"subprocess.py","lineno":99}
{"timestamp":"2026-06-19T12:03:34.209472Z","level":"info","event":"\u001b[0m12:03:34","logger":"airflow.task.hooks.airflow.providers.standard.hooks.subprocess.SubprocessHook","filename":"subprocess.py","lineno":99}
{"timestamp":"2026-06-19T12:03:34.209896Z","level":"info","event":"\u001b[0m12:03:34  Concurrency: 1 threads (target='dev')","logger":"airflow.task.hooks.airflow.providers.standard.hooks.subprocess.SubprocessHook","filename":"subprocess.py","lineno":99}
{"timestamp":"2026-06-19T12:03:34.210386Z","level":"info","event":"\u001b[0m12:03:34","logger":"airflow.task.hooks.airflow.providers.standard.hooks.subprocess.SubprocessHook","filename":"subprocess.py","lineno":99}
{"timestamp":"2026-06-19T12:03:35.461098Z","level":"info","event":"\u001b[0m12:03:35  1 of 6 START sql table model openf1_marts.mart_drivers ......................... [RUN]","logger":"airflow.task.hooks.airflow.providers.standard.hooks.subprocess.SubprocessHook","filename":"subprocess.py","lineno":99}
{"timestamp":"2026-06-19T12:03:38.325135Z","level":"info","event":"\u001b[0m12:03:38  1 of 6 OK created sql table model openf1_marts.mart_drivers .................... [\u001b[32mCREATE TABLE (101.0 rows, 133.6 KiB processed)\u001b[0m in 2.86s]","logger":"airflow.task.hooks.airflow.providers.standard.hooks.subprocess.SubprocessHook","filename":"subprocess.py","lineno":99}
{"timestamp":"2026-06-19T12:03:38.327143Z","level":"info","event":"\u001b[0m12:03:38  2 of 6 START sql table model openf1_marts.mart_schedule ........................ [RUN]","logger":"airflow.task.hooks.airflow.providers.standard.hooks.subprocess.SubprocessHook","filename":"subprocess.py","lineno":99}
{"timestamp":"2026-06-19T12:03:40.777094Z","level":"info","event":"\u001b[0m12:03:40  2 of 6 OK created sql table model openf1_marts.mart_schedule ................... [\u001b[32mCREATE TABLE (249.0 rows, 57.6 KiB processed)\u001b[0m in 2.45s]","logger":"airflow.task.hooks.airflow.providers.standard.hooks.subprocess.SubprocessHook","filename":"subprocess.py","lineno":99}
{"timestamp":"2026-06-19T12:03:40.780112Z","level":"info","event":"\u001b[0m12:03:40  3 of 6 START sql table model openf1_marts.mart_session_results_fp .............. [RUN]","logger":"airflow.task.hooks.airflow.providers.standard.hooks.subprocess.SubprocessHook","filename":"subprocess.py","lineno":99}
{"timestamp":"2026-06-19T12:03:43.043875Z","level":"info","event":"\u001b[0m12:03:43  3 of 6 OK created sql table model openf1_marts.mart_session_results_fp ......... [\u001b[32mCREATE TABLE (1.7k rows, 331.1 KiB processed)\u001b[0m in 2.26s]","logger":"airflow.task.hooks.airflow.providers.standard.hooks.subprocess.SubprocessHook","filename":"subprocess.py","lineno":99}
{"timestamp":"2026-06-19T12:03:43.045548Z","level":"info","event":"\u001b[0m12:03:43  4 of 6 START sql table model openf1_marts.mart_session_results_quali ........... [RUN]","logger":"airflow.task.hooks.airflow.providers.standard.hooks.subprocess.SubprocessHook","filename":"subprocess.py","lineno":99}
{"timestamp":"2026-06-19T12:03:45.353803Z","level":"info","event":"\u001b[0m12:03:45  4 of 6 OK created sql table model openf1_marts.mart_session_results_quali ...... [\u001b[32mCREATE TABLE (812.0 rows, 296.7 KiB processed)\u001b[0m in 2.31s]","logger":"airflow.task.hooks.airflow.providers.standard.hooks.subprocess.SubprocessHook","filename":"subprocess.py","lineno":99}
{"timestamp":"2026-06-19T12:03:45.355660Z","level":"info","event":"\u001b[0m12:03:45  5 of 6 START sql table model openf1_marts.mart_session_results_race ............ [RUN]","logger":"airflow.task.hooks.airflow.providers.standard.hooks.subprocess.SubprocessHook","filename":"subprocess.py","lineno":99}
{"timestamp":"2026-06-19T12:03:47.642400Z","level":"info","event":"\u001b[0m12:03:47  5 of 6 OK created sql table model openf1_marts.mart_session_results_race ....... [\u001b[32mCREATE TABLE (819.0 rows, 337.5 KiB processed)\u001b[0m in 2.28s]","logger":"airflow.task.hooks.airflow.providers.standard.hooks.subprocess.SubprocessHook","filename":"subprocess.py","lineno":99}
{"timestamp":"2026-06-19T12:03:47.644333Z","level":"info","event":"\u001b[0m12:03:47  6 of 6 START sql table model openf1_marts.mart_constructor_standings ........... [RUN]","logger":"airflow.task.hooks.airflow.providers.standard.hooks.subprocess.SubprocessHook","filename":"subprocess.py","lineno":99}
{"timestamp":"2026-06-19T12:03:49.474667Z","level":"info","event":"\u001b[0m12:03:49  6 of 6 OK created sql table model openf1_marts.mart_constructor_standings ...... [\u001b[32mCREATE TABLE (11.0 rows, 1.6 KiB processed)\u001b[0m in 1.83s]","logger":"airflow.task.hooks.airflow.providers.standard.hooks.subprocess.SubprocessHook","filename":"subprocess.py","lineno":99}
{"timestamp":"2026-06-19T12:03:49.509949Z","level":"info","event":"\u001b[0m12:03:49","logger":"airflow.task.hooks.airflow.providers.standard.hooks.subprocess.SubprocessHook","filename":"subprocess.py","lineno":99}
{"timestamp":"2026-06-19T12:03:49.510384Z","level":"info","event":"\u001b[0m12:03:49  Finished running 6 table models in 0 hours 0 minutes and 15.30 seconds (15.30s).","logger":"airflow.task.hooks.airflow.providers.standard.hooks.subprocess.SubprocessHook","filename":"subprocess.py","lineno":99}
{"timestamp":"2026-06-19T12:03:49.574710Z","level":"info","event":"\u001b[0m12:03:49","logger":"airflow.task.hooks.airflow.providers.standard.hooks.subprocess.SubprocessHook","filename":"subprocess.py","lineno":99}
{"timestamp":"2026-06-19T12:03:49.575213Z","level":"info","event":"\u001b[0m12:03:49  \u001b[32mCompleted successfully\u001b[0m","logger":"airflow.task.hooks.airflow.providers.standard.hooks.subprocess.SubprocessHook","filename":"subprocess.py","lineno":99}
{"timestamp":"2026-06-19T12:03:49.575678Z","level":"info","event":"\u001b[0m12:03:49","logger":"airflow.task.hooks.airflow.providers.standard.hooks.subprocess.SubprocessHook","filename":"subprocess.py","lineno":99}
{"timestamp":"2026-06-19T12:03:49.576214Z","level":"info","event":"\u001b[0m12:03:49  Done. PASS=6 WARN=0 ERROR=0 SKIP=0 NO-OP=0 TOTAL=6","logger":"airflow.task.hooks.airflow.providers.standard.hooks.subprocess.SubprocessHook","filename":"subprocess.py","lineno":99}
{"timestamp":"2026-06-19T12:03:51.407392Z","level":"info","event":"Command exited with return code 0","logger":"airflow.task.hooks.airflow.providers.standard.hooks.subprocess.SubprocessHook","filename":"subprocess.py","lineno":103}
{"timestamp":"2026-06-19T12:03:51.408105Z","level":"info","event":"Pushing xcom","ti":"RuntimeTaskInstance(id=UUID('019edfc3-c494-7735-a50b-d50baa500683'), task_id='dbt_run_marts', dag_id='openf1_dbt_mart', run_id='manual__2026-06-19T12:03:29.541940+00:00', try_number=1, dag_version_id=UUID('019edfc2-edff-77ab-a2ff-0b3661340297'), map_index=-1, hostname='c7c8436b4395', context_carrier={'traceparent': '00-2367aad25b71a181271d881b8ffd8899-45ed978771c73492-01'}, task=<Task(BashOperator): dbt_run_marts>, bundle_instance=LocalDagBundle(name=dags-folder), max_tries=2, start_date=datetime.datetime(2026, 6, 19, 12, 3, 30, 346840, tzinfo=datetime.timezone.utc), end_date=None, state=<TaskInstanceState.RUNNING: 'running'>, is_mapped=False, rendered_map_index=None, sentry_integration='')","logger":"task","filename":"task_runner.py","lineno":1724}
