{"timestamp":"2026-06-27T08:40:38.525488Z","level":"info","event":"DAG bundles loaded: dags-folder","logger":"airflow.dag_processing.bundles.manager.DagBundlesManager","filename":"manager.py","lineno":209}
{"timestamp":"2026-06-27T08:40:38.528213Z","level":"info","event":"Filling up the DagBag from /opt/airflow/dags/openf1_session_results.py","logger":"airflow.dag_processing.dagbag.BundleDagBag","filename":"dagbag.py","lineno":469}
{"timestamp":"2026-06-27T08:40:39.822463Z","level":"warning","event":"The `airflow.operators.bash.BashOperator` attribute is deprecated. Please use `'airflow.providers.standard.operators.bash.BashOperator'`.","category":"UserWarning","filename":"/opt/airflow/dags/openf1_session_results.py","lineno":5,"logger":"py.warnings"}
{"timestamp":"2026-06-27T08:40:39.822747Z","level":"warning","event":"The `airflow.operators.python.PythonOperator` attribute is deprecated. Please use `'airflow.providers.standard.operators.python.PythonOperator'`.","category":"UserWarning","filename":"/opt/airflow/dags/openf1_session_results.py","lineno":6,"logger":"py.warnings"}
{"timestamp":"2026-06-27T08:40:39.855223Z","level":"info","event":"Tmp dir root location: /tmp","logger":"airflow.task.hooks.airflow.providers.standard.hooks.subprocess.SubprocessHook","filename":"subprocess.py","lineno":78}
{"timestamp":"2026-06-27T08:40:39.857465Z","level":"info","event":"Running command: ['/usr/bin/bash', '-c', 'cd /opt/airflow/dbt/openf1_raw && dbt run --select mart_session_results_race mart_drivers mart_session_results_quali mart_session_results_fp --profiles-dir /opt/airflow/config']","logger":"airflow.task.hooks.airflow.providers.standard.hooks.subprocess.SubprocessHook","filename":"subprocess.py","lineno":80}
{"timestamp":"2026-06-27T08:40:39.858620Z","level":"info","event":"Output:","logger":"airflow.task.hooks.airflow.providers.standard.hooks.subprocess.SubprocessHook","filename":"subprocess.py","lineno":92}
{"timestamp":"2026-06-27T08:40:42.767341Z","level":"info","event":"\u001b[0m08:40:42  Running with dbt=1.11.11","logger":"airflow.task.hooks.airflow.providers.standard.hooks.subprocess.SubprocessHook","filename":"subprocess.py","lineno":99}
{"timestamp":"2026-06-27T08:40:44.392826Z","level":"info","event":"\u001b[0m08:40:44  Registered adapter: bigquery=1.11.1","logger":"airflow.task.hooks.airflow.providers.standard.hooks.subprocess.SubprocessHook","filename":"subprocess.py","lineno":99}
{"timestamp":"2026-06-27T08:40:47.652981Z","level":"info","event":"\u001b[0m08:40:47  Found 16 models, 2 data tests, 4 sources, 551 macros","logger":"airflow.task.hooks.airflow.providers.standard.hooks.subprocess.SubprocessHook","filename":"subprocess.py","lineno":99}
{"timestamp":"2026-06-27T08:40:47.660108Z","level":"info","event":"\u001b[0m08:40:47","logger":"airflow.task.hooks.airflow.providers.standard.hooks.subprocess.SubprocessHook","filename":"subprocess.py","lineno":99}
{"timestamp":"2026-06-27T08:40:47.662261Z","level":"info","event":"\u001b[0m08:40:47  Concurrency: 4 threads (target='dev')","logger":"airflow.task.hooks.airflow.providers.standard.hooks.subprocess.SubprocessHook","filename":"subprocess.py","lineno":99}
{"timestamp":"2026-06-27T08:40:47.663692Z","level":"info","event":"\u001b[0m08:40:47","logger":"airflow.task.hooks.airflow.providers.standard.hooks.subprocess.SubprocessHook","filename":"subprocess.py","lineno":99}
{"timestamp":"2026-06-27T08:40:48.862785Z","level":"info","event":"\u001b[0m08:40:48  1 of 4 START sql table model openf1_marts.mart_drivers ......................... [RUN]","logger":"airflow.task.hooks.airflow.providers.standard.hooks.subprocess.SubprocessHook","filename":"subprocess.py","lineno":99}
{"timestamp":"2026-06-27T08:40:48.864211Z","level":"info","event":"\u001b[0m08:40:48  3 of 4 START sql table model openf1_marts.mart_session_results_quali ........... [RUN]","logger":"airflow.task.hooks.airflow.providers.standard.hooks.subprocess.SubprocessHook","filename":"subprocess.py","lineno":99}
{"timestamp":"2026-06-27T08:40:48.865467Z","level":"info","event":"\u001b[0m08:40:48  4 of 4 START sql table model openf1_marts.mart_session_results_race ............ [RUN]","logger":"airflow.task.hooks.airflow.providers.standard.hooks.subprocess.SubprocessHook","filename":"subprocess.py","lineno":99}
{"timestamp":"2026-06-27T08:40:48.866769Z","level":"info","event":"\u001b[0m08:40:48  2 of 4 START sql table model openf1_marts.mart_session_results_fp .............. [RUN]","logger":"airflow.task.hooks.airflow.providers.standard.hooks.subprocess.SubprocessHook","filename":"subprocess.py","lineno":99}
{"timestamp":"2026-06-27T08:40:51.465847Z","level":"info","event":"\u001b[0m08:40:51  4 of 4 OK created sql table model openf1_marts.mart_session_results_race ....... [\u001b[32mCREATE TABLE (819.0 rows, 341.6 KiB processed)\u001b[0m in 2.58s]","logger":"airflow.task.hooks.airflow.providers.standard.hooks.subprocess.SubprocessHook","filename":"subprocess.py","lineno":99}
{"timestamp":"2026-06-27T08:40:51.467711Z","level":"info","event":"\u001b[0m08:40:51  3 of 4 OK created sql table model openf1_marts.mart_session_results_quali ...... [\u001b[32mCREATE TABLE (812.0 rows, 300.5 KiB processed)\u001b[0m in 2.59s]","logger":"airflow.task.hooks.airflow.providers.standard.hooks.subprocess.SubprocessHook","filename":"subprocess.py","lineno":99}
{"timestamp":"2026-06-27T08:40:51.640265Z","level":"info","event":"\u001b[0m08:40:51  2 of 4 OK created sql table model openf1_marts.mart_session_results_fp ......... [\u001b[32mCREATE TABLE (1.8k rows, 335.2 KiB processed)\u001b[0m in 2.76s]","logger":"airflow.task.hooks.airflow.providers.standard.hooks.subprocess.SubprocessHook","filename":"subprocess.py","lineno":99}
{"timestamp":"2026-06-27T08:40:51.961037Z","level":"info","event":"\u001b[0m08:40:51  1 of 4 OK created sql table model openf1_marts.mart_drivers .................... [\u001b[32mCREATE TABLE (68.0 rows, 11.7 KiB processed)\u001b[0m in 3.09s]","logger":"airflow.task.hooks.airflow.providers.standard.hooks.subprocess.SubprocessHook","filename":"subprocess.py","lineno":99}
{"timestamp":"2026-06-27T08:40:52.019191Z","level":"info","event":"\u001b[0m08:40:52","logger":"airflow.task.hooks.airflow.providers.standard.hooks.subprocess.SubprocessHook","filename":"subprocess.py","lineno":99}
{"timestamp":"2026-06-27T08:40:52.020812Z","level":"info","event":"\u001b[0m08:40:52  Finished running 4 table models in 0 hours 0 minutes and 4.35 seconds (4.35s).","logger":"airflow.task.hooks.airflow.providers.standard.hooks.subprocess.SubprocessHook","filename":"subprocess.py","lineno":99}
{"timestamp":"2026-06-27T08:40:52.156057Z","level":"info","event":"\u001b[0m08:40:52","logger":"airflow.task.hooks.airflow.providers.standard.hooks.subprocess.SubprocessHook","filename":"subprocess.py","lineno":99}
{"timestamp":"2026-06-27T08:40:52.158085Z","level":"info","event":"\u001b[0m08:40:52  \u001b[32mCompleted successfully\u001b[0m","logger":"airflow.task.hooks.airflow.providers.standard.hooks.subprocess.SubprocessHook","filename":"subprocess.py","lineno":99}
{"timestamp":"2026-06-27T08:40:52.159836Z","level":"info","event":"\u001b[0m08:40:52","logger":"airflow.task.hooks.airflow.providers.standard.hooks.subprocess.SubprocessHook","filename":"subprocess.py","lineno":99}
{"timestamp":"2026-06-27T08:40:52.161515Z","level":"info","event":"\u001b[0m08:40:52  Done. PASS=4 WARN=0 ERROR=0 SKIP=0 NO-OP=0 TOTAL=4","logger":"airflow.task.hooks.airflow.providers.standard.hooks.subprocess.SubprocessHook","filename":"subprocess.py","lineno":99}
{"timestamp":"2026-06-27T08:40:54.248417Z","level":"info","event":"Command exited with return code 0","logger":"airflow.task.hooks.airflow.providers.standard.hooks.subprocess.SubprocessHook","filename":"subprocess.py","lineno":103}
{"timestamp":"2026-06-27T08:40:54.249002Z","level":"info","event":"Pushing xcom","ti":"RuntimeTaskInstance(id=UUID('019f083c-ebe7-7b40-93c3-46308c8c6f20'), task_id='dbt_run_marts_srs', dag_id='02_openf1_fetch_every_sat_sun_mon', run_id='manual__2026-06-27T08:33:26.075674+00:00', try_number=2, dag_version_id=UUID('019f082e-f249-712c-b497-b4bf1a0fefb8'), map_index=-1, hostname='57434fd533db', context_carrier={'traceparent': '00-da9f03f79fe686705d2d24f3fac3f21c-f9ebb9644b6825c3-01'}, task=<Task(BashOperator): dbt_run_marts_srs>, bundle_instance=LocalDagBundle(name=dags-folder), max_tries=3, start_date=datetime.datetime(2026, 6, 27, 8, 40, 38, 464104, tzinfo=datetime.timezone.utc), end_date=None, state=<TaskInstanceState.RUNNING: 'running'>, is_mapped=False, rendered_map_index=None, sentry_integration='')","logger":"task","filename":"task_runner.py","lineno":1724}
