{"timestamp":"2026-06-19T09:06:57.030881Z","level":"info","event":"DAG bundles loaded: dags-folder","logger":"airflow.dag_processing.bundles.manager.DagBundlesManager","filename":"manager.py","lineno":209}
{"timestamp":"2026-06-19T09:06:57.032307Z","level":"info","event":"Filling up the DagBag from /opt/airflow/dags/openf1_dbt_mart.py","logger":"airflow.dag_processing.dagbag.BundleDagBag","filename":"dagbag.py","lineno":469}
{"timestamp":"2026-06-19T09:06:57.628395Z","level":"warning","event":"The `airflow.operators.bash.BashOperator` attribute is deprecated. Please use `'airflow.providers.standard.operators.bash.BashOperator'`.","category":"UserWarning","filename":"/opt/airflow/dags/openf1_dbt_mart.py","lineno":4,"logger":"py.warnings"}
{"timestamp":"2026-06-19T09:06:57.650183Z","level":"info","event":"Tmp dir root location: /tmp","logger":"airflow.task.hooks.airflow.providers.standard.hooks.subprocess.SubprocessHook","filename":"subprocess.py","lineno":78}
{"timestamp":"2026-06-19T09:06:57.650945Z","level":"info","event":"Running command: ['/usr/bin/bash', '-c', 'cd /opt/airflow/dbt/openf1_raw && dbt run --select marts --profiles-dir /opt/airflow/config']","logger":"airflow.task.hooks.airflow.providers.standard.hooks.subprocess.SubprocessHook","filename":"subprocess.py","lineno":80}
{"timestamp":"2026-06-19T09:06:57.651554Z","level":"info","event":"Output:","logger":"airflow.task.hooks.airflow.providers.standard.hooks.subprocess.SubprocessHook","filename":"subprocess.py","lineno":92}
{"timestamp":"2026-06-19T09:06:59.029326Z","level":"info","event":"\u001b[0m09:06:59  Running with dbt=1.11.11","logger":"airflow.task.hooks.airflow.providers.standard.hooks.subprocess.SubprocessHook","filename":"subprocess.py","lineno":99}
{"timestamp":"2026-06-19T09:06:59.942156Z","level":"info","event":"\u001b[0m09:06:59  Registered adapter: bigquery=1.11.1","logger":"airflow.task.hooks.airflow.providers.standard.hooks.subprocess.SubprocessHook","filename":"subprocess.py","lineno":99}
{"timestamp":"2026-06-19T09:07:00.436381Z","level":"info","event":"\u001b[0m09:07:00  Found 13 models, 2 data tests, 4 sources, 551 macros","logger":"airflow.task.hooks.airflow.providers.standard.hooks.subprocess.SubprocessHook","filename":"subprocess.py","lineno":99}
{"timestamp":"2026-06-19T09:07:00.438369Z","level":"info","event":"\u001b[0m09:07:00","logger":"airflow.task.hooks.airflow.providers.standard.hooks.subprocess.SubprocessHook","filename":"subprocess.py","lineno":99}
{"timestamp":"2026-06-19T09:07:00.438740Z","level":"info","event":"\u001b[0m09:07:00  Concurrency: 1 threads (target='dev')","logger":"airflow.task.hooks.airflow.providers.standard.hooks.subprocess.SubprocessHook","filename":"subprocess.py","lineno":99}
{"timestamp":"2026-06-19T09:07:00.439113Z","level":"info","event":"\u001b[0m09:07:00","logger":"airflow.task.hooks.airflow.providers.standard.hooks.subprocess.SubprocessHook","filename":"subprocess.py","lineno":99}
{"timestamp":"2026-06-19T09:07:01.575896Z","level":"info","event":"\u001b[0m09:07:01  1 of 6 START sql table model openf1_marts.mart_drivers ......................... [RUN]","logger":"airflow.task.hooks.airflow.providers.standard.hooks.subprocess.SubprocessHook","filename":"subprocess.py","lineno":99}
{"timestamp":"2026-06-19T09:07:04.418367Z","level":"info","event":"\u001b[0m09:07:04  1 of 6 OK created sql table model openf1_marts.mart_drivers .................... [\u001b[32mCREATE TABLE (44.0 rows, 36.1 KiB processed)\u001b[0m in 2.84s]","logger":"airflow.task.hooks.airflow.providers.standard.hooks.subprocess.SubprocessHook","filename":"subprocess.py","lineno":99}
{"timestamp":"2026-06-19T09:07:04.420310Z","level":"info","event":"\u001b[0m09:07:04  2 of 6 START sql table model openf1_marts.mart_schedule ........................ [RUN]","logger":"airflow.task.hooks.airflow.providers.standard.hooks.subprocess.SubprocessHook","filename":"subprocess.py","lineno":99}
{"timestamp":"2026-06-19T09:07:09.843542Z","level":"info","event":"\u001b[0m09:07:09  2 of 6 OK created sql table model openf1_marts.mart_schedule ................... [\u001b[32mCREATE TABLE (249.0 rows, 57.6 KiB processed)\u001b[0m in 5.42s]","logger":"airflow.task.hooks.airflow.providers.standard.hooks.subprocess.SubprocessHook","filename":"subprocess.py","lineno":99}
{"timestamp":"2026-06-19T09:07:09.845314Z","level":"info","event":"\u001b[0m09:07:09  3 of 6 START sql table model openf1_marts.mart_session_results_fp .............. [RUN]","logger":"airflow.task.hooks.airflow.providers.standard.hooks.subprocess.SubprocessHook","filename":"subprocess.py","lineno":99}
{"timestamp":"2026-06-19T09:07:13.182350Z","level":"info","event":"\u001b[0m09:07:13  3 of 6 OK created sql table model openf1_marts.mart_session_results_fp ......... [\u001b[32mCREATE TABLE (459.0 rows, 87.3 KiB processed)\u001b[0m in 3.34s]","logger":"airflow.task.hooks.airflow.providers.standard.hooks.subprocess.SubprocessHook","filename":"subprocess.py","lineno":99}
{"timestamp":"2026-06-19T09:07:13.184196Z","level":"info","event":"\u001b[0m09:07:13  4 of 6 START sql table model openf1_marts.mart_session_results_quali ........... [RUN]","logger":"airflow.task.hooks.airflow.providers.standard.hooks.subprocess.SubprocessHook","filename":"subprocess.py","lineno":99}
{"timestamp":"2026-06-19T09:07:15.645788Z","level":"info","event":"\u001b[0m09:07:15  4 of 6 OK created sql table model openf1_marts.mart_session_results_quali ...... [\u001b[32mCREATE TABLE (213.0 rows, 78.3 KiB processed)\u001b[0m in 2.46s]","logger":"airflow.task.hooks.airflow.providers.standard.hooks.subprocess.SubprocessHook","filename":"subprocess.py","lineno":99}
{"timestamp":"2026-06-19T09:07:15.647658Z","level":"info","event":"\u001b[0m09:07:15  5 of 6 START sql table model openf1_marts.mart_session_results_race ............ [RUN]","logger":"airflow.task.hooks.airflow.providers.standard.hooks.subprocess.SubprocessHook","filename":"subprocess.py","lineno":99}
{"timestamp":"2026-06-19T09:07:18.642804Z","level":"info","event":"\u001b[0m09:07:18  5 of 6 OK created sql table model openf1_marts.mart_session_results_race ....... [\u001b[32mCREATE TABLE (220.0 rows, 89.1 KiB processed)\u001b[0m in 2.99s]","logger":"airflow.task.hooks.airflow.providers.standard.hooks.subprocess.SubprocessHook","filename":"subprocess.py","lineno":99}
{"timestamp":"2026-06-19T09:07:18.644847Z","level":"info","event":"\u001b[0m09:07:18  6 of 6 START sql table model openf1_marts.mart_constructor_standings ........... [RUN]","logger":"airflow.task.hooks.airflow.providers.standard.hooks.subprocess.SubprocessHook","filename":"subprocess.py","lineno":99}
{"timestamp":"2026-06-19T09:07:22.405325Z","level":"info","event":"\u001b[0m09:07:22  6 of 6 OK created sql table model openf1_marts.mart_constructor_standings ...... [\u001b[32mCREATE TABLE (11.0 rows, 836.0 Bytes processed)\u001b[0m in 3.76s]","logger":"airflow.task.hooks.airflow.providers.standard.hooks.subprocess.SubprocessHook","filename":"subprocess.py","lineno":99}
{"timestamp":"2026-06-19T09:07:22.437434Z","level":"info","event":"\u001b[0m09:07:22","logger":"airflow.task.hooks.airflow.providers.standard.hooks.subprocess.SubprocessHook","filename":"subprocess.py","lineno":99}
{"timestamp":"2026-06-19T09:07:22.437878Z","level":"info","event":"\u001b[0m09:07:22  Finished running 6 table models in 0 hours 0 minutes and 22.00 seconds (22.00s).","logger":"airflow.task.hooks.airflow.providers.standard.hooks.subprocess.SubprocessHook","filename":"subprocess.py","lineno":99}
{"timestamp":"2026-06-19T09:07:22.489361Z","level":"info","event":"\u001b[0m09:07:22","logger":"airflow.task.hooks.airflow.providers.standard.hooks.subprocess.SubprocessHook","filename":"subprocess.py","lineno":99}
{"timestamp":"2026-06-19T09:07:22.489770Z","level":"info","event":"\u001b[0m09:07:22  \u001b[32mCompleted successfully\u001b[0m","logger":"airflow.task.hooks.airflow.providers.standard.hooks.subprocess.SubprocessHook","filename":"subprocess.py","lineno":99}
{"timestamp":"2026-06-19T09:07:22.490203Z","level":"info","event":"\u001b[0m09:07:22","logger":"airflow.task.hooks.airflow.providers.standard.hooks.subprocess.SubprocessHook","filename":"subprocess.py","lineno":99}
{"timestamp":"2026-06-19T09:07:22.490631Z","level":"info","event":"\u001b[0m09:07:22  Done. PASS=6 WARN=0 ERROR=0 SKIP=0 NO-OP=0 TOTAL=6","logger":"airflow.task.hooks.airflow.providers.standard.hooks.subprocess.SubprocessHook","filename":"subprocess.py","lineno":99}
{"timestamp":"2026-06-19T09:07:24.320977Z","level":"info","event":"Command exited with return code 0","logger":"airflow.task.hooks.airflow.providers.standard.hooks.subprocess.SubprocessHook","filename":"subprocess.py","lineno":103}
{"timestamp":"2026-06-19T09:07:24.321500Z","level":"info","event":"Pushing xcom","ti":"RuntimeTaskInstance(id=UUID('019edf22-22e3-7aa9-b187-d47e02cfaa19'), task_id='dbt_run_marts', dag_id='openf1_dbt_mart', run_id='manual__2026-06-19T09:06:56.857743+00:00', try_number=1, dag_version_id=UUID('019edf11-0a96-778c-9101-c0e9c969bc38'), map_index=-1, hostname='595f58dcd12d', context_carrier={'traceparent': '00-1547f4daed49dd452054c182160c59eb-2ccd0279f94df754-01'}, task=<Task(BashOperator): dbt_run_marts>, bundle_instance=LocalDagBundle(name=dags-folder), max_tries=2, start_date=datetime.datetime(2026, 6, 19, 9, 6, 57, 4267, tzinfo=datetime.timezone.utc), end_date=None, state=<TaskInstanceState.RUNNING: 'running'>, is_mapped=False, rendered_map_index=None, sentry_integration='')","logger":"task","filename":"task_runner.py","lineno":1724}
