{"timestamp":"2026-06-19T10:50:50.181790Z","level":"info","event":"DAG bundles loaded: dags-folder","logger":"airflow.dag_processing.bundles.manager.DagBundlesManager","filename":"manager.py","lineno":209}
{"timestamp":"2026-06-19T10:50:50.185637Z","level":"info","event":"Filling up the DagBag from /opt/airflow/dags/openf1_session_results_bronze.py","logger":"airflow.dag_processing.dagbag.BundleDagBag","filename":"dagbag.py","lineno":469}
{"timestamp":"2026-06-19T10:50:51.302513Z","level":"warning","event":"The `airflow.operators.python.PythonOperator` attribute is deprecated. Please use `'airflow.providers.standard.operators.python.PythonOperator'`.","category":"UserWarning","filename":"/opt/airflow/dags/openf1_session_results_bronze.py","lineno":3,"logger":"py.warnings"}
{"timestamp":"2026-06-19T10:50:51.347843Z","level":"info","event":"Init Bigquery Client","logger":"openf1_de.fetch_bronze_session_results","filename":"fetch_bronze_session_results.py","lineno":63}
{"timestamp":"2026-06-19T10:50:51.388482Z","level":"info","event":"Fetch stg_sessions","logger":"openf1_de.fetch_bronze_session_results","filename":"fetch_bronze_session_results.py","lineno":65}
{"timestamp":"2026-06-19T10:50:53.265675Z","level":"info","event":"Using the only necessary tables columns: ['session_key', 'date_start', 'session_type', 'session_name', 'year'] and before 2026-06-19 10:50:53.265221+00:00","logger":"openf1_de.fetch_bronze_session_results","filename":"fetch_bronze_session_results.py","lineno":74}
{"timestamp":"2026-06-19T10:50:53.271907Z","level":"info","event":"Fetching the Session Results","logger":"openf1_de.fetch_bronze_session_results","filename":"fetch_bronze_session_results.py","lineno":80}
{"timestamp":"2026-06-19T10:50:53.272149Z","level":"info","event":"Fetching for url: https://api.openf1.org/v1/session_result?session_key=11465","logger":"openf1_de.fetch_bronze_session_results","filename":"fetch_bronze_session_results.py","lineno":94}
{"timestamp":"2026-06-19T10:50:53.847879Z","level":"info","event":"Fetching for url: https://api.openf1.org/v1/session_result?session_key=11466","logger":"openf1_de.fetch_bronze_session_results","filename":"fetch_bronze_session_results.py","lineno":94}
{"timestamp":"2026-06-19T10:50:54.370400Z","level":"info","event":"Fetching for url: https://api.openf1.org/v1/session_result?session_key=11467","logger":"openf1_de.fetch_bronze_session_results","filename":"fetch_bronze_session_results.py","lineno":94}
{"timestamp":"2026-06-19T10:50:54.895606Z","level":"info","event":"Fetching for url: https://api.openf1.org/v1/session_result?session_key=11470","logger":"openf1_de.fetch_bronze_session_results","filename":"fetch_bronze_session_results.py","lineno":94}
{"timestamp":"2026-06-19T10:50:55.420047Z","level":"info","event":"Fetching for url: https://api.openf1.org/v1/session_result?session_key=11469","logger":"openf1_de.fetch_bronze_session_results","filename":"fetch_bronze_session_results.py","lineno":94}
{"timestamp":"2026-06-19T10:50:56.329327Z","level":"info","event":"Fetching for url: https://api.openf1.org/v1/session_result?session_key=11468","logger":"openf1_de.fetch_bronze_session_results","filename":"fetch_bronze_session_results.py","lineno":94}
{"timestamp":"2026-06-19T10:50:56.856527Z","level":"info","event":"Fetching for url: https://api.openf1.org/v1/session_result?session_key=11227","logger":"openf1_de.fetch_bronze_session_results","filename":"fetch_bronze_session_results.py","lineno":94}
{"timestamp":"2026-06-19T10:50:57.381010Z","level":"info","event":"Fetching for url: https://api.openf1.org/v1/session_result?session_key=11228","logger":"openf1_de.fetch_bronze_session_results","filename":"fetch_bronze_session_results.py","lineno":94}
{"timestamp":"2026-06-19T10:50:57.902054Z","level":"info","event":"Fetching for url: https://api.openf1.org/v1/session_result?session_key=11229","logger":"openf1_de.fetch_bronze_session_results","filename":"fetch_bronze_session_results.py","lineno":94}
{"timestamp":"2026-06-19T10:50:58.425699Z","level":"info","event":"Fetching for url: https://api.openf1.org/v1/session_result?session_key=11230","logger":"openf1_de.fetch_bronze_session_results","filename":"fetch_bronze_session_results.py","lineno":94}
{"timestamp":"2026-06-19T10:50:58.950240Z","level":"info","event":"Fetching for url: https://api.openf1.org/v1/session_result?session_key=11234","logger":"openf1_de.fetch_bronze_session_results","filename":"fetch_bronze_session_results.py","lineno":94}
{"timestamp":"2026-06-19T10:50:59.474590Z","level":"info","event":"Fetching for url: https://api.openf1.org/v1/session_result?session_key=11235","logger":"openf1_de.fetch_bronze_session_results","filename":"fetch_bronze_session_results.py","lineno":94}
{"timestamp":"2026-06-19T10:51:00.001713Z","level":"info","event":"Fetching for url: https://api.openf1.org/v1/session_result?session_key=11236","logger":"openf1_de.fetch_bronze_session_results","filename":"fetch_bronze_session_results.py","lineno":94}
{"timestamp":"2026-06-19T10:51:00.527726Z","level":"info","event":"Fetching for url: https://api.openf1.org/v1/session_result?session_key=11240","logger":"openf1_de.fetch_bronze_session_results","filename":"fetch_bronze_session_results.py","lineno":94}
{"timestamp":"2026-06-19T10:51:01.049142Z","level":"info","event":"Fetching for url: https://api.openf1.org/v1/session_result?session_key=11241","logger":"openf1_de.fetch_bronze_session_results","filename":"fetch_bronze_session_results.py","lineno":94}
{"timestamp":"2026-06-19T10:51:01.574782Z","level":"info","event":"Fetching for url: https://api.openf1.org/v1/session_result?session_key=11245","logger":"openf1_de.fetch_bronze_session_results","filename":"fetch_bronze_session_results.py","lineno":94}
{"timestamp":"2026-06-19T10:51:02.098888Z","level":"info","event":"Fetching for url: https://api.openf1.org/v1/session_result?session_key=11246","logger":"openf1_de.fetch_bronze_session_results","filename":"fetch_bronze_session_results.py","lineno":94}
{"timestamp":"2026-06-19T10:51:02.622598Z","level":"info","event":"Fetching for url: https://api.openf1.org/v1/session_result?session_key=11247","logger":"openf1_de.fetch_bronze_session_results","filename":"fetch_bronze_session_results.py","lineno":94}
{"timestamp":"2026-06-19T10:51:03.143759Z","level":"info","event":"Fetching for url: https://api.openf1.org/v1/session_result?session_key=11248","logger":"openf1_de.fetch_bronze_session_results","filename":"fetch_bronze_session_results.py","lineno":94}
{"timestamp":"2026-06-19T10:51:03.667986Z","level":"info","event":"Fetching for url: https://api.openf1.org/v1/session_result?session_key=11249","logger":"openf1_de.fetch_bronze_session_results","filename":"fetch_bronze_session_results.py","lineno":94}
{"timestamp":"2026-06-19T10:51:04.195059Z","level":"info","event":"Fetching for url: https://api.openf1.org/v1/session_result?session_key=11253","logger":"openf1_de.fetch_bronze_session_results","filename":"fetch_bronze_session_results.py","lineno":94}
{"timestamp":"2026-06-19T10:51:04.727464Z","level":"info","event":"Fetching for url: https://api.openf1.org/v1/session_result?session_key=11254","logger":"openf1_de.fetch_bronze_session_results","filename":"fetch_bronze_session_results.py","lineno":94}
{"timestamp":"2026-06-19T10:51:05.247747Z","level":"error","event":"404: Not found for https://api.openf1.org/v1/session_result?session_key=11254","logger":"openf1_de.fetch_bronze_session_results","filename":"fetch_bronze_session_results.py","lineno":111}
{"timestamp":"2026-06-19T10:51:05.248148Z","level":"info","event":"Fetching for url: https://api.openf1.org/v1/session_result?session_key=11255","logger":"openf1_de.fetch_bronze_session_results","filename":"fetch_bronze_session_results.py","lineno":94}
{"timestamp":"2026-06-19T10:51:05.780576Z","level":"error","event":"404: Not found for https://api.openf1.org/v1/session_result?session_key=11255","logger":"openf1_de.fetch_bronze_session_results","filename":"fetch_bronze_session_results.py","lineno":111}
{"timestamp":"2026-06-19T10:51:05.780898Z","level":"info","event":"Fetching for url: https://api.openf1.org/v1/session_result?session_key=11256","logger":"openf1_de.fetch_bronze_session_results","filename":"fetch_bronze_session_results.py","lineno":94}
{"timestamp":"2026-06-19T10:51:06.301578Z","level":"error","event":"404: Not found for https://api.openf1.org/v1/session_result?session_key=11256","logger":"openf1_de.fetch_bronze_session_results","filename":"fetch_bronze_session_results.py","lineno":111}
{"timestamp":"2026-06-19T10:51:06.301954Z","level":"info","event":"Fetching for url: https://api.openf1.org/v1/session_result?session_key=11257","logger":"openf1_de.fetch_bronze_session_results","filename":"fetch_bronze_session_results.py","lineno":94}
{"timestamp":"2026-06-19T10:51:06.828737Z","level":"error","event":"404: Not found for https://api.openf1.org/v1/session_result?session_key=11257","logger":"openf1_de.fetch_bronze_session_results","filename":"fetch_bronze_session_results.py","lineno":111}
{"timestamp":"2026-06-19T10:51:06.829028Z","level":"info","event":"Fetching for url: https://api.openf1.org/v1/session_result?session_key=11261","logger":"openf1_de.fetch_bronze_session_results","filename":"fetch_bronze_session_results.py","lineno":94}
{"timestamp":"2026-06-19T10:51:07.347606Z","level":"error","event":"404: Not found for https://api.openf1.org/v1/session_result?session_key=11261","logger":"openf1_de.fetch_bronze_session_results","filename":"fetch_bronze_session_results.py","lineno":111}
{"timestamp":"2026-06-19T10:51:07.347948Z","level":"info","event":"Fetching for url: https://api.openf1.org/v1/session_result?session_key=11262","logger":"openf1_de.fetch_bronze_session_results","filename":"fetch_bronze_session_results.py","lineno":94}
{"timestamp":"2026-06-19T10:51:07.871121Z","level":"error","event":"404: Not found for https://api.openf1.org/v1/session_result?session_key=11262","logger":"openf1_de.fetch_bronze_session_results","filename":"fetch_bronze_session_results.py","lineno":111}
{"timestamp":"2026-06-19T10:51:07.871409Z","level":"info","event":"Fetching for url: https://api.openf1.org/v1/session_result?session_key=11263","logger":"openf1_de.fetch_bronze_session_results","filename":"fetch_bronze_session_results.py","lineno":94}
{"timestamp":"2026-06-19T10:51:08.406408Z","level":"error","event":"404: Not found for https://api.openf1.org/v1/session_result?session_key=11263","logger":"openf1_de.fetch_bronze_session_results","filename":"fetch_bronze_session_results.py","lineno":111}
{"timestamp":"2026-06-19T10:51:08.406745Z","level":"info","event":"Fetching for url: https://api.openf1.org/v1/session_result?session_key=11264","logger":"openf1_de.fetch_bronze_session_results","filename":"fetch_bronze_session_results.py","lineno":94}
{"timestamp":"2026-06-19T10:51:08.924318Z","level":"error","event":"404: Not found for https://api.openf1.org/v1/session_result?session_key=11264","logger":"openf1_de.fetch_bronze_session_results","filename":"fetch_bronze_session_results.py","lineno":111}
{"timestamp":"2026-06-19T10:51:08.924687Z","level":"info","event":"Fetching for url: https://api.openf1.org/v1/session_result?session_key=11265","logger":"openf1_de.fetch_bronze_session_results","filename":"fetch_bronze_session_results.py","lineno":94}
{"timestamp":"2026-06-19T10:51:09.443859Z","level":"error","event":"404: Not found for https://api.openf1.org/v1/session_result?session_key=11265","logger":"openf1_de.fetch_bronze_session_results","filename":"fetch_bronze_session_results.py","lineno":111}
{"timestamp":"2026-06-19T10:51:09.444155Z","level":"info","event":"Fetching for url: https://api.openf1.org/v1/session_result?session_key=11269","logger":"openf1_de.fetch_bronze_session_results","filename":"fetch_bronze_session_results.py","lineno":94}
{"timestamp":"2026-06-19T10:51:09.965946Z","level":"error","event":"404: Not found for https://api.openf1.org/v1/session_result?session_key=11269","logger":"openf1_de.fetch_bronze_session_results","filename":"fetch_bronze_session_results.py","lineno":111}
{"timestamp":"2026-06-19T10:51:09.966280Z","level":"info","event":"Fetching for url: https://api.openf1.org/v1/session_result?session_key=11270","logger":"openf1_de.fetch_bronze_session_results","filename":"fetch_bronze_session_results.py","lineno":94}
{"timestamp":"2026-06-19T10:51:10.490554Z","level":"info","event":"Fetching for url: https://api.openf1.org/v1/session_result?session_key=11271","logger":"openf1_de.fetch_bronze_session_results","filename":"fetch_bronze_session_results.py","lineno":94}
{"timestamp":"2026-06-19T10:51:11.011613Z","level":"info","event":"Fetching for url: https://api.openf1.org/v1/session_result?session_key=11275","logger":"openf1_de.fetch_bronze_session_results","filename":"fetch_bronze_session_results.py","lineno":94}
{"timestamp":"2026-06-19T10:51:11.539885Z","level":"info","event":"Fetching for url: https://api.openf1.org/v1/session_result?session_key=11276","logger":"openf1_de.fetch_bronze_session_results","filename":"fetch_bronze_session_results.py","lineno":94}
{"timestamp":"2026-06-19T10:51:12.092094Z","level":"info","event":"Fetching for url: https://api.openf1.org/v1/session_result?session_key=11280","logger":"openf1_de.fetch_bronze_session_results","filename":"fetch_bronze_session_results.py","lineno":94}
{"timestamp":"2026-06-19T10:51:12.621384Z","level":"info","event":"Fetching for url: https://api.openf1.org/v1/session_result?session_key=11281","logger":"openf1_de.fetch_bronze_session_results","filename":"fetch_bronze_session_results.py","lineno":94}
{"timestamp":"2026-06-19T10:51:13.144255Z","level":"info","event":"Fetching for url: https://api.openf1.org/v1/session_result?session_key=11282","logger":"openf1_de.fetch_bronze_session_results","filename":"fetch_bronze_session_results.py","lineno":94}
{"timestamp":"2026-06-19T10:51:13.669067Z","level":"info","event":"Fetching for url: https://api.openf1.org/v1/session_result?session_key=11286","logger":"openf1_de.fetch_bronze_session_results","filename":"fetch_bronze_session_results.py","lineno":94}
{"timestamp":"2026-06-19T10:51:14.192021Z","level":"info","event":"Fetching for url: https://api.openf1.org/v1/session_result?session_key=11287","logger":"openf1_de.fetch_bronze_session_results","filename":"fetch_bronze_session_results.py","lineno":94}
{"timestamp":"2026-06-19T10:51:14.717803Z","level":"info","event":"Fetching for url: https://api.openf1.org/v1/session_result?session_key=11291","logger":"openf1_de.fetch_bronze_session_results","filename":"fetch_bronze_session_results.py","lineno":94}
{"timestamp":"2026-06-19T10:51:15.244337Z","level":"info","event":"Fetching for url: https://api.openf1.org/v1/session_result?session_key=11292","logger":"openf1_de.fetch_bronze_session_results","filename":"fetch_bronze_session_results.py","lineno":94}
{"timestamp":"2026-06-19T10:51:15.770961Z","level":"info","event":"Fetching for url: https://api.openf1.org/v1/session_result?session_key=11293","logger":"openf1_de.fetch_bronze_session_results","filename":"fetch_bronze_session_results.py","lineno":94}
{"timestamp":"2026-06-19T10:51:16.286670Z","level":"error","event":"429: Waiting 43.7s until next minute...","logger":"openf1_de.fetch_bronze_session_results","filename":"fetch_bronze_session_results.py","lineno":107}
{"timestamp":"2026-06-19T10:52:00.536336Z","level":"info","event":"Fetching for url: https://api.openf1.org/v1/session_result?session_key=11294","logger":"openf1_de.fetch_bronze_session_results","filename":"fetch_bronze_session_results.py","lineno":94}
{"timestamp":"2026-06-19T10:52:01.059633Z","level":"info","event":"Fetching for url: https://api.openf1.org/v1/session_result?session_key=11295","logger":"openf1_de.fetch_bronze_session_results","filename":"fetch_bronze_session_results.py","lineno":94}
{"timestamp":"2026-06-19T10:52:01.585261Z","level":"info","event":"Fetching for url: https://api.openf1.org/v1/session_result?session_key=11299","logger":"openf1_de.fetch_bronze_session_results","filename":"fetch_bronze_session_results.py","lineno":94}
{"timestamp":"2026-06-19T10:52:02.119542Z","level":"info","event":"Fetching for url: https://api.openf1.org/v1/session_result?session_key=11300","logger":"openf1_de.fetch_bronze_session_results","filename":"fetch_bronze_session_results.py","lineno":94}
{"timestamp":"2026-06-19T10:52:02.643856Z","level":"info","event":"Fetching for url: https://api.openf1.org/v1/session_result?session_key=11301","logger":"openf1_de.fetch_bronze_session_results","filename":"fetch_bronze_session_results.py","lineno":94}
{"timestamp":"2026-06-19T10:52:03.173974Z","level":"info","event":"Fetching for url: https://api.openf1.org/v1/session_result?session_key=11302","logger":"openf1_de.fetch_bronze_session_results","filename":"fetch_bronze_session_results.py","lineno":94}
{"timestamp":"2026-06-19T10:52:03.696553Z","level":"info","event":"Fetching for url: https://api.openf1.org/v1/session_result?session_key=11303","logger":"openf1_de.fetch_bronze_session_results","filename":"fetch_bronze_session_results.py","lineno":94}
{"timestamp":"2026-06-19T10:52:04.222884Z","level":"info","event":"Fetching for url: https://api.openf1.org/v1/session_result?session_key=11307","logger":"openf1_de.fetch_bronze_session_results","filename":"fetch_bronze_session_results.py","lineno":94}
{"timestamp":"2026-06-19T10:52:04.745424Z","level":"info","event":"Fetching for url: https://api.openf1.org/v1/session_result?session_key=9683","logger":"openf1_de.fetch_bronze_session_results","filename":"fetch_bronze_session_results.py","lineno":94}
{"timestamp":"2026-06-19T10:52:05.267030Z","level":"info","event":"Fetching for url: https://api.openf1.org/v1/session_result?session_key=9684","logger":"openf1_de.fetch_bronze_session_results","filename":"fetch_bronze_session_results.py","lineno":94}
{"timestamp":"2026-06-19T10:52:05.795291Z","level":"info","event":"Fetching for url: https://api.openf1.org/v1/session_result?session_key=9685","logger":"openf1_de.fetch_bronze_session_results","filename":"fetch_bronze_session_results.py","lineno":94}
{"timestamp":"2026-06-19T10:52:06.318184Z","level":"info","event":"Fetching for url: https://api.openf1.org/v1/session_result?session_key=9686","logger":"openf1_de.fetch_bronze_session_results","filename":"fetch_bronze_session_results.py","lineno":94}
{"timestamp":"2026-06-19T10:52:06.842340Z","level":"info","event":"Fetching for url: https://api.openf1.org/v1/session_result?session_key=9687","logger":"openf1_de.fetch_bronze_session_results","filename":"fetch_bronze_session_results.py","lineno":94}
{"timestamp":"2026-06-19T10:52:07.365227Z","level":"info","event":"Fetching for url: https://api.openf1.org/v1/session_result?session_key=9688","logger":"openf1_de.fetch_bronze_session_results","filename":"fetch_bronze_session_results.py","lineno":94}
{"timestamp":"2026-06-19T10:52:07.891129Z","level":"info","event":"Fetching for url: https://api.openf1.org/v1/session_result?session_key=9689","logger":"openf1_de.fetch_bronze_session_results","filename":"fetch_bronze_session_results.py","lineno":94}
{"timestamp":"2026-06-19T10:52:08.417327Z","level":"info","event":"Fetching for url: https://api.openf1.org/v1/session_result?session_key=9693","logger":"openf1_de.fetch_bronze_session_results","filename":"fetch_bronze_session_results.py","lineno":94}
{"timestamp":"2026-06-19T10:52:08.940352Z","level":"info","event":"Fetching for url: https://api.openf1.org/v1/session_result?session_key=9988","logger":"openf1_de.fetch_bronze_session_results","filename":"fetch_bronze_session_results.py","lineno":94}
{"timestamp":"2026-06-19T10:52:09.466591Z","level":"info","event":"Fetching for url: https://api.openf1.org/v1/session_result?session_key=9989","logger":"openf1_de.fetch_bronze_session_results","filename":"fetch_bronze_session_results.py","lineno":94}
{"timestamp":"2026-06-19T10:52:09.993190Z","level":"info","event":"Fetching for url: https://api.openf1.org/v1/session_result?session_key=9993","logger":"openf1_de.fetch_bronze_session_results","filename":"fetch_bronze_session_results.py","lineno":94}
{"timestamp":"2026-06-19T10:52:10.518058Z","level":"info","event":"Fetching for url: https://api.openf1.org/v1/session_result?session_key=9994","logger":"openf1_de.fetch_bronze_session_results","filename":"fetch_bronze_session_results.py","lineno":94}
{"timestamp":"2026-06-19T10:52:11.048284Z","level":"info","event":"Fetching for url: https://api.openf1.org/v1/session_result?session_key=9998","logger":"openf1_de.fetch_bronze_session_results","filename":"fetch_bronze_session_results.py","lineno":94}
{"timestamp":"2026-06-19T10:52:11.571166Z","level":"info","event":"Fetching for url: https://api.openf1.org/v1/session_result?session_key=9999","logger":"openf1_de.fetch_bronze_session_results","filename":"fetch_bronze_session_results.py","lineno":94}
{"timestamp":"2026-06-19T10:52:12.094611Z","level":"info","event":"Fetching for url: https://api.openf1.org/v1/session_result?session_key=10000","logger":"openf1_de.fetch_bronze_session_results","filename":"fetch_bronze_session_results.py","lineno":94}
{"timestamp":"2026-06-19T10:52:12.623557Z","level":"info","event":"Fetching for url: https://api.openf1.org/v1/session_result?session_key=10001","logger":"openf1_de.fetch_bronze_session_results","filename":"fetch_bronze_session_results.py","lineno":94}
{"timestamp":"2026-06-19T10:52:13.146448Z","level":"info","event":"Fetching for url: https://api.openf1.org/v1/session_result?session_key=10002","logger":"openf1_de.fetch_bronze_session_results","filename":"fetch_bronze_session_results.py","lineno":94}
{"timestamp":"2026-06-19T10:52:13.671629Z","level":"info","event":"Fetching for url: https://api.openf1.org/v1/session_result?session_key=10006","logger":"openf1_de.fetch_bronze_session_results","filename":"fetch_bronze_session_results.py","lineno":94}
{"timestamp":"2026-06-19T10:52:14.200374Z","level":"info","event":"Fetching for url: https://api.openf1.org/v1/session_result?session_key=10007","logger":"openf1_de.fetch_bronze_session_results","filename":"fetch_bronze_session_results.py","lineno":94}
{"timestamp":"2026-06-19T10:52:14.726699Z","level":"info","event":"Fetching for url: https://api.openf1.org/v1/session_result?session_key=10008","logger":"openf1_de.fetch_bronze_session_results","filename":"fetch_bronze_session_results.py","lineno":94}
{"timestamp":"2026-06-19T10:52:15.249615Z","level":"info","event":"Fetching for url: https://api.openf1.org/v1/session_result?session_key=10009","logger":"openf1_de.fetch_bronze_session_results","filename":"fetch_bronze_session_results.py","lineno":94}
{"timestamp":"2026-06-19T10:52:15.772759Z","level":"info","event":"Fetching for url: https://api.openf1.org/v1/session_result?session_key=10010","logger":"openf1_de.fetch_bronze_session_results","filename":"fetch_bronze_session_results.py","lineno":94}
{"timestamp":"2026-06-19T10:52:16.292557Z","level":"error","event":"429: Waiting 43.7s until next minute...","logger":"openf1_de.fetch_bronze_session_results","filename":"fetch_bronze_session_results.py","lineno":107}
{"timestamp":"2026-06-19T10:53:00.531547Z","level":"info","event":"Fetching for url: https://api.openf1.org/v1/session_result?session_key=10014","logger":"openf1_de.fetch_bronze_session_results","filename":"fetch_bronze_session_results.py","lineno":94}
{"timestamp":"2026-06-19T10:53:01.057701Z","level":"info","event":"Fetching for url: https://api.openf1.org/v1/session_result?session_key=10015","logger":"openf1_de.fetch_bronze_session_results","filename":"fetch_bronze_session_results.py","lineno":94}
{"timestamp":"2026-06-19T10:53:01.587500Z","level":"info","event":"Fetching for url: https://api.openf1.org/v1/session_result?session_key=10016","logger":"openf1_de.fetch_bronze_session_results","filename":"fetch_bronze_session_results.py","lineno":94}
{"timestamp":"2026-06-19T10:53:02.110724Z","level":"info","event":"Fetching for url: https://api.openf1.org/v1/session_result?session_key=10017","logger":"openf1_de.fetch_bronze_session_results","filename":"fetch_bronze_session_results.py","lineno":94}
{"timestamp":"2026-06-19T10:53:02.630084Z","level":"info","event":"Fetching for url: https://api.openf1.org/v1/session_result?session_key=10018","logger":"openf1_de.fetch_bronze_session_results","filename":"fetch_bronze_session_results.py","lineno":94}
{"timestamp":"2026-06-19T10:53:03.161078Z","level":"info","event":"Fetching for url: https://api.openf1.org/v1/session_result?session_key=10022","logger":"openf1_de.fetch_bronze_session_results","filename":"fetch_bronze_session_results.py","lineno":94}
{"timestamp":"2026-06-19T10:53:03.687555Z","level":"info","event":"Fetching for url: https://api.openf1.org/v1/session_result?session_key=10023","logger":"openf1_de.fetch_bronze_session_results","filename":"fetch_bronze_session_results.py","lineno":94}
{"timestamp":"2026-06-19T10:53:04.213261Z","level":"info","event":"Fetching for url: https://api.openf1.org/v1/session_result?session_key=10024","logger":"openf1_de.fetch_bronze_session_results","filename":"fetch_bronze_session_results.py","lineno":94}
{"timestamp":"2026-06-19T10:53:04.746071Z","level":"info","event":"Fetching for url: https://api.openf1.org/v1/session_result?session_key=10028","logger":"openf1_de.fetch_bronze_session_results","filename":"fetch_bronze_session_results.py","lineno":94}
{"timestamp":"2026-06-19T10:53:05.272311Z","level":"info","event":"Fetching for url: https://api.openf1.org/v1/session_result?session_key=10029","logger":"openf1_de.fetch_bronze_session_results","filename":"fetch_bronze_session_results.py","lineno":94}
{"timestamp":"2026-06-19T10:53:05.799365Z","level":"info","event":"Fetching for url: https://api.openf1.org/v1/session_result?session_key=10033","logger":"openf1_de.fetch_bronze_session_results","filename":"fetch_bronze_session_results.py","lineno":94}
{"timestamp":"2026-06-19T10:53:06.323426Z","level":"info","event":"Fetching for url: https://api.openf1.org/v1/session_result?session_key=9980","logger":"openf1_de.fetch_bronze_session_results","filename":"fetch_bronze_session_results.py","lineno":94}
{"timestamp":"2026-06-19T10:53:06.853465Z","level":"info","event":"Fetching for url: https://api.openf1.org/v1/session_result?session_key=9981","logger":"openf1_de.fetch_bronze_session_results","filename":"fetch_bronze_session_results.py","lineno":94}
{"timestamp":"2026-06-19T10:53:07.381102Z","level":"info","event":"Fetching for url: https://api.openf1.org/v1/session_result?session_key=9982","logger":"openf1_de.fetch_bronze_session_results","filename":"fetch_bronze_session_results.py","lineno":94}
{"timestamp":"2026-06-19T10:53:07.908173Z","level":"info","event":"Fetching for url: https://api.openf1.org/v1/session_result?session_key=9983","logger":"openf1_de.fetch_bronze_session_results","filename":"fetch_bronze_session_results.py","lineno":94}
{"timestamp":"2026-06-19T10:53:08.439721Z","level":"info","event":"Fetching for url: https://api.openf1.org/v1/session_result?session_key=9987","logger":"openf1_de.fetch_bronze_session_results","filename":"fetch_bronze_session_results.py","lineno":94}
{"timestamp":"2026-06-19T10:53:08.962005Z","level":"info","event":"Fetching for url: https://api.openf1.org/v1/session_result?session_key=9972","logger":"openf1_de.fetch_bronze_session_results","filename":"fetch_bronze_session_results.py","lineno":94}
{"timestamp":"2026-06-19T10:53:09.485372Z","level":"info","event":"Fetching for url: https://api.openf1.org/v1/session_result?session_key=9973","logger":"openf1_de.fetch_bronze_session_results","filename":"fetch_bronze_session_results.py","lineno":94}
{"timestamp":"2026-06-19T10:53:10.006502Z","level":"info","event":"Fetching for url: https://api.openf1.org/v1/session_result?session_key=9974","logger":"openf1_de.fetch_bronze_session_results","filename":"fetch_bronze_session_results.py","lineno":94}
{"timestamp":"2026-06-19T10:53:10.530145Z","level":"info","event":"Fetching for url: https://api.openf1.org/v1/session_result?session_key=9975","logger":"openf1_de.fetch_bronze_session_results","filename":"fetch_bronze_session_results.py","lineno":94}
{"timestamp":"2026-06-19T10:53:11.052670Z","level":"info","event":"Fetching for url: https://api.openf1.org/v1/session_result?session_key=9979","logger":"openf1_de.fetch_bronze_session_results","filename":"fetch_bronze_session_results.py","lineno":94}
{"timestamp":"2026-06-19T10:53:11.575513Z","level":"info","event":"Fetching for url: https://api.openf1.org/v1/session_result?session_key=9964","logger":"openf1_de.fetch_bronze_session_results","filename":"fetch_bronze_session_results.py","lineno":94}
{"timestamp":"2026-06-19T10:53:12.103185Z","level":"info","event":"Fetching for url: https://api.openf1.org/v1/session_result?session_key=9965","logger":"openf1_de.fetch_bronze_session_results","filename":"fetch_bronze_session_results.py","lineno":94}
{"timestamp":"2026-06-19T10:53:12.626091Z","level":"info","event":"Fetching for url: https://api.openf1.org/v1/session_result?session_key=9966","logger":"openf1_de.fetch_bronze_session_results","filename":"fetch_bronze_session_results.py","lineno":94}
{"timestamp":"2026-06-19T10:53:13.147371Z","level":"info","event":"Fetching for url: https://api.openf1.org/v1/session_result?session_key=9967","logger":"openf1_de.fetch_bronze_session_results","filename":"fetch_bronze_session_results.py","lineno":94}
{"timestamp":"2026-06-19T10:53:13.680119Z","level":"info","event":"Fetching for url: https://api.openf1.org/v1/session_result?session_key=9971","logger":"openf1_de.fetch_bronze_session_results","filename":"fetch_bronze_session_results.py","lineno":94}
{"timestamp":"2026-06-19T10:53:14.218822Z","level":"info","event":"Fetching for url: https://api.openf1.org/v1/session_result?session_key=9956","logger":"openf1_de.fetch_bronze_session_results","filename":"fetch_bronze_session_results.py","lineno":94}
{"timestamp":"2026-06-19T10:53:14.745009Z","level":"info","event":"Fetching for url: https://api.openf1.org/v1/session_result?session_key=9957","logger":"openf1_de.fetch_bronze_session_results","filename":"fetch_bronze_session_results.py","lineno":94}
{"timestamp":"2026-06-19T10:53:15.271935Z","level":"info","event":"Fetching for url: https://api.openf1.org/v1/session_result?session_key=9958","logger":"openf1_de.fetch_bronze_session_results","filename":"fetch_bronze_session_results.py","lineno":94}
{"timestamp":"2026-06-19T10:53:15.793918Z","level":"info","event":"Fetching for url: https://api.openf1.org/v1/session_result?session_key=9959","logger":"openf1_de.fetch_bronze_session_results","filename":"fetch_bronze_session_results.py","lineno":94}
{"timestamp":"2026-06-19T10:53:16.313610Z","level":"error","event":"429: Waiting 43.7s until next minute...","logger":"openf1_de.fetch_bronze_session_results","filename":"fetch_bronze_session_results.py","lineno":107}
{"timestamp":"2026-06-19T10:54:00.525502Z","level":"info","event":"Fetching for url: https://api.openf1.org/v1/session_result?session_key=9963","logger":"openf1_de.fetch_bronze_session_results","filename":"fetch_bronze_session_results.py","lineno":94}
{"timestamp":"2026-06-19T10:54:01.053369Z","level":"info","event":"Fetching for url: https://api.openf1.org/v1/session_result?session_key=9948","logger":"openf1_de.fetch_bronze_session_results","filename":"fetch_bronze_session_results.py","lineno":94}
{"timestamp":"2026-06-19T10:54:01.578001Z","level":"info","event":"Fetching for url: https://api.openf1.org/v1/session_result?session_key=9949","logger":"openf1_de.fetch_bronze_session_results","filename":"fetch_bronze_session_results.py","lineno":94}
{"timestamp":"2026-06-19T10:54:02.103726Z","level":"info","event":"Fetching for url: https://api.openf1.org/v1/session_result?session_key=9950","logger":"openf1_de.fetch_bronze_session_results","filename":"fetch_bronze_session_results.py","lineno":94}
{"timestamp":"2026-06-19T10:54:02.628736Z","level":"info","event":"Fetching for url: https://api.openf1.org/v1/session_result?session_key=9951","logger":"openf1_de.fetch_bronze_session_results","filename":"fetch_bronze_session_results.py","lineno":94}
{"timestamp":"2026-06-19T10:54:03.149978Z","level":"info","event":"Fetching for url: https://api.openf1.org/v1/session_result?session_key=9955","logger":"openf1_de.fetch_bronze_session_results","filename":"fetch_bronze_session_results.py","lineno":94}
{"timestamp":"2026-06-19T10:54:03.671213Z","level":"info","event":"Fetching for url: https://api.openf1.org/v1/session_result?session_key=9940","logger":"openf1_de.fetch_bronze_session_results","filename":"fetch_bronze_session_results.py","lineno":94}
{"timestamp":"2026-06-19T10:54:04.192362Z","level":"info","event":"Fetching for url: https://api.openf1.org/v1/session_result?session_key=9941","logger":"openf1_de.fetch_bronze_session_results","filename":"fetch_bronze_session_results.py","lineno":94}
{"timestamp":"2026-06-19T10:54:04.719822Z","level":"info","event":"Fetching for url: https://api.openf1.org/v1/session_result?session_key=9942","logger":"openf1_de.fetch_bronze_session_results","filename":"fetch_bronze_session_results.py","lineno":94}
{"timestamp":"2026-06-19T10:54:05.244525Z","level":"info","event":"Fetching for url: https://api.openf1.org/v1/session_result?session_key=9943","logger":"openf1_de.fetch_bronze_session_results","filename":"fetch_bronze_session_results.py","lineno":94}
{"timestamp":"2026-06-19T10:54:05.770935Z","level":"info","event":"Fetching for url: https://api.openf1.org/v1/session_result?session_key=9947","logger":"openf1_de.fetch_bronze_session_results","filename":"fetch_bronze_session_results.py","lineno":94}
{"timestamp":"2026-06-19T10:54:06.298625Z","level":"info","event":"Fetching for url: https://api.openf1.org/v1/session_result?session_key=9929","logger":"openf1_de.fetch_bronze_session_results","filename":"fetch_bronze_session_results.py","lineno":94}
{"timestamp":"2026-06-19T10:54:06.824024Z","level":"info","event":"Fetching for url: https://api.openf1.org/v1/session_result?session_key=9930","logger":"openf1_de.fetch_bronze_session_results","filename":"fetch_bronze_session_results.py","lineno":94}
{"timestamp":"2026-06-19T10:54:07.353822Z","level":"info","event":"Fetching for url: https://api.openf1.org/v1/session_result?session_key=9934","logger":"openf1_de.fetch_bronze_session_results","filename":"fetch_bronze_session_results.py","lineno":94}
{"timestamp":"2026-06-19T10:54:07.874214Z","level":"info","event":"Fetching for url: https://api.openf1.org/v1/session_result?session_key=9935","logger":"openf1_de.fetch_bronze_session_results","filename":"fetch_bronze_session_results.py","lineno":94}
{"timestamp":"2026-06-19T10:54:08.401059Z","level":"info","event":"Fetching for url: https://api.openf1.org/v1/session_result?session_key=9939","logger":"openf1_de.fetch_bronze_session_results","filename":"fetch_bronze_session_results.py","lineno":94}
{"timestamp":"2026-06-19T10:54:08.931586Z","level":"info","event":"Fetching for url: https://api.openf1.org/v1/session_result?session_key=9921","logger":"openf1_de.fetch_bronze_session_results","filename":"fetch_bronze_session_results.py","lineno":94}
{"timestamp":"2026-06-19T10:54:09.455578Z","level":"info","event":"Fetching for url: https://api.openf1.org/v1/session_result?session_key=9922","logger":"openf1_de.fetch_bronze_session_results","filename":"fetch_bronze_session_results.py","lineno":94}
{"timestamp":"2026-06-19T10:54:09.983945Z","level":"info","event":"Fetching for url: https://api.openf1.org/v1/session_result?session_key=9923","logger":"openf1_de.fetch_bronze_session_results","filename":"fetch_bronze_session_results.py","lineno":94}
{"timestamp":"2026-06-19T10:54:10.505102Z","level":"info","event":"Fetching for url: https://api.openf1.org/v1/session_result?session_key=9924","logger":"openf1_de.fetch_bronze_session_results","filename":"fetch_bronze_session_results.py","lineno":94}
{"timestamp":"2026-06-19T10:54:11.030268Z","level":"info","event":"Fetching for url: https://api.openf1.org/v1/session_result?session_key=9928","logger":"openf1_de.fetch_bronze_session_results","filename":"fetch_bronze_session_results.py","lineno":94}
{"timestamp":"2026-06-19T10:54:11.556520Z","level":"info","event":"Fetching for url: https://api.openf1.org/v1/session_result?session_key=9913","logger":"openf1_de.fetch_bronze_session_results","filename":"fetch_bronze_session_results.py","lineno":94}
{"timestamp":"2026-06-19T10:54:12.078670Z","level":"info","event":"Fetching for url: https://api.openf1.org/v1/session_result?session_key=9914","logger":"openf1_de.fetch_bronze_session_results","filename":"fetch_bronze_session_results.py","lineno":94}
{"timestamp":"2026-06-19T10:54:12.599768Z","level":"info","event":"Fetching for url: https://api.openf1.org/v1/session_result?session_key=9915","logger":"openf1_de.fetch_bronze_session_results","filename":"fetch_bronze_session_results.py","lineno":94}
{"timestamp":"2026-06-19T10:54:13.122067Z","level":"info","event":"Fetching for url: https://api.openf1.org/v1/session_result?session_key=9916","logger":"openf1_de.fetch_bronze_session_results","filename":"fetch_bronze_session_results.py","lineno":94}
{"timestamp":"2026-06-19T10:54:13.650886Z","level":"info","event":"Fetching for url: https://api.openf1.org/v1/session_result?session_key=9920","logger":"openf1_de.fetch_bronze_session_results","filename":"fetch_bronze_session_results.py","lineno":94}
{"timestamp":"2026-06-19T10:54:14.178113Z","level":"info","event":"Fetching for url: https://api.openf1.org/v1/session_result?session_key=9905","logger":"openf1_de.fetch_bronze_session_results","filename":"fetch_bronze_session_results.py","lineno":94}
{"timestamp":"2026-06-19T10:54:14.697449Z","level":"info","event":"Fetching for url: https://api.openf1.org/v1/session_result?session_key=9906","logger":"openf1_de.fetch_bronze_session_results","filename":"fetch_bronze_session_results.py","lineno":94}
{"timestamp":"2026-06-19T10:54:15.224123Z","level":"info","event":"Fetching for url: https://api.openf1.org/v1/session_result?session_key=9907","logger":"openf1_de.fetch_bronze_session_results","filename":"fetch_bronze_session_results.py","lineno":94}
{"timestamp":"2026-06-19T10:54:15.749130Z","level":"info","event":"Fetching for url: https://api.openf1.org/v1/session_result?session_key=9908","logger":"openf1_de.fetch_bronze_session_results","filename":"fetch_bronze_session_results.py","lineno":94}
{"timestamp":"2026-06-19T10:54:16.271754Z","level":"error","event":"429: Waiting 43.7s until next minute...","logger":"openf1_de.fetch_bronze_session_results","filename":"fetch_bronze_session_results.py","lineno":107}
{"timestamp":"2026-06-19T10:55:00.527060Z","level":"info","event":"Fetching for url: https://api.openf1.org/v1/session_result?session_key=9912","logger":"openf1_de.fetch_bronze_session_results","filename":"fetch_bronze_session_results.py","lineno":94}
{"timestamp":"2026-06-19T10:55:01.051438Z","level":"info","event":"Fetching for url: https://api.openf1.org/v1/session_result?session_key=9897","logger":"openf1_de.fetch_bronze_session_results","filename":"fetch_bronze_session_results.py","lineno":94}
{"timestamp":"2026-06-19T10:55:01.576165Z","level":"info","event":"Fetching for url: https://api.openf1.org/v1/session_result?session_key=9898","logger":"openf1_de.fetch_bronze_session_results","filename":"fetch_bronze_session_results.py","lineno":94}
{"timestamp":"2026-06-19T10:55:02.104505Z","level":"info","event":"Fetching for url: https://api.openf1.org/v1/session_result?session_key=9899","logger":"openf1_de.fetch_bronze_session_results","filename":"fetch_bronze_session_results.py","lineno":94}
{"timestamp":"2026-06-19T10:55:02.626955Z","level":"info","event":"Fetching for url: https://api.openf1.org/v1/session_result?session_key=9900","logger":"openf1_de.fetch_bronze_session_results","filename":"fetch_bronze_session_results.py","lineno":94}
{"timestamp":"2026-06-19T10:55:03.154649Z","level":"info","event":"Fetching for url: https://api.openf1.org/v1/session_result?session_key=9904","logger":"openf1_de.fetch_bronze_session_results","filename":"fetch_bronze_session_results.py","lineno":94}
{"timestamp":"2026-06-19T10:55:03.675347Z","level":"info","event":"Fetching for url: https://api.openf1.org/v1/session_result?session_key=9889","logger":"openf1_de.fetch_bronze_session_results","filename":"fetch_bronze_session_results.py","lineno":94}
{"timestamp":"2026-06-19T10:55:04.198226Z","level":"info","event":"Fetching for url: https://api.openf1.org/v1/session_result?session_key=9890","logger":"openf1_de.fetch_bronze_session_results","filename":"fetch_bronze_session_results.py","lineno":94}
{"timestamp":"2026-06-19T10:55:04.719496Z","level":"info","event":"Fetching for url: https://api.openf1.org/v1/session_result?session_key=9891","logger":"openf1_de.fetch_bronze_session_results","filename":"fetch_bronze_session_results.py","lineno":94}
{"timestamp":"2026-06-19T10:55:05.240609Z","level":"info","event":"Fetching for url: https://api.openf1.org/v1/session_result?session_key=9892","logger":"openf1_de.fetch_bronze_session_results","filename":"fetch_bronze_session_results.py","lineno":94}
{"timestamp":"2026-06-19T10:55:05.774219Z","level":"info","event":"Fetching for url: https://api.openf1.org/v1/session_result?session_key=9896","logger":"openf1_de.fetch_bronze_session_results","filename":"fetch_bronze_session_results.py","lineno":94}
{"timestamp":"2026-06-19T10:55:06.297830Z","level":"info","event":"Fetching for url: https://api.openf1.org/v1/session_result?session_key=9878","logger":"openf1_de.fetch_bronze_session_results","filename":"fetch_bronze_session_results.py","lineno":94}
{"timestamp":"2026-06-19T10:55:06.818855Z","level":"info","event":"Fetching for url: https://api.openf1.org/v1/session_result?session_key=9879","logger":"openf1_de.fetch_bronze_session_results","filename":"fetch_bronze_session_results.py","lineno":94}
{"timestamp":"2026-06-19T10:55:07.347740Z","level":"info","event":"Fetching for url: https://api.openf1.org/v1/session_result?session_key=9883","logger":"openf1_de.fetch_bronze_session_results","filename":"fetch_bronze_session_results.py","lineno":94}
{"timestamp":"2026-06-19T10:55:07.873618Z","level":"info","event":"Fetching for url: https://api.openf1.org/v1/session_result?session_key=9884","logger":"openf1_de.fetch_bronze_session_results","filename":"fetch_bronze_session_results.py","lineno":94}
{"timestamp":"2026-06-19T10:55:08.397116Z","level":"info","event":"Fetching for url: https://api.openf1.org/v1/session_result?session_key=9888","logger":"openf1_de.fetch_bronze_session_results","filename":"fetch_bronze_session_results.py","lineno":94}
{"timestamp":"2026-06-19T10:55:08.919515Z","level":"info","event":"Fetching for url: https://api.openf1.org/v1/session_result?session_key=9870","logger":"openf1_de.fetch_bronze_session_results","filename":"fetch_bronze_session_results.py","lineno":94}
{"timestamp":"2026-06-19T10:55:09.438433Z","level":"info","event":"Fetching for url: https://api.openf1.org/v1/session_result?session_key=9871","logger":"openf1_de.fetch_bronze_session_results","filename":"fetch_bronze_session_results.py","lineno":94}
{"timestamp":"2026-06-19T10:55:09.960658Z","level":"info","event":"Fetching for url: https://api.openf1.org/v1/session_result?session_key=9872","logger":"openf1_de.fetch_bronze_session_results","filename":"fetch_bronze_session_results.py","lineno":94}
{"timestamp":"2026-06-19T10:55:10.482752Z","level":"info","event":"Fetching for url: https://api.openf1.org/v1/session_result?session_key=9873","logger":"openf1_de.fetch_bronze_session_results","filename":"fetch_bronze_session_results.py","lineno":94}
{"timestamp":"2026-06-19T10:55:11.016927Z","level":"info","event":"Fetching for url: https://api.openf1.org/v1/session_result?session_key=9877","logger":"openf1_de.fetch_bronze_session_results","filename":"fetch_bronze_session_results.py","lineno":94}
{"timestamp":"2026-06-19T10:55:11.547225Z","level":"info","event":"Fetching for url: https://api.openf1.org/v1/session_result?session_key=9859","logger":"openf1_de.fetch_bronze_session_results","filename":"fetch_bronze_session_results.py","lineno":94}
{"timestamp":"2026-06-19T10:55:12.074685Z","level":"info","event":"Fetching for url: https://api.openf1.org/v1/session_result?session_key=9860","logger":"openf1_de.fetch_bronze_session_results","filename":"fetch_bronze_session_results.py","lineno":94}
{"timestamp":"2026-06-19T10:55:12.602810Z","level":"info","event":"Fetching for url: https://api.openf1.org/v1/session_result?session_key=9864","logger":"openf1_de.fetch_bronze_session_results","filename":"fetch_bronze_session_results.py","lineno":94}
{"timestamp":"2026-06-19T10:55:13.127329Z","level":"info","event":"Fetching for url: https://api.openf1.org/v1/session_result?session_key=9865","logger":"openf1_de.fetch_bronze_session_results","filename":"fetch_bronze_session_results.py","lineno":94}
{"timestamp":"2026-06-19T10:55:13.649156Z","level":"info","event":"Fetching for url: https://api.openf1.org/v1/session_result?session_key=9869","logger":"openf1_de.fetch_bronze_session_results","filename":"fetch_bronze_session_results.py","lineno":94}
{"timestamp":"2026-06-19T10:55:14.179326Z","level":"info","event":"Fetching for url: https://api.openf1.org/v1/session_result?session_key=9851","logger":"openf1_de.fetch_bronze_session_results","filename":"fetch_bronze_session_results.py","lineno":94}
{"timestamp":"2026-06-19T10:55:14.699426Z","level":"info","event":"Fetching for url: https://api.openf1.org/v1/session_result?session_key=9852","logger":"openf1_de.fetch_bronze_session_results","filename":"fetch_bronze_session_results.py","lineno":94}
{"timestamp":"2026-06-19T10:55:15.222902Z","level":"info","event":"Fetching for url: https://api.openf1.org/v1/session_result?session_key=9853","logger":"openf1_de.fetch_bronze_session_results","filename":"fetch_bronze_session_results.py","lineno":94}
{"timestamp":"2026-06-19T10:55:15.746553Z","level":"info","event":"Fetching for url: https://api.openf1.org/v1/session_result?session_key=9854","logger":"openf1_de.fetch_bronze_session_results","filename":"fetch_bronze_session_results.py","lineno":94}
{"timestamp":"2026-06-19T10:55:16.266339Z","level":"error","event":"429: Waiting 43.7s until next minute...","logger":"openf1_de.fetch_bronze_session_results","filename":"fetch_bronze_session_results.py","lineno":107}
{"timestamp":"2026-06-19T10:56:00.547491Z","level":"info","event":"Fetching for url: https://api.openf1.org/v1/session_result?session_key=9858","logger":"openf1_de.fetch_bronze_session_results","filename":"fetch_bronze_session_results.py","lineno":94}
{"timestamp":"2026-06-19T10:56:01.075965Z","level":"info","event":"Fetching for url: https://api.openf1.org/v1/session_result?session_key=9840","logger":"openf1_de.fetch_bronze_session_results","filename":"fetch_bronze_session_results.py","lineno":94}
{"timestamp":"2026-06-19T10:56:01.600160Z","level":"info","event":"Fetching for url: https://api.openf1.org/v1/session_result?session_key=9841","logger":"openf1_de.fetch_bronze_session_results","filename":"fetch_bronze_session_results.py","lineno":94}
{"timestamp":"2026-06-19T10:56:02.129449Z","level":"info","event":"Fetching for url: https://api.openf1.org/v1/session_result?session_key=9845","logger":"openf1_de.fetch_bronze_session_results","filename":"fetch_bronze_session_results.py","lineno":94}
{"timestamp":"2026-06-19T10:56:02.657409Z","level":"info","event":"Fetching for url: https://api.openf1.org/v1/session_result?session_key=9846","logger":"openf1_de.fetch_bronze_session_results","filename":"fetch_bronze_session_results.py","lineno":94}
{"timestamp":"2026-06-19T10:56:03.190484Z","level":"info","event":"Fetching for url: https://api.openf1.org/v1/session_result?session_key=9850","logger":"openf1_de.fetch_bronze_session_results","filename":"fetch_bronze_session_results.py","lineno":94}
{"timestamp":"2026-06-19T10:56:03.720719Z","level":"info","event":"Fetching for url: https://api.openf1.org/v1/session_result?session_key=9832","logger":"openf1_de.fetch_bronze_session_results","filename":"fetch_bronze_session_results.py","lineno":94}
{"timestamp":"2026-06-19T10:56:04.241193Z","level":"info","event":"Fetching for url: https://api.openf1.org/v1/session_result?session_key=9833","logger":"openf1_de.fetch_bronze_session_results","filename":"fetch_bronze_session_results.py","lineno":94}
{"timestamp":"2026-06-19T10:56:04.763472Z","level":"info","event":"Fetching for url: https://api.openf1.org/v1/session_result?session_key=9834","logger":"openf1_de.fetch_bronze_session_results","filename":"fetch_bronze_session_results.py","lineno":94}
{"timestamp":"2026-06-19T10:56:05.290101Z","level":"info","event":"Fetching for url: https://api.openf1.org/v1/session_result?session_key=9835","logger":"openf1_de.fetch_bronze_session_results","filename":"fetch_bronze_session_results.py","lineno":94}
{"timestamp":"2026-06-19T10:56:05.833359Z","level":"info","event":"Fetching for url: https://api.openf1.org/v1/session_result?session_key=9839","logger":"openf1_de.fetch_bronze_session_results","filename":"fetch_bronze_session_results.py","lineno":94}
{"timestamp":"2026-06-19T10:56:06.363807Z","level":"info","event":"Concatting the dataframes","logger":"openf1_de.fetch_bronze_session_results","filename":"fetch_bronze_session_results.py","lineno":124}
{"timestamp":"2026-06-19T10:56:06.399447Z","level":"info","event":"Merging df_sr with df_sessions","logger":"openf1_de.fetch_bronze_session_results","filename":"fetch_bronze_session_results.py","lineno":127}
{"timestamp":"2026-06-19T10:56:06.407792Z","level":"info","event":"Convert the ['duration', 'gap_to_leader'] columns into string","logger":"openf1_de.fetch_bronze_session_results","filename":"fetch_bronze_session_results.py","lineno":131}
{"timestamp":"2026-06-19T10:56:06.412215Z","level":"info","event":"Uploading to GCS to bronze/session_results/2025.parquet","logger":"openf1_de.fetch_bronze_session_results","filename":"fetch_bronze_session_results.py","lineno":135}
{"timestamp":"2026-06-19T10:56:07.073964Z","level":"info","event":"WIthout local save Cannot save file into a non-existent directory: '../../data/bronze/session_results'","logger":"openf1_de.fetch_bronze_session_results","filename":"fetch_bronze_session_results.py","lineno":59}
{"timestamp":"2026-06-19T10:56:07.076606Z","level":"info","event":"Done. Returned value was: None","logger":"airflow.task.operators.airflow.providers.standard.operators.python.PythonOperator","filename":"python.py","lineno":229}
