{"timestamp":"2026-06-03T07:44:48.769615Z","level":"info","event":"DAG bundles loaded: dags-folder","logger":"airflow.dag_processing.bundles.manager.DagBundlesManager","filename":"manager.py","lineno":209}
{"timestamp":"2026-06-03T07:44:48.770960Z","level":"info","event":"Filling up the DagBag from /opt/airflow/dags/openf1_dbt_session_results.py","logger":"airflow.dag_processing.dagbag.BundleDagBag","filename":"dagbag.py","lineno":469}
{"timestamp":"2026-06-03T07:44:49.387326Z","level":"warning","event":"The `airflow.operators.bash.BashOperator` attribute is deprecated. Please use `'airflow.providers.standard.operators.bash.BashOperator'`.","category":"UserWarning","filename":"/opt/airflow/dags/openf1_dbt_session_results.py","lineno":4,"logger":"py.warnings"}
{"timestamp":"2026-06-03T07:44:49.405806Z","level":"info","event":"Tmp dir root location: /tmp","logger":"airflow.task.hooks.airflow.providers.standard.hooks.subprocess.SubprocessHook","filename":"subprocess.py","lineno":78}
{"timestamp":"2026-06-03T07:44:49.406606Z","level":"info","event":"Running command: ['/usr/bin/bash', '-c', 'cd /opt/airflow/dbt/openf1_raw && dbt run --select mart_session_results_race mart_drivers mart_constructor_standings --profiles-dir /opt/airflow/config ']","logger":"airflow.task.hooks.airflow.providers.standard.hooks.subprocess.SubprocessHook","filename":"subprocess.py","lineno":80}
{"timestamp":"2026-06-03T07:44:49.407397Z","level":"info","event":"Output:","logger":"airflow.task.hooks.airflow.providers.standard.hooks.subprocess.SubprocessHook","filename":"subprocess.py","lineno":92}
{"timestamp":"2026-06-03T07:44:50.680309Z","level":"info","event":"\u001b[0m07:44:50  Running with dbt=1.11.11","logger":"airflow.task.hooks.airflow.providers.standard.hooks.subprocess.SubprocessHook","filename":"subprocess.py","lineno":99}
{"timestamp":"2026-06-03T07:44:51.658070Z","level":"info","event":"\u001b[0m07:44:51  Registered adapter: bigquery=1.11.1","logger":"airflow.task.hooks.airflow.providers.standard.hooks.subprocess.SubprocessHook","filename":"subprocess.py","lineno":99}
{"timestamp":"2026-06-03T07:44:52.138080Z","level":"info","event":"\u001b[0m07:44:52  Found 9 models, 2 data tests, 4 sources, 550 macros","logger":"airflow.task.hooks.airflow.providers.standard.hooks.subprocess.SubprocessHook","filename":"subprocess.py","lineno":99}
{"timestamp":"2026-06-03T07:44:52.140333Z","level":"info","event":"\u001b[0m07:44:52","logger":"airflow.task.hooks.airflow.providers.standard.hooks.subprocess.SubprocessHook","filename":"subprocess.py","lineno":99}
{"timestamp":"2026-06-03T07:44:52.140786Z","level":"info","event":"\u001b[0m07:44:52  Concurrency: 1 threads (target='dev')","logger":"airflow.task.hooks.airflow.providers.standard.hooks.subprocess.SubprocessHook","filename":"subprocess.py","lineno":99}
{"timestamp":"2026-06-03T07:44:52.141371Z","level":"info","event":"\u001b[0m07:44:52","logger":"airflow.task.hooks.airflow.providers.standard.hooks.subprocess.SubprocessHook","filename":"subprocess.py","lineno":99}
{"timestamp":"2026-06-03T07:44:53.294589Z","level":"info","event":"\u001b[0m07:44:53  1 of 3 START sql table model openf1_marts.mart_drivers ......................... [RUN]","logger":"airflow.task.hooks.airflow.providers.standard.hooks.subprocess.SubprocessHook","filename":"subprocess.py","lineno":99}
{"timestamp":"2026-06-03T07:44:55.873400Z","level":"info","event":"\u001b[0m07:44:55  1 of 3 OK created sql table model openf1_marts.mart_drivers .................... [\u001b[32mCREATE TABLE (22.0 rows, 17.9 KiB processed)\u001b[0m in 2.58s]","logger":"airflow.task.hooks.airflow.providers.standard.hooks.subprocess.SubprocessHook","filename":"subprocess.py","lineno":99}
{"timestamp":"2026-06-03T07:44:55.875744Z","level":"info","event":"\u001b[0m07:44:55  2 of 3 START sql table model openf1_marts.mart_session_results_race ............ [RUN]","logger":"airflow.task.hooks.airflow.providers.standard.hooks.subprocess.SubprocessHook","filename":"subprocess.py","lineno":99}
{"timestamp":"2026-06-03T07:44:58.094596Z","level":"info","event":"\u001b[0m07:44:58  2 of 3 OK created sql table model openf1_marts.mart_session_results_race ....... [\u001b[32mCREATE TABLE (176.0 rows, 67.4 KiB processed)\u001b[0m in 2.22s]","logger":"airflow.task.hooks.airflow.providers.standard.hooks.subprocess.SubprocessHook","filename":"subprocess.py","lineno":99}
{"timestamp":"2026-06-03T07:44:58.096302Z","level":"info","event":"\u001b[0m07:44:58  3 of 3 START sql table model openf1_marts.mart_constructor_standings ........... [RUN]","logger":"airflow.task.hooks.airflow.providers.standard.hooks.subprocess.SubprocessHook","filename":"subprocess.py","lineno":99}
{"timestamp":"2026-06-03T07:45:00.142447Z","level":"info","event":"\u001b[0m07:45:00  3 of 3 OK created sql table model openf1_marts.mart_constructor_standings ...... [\u001b[32mCREATE TABLE (11.0 rows, 418.0 Bytes processed)\u001b[0m in 2.04s]","logger":"airflow.task.hooks.airflow.providers.standard.hooks.subprocess.SubprocessHook","filename":"subprocess.py","lineno":99}
{"timestamp":"2026-06-03T07:45:00.178906Z","level":"info","event":"\u001b[0m07:45:00","logger":"airflow.task.hooks.airflow.providers.standard.hooks.subprocess.SubprocessHook","filename":"subprocess.py","lineno":99}
{"timestamp":"2026-06-03T07:45:00.179348Z","level":"info","event":"\u001b[0m07:45:00  Finished running 3 table models in 0 hours 0 minutes and 8.04 seconds (8.04s).","logger":"airflow.task.hooks.airflow.providers.standard.hooks.subprocess.SubprocessHook","filename":"subprocess.py","lineno":99}
{"timestamp":"2026-06-03T07:45:00.236510Z","level":"info","event":"\u001b[0m07:45:00","logger":"airflow.task.hooks.airflow.providers.standard.hooks.subprocess.SubprocessHook","filename":"subprocess.py","lineno":99}
{"timestamp":"2026-06-03T07:45:00.237054Z","level":"info","event":"\u001b[0m07:45:00  \u001b[32mCompleted successfully\u001b[0m","logger":"airflow.task.hooks.airflow.providers.standard.hooks.subprocess.SubprocessHook","filename":"subprocess.py","lineno":99}
{"timestamp":"2026-06-03T07:45:00.237488Z","level":"info","event":"\u001b[0m07:45:00","logger":"airflow.task.hooks.airflow.providers.standard.hooks.subprocess.SubprocessHook","filename":"subprocess.py","lineno":99}
{"timestamp":"2026-06-03T07:45:00.237953Z","level":"info","event":"\u001b[0m07:45:00  Done. PASS=3 WARN=0 ERROR=0 SKIP=0 NO-OP=0 TOTAL=3","logger":"airflow.task.hooks.airflow.providers.standard.hooks.subprocess.SubprocessHook","filename":"subprocess.py","lineno":99}
{"timestamp":"2026-06-03T07:45:01.781097Z","level":"info","event":"Command exited with return code 0","logger":"airflow.task.hooks.airflow.providers.standard.hooks.subprocess.SubprocessHook","filename":"subprocess.py","lineno":103}
{"timestamp":"2026-06-03T07:45:01.781764Z","level":"info","event":"Pushing xcom","ti":"RuntimeTaskInstance(id=UUID('019e8c71-0c17-7218-9b9e-6c02eae54c1d'), task_id='dbt_run_marts_srs', dag_id='openf1_dbt_session_results', run_id='manual__2026-06-03T07:44:39.433558+00:00', try_number=1, dag_version_id=UUID('019e8c70-c9de-7018-9d9f-c2330168a497'), map_index=-1, hostname='4aa026630fd4', context_carrier={'traceparent': '00-a322841ab4ff96db451dd32df74bfee0-1c714d50e472de38-01'}, task=<Task(BashOperator): dbt_run_marts_srs>, bundle_instance=LocalDagBundle(name=dags-folder), max_tries=2, start_date=datetime.datetime(2026, 6, 3, 7, 44, 48, 742553, tzinfo=datetime.timezone.utc), end_date=None, state=<TaskInstanceState.RUNNING: 'running'>, is_mapped=False, rendered_map_index=None, sentry_integration='')","logger":"task","filename":"task_runner.py","lineno":1724}
