{"timestamp":"2026-05-30T13:02:00.867596Z","level":"info","event":"DAG bundles loaded: dags-folder","logger":"airflow.dag_processing.bundles.manager.DagBundlesManager","filename":"manager.py","lineno":209}
{"timestamp":"2026-05-30T13:02:00.869264Z","level":"info","event":"Filling up the DagBag from /opt/airflow/dags/openf1_dbt_mart.py","logger":"airflow.dag_processing.dagbag.BundleDagBag","filename":"dagbag.py","lineno":469}
{"timestamp":"2026-05-30T13:02:01.551284Z","level":"warning","event":"The `airflow.operators.bash.BashOperator` attribute is deprecated. Please use `'airflow.providers.standard.operators.bash.BashOperator'`.","category":"UserWarning","filename":"/opt/airflow/dags/openf1_dbt_mart.py","lineno":4,"logger":"py.warnings"}
{"timestamp":"2026-05-30T13:02:01.569913Z","level":"info","event":"Tmp dir root location: /tmp","logger":"airflow.task.hooks.airflow.providers.standard.hooks.subprocess.SubprocessHook","filename":"subprocess.py","lineno":78}
{"timestamp":"2026-05-30T13:02:01.570686Z","level":"info","event":"Running command: ['/usr/bin/bash', '-c', 'cd /opt/airflow/dbt/openf1_raw && dbt run --select marts --profiles-dir /opt/airflow/config']","logger":"airflow.task.hooks.airflow.providers.standard.hooks.subprocess.SubprocessHook","filename":"subprocess.py","lineno":80}
{"timestamp":"2026-05-30T13:02:01.571512Z","level":"info","event":"Output:","logger":"airflow.task.hooks.airflow.providers.standard.hooks.subprocess.SubprocessHook","filename":"subprocess.py","lineno":92}
{"timestamp":"2026-05-30T13:02:02.875470Z","level":"info","event":"\u001b[0m13:02:02  Running with dbt=1.11.11","logger":"airflow.task.hooks.airflow.providers.standard.hooks.subprocess.SubprocessHook","filename":"subprocess.py","lineno":99}
{"timestamp":"2026-05-30T13:02:03.802137Z","level":"info","event":"\u001b[0m13:02:03  Registered adapter: bigquery=1.11.1","logger":"airflow.task.hooks.airflow.providers.standard.hooks.subprocess.SubprocessHook","filename":"subprocess.py","lineno":99}
{"timestamp":"2026-05-30T13:02:04.247089Z","level":"info","event":"\u001b[0m13:02:04  Found 3 models, 2 data tests, 2 sources, 550 macros","logger":"airflow.task.hooks.airflow.providers.standard.hooks.subprocess.SubprocessHook","filename":"subprocess.py","lineno":99}
{"timestamp":"2026-05-30T13:02:04.248946Z","level":"info","event":"\u001b[0m13:02:04","logger":"airflow.task.hooks.airflow.providers.standard.hooks.subprocess.SubprocessHook","filename":"subprocess.py","lineno":99}
{"timestamp":"2026-05-30T13:02:04.249506Z","level":"info","event":"\u001b[0m13:02:04  Concurrency: 1 threads (target='dev')","logger":"airflow.task.hooks.airflow.providers.standard.hooks.subprocess.SubprocessHook","filename":"subprocess.py","lineno":99}
{"timestamp":"2026-05-30T13:02:04.249943Z","level":"info","event":"\u001b[0m13:02:04","logger":"airflow.task.hooks.airflow.providers.standard.hooks.subprocess.SubprocessHook","filename":"subprocess.py","lineno":99}
{"timestamp":"2026-05-30T13:02:05.461430Z","level":"info","event":"\u001b[0m13:02:05  1 of 1 START sql table model openf1_marts.mart_schedule ........................ [RUN]","logger":"airflow.task.hooks.airflow.providers.standard.hooks.subprocess.SubprocessHook","filename":"subprocess.py","lineno":99}
{"timestamp":"2026-05-30T13:02:08.617504Z","level":"info","event":"\u001b[0m13:02:08  1 of 1 OK created sql table model openf1_marts.mart_schedule ................... [\u001b[32mCREATE TABLE (126.0 rows, 29.2 KiB processed)\u001b[0m in 3.15s]","logger":"airflow.task.hooks.airflow.providers.standard.hooks.subprocess.SubprocessHook","filename":"subprocess.py","lineno":99}
{"timestamp":"2026-05-30T13:02:08.648498Z","level":"info","event":"\u001b[0m13:02:08","logger":"airflow.task.hooks.airflow.providers.standard.hooks.subprocess.SubprocessHook","filename":"subprocess.py","lineno":99}
{"timestamp":"2026-05-30T13:02:08.648927Z","level":"info","event":"\u001b[0m13:02:08  Finished running 1 table model in 0 hours 0 minutes and 4.40 seconds (4.40s).","logger":"airflow.task.hooks.airflow.providers.standard.hooks.subprocess.SubprocessHook","filename":"subprocess.py","lineno":99}
{"timestamp":"2026-05-30T13:02:08.691210Z","level":"info","event":"\u001b[0m13:02:08","logger":"airflow.task.hooks.airflow.providers.standard.hooks.subprocess.SubprocessHook","filename":"subprocess.py","lineno":99}
{"timestamp":"2026-05-30T13:02:08.691737Z","level":"info","event":"\u001b[0m13:02:08  \u001b[32mCompleted successfully\u001b[0m","logger":"airflow.task.hooks.airflow.providers.standard.hooks.subprocess.SubprocessHook","filename":"subprocess.py","lineno":99}
{"timestamp":"2026-05-30T13:02:08.692206Z","level":"info","event":"\u001b[0m13:02:08","logger":"airflow.task.hooks.airflow.providers.standard.hooks.subprocess.SubprocessHook","filename":"subprocess.py","lineno":99}
{"timestamp":"2026-05-30T13:02:08.692669Z","level":"info","event":"\u001b[0m13:02:08  Done. PASS=1 WARN=0 ERROR=0 SKIP=0 NO-OP=0 TOTAL=1","logger":"airflow.task.hooks.airflow.providers.standard.hooks.subprocess.SubprocessHook","filename":"subprocess.py","lineno":99}
{"timestamp":"2026-05-30T13:02:10.192105Z","level":"info","event":"Command exited with return code 0","logger":"airflow.task.hooks.airflow.providers.standard.hooks.subprocess.SubprocessHook","filename":"subprocess.py","lineno":103}
{"timestamp":"2026-05-30T13:02:10.192764Z","level":"info","event":"Pushing xcom","ti":"RuntimeTaskInstance(id=UUID('019e78fa-24f3-73c3-8e17-aba3fbbec532'), task_id='dbt_run_marts', dag_id='openf1_dbt_mart', run_id='manual__2026-05-30T13:01:59.909242+00:00', try_number=1, dag_version_id=UUID('019e78f8-f01d-719f-8952-906856cbad75'), map_index=-1, hostname='c92f6cf8acbf', context_carrier={'traceparent': '00-d8d4571806017def4bc050ed4b248cae-eea9fa17c1e8df9e-01'}, task=<Task(BashOperator): dbt_run_marts>, bundle_instance=LocalDagBundle(name=dags-folder), max_tries=2, start_date=datetime.datetime(2026, 5, 30, 13, 2, 0, 835881, tzinfo=datetime.timezone.utc), end_date=None, state=<TaskInstanceState.RUNNING: 'running'>, is_mapped=False, rendered_map_index=None, sentry_integration='')","logger":"task","filename":"task_runner.py","lineno":1724}
