{"timestamp":"2026-06-19T09:09:21.282918Z","level":"info","event":"DAG bundles loaded: dags-folder","logger":"airflow.dag_processing.bundles.manager.DagBundlesManager","filename":"manager.py","lineno":209}
{"timestamp":"2026-06-19T09:09:21.286985Z","level":"info","event":"Filling up the DagBag from /opt/airflow/dags/openf1_session_results_bronze.py","logger":"airflow.dag_processing.dagbag.BundleDagBag","filename":"dagbag.py","lineno":469}
{"timestamp":"2026-06-19T09:09:21.737589Z","level":"warning","event":"The `airflow.operators.python.PythonOperator` attribute is deprecated. Please use `'airflow.providers.standard.operators.python.PythonOperator'`.","category":"UserWarning","filename":"/opt/airflow/dags/openf1_session_results_bronze.py","lineno":3,"logger":"py.warnings"}
{"timestamp":"2026-06-19T09:09:21.757213Z","level":"info","event":"Init Bigquery Client","logger":"openf1_de.fetch_bronze_session_results","filename":"fetch_bronze_session_results.py","lineno":63}
{"timestamp":"2026-06-19T09:09:21.787395Z","level":"info","event":"Fetch stg_sessions","logger":"openf1_de.fetch_bronze_session_results","filename":"fetch_bronze_session_results.py","lineno":65}
{"timestamp":"2026-06-19T09:09:25.511864Z","level":"info","event":"Using the only necessary tables columns: ['session_key', 'date_start', 'session_type', 'session_name', 'year'] and before 2026-06-19 09:09:25.511656+00:00","logger":"openf1_de.fetch_bronze_session_results","filename":"fetch_bronze_session_results.py","lineno":74}
{"timestamp":"2026-06-19T09:09:25.520685Z","level":"info","event":"Fetching the Session Results","logger":"openf1_de.fetch_bronze_session_results","filename":"fetch_bronze_session_results.py","lineno":80}
{"timestamp":"2026-06-19T09:09:25.520904Z","level":"info","event":"Fetching for url: https://api.openf1.org/v1/session_result?session_key=11465","logger":"openf1_de.fetch_bronze_session_results","filename":"fetch_bronze_session_results.py","lineno":94}
{"timestamp":"2026-06-19T09:09:26.095659Z","level":"info","event":"Fetching for url: https://api.openf1.org/v1/session_result?session_key=11466","logger":"openf1_de.fetch_bronze_session_results","filename":"fetch_bronze_session_results.py","lineno":94}
{"timestamp":"2026-06-19T09:09:26.619497Z","level":"info","event":"Fetching for url: https://api.openf1.org/v1/session_result?session_key=11467","logger":"openf1_de.fetch_bronze_session_results","filename":"fetch_bronze_session_results.py","lineno":94}
{"timestamp":"2026-06-19T09:09:30.161977Z","level":"info","event":"Fetching for url: https://api.openf1.org/v1/session_result?session_key=11470","logger":"openf1_de.fetch_bronze_session_results","filename":"fetch_bronze_session_results.py","lineno":94}
{"timestamp":"2026-06-19T09:09:30.739140Z","level":"info","event":"Fetching for url: https://api.openf1.org/v1/session_result?session_key=11469","logger":"openf1_de.fetch_bronze_session_results","filename":"fetch_bronze_session_results.py","lineno":94}
{"timestamp":"2026-06-19T09:09:31.266216Z","level":"info","event":"Fetching for url: https://api.openf1.org/v1/session_result?session_key=11468","logger":"openf1_de.fetch_bronze_session_results","filename":"fetch_bronze_session_results.py","lineno":94}
{"timestamp":"2026-06-19T09:09:31.791919Z","level":"info","event":"Fetching for url: https://api.openf1.org/v1/session_result?session_key=11227","logger":"openf1_de.fetch_bronze_session_results","filename":"fetch_bronze_session_results.py","lineno":94}
{"timestamp":"2026-06-19T09:09:32.324643Z","level":"info","event":"Fetching for url: https://api.openf1.org/v1/session_result?session_key=11228","logger":"openf1_de.fetch_bronze_session_results","filename":"fetch_bronze_session_results.py","lineno":94}
{"timestamp":"2026-06-19T09:09:32.847417Z","level":"info","event":"Fetching for url: https://api.openf1.org/v1/session_result?session_key=11229","logger":"openf1_de.fetch_bronze_session_results","filename":"fetch_bronze_session_results.py","lineno":94}
{"timestamp":"2026-06-19T09:09:33.378734Z","level":"info","event":"Fetching for url: https://api.openf1.org/v1/session_result?session_key=11230","logger":"openf1_de.fetch_bronze_session_results","filename":"fetch_bronze_session_results.py","lineno":94}
{"timestamp":"2026-06-19T09:09:33.902255Z","level":"info","event":"Fetching for url: https://api.openf1.org/v1/session_result?session_key=11234","logger":"openf1_de.fetch_bronze_session_results","filename":"fetch_bronze_session_results.py","lineno":94}
{"timestamp":"2026-06-19T09:09:34.425323Z","level":"info","event":"Fetching for url: https://api.openf1.org/v1/session_result?session_key=11235","logger":"openf1_de.fetch_bronze_session_results","filename":"fetch_bronze_session_results.py","lineno":94}
{"timestamp":"2026-06-19T09:09:34.951596Z","level":"info","event":"Fetching for url: https://api.openf1.org/v1/session_result?session_key=11236","logger":"openf1_de.fetch_bronze_session_results","filename":"fetch_bronze_session_results.py","lineno":94}
{"timestamp":"2026-06-19T09:09:35.490023Z","level":"info","event":"Fetching for url: https://api.openf1.org/v1/session_result?session_key=11240","logger":"openf1_de.fetch_bronze_session_results","filename":"fetch_bronze_session_results.py","lineno":94}
{"timestamp":"2026-06-19T09:09:36.014900Z","level":"info","event":"Fetching for url: https://api.openf1.org/v1/session_result?session_key=11241","logger":"openf1_de.fetch_bronze_session_results","filename":"fetch_bronze_session_results.py","lineno":94}
{"timestamp":"2026-06-19T09:09:36.542810Z","level":"info","event":"Fetching for url: https://api.openf1.org/v1/session_result?session_key=11245","logger":"openf1_de.fetch_bronze_session_results","filename":"fetch_bronze_session_results.py","lineno":94}
{"timestamp":"2026-06-19T09:09:37.070107Z","level":"info","event":"Fetching for url: https://api.openf1.org/v1/session_result?session_key=11246","logger":"openf1_de.fetch_bronze_session_results","filename":"fetch_bronze_session_results.py","lineno":94}
{"timestamp":"2026-06-19T09:09:37.603057Z","level":"info","event":"Fetching for url: https://api.openf1.org/v1/session_result?session_key=11247","logger":"openf1_de.fetch_bronze_session_results","filename":"fetch_bronze_session_results.py","lineno":94}
{"timestamp":"2026-06-19T09:09:38.125012Z","level":"info","event":"Fetching for url: https://api.openf1.org/v1/session_result?session_key=11248","logger":"openf1_de.fetch_bronze_session_results","filename":"fetch_bronze_session_results.py","lineno":94}
{"timestamp":"2026-06-19T09:09:38.648595Z","level":"info","event":"Fetching for url: https://api.openf1.org/v1/session_result?session_key=11249","logger":"openf1_de.fetch_bronze_session_results","filename":"fetch_bronze_session_results.py","lineno":94}
{"timestamp":"2026-06-19T09:09:39.178998Z","level":"info","event":"Fetching for url: https://api.openf1.org/v1/session_result?session_key=11253","logger":"openf1_de.fetch_bronze_session_results","filename":"fetch_bronze_session_results.py","lineno":94}
{"timestamp":"2026-06-19T09:09:39.697923Z","level":"info","event":"Fetching for url: https://api.openf1.org/v1/session_result?session_key=11254","logger":"openf1_de.fetch_bronze_session_results","filename":"fetch_bronze_session_results.py","lineno":94}
{"timestamp":"2026-06-19T09:09:40.224501Z","level":"error","event":"404: Not found for https://api.openf1.org/v1/session_result?session_key=11254","logger":"openf1_de.fetch_bronze_session_results","filename":"fetch_bronze_session_results.py","lineno":111}
{"timestamp":"2026-06-19T09:09:40.224883Z","level":"info","event":"Fetching for url: https://api.openf1.org/v1/session_result?session_key=11255","logger":"openf1_de.fetch_bronze_session_results","filename":"fetch_bronze_session_results.py","lineno":94}
{"timestamp":"2026-06-19T09:09:40.747682Z","level":"error","event":"404: Not found for https://api.openf1.org/v1/session_result?session_key=11255","logger":"openf1_de.fetch_bronze_session_results","filename":"fetch_bronze_session_results.py","lineno":111}
{"timestamp":"2026-06-19T09:09:40.748012Z","level":"info","event":"Fetching for url: https://api.openf1.org/v1/session_result?session_key=11256","logger":"openf1_de.fetch_bronze_session_results","filename":"fetch_bronze_session_results.py","lineno":94}
{"timestamp":"2026-06-19T09:09:41.270167Z","level":"error","event":"404: Not found for https://api.openf1.org/v1/session_result?session_key=11256","logger":"openf1_de.fetch_bronze_session_results","filename":"fetch_bronze_session_results.py","lineno":111}
{"timestamp":"2026-06-19T09:09:41.270523Z","level":"info","event":"Fetching for url: https://api.openf1.org/v1/session_result?session_key=11257","logger":"openf1_de.fetch_bronze_session_results","filename":"fetch_bronze_session_results.py","lineno":94}
{"timestamp":"2026-06-19T09:09:41.788819Z","level":"error","event":"404: Not found for https://api.openf1.org/v1/session_result?session_key=11257","logger":"openf1_de.fetch_bronze_session_results","filename":"fetch_bronze_session_results.py","lineno":111}
{"timestamp":"2026-06-19T09:09:41.789135Z","level":"info","event":"Fetching for url: https://api.openf1.org/v1/session_result?session_key=11261","logger":"openf1_de.fetch_bronze_session_results","filename":"fetch_bronze_session_results.py","lineno":94}
{"timestamp":"2026-06-19T09:09:42.312491Z","level":"error","event":"404: Not found for https://api.openf1.org/v1/session_result?session_key=11261","logger":"openf1_de.fetch_bronze_session_results","filename":"fetch_bronze_session_results.py","lineno":111}
{"timestamp":"2026-06-19T09:09:42.312869Z","level":"info","event":"Fetching for url: https://api.openf1.org/v1/session_result?session_key=11262","logger":"openf1_de.fetch_bronze_session_results","filename":"fetch_bronze_session_results.py","lineno":94}
{"timestamp":"2026-06-19T09:09:42.838662Z","level":"error","event":"404: Not found for https://api.openf1.org/v1/session_result?session_key=11262","logger":"openf1_de.fetch_bronze_session_results","filename":"fetch_bronze_session_results.py","lineno":111}
{"timestamp":"2026-06-19T09:09:42.839086Z","level":"info","event":"Fetching for url: https://api.openf1.org/v1/session_result?session_key=11263","logger":"openf1_de.fetch_bronze_session_results","filename":"fetch_bronze_session_results.py","lineno":94}
{"timestamp":"2026-06-19T09:09:43.367547Z","level":"error","event":"404: Not found for https://api.openf1.org/v1/session_result?session_key=11263","logger":"openf1_de.fetch_bronze_session_results","filename":"fetch_bronze_session_results.py","lineno":111}
{"timestamp":"2026-06-19T09:09:43.367898Z","level":"info","event":"Fetching for url: https://api.openf1.org/v1/session_result?session_key=11264","logger":"openf1_de.fetch_bronze_session_results","filename":"fetch_bronze_session_results.py","lineno":94}
{"timestamp":"2026-06-19T09:09:43.893000Z","level":"error","event":"404: Not found for https://api.openf1.org/v1/session_result?session_key=11264","logger":"openf1_de.fetch_bronze_session_results","filename":"fetch_bronze_session_results.py","lineno":111}
{"timestamp":"2026-06-19T09:09:43.893381Z","level":"info","event":"Fetching for url: https://api.openf1.org/v1/session_result?session_key=11265","logger":"openf1_de.fetch_bronze_session_results","filename":"fetch_bronze_session_results.py","lineno":94}
{"timestamp":"2026-06-19T09:09:44.421160Z","level":"error","event":"404: Not found for https://api.openf1.org/v1/session_result?session_key=11265","logger":"openf1_de.fetch_bronze_session_results","filename":"fetch_bronze_session_results.py","lineno":111}
{"timestamp":"2026-06-19T09:09:44.421509Z","level":"info","event":"Fetching for url: https://api.openf1.org/v1/session_result?session_key=11269","logger":"openf1_de.fetch_bronze_session_results","filename":"fetch_bronze_session_results.py","lineno":94}
{"timestamp":"2026-06-19T09:09:44.941117Z","level":"error","event":"429: Waiting 15.1s until next minute...","logger":"openf1_de.fetch_bronze_session_results","filename":"fetch_bronze_session_results.py","lineno":107}
{"timestamp":"2026-06-19T09:10:00.522596Z","level":"error","event":"404: Not found for https://api.openf1.org/v1/session_result?session_key=11269","logger":"openf1_de.fetch_bronze_session_results","filename":"fetch_bronze_session_results.py","lineno":111}
{"timestamp":"2026-06-19T09:10:00.523020Z","level":"info","event":"Fetching for url: https://api.openf1.org/v1/session_result?session_key=11270","logger":"openf1_de.fetch_bronze_session_results","filename":"fetch_bronze_session_results.py","lineno":94}
{"timestamp":"2026-06-19T09:10:02.049503Z","level":"info","event":"Fetching for url: https://api.openf1.org/v1/session_result?session_key=11271","logger":"openf1_de.fetch_bronze_session_results","filename":"fetch_bronze_session_results.py","lineno":94}
{"timestamp":"2026-06-19T09:10:02.574148Z","level":"info","event":"Fetching for url: https://api.openf1.org/v1/session_result?session_key=11275","logger":"openf1_de.fetch_bronze_session_results","filename":"fetch_bronze_session_results.py","lineno":94}
{"timestamp":"2026-06-19T09:10:03.096994Z","level":"info","event":"Fetching for url: https://api.openf1.org/v1/session_result?session_key=11276","logger":"openf1_de.fetch_bronze_session_results","filename":"fetch_bronze_session_results.py","lineno":94}
{"timestamp":"2026-06-19T09:10:03.619624Z","level":"info","event":"Fetching for url: https://api.openf1.org/v1/session_result?session_key=11280","logger":"openf1_de.fetch_bronze_session_results","filename":"fetch_bronze_session_results.py","lineno":94}
{"timestamp":"2026-06-19T09:10:04.141566Z","level":"info","event":"Fetching for url: https://api.openf1.org/v1/session_result?session_key=11281","logger":"openf1_de.fetch_bronze_session_results","filename":"fetch_bronze_session_results.py","lineno":94}
{"timestamp":"2026-06-19T09:10:04.662525Z","level":"info","event":"Fetching for url: https://api.openf1.org/v1/session_result?session_key=11282","logger":"openf1_de.fetch_bronze_session_results","filename":"fetch_bronze_session_results.py","lineno":94}
{"timestamp":"2026-06-19T09:10:05.183240Z","level":"info","event":"Fetching for url: https://api.openf1.org/v1/session_result?session_key=11286","logger":"openf1_de.fetch_bronze_session_results","filename":"fetch_bronze_session_results.py","lineno":94}
{"timestamp":"2026-06-19T09:10:05.709701Z","level":"info","event":"Fetching for url: https://api.openf1.org/v1/session_result?session_key=11287","logger":"openf1_de.fetch_bronze_session_results","filename":"fetch_bronze_session_results.py","lineno":94}
{"timestamp":"2026-06-19T09:10:06.233329Z","level":"info","event":"Fetching for url: https://api.openf1.org/v1/session_result?session_key=11291","logger":"openf1_de.fetch_bronze_session_results","filename":"fetch_bronze_session_results.py","lineno":94}
{"timestamp":"2026-06-19T09:10:06.762131Z","level":"info","event":"Fetching for url: https://api.openf1.org/v1/session_result?session_key=11292","logger":"openf1_de.fetch_bronze_session_results","filename":"fetch_bronze_session_results.py","lineno":94}
{"timestamp":"2026-06-19T09:10:07.294773Z","level":"info","event":"Fetching for url: https://api.openf1.org/v1/session_result?session_key=11293","logger":"openf1_de.fetch_bronze_session_results","filename":"fetch_bronze_session_results.py","lineno":94}
{"timestamp":"2026-06-19T09:10:07.818649Z","level":"info","event":"Fetching for url: https://api.openf1.org/v1/session_result?session_key=11294","logger":"openf1_de.fetch_bronze_session_results","filename":"fetch_bronze_session_results.py","lineno":94}
{"timestamp":"2026-06-19T09:10:08.345081Z","level":"info","event":"Fetching for url: https://api.openf1.org/v1/session_result?session_key=11295","logger":"openf1_de.fetch_bronze_session_results","filename":"fetch_bronze_session_results.py","lineno":94}
{"timestamp":"2026-06-19T09:10:08.866879Z","level":"info","event":"Fetching for url: https://api.openf1.org/v1/session_result?session_key=11299","logger":"openf1_de.fetch_bronze_session_results","filename":"fetch_bronze_session_results.py","lineno":94}
{"timestamp":"2026-06-19T09:10:09.393396Z","level":"info","event":"Fetching for url: https://api.openf1.org/v1/session_result?session_key=11300","logger":"openf1_de.fetch_bronze_session_results","filename":"fetch_bronze_session_results.py","lineno":94}
{"timestamp":"2026-06-19T09:10:09.913628Z","level":"info","event":"Fetching for url: https://api.openf1.org/v1/session_result?session_key=11301","logger":"openf1_de.fetch_bronze_session_results","filename":"fetch_bronze_session_results.py","lineno":94}
{"timestamp":"2026-06-19T09:10:10.436343Z","level":"info","event":"Fetching for url: https://api.openf1.org/v1/session_result?session_key=11302","logger":"openf1_de.fetch_bronze_session_results","filename":"fetch_bronze_session_results.py","lineno":94}
{"timestamp":"2026-06-19T09:10:10.961855Z","level":"info","event":"Fetching for url: https://api.openf1.org/v1/session_result?session_key=11303","logger":"openf1_de.fetch_bronze_session_results","filename":"fetch_bronze_session_results.py","lineno":94}
{"timestamp":"2026-06-19T09:10:11.486080Z","level":"info","event":"Fetching for url: https://api.openf1.org/v1/session_result?session_key=11307","logger":"openf1_de.fetch_bronze_session_results","filename":"fetch_bronze_session_results.py","lineno":94}
{"timestamp":"2026-06-19T09:10:12.056488Z","level":"info","event":"Fetching for url: https://api.openf1.org/v1/session_result?session_key=9683","logger":"openf1_de.fetch_bronze_session_results","filename":"fetch_bronze_session_results.py","lineno":94}
{"timestamp":"2026-06-19T09:10:12.579815Z","level":"info","event":"Fetching for url: https://api.openf1.org/v1/session_result?session_key=9684","logger":"openf1_de.fetch_bronze_session_results","filename":"fetch_bronze_session_results.py","lineno":94}
{"timestamp":"2026-06-19T09:10:13.110483Z","level":"info","event":"Fetching for url: https://api.openf1.org/v1/session_result?session_key=9685","logger":"openf1_de.fetch_bronze_session_results","filename":"fetch_bronze_session_results.py","lineno":94}
{"timestamp":"2026-06-19T09:10:13.645397Z","level":"info","event":"Fetching for url: https://api.openf1.org/v1/session_result?session_key=9686","logger":"openf1_de.fetch_bronze_session_results","filename":"fetch_bronze_session_results.py","lineno":94}
{"timestamp":"2026-06-19T09:10:14.172844Z","level":"info","event":"Fetching for url: https://api.openf1.org/v1/session_result?session_key=9687","logger":"openf1_de.fetch_bronze_session_results","filename":"fetch_bronze_session_results.py","lineno":94}
{"timestamp":"2026-06-19T09:10:14.693421Z","level":"info","event":"Fetching for url: https://api.openf1.org/v1/session_result?session_key=9688","logger":"openf1_de.fetch_bronze_session_results","filename":"fetch_bronze_session_results.py","lineno":94}
{"timestamp":"2026-06-19T09:10:15.216349Z","level":"info","event":"Fetching for url: https://api.openf1.org/v1/session_result?session_key=9689","logger":"openf1_de.fetch_bronze_session_results","filename":"fetch_bronze_session_results.py","lineno":94}
{"timestamp":"2026-06-19T09:10:15.747168Z","level":"info","event":"Fetching for url: https://api.openf1.org/v1/session_result?session_key=9693","logger":"openf1_de.fetch_bronze_session_results","filename":"fetch_bronze_session_results.py","lineno":94}
{"timestamp":"2026-06-19T09:10:16.264770Z","level":"error","event":"429: Waiting 43.7s until next minute...","logger":"openf1_de.fetch_bronze_session_results","filename":"fetch_bronze_session_results.py","lineno":107}
{"timestamp":"2026-06-19T09:11:00.527214Z","level":"info","event":"Fetching for url: https://api.openf1.org/v1/session_result?session_key=9988","logger":"openf1_de.fetch_bronze_session_results","filename":"fetch_bronze_session_results.py","lineno":94}
{"timestamp":"2026-06-19T09:11:01.048520Z","level":"info","event":"Fetching for url: https://api.openf1.org/v1/session_result?session_key=9989","logger":"openf1_de.fetch_bronze_session_results","filename":"fetch_bronze_session_results.py","lineno":94}
{"timestamp":"2026-06-19T09:11:01.574180Z","level":"info","event":"Fetching for url: https://api.openf1.org/v1/session_result?session_key=9993","logger":"openf1_de.fetch_bronze_session_results","filename":"fetch_bronze_session_results.py","lineno":94}
{"timestamp":"2026-06-19T09:11:02.649415Z","level":"info","event":"Fetching for url: https://api.openf1.org/v1/session_result?session_key=9994","logger":"openf1_de.fetch_bronze_session_results","filename":"fetch_bronze_session_results.py","lineno":94}
{"timestamp":"2026-06-19T09:11:03.180061Z","level":"info","event":"Fetching for url: https://api.openf1.org/v1/session_result?session_key=9998","logger":"openf1_de.fetch_bronze_session_results","filename":"fetch_bronze_session_results.py","lineno":94}
{"timestamp":"2026-06-19T09:11:03.705056Z","level":"info","event":"Fetching for url: https://api.openf1.org/v1/session_result?session_key=9999","logger":"openf1_de.fetch_bronze_session_results","filename":"fetch_bronze_session_results.py","lineno":94}
{"timestamp":"2026-06-19T09:11:04.230252Z","level":"info","event":"Fetching for url: https://api.openf1.org/v1/session_result?session_key=10000","logger":"openf1_de.fetch_bronze_session_results","filename":"fetch_bronze_session_results.py","lineno":94}
{"timestamp":"2026-06-19T09:11:04.753481Z","level":"info","event":"Fetching for url: https://api.openf1.org/v1/session_result?session_key=10001","logger":"openf1_de.fetch_bronze_session_results","filename":"fetch_bronze_session_results.py","lineno":94}
{"timestamp":"2026-06-19T09:11:05.284737Z","level":"info","event":"Fetching for url: https://api.openf1.org/v1/session_result?session_key=10002","logger":"openf1_de.fetch_bronze_session_results","filename":"fetch_bronze_session_results.py","lineno":94}
{"timestamp":"2026-06-19T09:11:05.819834Z","level":"info","event":"Fetching for url: https://api.openf1.org/v1/session_result?session_key=10006","logger":"openf1_de.fetch_bronze_session_results","filename":"fetch_bronze_session_results.py","lineno":94}
{"timestamp":"2026-06-19T09:11:06.341745Z","level":"info","event":"Fetching for url: https://api.openf1.org/v1/session_result?session_key=10007","logger":"openf1_de.fetch_bronze_session_results","filename":"fetch_bronze_session_results.py","lineno":94}
{"timestamp":"2026-06-19T09:11:06.875003Z","level":"info","event":"Fetching for url: https://api.openf1.org/v1/session_result?session_key=10008","logger":"openf1_de.fetch_bronze_session_results","filename":"fetch_bronze_session_results.py","lineno":94}
{"timestamp":"2026-06-19T09:11:07.407537Z","level":"info","event":"Fetching for url: https://api.openf1.org/v1/session_result?session_key=10009","logger":"openf1_de.fetch_bronze_session_results","filename":"fetch_bronze_session_results.py","lineno":94}
{"timestamp":"2026-06-19T09:11:07.932285Z","level":"info","event":"Fetching for url: https://api.openf1.org/v1/session_result?session_key=10010","logger":"openf1_de.fetch_bronze_session_results","filename":"fetch_bronze_session_results.py","lineno":94}
{"timestamp":"2026-06-19T09:11:08.453973Z","level":"info","event":"Fetching for url: https://api.openf1.org/v1/session_result?session_key=10014","logger":"openf1_de.fetch_bronze_session_results","filename":"fetch_bronze_session_results.py","lineno":94}
{"timestamp":"2026-06-19T09:11:08.976836Z","level":"info","event":"Fetching for url: https://api.openf1.org/v1/session_result?session_key=10015","logger":"openf1_de.fetch_bronze_session_results","filename":"fetch_bronze_session_results.py","lineno":94}
{"timestamp":"2026-06-19T09:11:09.500697Z","level":"info","event":"Fetching for url: https://api.openf1.org/v1/session_result?session_key=10016","logger":"openf1_de.fetch_bronze_session_results","filename":"fetch_bronze_session_results.py","lineno":94}
{"timestamp":"2026-06-19T09:11:10.022548Z","level":"info","event":"Fetching for url: https://api.openf1.org/v1/session_result?session_key=10017","logger":"openf1_de.fetch_bronze_session_results","filename":"fetch_bronze_session_results.py","lineno":94}
{"timestamp":"2026-06-19T09:11:10.546871Z","level":"info","event":"Fetching for url: https://api.openf1.org/v1/session_result?session_key=10018","logger":"openf1_de.fetch_bronze_session_results","filename":"fetch_bronze_session_results.py","lineno":94}
{"timestamp":"2026-06-19T09:11:11.068339Z","level":"info","event":"Fetching for url: https://api.openf1.org/v1/session_result?session_key=10022","logger":"openf1_de.fetch_bronze_session_results","filename":"fetch_bronze_session_results.py","lineno":94}
{"timestamp":"2026-06-19T09:11:11.589403Z","level":"info","event":"Fetching for url: https://api.openf1.org/v1/session_result?session_key=10023","logger":"openf1_de.fetch_bronze_session_results","filename":"fetch_bronze_session_results.py","lineno":94}
{"timestamp":"2026-06-19T09:11:12.259696Z","level":"info","event":"Fetching for url: https://api.openf1.org/v1/session_result?session_key=10024","logger":"openf1_de.fetch_bronze_session_results","filename":"fetch_bronze_session_results.py","lineno":94}
{"timestamp":"2026-06-19T09:11:12.786704Z","level":"info","event":"Fetching for url: https://api.openf1.org/v1/session_result?session_key=10028","logger":"openf1_de.fetch_bronze_session_results","filename":"fetch_bronze_session_results.py","lineno":94}
{"timestamp":"2026-06-19T09:11:13.319684Z","level":"info","event":"Fetching for url: https://api.openf1.org/v1/session_result?session_key=10029","logger":"openf1_de.fetch_bronze_session_results","filename":"fetch_bronze_session_results.py","lineno":94}
{"timestamp":"2026-06-19T09:11:13.844076Z","level":"info","event":"Fetching for url: https://api.openf1.org/v1/session_result?session_key=10033","logger":"openf1_de.fetch_bronze_session_results","filename":"fetch_bronze_session_results.py","lineno":94}
{"timestamp":"2026-06-19T09:11:14.369198Z","level":"info","event":"Fetching for url: https://api.openf1.org/v1/session_result?session_key=9980","logger":"openf1_de.fetch_bronze_session_results","filename":"fetch_bronze_session_results.py","lineno":94}
{"timestamp":"2026-06-19T09:11:14.897437Z","level":"info","event":"Fetching for url: https://api.openf1.org/v1/session_result?session_key=9981","logger":"openf1_de.fetch_bronze_session_results","filename":"fetch_bronze_session_results.py","lineno":94}
{"timestamp":"2026-06-19T09:11:15.420244Z","level":"info","event":"Fetching for url: https://api.openf1.org/v1/session_result?session_key=9982","logger":"openf1_de.fetch_bronze_session_results","filename":"fetch_bronze_session_results.py","lineno":94}
{"timestamp":"2026-06-19T09:11:15.949245Z","level":"info","event":"Fetching for url: https://api.openf1.org/v1/session_result?session_key=9983","logger":"openf1_de.fetch_bronze_session_results","filename":"fetch_bronze_session_results.py","lineno":94}
{"timestamp":"2026-06-19T09:11:16.472952Z","level":"info","event":"Fetching for url: https://api.openf1.org/v1/session_result?session_key=9987","logger":"openf1_de.fetch_bronze_session_results","filename":"fetch_bronze_session_results.py","lineno":94}
{"timestamp":"2026-06-19T09:11:16.990725Z","level":"error","event":"429: Waiting 43.0s until next minute...","logger":"openf1_de.fetch_bronze_session_results","filename":"fetch_bronze_session_results.py","lineno":107}
{"timestamp":"2026-06-19T09:12:00.533502Z","level":"info","event":"Fetching for url: https://api.openf1.org/v1/session_result?session_key=9972","logger":"openf1_de.fetch_bronze_session_results","filename":"fetch_bronze_session_results.py","lineno":94}
{"timestamp":"2026-06-19T09:12:01.056029Z","level":"info","event":"Fetching for url: https://api.openf1.org/v1/session_result?session_key=9973","logger":"openf1_de.fetch_bronze_session_results","filename":"fetch_bronze_session_results.py","lineno":94}
{"timestamp":"2026-06-19T09:12:01.578985Z","level":"info","event":"Fetching for url: https://api.openf1.org/v1/session_result?session_key=9974","logger":"openf1_de.fetch_bronze_session_results","filename":"fetch_bronze_session_results.py","lineno":94}
{"timestamp":"2026-06-19T09:12:02.107316Z","level":"info","event":"Fetching for url: https://api.openf1.org/v1/session_result?session_key=9975","logger":"openf1_de.fetch_bronze_session_results","filename":"fetch_bronze_session_results.py","lineno":94}
{"timestamp":"2026-06-19T09:12:02.635070Z","level":"info","event":"Fetching for url: https://api.openf1.org/v1/session_result?session_key=9979","logger":"openf1_de.fetch_bronze_session_results","filename":"fetch_bronze_session_results.py","lineno":94}
{"timestamp":"2026-06-19T09:12:03.156536Z","level":"info","event":"Fetching for url: https://api.openf1.org/v1/session_result?session_key=9964","logger":"openf1_de.fetch_bronze_session_results","filename":"fetch_bronze_session_results.py","lineno":94}
{"timestamp":"2026-06-19T09:12:03.713537Z","level":"info","event":"Fetching for url: https://api.openf1.org/v1/session_result?session_key=9965","logger":"openf1_de.fetch_bronze_session_results","filename":"fetch_bronze_session_results.py","lineno":94}
{"timestamp":"2026-06-19T09:12:04.237738Z","level":"info","event":"Fetching for url: https://api.openf1.org/v1/session_result?session_key=9966","logger":"openf1_de.fetch_bronze_session_results","filename":"fetch_bronze_session_results.py","lineno":94}
{"timestamp":"2026-06-19T09:12:04.762885Z","level":"info","event":"Fetching for url: https://api.openf1.org/v1/session_result?session_key=9967","logger":"openf1_de.fetch_bronze_session_results","filename":"fetch_bronze_session_results.py","lineno":94}
{"timestamp":"2026-06-19T09:12:05.292088Z","level":"info","event":"Fetching for url: https://api.openf1.org/v1/session_result?session_key=9971","logger":"openf1_de.fetch_bronze_session_results","filename":"fetch_bronze_session_results.py","lineno":94}
{"timestamp":"2026-06-19T09:12:05.814479Z","level":"info","event":"Fetching for url: https://api.openf1.org/v1/session_result?session_key=9956","logger":"openf1_de.fetch_bronze_session_results","filename":"fetch_bronze_session_results.py","lineno":94}
{"timestamp":"2026-06-19T09:12:06.338175Z","level":"info","event":"Fetching for url: https://api.openf1.org/v1/session_result?session_key=9957","logger":"openf1_de.fetch_bronze_session_results","filename":"fetch_bronze_session_results.py","lineno":94}
{"timestamp":"2026-06-19T09:12:06.861280Z","level":"info","event":"Fetching for url: https://api.openf1.org/v1/session_result?session_key=9958","logger":"openf1_de.fetch_bronze_session_results","filename":"fetch_bronze_session_results.py","lineno":94}
{"timestamp":"2026-06-19T09:12:07.389423Z","level":"info","event":"Fetching for url: https://api.openf1.org/v1/session_result?session_key=9959","logger":"openf1_de.fetch_bronze_session_results","filename":"fetch_bronze_session_results.py","lineno":94}
{"timestamp":"2026-06-19T09:12:07.923787Z","level":"info","event":"Fetching for url: https://api.openf1.org/v1/session_result?session_key=9963","logger":"openf1_de.fetch_bronze_session_results","filename":"fetch_bronze_session_results.py","lineno":94}
{"timestamp":"2026-06-19T09:12:08.443861Z","level":"info","event":"Fetching for url: https://api.openf1.org/v1/session_result?session_key=9948","logger":"openf1_de.fetch_bronze_session_results","filename":"fetch_bronze_session_results.py","lineno":94}
{"timestamp":"2026-06-19T09:12:08.967033Z","level":"info","event":"Fetching for url: https://api.openf1.org/v1/session_result?session_key=9949","logger":"openf1_de.fetch_bronze_session_results","filename":"fetch_bronze_session_results.py","lineno":94}
{"timestamp":"2026-06-19T09:12:10.538799Z","level":"info","event":"Fetching for url: https://api.openf1.org/v1/session_result?session_key=9950","logger":"openf1_de.fetch_bronze_session_results","filename":"fetch_bronze_session_results.py","lineno":94}
{"timestamp":"2026-06-19T09:12:11.062188Z","level":"info","event":"Fetching for url: https://api.openf1.org/v1/session_result?session_key=9951","logger":"openf1_de.fetch_bronze_session_results","filename":"fetch_bronze_session_results.py","lineno":94}
{"timestamp":"2026-06-19T09:12:11.587614Z","level":"info","event":"Fetching for url: https://api.openf1.org/v1/session_result?session_key=9955","logger":"openf1_de.fetch_bronze_session_results","filename":"fetch_bronze_session_results.py","lineno":94}
{"timestamp":"2026-06-19T09:12:12.123940Z","level":"info","event":"Fetching for url: https://api.openf1.org/v1/session_result?session_key=9940","logger":"openf1_de.fetch_bronze_session_results","filename":"fetch_bronze_session_results.py","lineno":94}
{"timestamp":"2026-06-19T09:12:12.653467Z","level":"info","event":"Fetching for url: https://api.openf1.org/v1/session_result?session_key=9941","logger":"openf1_de.fetch_bronze_session_results","filename":"fetch_bronze_session_results.py","lineno":94}
{"timestamp":"2026-06-19T09:12:13.361732Z","level":"info","event":"Fetching for url: https://api.openf1.org/v1/session_result?session_key=9942","logger":"openf1_de.fetch_bronze_session_results","filename":"fetch_bronze_session_results.py","lineno":94}
{"timestamp":"2026-06-19T09:12:13.891515Z","level":"info","event":"Fetching for url: https://api.openf1.org/v1/session_result?session_key=9943","logger":"openf1_de.fetch_bronze_session_results","filename":"fetch_bronze_session_results.py","lineno":94}
{"timestamp":"2026-06-19T09:12:14.427443Z","level":"info","event":"Fetching for url: https://api.openf1.org/v1/session_result?session_key=9947","logger":"openf1_de.fetch_bronze_session_results","filename":"fetch_bronze_session_results.py","lineno":94}
{"timestamp":"2026-06-19T09:12:14.948587Z","level":"info","event":"Fetching for url: https://api.openf1.org/v1/session_result?session_key=9929","logger":"openf1_de.fetch_bronze_session_results","filename":"fetch_bronze_session_results.py","lineno":94}
{"timestamp":"2026-06-19T09:12:15.469744Z","level":"info","event":"Fetching for url: https://api.openf1.org/v1/session_result?session_key=9930","logger":"openf1_de.fetch_bronze_session_results","filename":"fetch_bronze_session_results.py","lineno":94}
{"timestamp":"2026-06-19T09:12:15.992847Z","level":"info","event":"Fetching for url: https://api.openf1.org/v1/session_result?session_key=9934","logger":"openf1_de.fetch_bronze_session_results","filename":"fetch_bronze_session_results.py","lineno":94}
{"timestamp":"2026-06-19T09:12:16.825069Z","level":"info","event":"Fetching for url: https://api.openf1.org/v1/session_result?session_key=9935","logger":"openf1_de.fetch_bronze_session_results","filename":"fetch_bronze_session_results.py","lineno":94}
{"timestamp":"2026-06-19T09:12:17.357899Z","level":"info","event":"Fetching for url: https://api.openf1.org/v1/session_result?session_key=9939","logger":"openf1_de.fetch_bronze_session_results","filename":"fetch_bronze_session_results.py","lineno":94}
{"timestamp":"2026-06-19T09:12:17.877885Z","level":"error","event":"429: Waiting 42.1s until next minute...","logger":"openf1_de.fetch_bronze_session_results","filename":"fetch_bronze_session_results.py","lineno":107}
{"timestamp":"2026-06-19T09:13:00.527436Z","level":"info","event":"Fetching for url: https://api.openf1.org/v1/session_result?session_key=9921","logger":"openf1_de.fetch_bronze_session_results","filename":"fetch_bronze_session_results.py","lineno":94}
{"timestamp":"2026-06-19T09:13:01.048248Z","level":"info","event":"Fetching for url: https://api.openf1.org/v1/session_result?session_key=9922","logger":"openf1_de.fetch_bronze_session_results","filename":"fetch_bronze_session_results.py","lineno":94}
{"timestamp":"2026-06-19T09:13:01.571583Z","level":"info","event":"Fetching for url: https://api.openf1.org/v1/session_result?session_key=9923","logger":"openf1_de.fetch_bronze_session_results","filename":"fetch_bronze_session_results.py","lineno":94}
{"timestamp":"2026-06-19T09:13:02.100131Z","level":"info","event":"Fetching for url: https://api.openf1.org/v1/session_result?session_key=9924","logger":"openf1_de.fetch_bronze_session_results","filename":"fetch_bronze_session_results.py","lineno":94}
{"timestamp":"2026-06-19T09:13:02.624565Z","level":"info","event":"Fetching for url: https://api.openf1.org/v1/session_result?session_key=9928","logger":"openf1_de.fetch_bronze_session_results","filename":"fetch_bronze_session_results.py","lineno":94}
{"timestamp":"2026-06-19T09:13:03.155270Z","level":"info","event":"Fetching for url: https://api.openf1.org/v1/session_result?session_key=9913","logger":"openf1_de.fetch_bronze_session_results","filename":"fetch_bronze_session_results.py","lineno":94}
{"timestamp":"2026-06-19T09:13:03.679234Z","level":"info","event":"Fetching for url: https://api.openf1.org/v1/session_result?session_key=9914","logger":"openf1_de.fetch_bronze_session_results","filename":"fetch_bronze_session_results.py","lineno":94}
{"timestamp":"2026-06-19T09:13:04.208125Z","level":"info","event":"Fetching for url: https://api.openf1.org/v1/session_result?session_key=9915","logger":"openf1_de.fetch_bronze_session_results","filename":"fetch_bronze_session_results.py","lineno":94}
{"timestamp":"2026-06-19T09:13:04.728089Z","level":"info","event":"Fetching for url: https://api.openf1.org/v1/session_result?session_key=9916","logger":"openf1_de.fetch_bronze_session_results","filename":"fetch_bronze_session_results.py","lineno":94}
{"timestamp":"2026-06-19T09:13:05.249266Z","level":"info","event":"Fetching for url: https://api.openf1.org/v1/session_result?session_key=9920","logger":"openf1_de.fetch_bronze_session_results","filename":"fetch_bronze_session_results.py","lineno":94}
{"timestamp":"2026-06-19T09:13:05.771892Z","level":"info","event":"Fetching for url: https://api.openf1.org/v1/session_result?session_key=9905","logger":"openf1_de.fetch_bronze_session_results","filename":"fetch_bronze_session_results.py","lineno":94}
{"timestamp":"2026-06-19T09:13:06.294634Z","level":"info","event":"Fetching for url: https://api.openf1.org/v1/session_result?session_key=9906","logger":"openf1_de.fetch_bronze_session_results","filename":"fetch_bronze_session_results.py","lineno":94}
{"timestamp":"2026-06-19T09:13:06.817974Z","level":"info","event":"Fetching for url: https://api.openf1.org/v1/session_result?session_key=9907","logger":"openf1_de.fetch_bronze_session_results","filename":"fetch_bronze_session_results.py","lineno":94}
{"timestamp":"2026-06-19T09:13:07.340133Z","level":"info","event":"Fetching for url: https://api.openf1.org/v1/session_result?session_key=9908","logger":"openf1_de.fetch_bronze_session_results","filename":"fetch_bronze_session_results.py","lineno":94}
{"timestamp":"2026-06-19T09:13:07.868612Z","level":"info","event":"Fetching for url: https://api.openf1.org/v1/session_result?session_key=9912","logger":"openf1_de.fetch_bronze_session_results","filename":"fetch_bronze_session_results.py","lineno":94}
{"timestamp":"2026-06-19T09:13:08.397163Z","level":"info","event":"Fetching for url: https://api.openf1.org/v1/session_result?session_key=9897","logger":"openf1_de.fetch_bronze_session_results","filename":"fetch_bronze_session_results.py","lineno":94}
{"timestamp":"2026-06-19T09:13:08.926766Z","level":"info","event":"Fetching for url: https://api.openf1.org/v1/session_result?session_key=9898","logger":"openf1_de.fetch_bronze_session_results","filename":"fetch_bronze_session_results.py","lineno":94}
{"timestamp":"2026-06-19T09:13:09.447603Z","level":"info","event":"Fetching for url: https://api.openf1.org/v1/session_result?session_key=9899","logger":"openf1_de.fetch_bronze_session_results","filename":"fetch_bronze_session_results.py","lineno":94}
{"timestamp":"2026-06-19T09:13:09.973429Z","level":"info","event":"Fetching for url: https://api.openf1.org/v1/session_result?session_key=9900","logger":"openf1_de.fetch_bronze_session_results","filename":"fetch_bronze_session_results.py","lineno":94}
{"timestamp":"2026-06-19T09:13:10.498529Z","level":"info","event":"Fetching for url: https://api.openf1.org/v1/session_result?session_key=9904","logger":"openf1_de.fetch_bronze_session_results","filename":"fetch_bronze_session_results.py","lineno":94}
{"timestamp":"2026-06-19T09:13:11.026244Z","level":"info","event":"Fetching for url: https://api.openf1.org/v1/session_result?session_key=9889","logger":"openf1_de.fetch_bronze_session_results","filename":"fetch_bronze_session_results.py","lineno":94}
{"timestamp":"2026-06-19T09:13:11.556034Z","level":"info","event":"Fetching for url: https://api.openf1.org/v1/session_result?session_key=9890","logger":"openf1_de.fetch_bronze_session_results","filename":"fetch_bronze_session_results.py","lineno":94}
{"timestamp":"2026-06-19T09:13:12.088070Z","level":"info","event":"Fetching for url: https://api.openf1.org/v1/session_result?session_key=9891","logger":"openf1_de.fetch_bronze_session_results","filename":"fetch_bronze_session_results.py","lineno":94}
{"timestamp":"2026-06-19T09:13:12.613272Z","level":"info","event":"Fetching for url: https://api.openf1.org/v1/session_result?session_key=9892","logger":"openf1_de.fetch_bronze_session_results","filename":"fetch_bronze_session_results.py","lineno":94}
{"timestamp":"2026-06-19T09:13:13.139172Z","level":"info","event":"Fetching for url: https://api.openf1.org/v1/session_result?session_key=9896","logger":"openf1_de.fetch_bronze_session_results","filename":"fetch_bronze_session_results.py","lineno":94}
{"timestamp":"2026-06-19T09:13:13.661962Z","level":"info","event":"Fetching for url: https://api.openf1.org/v1/session_result?session_key=9878","logger":"openf1_de.fetch_bronze_session_results","filename":"fetch_bronze_session_results.py","lineno":94}
{"timestamp":"2026-06-19T09:13:14.188857Z","level":"info","event":"Fetching for url: https://api.openf1.org/v1/session_result?session_key=9879","logger":"openf1_de.fetch_bronze_session_results","filename":"fetch_bronze_session_results.py","lineno":94}
{"timestamp":"2026-06-19T09:13:14.716642Z","level":"info","event":"Fetching for url: https://api.openf1.org/v1/session_result?session_key=9883","logger":"openf1_de.fetch_bronze_session_results","filename":"fetch_bronze_session_results.py","lineno":94}
{"timestamp":"2026-06-19T09:13:15.236838Z","level":"info","event":"Fetching for url: https://api.openf1.org/v1/session_result?session_key=9884","logger":"openf1_de.fetch_bronze_session_results","filename":"fetch_bronze_session_results.py","lineno":94}
{"timestamp":"2026-06-19T09:13:15.759400Z","level":"info","event":"Fetching for url: https://api.openf1.org/v1/session_result?session_key=9888","logger":"openf1_de.fetch_bronze_session_results","filename":"fetch_bronze_session_results.py","lineno":94}
{"timestamp":"2026-06-19T09:13:16.277382Z","level":"error","event":"429: Waiting 43.7s until next minute...","logger":"openf1_de.fetch_bronze_session_results","filename":"fetch_bronze_session_results.py","lineno":107}
{"timestamp":"2026-06-19T09:14:00.532178Z","level":"info","event":"Fetching for url: https://api.openf1.org/v1/session_result?session_key=9870","logger":"openf1_de.fetch_bronze_session_results","filename":"fetch_bronze_session_results.py","lineno":94}
{"timestamp":"2026-06-19T09:14:01.060263Z","level":"info","event":"Fetching for url: https://api.openf1.org/v1/session_result?session_key=9871","logger":"openf1_de.fetch_bronze_session_results","filename":"fetch_bronze_session_results.py","lineno":94}
{"timestamp":"2026-06-19T09:14:01.590803Z","level":"info","event":"Fetching for url: https://api.openf1.org/v1/session_result?session_key=9872","logger":"openf1_de.fetch_bronze_session_results","filename":"fetch_bronze_session_results.py","lineno":94}
{"timestamp":"2026-06-19T09:14:02.117697Z","level":"info","event":"Fetching for url: https://api.openf1.org/v1/session_result?session_key=9873","logger":"openf1_de.fetch_bronze_session_results","filename":"fetch_bronze_session_results.py","lineno":94}
{"timestamp":"2026-06-19T09:14:02.640577Z","level":"info","event":"Fetching for url: https://api.openf1.org/v1/session_result?session_key=9877","logger":"openf1_de.fetch_bronze_session_results","filename":"fetch_bronze_session_results.py","lineno":94}
{"timestamp":"2026-06-19T09:14:03.161799Z","level":"info","event":"Fetching for url: https://api.openf1.org/v1/session_result?session_key=9859","logger":"openf1_de.fetch_bronze_session_results","filename":"fetch_bronze_session_results.py","lineno":94}
{"timestamp":"2026-06-19T09:14:03.687547Z","level":"info","event":"Fetching for url: https://api.openf1.org/v1/session_result?session_key=9860","logger":"openf1_de.fetch_bronze_session_results","filename":"fetch_bronze_session_results.py","lineno":94}
{"timestamp":"2026-06-19T09:14:04.212212Z","level":"info","event":"Fetching for url: https://api.openf1.org/v1/session_result?session_key=9864","logger":"openf1_de.fetch_bronze_session_results","filename":"fetch_bronze_session_results.py","lineno":94}
{"timestamp":"2026-06-19T09:14:04.735568Z","level":"info","event":"Fetching for url: https://api.openf1.org/v1/session_result?session_key=9865","logger":"openf1_de.fetch_bronze_session_results","filename":"fetch_bronze_session_results.py","lineno":94}
{"timestamp":"2026-06-19T09:14:05.288971Z","level":"info","event":"Fetching for url: https://api.openf1.org/v1/session_result?session_key=9869","logger":"openf1_de.fetch_bronze_session_results","filename":"fetch_bronze_session_results.py","lineno":94}
{"timestamp":"2026-06-19T09:14:05.814765Z","level":"info","event":"Fetching for url: https://api.openf1.org/v1/session_result?session_key=9851","logger":"openf1_de.fetch_bronze_session_results","filename":"fetch_bronze_session_results.py","lineno":94}
{"timestamp":"2026-06-19T09:14:06.343050Z","level":"info","event":"Fetching for url: https://api.openf1.org/v1/session_result?session_key=9852","logger":"openf1_de.fetch_bronze_session_results","filename":"fetch_bronze_session_results.py","lineno":94}
{"timestamp":"2026-06-19T09:14:06.874155Z","level":"info","event":"Fetching for url: https://api.openf1.org/v1/session_result?session_key=9853","logger":"openf1_de.fetch_bronze_session_results","filename":"fetch_bronze_session_results.py","lineno":94}
{"timestamp":"2026-06-19T09:14:07.410414Z","level":"info","event":"Fetching for url: https://api.openf1.org/v1/session_result?session_key=9854","logger":"openf1_de.fetch_bronze_session_results","filename":"fetch_bronze_session_results.py","lineno":94}
{"timestamp":"2026-06-19T09:14:07.933809Z","level":"info","event":"Fetching for url: https://api.openf1.org/v1/session_result?session_key=9858","logger":"openf1_de.fetch_bronze_session_results","filename":"fetch_bronze_session_results.py","lineno":94}
{"timestamp":"2026-06-19T09:14:08.459137Z","level":"info","event":"Fetching for url: https://api.openf1.org/v1/session_result?session_key=9840","logger":"openf1_de.fetch_bronze_session_results","filename":"fetch_bronze_session_results.py","lineno":94}
{"timestamp":"2026-06-19T09:14:08.983651Z","level":"info","event":"Fetching for url: https://api.openf1.org/v1/session_result?session_key=9841","logger":"openf1_de.fetch_bronze_session_results","filename":"fetch_bronze_session_results.py","lineno":94}
{"timestamp":"2026-06-19T09:14:09.503801Z","level":"info","event":"Fetching for url: https://api.openf1.org/v1/session_result?session_key=9845","logger":"openf1_de.fetch_bronze_session_results","filename":"fetch_bronze_session_results.py","lineno":94}
{"timestamp":"2026-06-19T09:14:10.031912Z","level":"info","event":"Fetching for url: https://api.openf1.org/v1/session_result?session_key=9846","logger":"openf1_de.fetch_bronze_session_results","filename":"fetch_bronze_session_results.py","lineno":94}
{"timestamp":"2026-06-19T09:14:10.563522Z","level":"info","event":"Fetching for url: https://api.openf1.org/v1/session_result?session_key=9850","logger":"openf1_de.fetch_bronze_session_results","filename":"fetch_bronze_session_results.py","lineno":94}
{"timestamp":"2026-06-19T09:14:11.093677Z","level":"info","event":"Fetching for url: https://api.openf1.org/v1/session_result?session_key=9832","logger":"openf1_de.fetch_bronze_session_results","filename":"fetch_bronze_session_results.py","lineno":94}
{"timestamp":"2026-06-19T09:14:11.619033Z","level":"info","event":"Fetching for url: https://api.openf1.org/v1/session_result?session_key=9833","logger":"openf1_de.fetch_bronze_session_results","filename":"fetch_bronze_session_results.py","lineno":94}
{"timestamp":"2026-06-19T09:14:12.147203Z","level":"info","event":"Fetching for url: https://api.openf1.org/v1/session_result?session_key=9834","logger":"openf1_de.fetch_bronze_session_results","filename":"fetch_bronze_session_results.py","lineno":94}
{"timestamp":"2026-06-19T09:14:12.676050Z","level":"info","event":"Fetching for url: https://api.openf1.org/v1/session_result?session_key=9835","logger":"openf1_de.fetch_bronze_session_results","filename":"fetch_bronze_session_results.py","lineno":94}
{"timestamp":"2026-06-19T09:14:13.201823Z","level":"info","event":"Fetching for url: https://api.openf1.org/v1/session_result?session_key=9839","logger":"openf1_de.fetch_bronze_session_results","filename":"fetch_bronze_session_results.py","lineno":94}
{"timestamp":"2026-06-19T09:14:13.726010Z","level":"info","event":"Concatting the dataframes","logger":"openf1_de.fetch_bronze_session_results","filename":"fetch_bronze_session_results.py","lineno":124}
{"timestamp":"2026-06-19T09:14:13.757929Z","level":"info","event":"Merging df_sr with df_sessions","logger":"openf1_de.fetch_bronze_session_results","filename":"fetch_bronze_session_results.py","lineno":127}
{"timestamp":"2026-06-19T09:14:13.768698Z","level":"info","event":"Convert the ['duration', 'gap_to_leader'] columns into string","logger":"openf1_de.fetch_bronze_session_results","filename":"fetch_bronze_session_results.py","lineno":131}
{"timestamp":"2026-06-19T09:14:13.773429Z","level":"info","event":"Uploading to GCS to bronze/session_results/2025.parquet","logger":"openf1_de.fetch_bronze_session_results","filename":"fetch_bronze_session_results.py","lineno":135}
{"timestamp":"2026-06-19T09:14:14.324034Z","level":"info","event":"WIthout local save Cannot save file into a non-existent directory: '../../data/bronze/session_results'","logger":"openf1_de.fetch_bronze_session_results","filename":"fetch_bronze_session_results.py","lineno":59}
{"timestamp":"2026-06-19T09:14:14.326498Z","level":"info","event":"Done. Returned value was: None","logger":"airflow.task.operators.airflow.providers.standard.operators.python.PythonOperator","filename":"python.py","lineno":229}
