{"timestamp":"2026-06-06T17:53:38.598534Z","level":"info","event":"DAG bundles loaded: dags-folder","logger":"airflow.dag_processing.bundles.manager.DagBundlesManager","filename":"manager.py","lineno":209}
{"timestamp":"2026-06-06T17:53:38.602021Z","level":"info","event":"Filling up the DagBag from /opt/airflow/dags/openf1_session_results_bronze.py","logger":"airflow.dag_processing.dagbag.BundleDagBag","filename":"dagbag.py","lineno":469}
{"timestamp":"2026-06-06T17:53:39.869545Z","level":"warning","event":"The `airflow.operators.python.PythonOperator` attribute is deprecated. Please use `'airflow.providers.standard.operators.python.PythonOperator'`.","category":"UserWarning","filename":"/opt/airflow/dags/openf1_session_results_bronze.py","lineno":3,"logger":"py.warnings"}
{"timestamp":"2026-06-06T17:53:39.902624Z","level":"info","event":"Init Bigquery Client","logger":"openf1_de.fetch_bronze_session_results","filename":"fetch_bronze_session_results.py","lineno":63}
{"timestamp":"2026-06-06T17:53:39.955229Z","level":"info","event":"Fetch stg_sessions","logger":"openf1_de.fetch_bronze_session_results","filename":"fetch_bronze_session_results.py","lineno":65}
{"timestamp":"2026-06-06T17:53:42.180373Z","level":"info","event":"Using the only necessary tables columns: ['session_key', 'date_start', 'session_type', 'session_name', 'year'] and before 2026-06-06 17:53:42.179919+00:00","logger":"openf1_de.fetch_bronze_session_results","filename":"fetch_bronze_session_results.py","lineno":74}
{"timestamp":"2026-06-06T17:53:42.187242Z","level":"info","event":"Fetching the Session Results","logger":"openf1_de.fetch_bronze_session_results","filename":"fetch_bronze_session_results.py","lineno":80}
{"timestamp":"2026-06-06T17:53:42.187521Z","level":"info","event":"Fetching for url: https://api.openf1.org/v1/session_result?session_key=11465","logger":"openf1_de.fetch_bronze_session_results","filename":"fetch_bronze_session_results.py","lineno":94}
{"timestamp":"2026-06-06T17:53:42.747061Z","level":"info","event":"Fetching for url: https://api.openf1.org/v1/session_result?session_key=11466","logger":"openf1_de.fetch_bronze_session_results","filename":"fetch_bronze_session_results.py","lineno":94}
{"timestamp":"2026-06-06T17:53:43.275401Z","level":"info","event":"Fetching for url: https://api.openf1.org/v1/session_result?session_key=11467","logger":"openf1_de.fetch_bronze_session_results","filename":"fetch_bronze_session_results.py","lineno":94}
{"timestamp":"2026-06-06T17:53:43.799806Z","level":"info","event":"Fetching for url: https://api.openf1.org/v1/session_result?session_key=11470","logger":"openf1_de.fetch_bronze_session_results","filename":"fetch_bronze_session_results.py","lineno":94}
{"timestamp":"2026-06-06T17:53:44.320957Z","level":"info","event":"Fetching for url: https://api.openf1.org/v1/session_result?session_key=11469","logger":"openf1_de.fetch_bronze_session_results","filename":"fetch_bronze_session_results.py","lineno":94}
{"timestamp":"2026-06-06T17:53:44.847465Z","level":"info","event":"Fetching for url: https://api.openf1.org/v1/session_result?session_key=11468","logger":"openf1_de.fetch_bronze_session_results","filename":"fetch_bronze_session_results.py","lineno":94}
{"timestamp":"2026-06-06T17:53:45.374832Z","level":"info","event":"Fetching for url: https://api.openf1.org/v1/session_result?session_key=11227","logger":"openf1_de.fetch_bronze_session_results","filename":"fetch_bronze_session_results.py","lineno":94}
{"timestamp":"2026-06-06T17:53:45.895732Z","level":"info","event":"Fetching for url: https://api.openf1.org/v1/session_result?session_key=11228","logger":"openf1_de.fetch_bronze_session_results","filename":"fetch_bronze_session_results.py","lineno":94}
{"timestamp":"2026-06-06T17:53:46.412920Z","level":"info","event":"Fetching for url: https://api.openf1.org/v1/session_result?session_key=11229","logger":"openf1_de.fetch_bronze_session_results","filename":"fetch_bronze_session_results.py","lineno":94}
{"timestamp":"2026-06-06T17:53:46.932318Z","level":"info","event":"Fetching for url: https://api.openf1.org/v1/session_result?session_key=11230","logger":"openf1_de.fetch_bronze_session_results","filename":"fetch_bronze_session_results.py","lineno":94}
{"timestamp":"2026-06-06T17:53:47.458554Z","level":"info","event":"Fetching for url: https://api.openf1.org/v1/session_result?session_key=11234","logger":"openf1_de.fetch_bronze_session_results","filename":"fetch_bronze_session_results.py","lineno":94}
{"timestamp":"2026-06-06T17:53:48.039474Z","level":"info","event":"Fetching for url: https://api.openf1.org/v1/session_result?session_key=11235","logger":"openf1_de.fetch_bronze_session_results","filename":"fetch_bronze_session_results.py","lineno":94}
{"timestamp":"2026-06-06T17:53:48.556061Z","level":"info","event":"Fetching for url: https://api.openf1.org/v1/session_result?session_key=11236","logger":"openf1_de.fetch_bronze_session_results","filename":"fetch_bronze_session_results.py","lineno":94}
{"timestamp":"2026-06-06T17:53:49.195901Z","level":"info","event":"Fetching for url: https://api.openf1.org/v1/session_result?session_key=11240","logger":"openf1_de.fetch_bronze_session_results","filename":"fetch_bronze_session_results.py","lineno":94}
{"timestamp":"2026-06-06T17:53:49.720466Z","level":"info","event":"Fetching for url: https://api.openf1.org/v1/session_result?session_key=11241","logger":"openf1_de.fetch_bronze_session_results","filename":"fetch_bronze_session_results.py","lineno":94}
{"timestamp":"2026-06-06T17:53:50.247059Z","level":"info","event":"Fetching for url: https://api.openf1.org/v1/session_result?session_key=11245","logger":"openf1_de.fetch_bronze_session_results","filename":"fetch_bronze_session_results.py","lineno":94}
{"timestamp":"2026-06-06T17:53:50.774187Z","level":"info","event":"Fetching for url: https://api.openf1.org/v1/session_result?session_key=11246","logger":"openf1_de.fetch_bronze_session_results","filename":"fetch_bronze_session_results.py","lineno":94}
{"timestamp":"2026-06-06T17:53:51.292548Z","level":"info","event":"Fetching for url: https://api.openf1.org/v1/session_result?session_key=11247","logger":"openf1_de.fetch_bronze_session_results","filename":"fetch_bronze_session_results.py","lineno":94}
{"timestamp":"2026-06-06T17:53:51.814759Z","level":"info","event":"Fetching for url: https://api.openf1.org/v1/session_result?session_key=11248","logger":"openf1_de.fetch_bronze_session_results","filename":"fetch_bronze_session_results.py","lineno":94}
{"timestamp":"2026-06-06T17:53:52.339028Z","level":"info","event":"Fetching for url: https://api.openf1.org/v1/session_result?session_key=11249","logger":"openf1_de.fetch_bronze_session_results","filename":"fetch_bronze_session_results.py","lineno":94}
{"timestamp":"2026-06-06T17:53:52.868352Z","level":"info","event":"Fetching for url: https://api.openf1.org/v1/session_result?session_key=11253","logger":"openf1_de.fetch_bronze_session_results","filename":"fetch_bronze_session_results.py","lineno":94}
{"timestamp":"2026-06-06T17:53:53.396797Z","level":"info","event":"Fetching for url: https://api.openf1.org/v1/session_result?session_key=11254","logger":"openf1_de.fetch_bronze_session_results","filename":"fetch_bronze_session_results.py","lineno":94}
{"timestamp":"2026-06-06T17:53:53.913963Z","level":"error","event":"404: Not found for https://api.openf1.org/v1/session_result?session_key=11254","logger":"openf1_de.fetch_bronze_session_results","filename":"fetch_bronze_session_results.py","lineno":111}
{"timestamp":"2026-06-06T17:53:53.914361Z","level":"info","event":"Fetching for url: https://api.openf1.org/v1/session_result?session_key=11255","logger":"openf1_de.fetch_bronze_session_results","filename":"fetch_bronze_session_results.py","lineno":94}
{"timestamp":"2026-06-06T17:53:54.441648Z","level":"error","event":"404: Not found for https://api.openf1.org/v1/session_result?session_key=11255","logger":"openf1_de.fetch_bronze_session_results","filename":"fetch_bronze_session_results.py","lineno":111}
{"timestamp":"2026-06-06T17:53:54.441994Z","level":"info","event":"Fetching for url: https://api.openf1.org/v1/session_result?session_key=11256","logger":"openf1_de.fetch_bronze_session_results","filename":"fetch_bronze_session_results.py","lineno":94}
{"timestamp":"2026-06-06T17:53:54.953313Z","level":"error","event":"404: Not found for https://api.openf1.org/v1/session_result?session_key=11256","logger":"openf1_de.fetch_bronze_session_results","filename":"fetch_bronze_session_results.py","lineno":111}
{"timestamp":"2026-06-06T17:53:54.953635Z","level":"info","event":"Fetching for url: https://api.openf1.org/v1/session_result?session_key=11257","logger":"openf1_de.fetch_bronze_session_results","filename":"fetch_bronze_session_results.py","lineno":94}
{"timestamp":"2026-06-06T17:53:55.467322Z","level":"error","event":"404: Not found for https://api.openf1.org/v1/session_result?session_key=11257","logger":"openf1_de.fetch_bronze_session_results","filename":"fetch_bronze_session_results.py","lineno":111}
{"timestamp":"2026-06-06T17:53:55.467591Z","level":"info","event":"Fetching for url: https://api.openf1.org/v1/session_result?session_key=11261","logger":"openf1_de.fetch_bronze_session_results","filename":"fetch_bronze_session_results.py","lineno":94}
{"timestamp":"2026-06-06T17:53:55.981304Z","level":"error","event":"404: Not found for https://api.openf1.org/v1/session_result?session_key=11261","logger":"openf1_de.fetch_bronze_session_results","filename":"fetch_bronze_session_results.py","lineno":111}
{"timestamp":"2026-06-06T17:53:55.981608Z","level":"info","event":"Fetching for url: https://api.openf1.org/v1/session_result?session_key=11262","logger":"openf1_de.fetch_bronze_session_results","filename":"fetch_bronze_session_results.py","lineno":94}
{"timestamp":"2026-06-06T17:53:56.492438Z","level":"error","event":"404: Not found for https://api.openf1.org/v1/session_result?session_key=11262","logger":"openf1_de.fetch_bronze_session_results","filename":"fetch_bronze_session_results.py","lineno":111}
{"timestamp":"2026-06-06T17:53:56.492758Z","level":"info","event":"Fetching for url: https://api.openf1.org/v1/session_result?session_key=11263","logger":"openf1_de.fetch_bronze_session_results","filename":"fetch_bronze_session_results.py","lineno":94}
{"timestamp":"2026-06-06T17:53:57.004904Z","level":"error","event":"404: Not found for https://api.openf1.org/v1/session_result?session_key=11263","logger":"openf1_de.fetch_bronze_session_results","filename":"fetch_bronze_session_results.py","lineno":111}
{"timestamp":"2026-06-06T17:53:57.005247Z","level":"info","event":"Fetching for url: https://api.openf1.org/v1/session_result?session_key=11264","logger":"openf1_de.fetch_bronze_session_results","filename":"fetch_bronze_session_results.py","lineno":94}
{"timestamp":"2026-06-06T17:53:57.518007Z","level":"error","event":"404: Not found for https://api.openf1.org/v1/session_result?session_key=11264","logger":"openf1_de.fetch_bronze_session_results","filename":"fetch_bronze_session_results.py","lineno":111}
{"timestamp":"2026-06-06T17:53:57.518359Z","level":"info","event":"Fetching for url: https://api.openf1.org/v1/session_result?session_key=11265","logger":"openf1_de.fetch_bronze_session_results","filename":"fetch_bronze_session_results.py","lineno":94}
{"timestamp":"2026-06-06T17:53:58.032919Z","level":"error","event":"404: Not found for https://api.openf1.org/v1/session_result?session_key=11265","logger":"openf1_de.fetch_bronze_session_results","filename":"fetch_bronze_session_results.py","lineno":111}
{"timestamp":"2026-06-06T17:53:58.033227Z","level":"info","event":"Fetching for url: https://api.openf1.org/v1/session_result?session_key=11269","logger":"openf1_de.fetch_bronze_session_results","filename":"fetch_bronze_session_results.py","lineno":94}
{"timestamp":"2026-06-06T17:53:58.546249Z","level":"error","event":"429: Waiting 1.5s until next minute...","logger":"openf1_de.fetch_bronze_session_results","filename":"fetch_bronze_session_results.py","lineno":107}
{"timestamp":"2026-06-06T17:54:00.517164Z","level":"error","event":"404: Not found for https://api.openf1.org/v1/session_result?session_key=11269","logger":"openf1_de.fetch_bronze_session_results","filename":"fetch_bronze_session_results.py","lineno":111}
{"timestamp":"2026-06-06T17:54:00.517431Z","level":"info","event":"Fetching for url: https://api.openf1.org/v1/session_result?session_key=11270","logger":"openf1_de.fetch_bronze_session_results","filename":"fetch_bronze_session_results.py","lineno":94}
{"timestamp":"2026-06-06T17:54:01.035412Z","level":"info","event":"Fetching for url: https://api.openf1.org/v1/session_result?session_key=11271","logger":"openf1_de.fetch_bronze_session_results","filename":"fetch_bronze_session_results.py","lineno":94}
{"timestamp":"2026-06-06T17:54:01.569163Z","level":"info","event":"Fetching for url: https://api.openf1.org/v1/session_result?session_key=11275","logger":"openf1_de.fetch_bronze_session_results","filename":"fetch_bronze_session_results.py","lineno":94}
{"timestamp":"2026-06-06T17:54:02.098075Z","level":"info","event":"Fetching for url: https://api.openf1.org/v1/session_result?session_key=11276","logger":"openf1_de.fetch_bronze_session_results","filename":"fetch_bronze_session_results.py","lineno":94}
{"timestamp":"2026-06-06T17:54:02.623317Z","level":"info","event":"Fetching for url: https://api.openf1.org/v1/session_result?session_key=11280","logger":"openf1_de.fetch_bronze_session_results","filename":"fetch_bronze_session_results.py","lineno":94}
{"timestamp":"2026-06-06T17:54:03.151561Z","level":"info","event":"Fetching for url: https://api.openf1.org/v1/session_result?session_key=11281","logger":"openf1_de.fetch_bronze_session_results","filename":"fetch_bronze_session_results.py","lineno":94}
{"timestamp":"2026-06-06T17:54:03.677768Z","level":"info","event":"Fetching for url: https://api.openf1.org/v1/session_result?session_key=11282","logger":"openf1_de.fetch_bronze_session_results","filename":"fetch_bronze_session_results.py","lineno":94}
{"timestamp":"2026-06-06T17:54:04.194745Z","level":"info","event":"Fetching for url: https://api.openf1.org/v1/session_result?session_key=11286","logger":"openf1_de.fetch_bronze_session_results","filename":"fetch_bronze_session_results.py","lineno":94}
{"timestamp":"2026-06-06T17:54:04.721515Z","level":"info","event":"Fetching for url: https://api.openf1.org/v1/session_result?session_key=11287","logger":"openf1_de.fetch_bronze_session_results","filename":"fetch_bronze_session_results.py","lineno":94}
{"timestamp":"2026-06-06T17:54:05.241407Z","level":"info","event":"Fetching for url: https://api.openf1.org/v1/session_result?session_key=11291","logger":"openf1_de.fetch_bronze_session_results","filename":"fetch_bronze_session_results.py","lineno":94}
{"timestamp":"2026-06-06T17:54:05.763977Z","level":"info","event":"Fetching for url: https://api.openf1.org/v1/session_result?session_key=11292","logger":"openf1_de.fetch_bronze_session_results","filename":"fetch_bronze_session_results.py","lineno":94}
{"timestamp":"2026-06-06T17:54:06.284338Z","level":"info","event":"Fetching for url: https://api.openf1.org/v1/session_result?session_key=11293","logger":"openf1_de.fetch_bronze_session_results","filename":"fetch_bronze_session_results.py","lineno":94}
{"timestamp":"2026-06-06T17:54:06.802603Z","level":"info","event":"Fetching for url: https://api.openf1.org/v1/session_result?session_key=11294","logger":"openf1_de.fetch_bronze_session_results","filename":"fetch_bronze_session_results.py","lineno":94}
{"timestamp":"2026-06-06T17:54:07.322991Z","level":"info","event":"Fetching for url: https://api.openf1.org/v1/session_result?session_key=11295","logger":"openf1_de.fetch_bronze_session_results","filename":"fetch_bronze_session_results.py","lineno":94}
{"timestamp":"2026-06-06T17:54:08.890382Z","level":"info","event":"Concatting the dataframes","logger":"openf1_de.fetch_bronze_session_results","filename":"fetch_bronze_session_results.py","lineno":124}
{"timestamp":"2026-06-06T17:54:08.898040Z","level":"info","event":"Merging df_sr with df_sessions","logger":"openf1_de.fetch_bronze_session_results","filename":"fetch_bronze_session_results.py","lineno":127}
{"timestamp":"2026-06-06T17:54:08.905496Z","level":"info","event":"Convert the ['duration', 'gap_to_leader'] columns into string","logger":"openf1_de.fetch_bronze_session_results","filename":"fetch_bronze_session_results.py","lineno":131}
{"timestamp":"2026-06-06T17:54:08.906731Z","level":"info","event":"Uploading to GCS to bronze/session_results/2026.parquet","logger":"openf1_de.fetch_bronze_session_results","filename":"fetch_bronze_session_results.py","lineno":135}
{"timestamp":"2026-06-06T17:54:09.495573Z","level":"info","event":"WIthout local save Cannot save file into a non-existent directory: '../../data/bronze/session_results'","logger":"openf1_de.fetch_bronze_session_results","filename":"fetch_bronze_session_results.py","lineno":59}
{"timestamp":"2026-06-06T17:54:09.496226Z","level":"info","event":"Done. Returned value was: None","logger":"airflow.task.operators.airflow.providers.standard.operators.python.PythonOperator","filename":"python.py","lineno":229}
