{"timestamp":"2026-06-19T12:10:14.865447Z","level":"info","event":"DAG bundles loaded: dags-folder","logger":"airflow.dag_processing.bundles.manager.DagBundlesManager","filename":"manager.py","lineno":209}
{"timestamp":"2026-06-19T12:10:14.866868Z","level":"info","event":"Filling up the DagBag from /opt/airflow/dags/openf1_dbt_mart.py","logger":"airflow.dag_processing.dagbag.BundleDagBag","filename":"dagbag.py","lineno":469}
{"timestamp":"2026-06-19T12:10:15.540423Z","level":"warning","event":"The `airflow.operators.bash.BashOperator` attribute is deprecated. Please use `'airflow.providers.standard.operators.bash.BashOperator'`.","category":"UserWarning","filename":"/opt/airflow/dags/openf1_dbt_mart.py","lineno":4,"logger":"py.warnings"}
{"timestamp":"2026-06-19T12:10:15.566689Z","level":"info","event":"Tmp dir root location: /tmp","logger":"airflow.task.hooks.airflow.providers.standard.hooks.subprocess.SubprocessHook","filename":"subprocess.py","lineno":78}
{"timestamp":"2026-06-19T12:10:15.567540Z","level":"info","event":"Running command: ['/usr/bin/bash', '-c', 'cd /opt/airflow/dbt/openf1_raw && dbt run --select marts --profiles-dir /opt/airflow/config']","logger":"airflow.task.hooks.airflow.providers.standard.hooks.subprocess.SubprocessHook","filename":"subprocess.py","lineno":80}
{"timestamp":"2026-06-19T12:10:15.568268Z","level":"info","event":"Output:","logger":"airflow.task.hooks.airflow.providers.standard.hooks.subprocess.SubprocessHook","filename":"subprocess.py","lineno":92}
{"timestamp":"2026-06-19T12:10:17.040973Z","level":"info","event":"\u001b[0m12:10:17  Running with dbt=1.11.11","logger":"airflow.task.hooks.airflow.providers.standard.hooks.subprocess.SubprocessHook","filename":"subprocess.py","lineno":99}
{"timestamp":"2026-06-19T12:10:17.962450Z","level":"info","event":"\u001b[0m12:10:17  Registered adapter: bigquery=1.11.1","logger":"airflow.task.hooks.airflow.providers.standard.hooks.subprocess.SubprocessHook","filename":"subprocess.py","lineno":99}
{"timestamp":"2026-06-19T12:10:18.548855Z","level":"info","event":"\u001b[0m12:10:18  Found 13 models, 2 data tests, 4 sources, 551 macros","logger":"airflow.task.hooks.airflow.providers.standard.hooks.subprocess.SubprocessHook","filename":"subprocess.py","lineno":99}
{"timestamp":"2026-06-19T12:10:18.551505Z","level":"info","event":"\u001b[0m12:10:18","logger":"airflow.task.hooks.airflow.providers.standard.hooks.subprocess.SubprocessHook","filename":"subprocess.py","lineno":99}
{"timestamp":"2026-06-19T12:10:18.552005Z","level":"info","event":"\u001b[0m12:10:18  Concurrency: 1 threads (target='dev')","logger":"airflow.task.hooks.airflow.providers.standard.hooks.subprocess.SubprocessHook","filename":"subprocess.py","lineno":99}
{"timestamp":"2026-06-19T12:10:18.552491Z","level":"info","event":"\u001b[0m12:10:18","logger":"airflow.task.hooks.airflow.providers.standard.hooks.subprocess.SubprocessHook","filename":"subprocess.py","lineno":99}
{"timestamp":"2026-06-19T12:10:19.887474Z","level":"info","event":"\u001b[0m12:10:19  1 of 6 START sql table model openf1_marts.mart_drivers ......................... [RUN]","logger":"airflow.task.hooks.airflow.providers.standard.hooks.subprocess.SubprocessHook","filename":"subprocess.py","lineno":99}
{"timestamp":"2026-06-19T12:10:22.918027Z","level":"info","event":"\u001b[0m12:10:22  1 of 6 OK created sql table model openf1_marts.mart_drivers .................... [\u001b[32mCREATE TABLE (101.0 rows, 133.6 KiB processed)\u001b[0m in 3.03s]","logger":"airflow.task.hooks.airflow.providers.standard.hooks.subprocess.SubprocessHook","filename":"subprocess.py","lineno":99}
{"timestamp":"2026-06-19T12:10:22.919935Z","level":"info","event":"\u001b[0m12:10:22  2 of 6 START sql table model openf1_marts.mart_schedule ........................ [RUN]","logger":"airflow.task.hooks.airflow.providers.standard.hooks.subprocess.SubprocessHook","filename":"subprocess.py","lineno":99}
{"timestamp":"2026-06-19T12:10:26.241380Z","level":"info","event":"\u001b[0m12:10:26  2 of 6 OK created sql table model openf1_marts.mart_schedule ................... [\u001b[32mCREATE TABLE (249.0 rows, 57.6 KiB processed)\u001b[0m in 3.32s]","logger":"airflow.task.hooks.airflow.providers.standard.hooks.subprocess.SubprocessHook","filename":"subprocess.py","lineno":99}
{"timestamp":"2026-06-19T12:10:26.243042Z","level":"info","event":"\u001b[0m12:10:26  3 of 6 START sql table model openf1_marts.mart_session_results_fp .............. [RUN]","logger":"airflow.task.hooks.airflow.providers.standard.hooks.subprocess.SubprocessHook","filename":"subprocess.py","lineno":99}
{"timestamp":"2026-06-19T12:10:28.489956Z","level":"info","event":"\u001b[0m12:10:28  3 of 6 OK created sql table model openf1_marts.mart_session_results_fp ......... [\u001b[32mCREATE TABLE (1.7k rows, 331.1 KiB processed)\u001b[0m in 2.24s]","logger":"airflow.task.hooks.airflow.providers.standard.hooks.subprocess.SubprocessHook","filename":"subprocess.py","lineno":99}
{"timestamp":"2026-06-19T12:10:28.491649Z","level":"info","event":"\u001b[0m12:10:28  4 of 6 START sql table model openf1_marts.mart_session_results_quali ........... [RUN]","logger":"airflow.task.hooks.airflow.providers.standard.hooks.subprocess.SubprocessHook","filename":"subprocess.py","lineno":99}
{"timestamp":"2026-06-19T12:10:31.068816Z","level":"info","event":"\u001b[0m12:10:31  4 of 6 OK created sql table model openf1_marts.mart_session_results_quali ...... [\u001b[32mCREATE TABLE (812.0 rows, 296.7 KiB processed)\u001b[0m in 2.58s]","logger":"airflow.task.hooks.airflow.providers.standard.hooks.subprocess.SubprocessHook","filename":"subprocess.py","lineno":99}
{"timestamp":"2026-06-19T12:10:31.070527Z","level":"info","event":"\u001b[0m12:10:31  5 of 6 START sql table model openf1_marts.mart_session_results_race ............ [RUN]","logger":"airflow.task.hooks.airflow.providers.standard.hooks.subprocess.SubprocessHook","filename":"subprocess.py","lineno":99}
{"timestamp":"2026-06-19T12:10:33.573020Z","level":"info","event":"\u001b[0m12:10:33  5 of 6 OK created sql table model openf1_marts.mart_session_results_race ....... [\u001b[32mCREATE TABLE (819.0 rows, 337.5 KiB processed)\u001b[0m in 2.50s]","logger":"airflow.task.hooks.airflow.providers.standard.hooks.subprocess.SubprocessHook","filename":"subprocess.py","lineno":99}
{"timestamp":"2026-06-19T12:10:33.575216Z","level":"info","event":"\u001b[0m12:10:33  6 of 6 START sql table model openf1_marts.mart_constructor_standings ........... [RUN]","logger":"airflow.task.hooks.airflow.providers.standard.hooks.subprocess.SubprocessHook","filename":"subprocess.py","lineno":99}
{"timestamp":"2026-06-19T12:10:35.335467Z","level":"info","event":"\u001b[0m12:10:35  6 of 6 OK created sql table model openf1_marts.mart_constructor_standings ...... [\u001b[32mCREATE TABLE (11.0 rows, 1.6 KiB processed)\u001b[0m in 1.76s]","logger":"airflow.task.hooks.airflow.providers.standard.hooks.subprocess.SubprocessHook","filename":"subprocess.py","lineno":99}
{"timestamp":"2026-06-19T12:10:35.371172Z","level":"info","event":"\u001b[0m12:10:35","logger":"airflow.task.hooks.airflow.providers.standard.hooks.subprocess.SubprocessHook","filename":"subprocess.py","lineno":99}
{"timestamp":"2026-06-19T12:10:35.371794Z","level":"info","event":"\u001b[0m12:10:35  Finished running 6 table models in 0 hours 0 minutes and 16.82 seconds (16.82s).","logger":"airflow.task.hooks.airflow.providers.standard.hooks.subprocess.SubprocessHook","filename":"subprocess.py","lineno":99}
{"timestamp":"2026-06-19T12:10:35.435460Z","level":"info","event":"\u001b[0m12:10:35","logger":"airflow.task.hooks.airflow.providers.standard.hooks.subprocess.SubprocessHook","filename":"subprocess.py","lineno":99}
{"timestamp":"2026-06-19T12:10:35.436033Z","level":"info","event":"\u001b[0m12:10:35  \u001b[32mCompleted successfully\u001b[0m","logger":"airflow.task.hooks.airflow.providers.standard.hooks.subprocess.SubprocessHook","filename":"subprocess.py","lineno":99}
{"timestamp":"2026-06-19T12:10:35.436439Z","level":"info","event":"\u001b[0m12:10:35","logger":"airflow.task.hooks.airflow.providers.standard.hooks.subprocess.SubprocessHook","filename":"subprocess.py","lineno":99}
{"timestamp":"2026-06-19T12:10:35.436905Z","level":"info","event":"\u001b[0m12:10:35  Done. PASS=6 WARN=0 ERROR=0 SKIP=0 NO-OP=0 TOTAL=6","logger":"airflow.task.hooks.airflow.providers.standard.hooks.subprocess.SubprocessHook","filename":"subprocess.py","lineno":99}
{"timestamp":"2026-06-19T12:10:37.412478Z","level":"info","event":"Command exited with return code 0","logger":"airflow.task.hooks.airflow.providers.standard.hooks.subprocess.SubprocessHook","filename":"subprocess.py","lineno":103}
{"timestamp":"2026-06-19T12:10:37.413427Z","level":"info","event":"Pushing xcom","ti":"RuntimeTaskInstance(id=UUID('019edfc9-efa2-73c1-ae1d-123632477198'), task_id='dbt_run_marts', dag_id='openf1_dbt_mart', run_id='manual__2026-06-19T12:10:13.768688+00:00', try_number=1, dag_version_id=UUID('019edfc9-bf6a-7221-9283-fd9ed2d81cae'), map_index=-1, hostname='c7c8436b4395', context_carrier={'traceparent': '00-9ee493c5c5ead5181a1247296ee42b8e-9e4671e0aa8edcb6-01'}, task=<Task(BashOperator): dbt_run_marts>, bundle_instance=LocalDagBundle(name=dags-folder), max_tries=2, start_date=datetime.datetime(2026, 6, 19, 12, 10, 14, 830694, tzinfo=datetime.timezone.utc), end_date=None, state=<TaskInstanceState.RUNNING: 'running'>, is_mapped=False, rendered_map_index=None, sentry_integration='')","logger":"task","filename":"task_runner.py","lineno":1724}
