{"timestamp":"2026-06-19T11:33:06.299211Z","level":"info","event":"DAG bundles loaded: dags-folder","logger":"airflow.dag_processing.bundles.manager.DagBundlesManager","filename":"manager.py","lineno":209}
{"timestamp":"2026-06-19T11:33:06.301352Z","level":"info","event":"Filling up the DagBag from /opt/airflow/dags/openf1_pipeline.py","logger":"airflow.dag_processing.dagbag.BundleDagBag","filename":"dagbag.py","lineno":469}
{"timestamp":"2026-06-19T11:33:06.736038Z","level":"warning","event":"The `airflow.operators.python.PythonOperator` attribute is deprecated. Please use `'airflow.providers.standard.operators.python.PythonOperator'`.","category":"UserWarning","filename":"/opt/airflow/dags/openf1_pipeline.py","lineno":3,"logger":"py.warnings"}
{"timestamp":"2026-06-19T11:33:06.758056Z","level":"info","event":"Start Fetching","logger":"openf1_de.fetch_bronze_meetings","filename":"fetch_bronze_meetings.py","lineno":73}
{"timestamp":"2026-06-19T11:33:06.758185Z","level":"info","event":"Fetching Meetings","logger":"openf1_de.fetch_bronze_meetings","filename":"fetch_bronze_meetings.py","lineno":74}
{"timestamp":"2026-06-19T11:33:06.758254Z","level":"info","event":"URL: https://api.openf1.org/v1/meetings?year=2026","logger":"openf1_de.fetch_bronze_meetings","filename":"fetch_bronze_meetings.py","lineno":38}
{"timestamp":"2026-06-19T11:33:07.509525Z","level":"info","event":"Adding timestamp column","logger":"openf1_de.fetch_bronze_meetings","filename":"fetch_bronze_meetings.py","lineno":43}
{"timestamp":"2026-06-19T11:33:07.511133Z","level":"info","event":"Fetching Sessions","logger":"openf1_de.fetch_bronze_meetings","filename":"fetch_bronze_meetings.py","lineno":76}
{"timestamp":"2026-06-19T11:33:07.511258Z","level":"info","event":"URL: https://api.openf1.org/v1/sessions?year=2026","logger":"openf1_de.fetch_bronze_meetings","filename":"fetch_bronze_meetings.py","lineno":38}
{"timestamp":"2026-06-19T11:33:08.384328Z","level":"info","event":"Adding timestamp column","logger":"openf1_de.fetch_bronze_meetings","filename":"fetch_bronze_meetings.py","lineno":43}
{"timestamp":"2026-06-19T11:33:08.385041Z","level":"info","event":"Fetching Drivers","logger":"openf1_de.fetch_bronze_meetings","filename":"fetch_bronze_meetings.py","lineno":78}
{"timestamp":"2026-06-19T11:33:08.385158Z","level":"info","event":"URL: https://api.openf1.org/v1/drivers?session_key=9839","logger":"openf1_de.fetch_bronze_meetings","filename":"fetch_bronze_meetings.py","lineno":38}
{"timestamp":"2026-06-19T11:33:08.908467Z","level":"info","event":"Adding timestamp column","logger":"openf1_de.fetch_bronze_meetings","filename":"fetch_bronze_meetings.py","lineno":43}
{"timestamp":"2026-06-19T11:33:08.909169Z","level":"info","event":"Init GCP Storage","logger":"openf1_de.fetch_bronze_meetings","filename":"fetch_bronze_meetings.py","lineno":82}
{"timestamp":"2026-06-19T11:33:08.981506Z","level":"info","event":"Uploading meetings_df to GCP","logger":"openf1_de.fetch_bronze_meetings","filename":"fetch_bronze_meetings.py","lineno":86}
{"timestamp":"2026-06-19T11:33:09.595812Z","level":"info","event":"Without local save Cannot save file into a non-existent directory: '../../data/bronze/meetings'","logger":"openf1_de.fetch_bronze_meetings","filename":"fetch_bronze_meetings.py","lineno":67}
{"timestamp":"2026-06-19T11:33:09.595996Z","level":"info","event":"Uploading sessions_df to GCP","logger":"openf1_de.fetch_bronze_meetings","filename":"fetch_bronze_meetings.py","lineno":88}
{"timestamp":"2026-06-19T11:33:09.951758Z","level":"info","event":"Without local save Cannot save file into a non-existent directory: '../../data/bronze/sessions'","logger":"openf1_de.fetch_bronze_meetings","filename":"fetch_bronze_meetings.py","lineno":67}
{"timestamp":"2026-06-19T11:33:09.951949Z","level":"info","event":"Uploading drivers_df to GCP","logger":"openf1_de.fetch_bronze_meetings","filename":"fetch_bronze_meetings.py","lineno":90}
{"timestamp":"2026-06-19T11:33:09.952056Z","level":"info","event":"Year does not exist, adding one","logger":"openf1_de.fetch_bronze_meetings","filename":"fetch_bronze_meetings.py","lineno":50}
{"timestamp":"2026-06-19T11:33:10.291714Z","level":"info","event":"Without local save Cannot save file into a non-existent directory: '../../data/bronze/drivers'","logger":"openf1_de.fetch_bronze_meetings","filename":"fetch_bronze_meetings.py","lineno":67}
{"timestamp":"2026-06-19T11:33:10.292180Z","level":"info","event":"Done. Returned value was: None","logger":"airflow.task.operators.airflow.providers.standard.operators.python.PythonOperator","filename":"python.py","lineno":229}
