{"timestamp":"2026-06-25T09:17:11.861723Z","level":"info","event":"DAG bundles loaded: dags-folder","logger":"airflow.dag_processing.bundles.manager.DagBundlesManager","filename":"manager.py","lineno":209}
{"timestamp":"2026-06-25T09:17:11.863596Z","level":"info","event":"Filling up the DagBag from /opt/airflow/dags/openf1_pipeline.py","logger":"airflow.dag_processing.dagbag.BundleDagBag","filename":"dagbag.py","lineno":469}
{"timestamp":"2026-06-25T09:17:13.018799Z","level":"warning","event":"The `airflow.operators.bash.BashOperator` attribute is deprecated. Please use `'airflow.providers.standard.operators.bash.BashOperator'`.","category":"UserWarning","filename":"/opt/airflow/dags/openf1_pipeline.py","lineno":5,"logger":"py.warnings"}
{"timestamp":"2026-06-25T09:17:13.019013Z","level":"warning","event":"The `airflow.operators.python.PythonOperator` attribute is deprecated. Please use `'airflow.providers.standard.operators.python.PythonOperator'`.","category":"UserWarning","filename":"/opt/airflow/dags/openf1_pipeline.py","lineno":6,"logger":"py.warnings"}
{"timestamp":"2026-06-25T09:17:13.054811Z","level":"info","event":"Tmp dir root location: /tmp","logger":"airflow.task.hooks.airflow.providers.standard.hooks.subprocess.SubprocessHook","filename":"subprocess.py","lineno":78}
{"timestamp":"2026-06-25T09:17:13.055582Z","level":"info","event":"Running command: ['/usr/bin/bash', '-c', 'cd /opt/airflow/dbt/openf1_raw && dbt run --select mart_schedule --profiles-dir /opt/airflow/config']","logger":"airflow.task.hooks.airflow.providers.standard.hooks.subprocess.SubprocessHook","filename":"subprocess.py","lineno":80}
{"timestamp":"2026-06-25T09:17:13.056375Z","level":"info","event":"Output:","logger":"airflow.task.hooks.airflow.providers.standard.hooks.subprocess.SubprocessHook","filename":"subprocess.py","lineno":92}
{"timestamp":"2026-06-25T09:17:15.304232Z","level":"info","event":"\u001b[0m09:17:15  Running with dbt=1.11.11","logger":"airflow.task.hooks.airflow.providers.standard.hooks.subprocess.SubprocessHook","filename":"subprocess.py","lineno":99}
{"timestamp":"2026-06-25T09:17:16.914846Z","level":"info","event":"\u001b[0m09:17:16  Registered adapter: bigquery=1.11.1","logger":"airflow.task.hooks.airflow.providers.standard.hooks.subprocess.SubprocessHook","filename":"subprocess.py","lineno":99}
{"timestamp":"2026-06-25T09:17:19.846885Z","level":"info","event":"\u001b[0m09:17:19  Found 13 models, 2 data tests, 4 sources, 551 macros","logger":"airflow.task.hooks.airflow.providers.standard.hooks.subprocess.SubprocessHook","filename":"subprocess.py","lineno":99}
{"timestamp":"2026-06-25T09:17:19.853450Z","level":"info","event":"\u001b[0m09:17:19","logger":"airflow.task.hooks.airflow.providers.standard.hooks.subprocess.SubprocessHook","filename":"subprocess.py","lineno":99}
{"timestamp":"2026-06-25T09:17:19.854946Z","level":"info","event":"\u001b[0m09:17:19  Concurrency: 4 threads (target='dev')","logger":"airflow.task.hooks.airflow.providers.standard.hooks.subprocess.SubprocessHook","filename":"subprocess.py","lineno":99}
{"timestamp":"2026-06-25T09:17:19.856117Z","level":"info","event":"\u001b[0m09:17:19","logger":"airflow.task.hooks.airflow.providers.standard.hooks.subprocess.SubprocessHook","filename":"subprocess.py","lineno":99}
{"timestamp":"2026-06-25T09:17:21.181199Z","level":"info","event":"\u001b[0m09:17:21  1 of 1 START sql table model openf1_marts.mart_schedule ........................ [RUN]","logger":"airflow.task.hooks.airflow.providers.standard.hooks.subprocess.SubprocessHook","filename":"subprocess.py","lineno":99}
{"timestamp":"2026-06-25T09:17:24.100175Z","level":"info","event":"\u001b[0m09:17:24  1 of 1 OK created sql table model openf1_marts.mart_schedule ................... [\u001b[32mCREATE TABLE (123.0 rows, 28.4 KiB processed)\u001b[0m in 2.91s]","logger":"airflow.task.hooks.airflow.providers.standard.hooks.subprocess.SubprocessHook","filename":"subprocess.py","lineno":99}
{"timestamp":"2026-06-25T09:17:24.149680Z","level":"info","event":"\u001b[0m09:17:24","logger":"airflow.task.hooks.airflow.providers.standard.hooks.subprocess.SubprocessHook","filename":"subprocess.py","lineno":99}
{"timestamp":"2026-06-25T09:17:24.150860Z","level":"info","event":"\u001b[0m09:17:24  Finished running 1 table model in 0 hours 0 minutes and 4.29 seconds (4.29s).","logger":"airflow.task.hooks.airflow.providers.standard.hooks.subprocess.SubprocessHook","filename":"subprocess.py","lineno":99}
{"timestamp":"2026-06-25T09:17:24.263897Z","level":"info","event":"\u001b[0m09:17:24","logger":"airflow.task.hooks.airflow.providers.standard.hooks.subprocess.SubprocessHook","filename":"subprocess.py","lineno":99}
{"timestamp":"2026-06-25T09:17:24.265842Z","level":"info","event":"\u001b[0m09:17:24  \u001b[32mCompleted successfully\u001b[0m","logger":"airflow.task.hooks.airflow.providers.standard.hooks.subprocess.SubprocessHook","filename":"subprocess.py","lineno":99}
{"timestamp":"2026-06-25T09:17:24.266968Z","level":"info","event":"\u001b[0m09:17:24","logger":"airflow.task.hooks.airflow.providers.standard.hooks.subprocess.SubprocessHook","filename":"subprocess.py","lineno":99}
{"timestamp":"2026-06-25T09:17:24.268002Z","level":"info","event":"\u001b[0m09:17:24  Done. PASS=1 WARN=0 ERROR=0 SKIP=0 NO-OP=0 TOTAL=1","logger":"airflow.task.hooks.airflow.providers.standard.hooks.subprocess.SubprocessHook","filename":"subprocess.py","lineno":99}
{"timestamp":"2026-06-25T09:17:25.928590Z","level":"info","event":"Command exited with return code 0","logger":"airflow.task.hooks.airflow.providers.standard.hooks.subprocess.SubprocessHook","filename":"subprocess.py","lineno":103}
{"timestamp":"2026-06-25T09:17:25.929481Z","level":"info","event":"Pushing xcom","ti":"RuntimeTaskInstance(id=UUID('019efe11-22cc-7ecf-956d-c1b692b0d0b2'), task_id='dbt_run_mart_schedule', dag_id='01_openf1_fetch_once_per_season', run_id='manual__2026-06-25T09:16:36.393007+00:00', try_number=1, dag_version_id=UUID('019efe10-610b-7bef-8d58-f0accaed2ad1'), map_index=-1, hostname='bc95e7ef7086', context_carrier={'traceparent': '00-7101bb9f35e43329e12748a7cbebc795-289cc41f9b640d13-01'}, task=<Task(BashOperator): dbt_run_mart_schedule>, bundle_instance=LocalDagBundle(name=dags-folder), max_tries=2, start_date=datetime.datetime(2026, 6, 25, 9, 17, 11, 812923, tzinfo=datetime.timezone.utc), end_date=None, state=<TaskInstanceState.RUNNING: 'running'>, is_mapped=False, rendered_map_index=None, sentry_integration='')","logger":"task","filename":"task_runner.py","lineno":1724}
