{"timestamp":"2026-06-19T10:58:57.108480Z","level":"info","event":"DAG bundles loaded: dags-folder","logger":"airflow.dag_processing.bundles.manager.DagBundlesManager","filename":"manager.py","lineno":209}
{"timestamp":"2026-06-19T10:58:57.110389Z","level":"info","event":"Filling up the DagBag from /opt/airflow/dags/openf1_session_results_bronze.py","logger":"airflow.dag_processing.dagbag.BundleDagBag","filename":"dagbag.py","lineno":469}
{"timestamp":"2026-06-19T10:58:57.798116Z","level":"warning","event":"The `airflow.operators.python.PythonOperator` attribute is deprecated. Please use `'airflow.providers.standard.operators.python.PythonOperator'`.","category":"UserWarning","filename":"/opt/airflow/dags/openf1_session_results_bronze.py","lineno":3,"logger":"py.warnings"}
{"timestamp":"2026-06-19T10:58:57.827712Z","level":"info","event":"Init Bigquery Client","logger":"openf1_de.fetch_bronze_session_results","filename":"fetch_bronze_session_results.py","lineno":63}
{"timestamp":"2026-06-19T10:58:57.867789Z","level":"info","event":"Fetch stg_sessions","logger":"openf1_de.fetch_bronze_session_results","filename":"fetch_bronze_session_results.py","lineno":65}
{"timestamp":"2026-06-19T10:59:00.119277Z","level":"info","event":"Using the only necessary tables columns: ['session_key', 'date_start', 'session_type', 'session_name', 'year'] and before 2026-06-19 10:59:00.119139+00:00","logger":"openf1_de.fetch_bronze_session_results","filename":"fetch_bronze_session_results.py","lineno":74}
{"timestamp":"2026-06-19T10:59:00.121399Z","level":"info","event":"Fetching the Session Results","logger":"openf1_de.fetch_bronze_session_results","filename":"fetch_bronze_session_results.py","lineno":80}
{"timestamp":"2026-06-19T10:59:00.122455Z","level":"info","event":"Fetching for url: https://api.openf1.org/v1/session_result?session_key=9683","logger":"openf1_de.fetch_bronze_session_results","filename":"fetch_bronze_session_results.py","lineno":94}
{"timestamp":"2026-06-19T10:59:00.671885Z","level":"info","event":"Fetching for url: https://api.openf1.org/v1/session_result?session_key=9684","logger":"openf1_de.fetch_bronze_session_results","filename":"fetch_bronze_session_results.py","lineno":94}
{"timestamp":"2026-06-19T10:59:01.193661Z","level":"info","event":"Fetching for url: https://api.openf1.org/v1/session_result?session_key=9685","logger":"openf1_de.fetch_bronze_session_results","filename":"fetch_bronze_session_results.py","lineno":94}
{"timestamp":"2026-06-19T10:59:01.716662Z","level":"info","event":"Fetching for url: https://api.openf1.org/v1/session_result?session_key=9686","logger":"openf1_de.fetch_bronze_session_results","filename":"fetch_bronze_session_results.py","lineno":94}
{"timestamp":"2026-06-19T10:59:02.238851Z","level":"info","event":"Fetching for url: https://api.openf1.org/v1/session_result?session_key=9687","logger":"openf1_de.fetch_bronze_session_results","filename":"fetch_bronze_session_results.py","lineno":94}
{"timestamp":"2026-06-19T10:59:02.761429Z","level":"info","event":"Fetching for url: https://api.openf1.org/v1/session_result?session_key=9688","logger":"openf1_de.fetch_bronze_session_results","filename":"fetch_bronze_session_results.py","lineno":94}
{"timestamp":"2026-06-19T10:59:03.289795Z","level":"info","event":"Fetching for url: https://api.openf1.org/v1/session_result?session_key=9689","logger":"openf1_de.fetch_bronze_session_results","filename":"fetch_bronze_session_results.py","lineno":94}
{"timestamp":"2026-06-19T10:59:03.813376Z","level":"info","event":"Fetching for url: https://api.openf1.org/v1/session_result?session_key=9693","logger":"openf1_de.fetch_bronze_session_results","filename":"fetch_bronze_session_results.py","lineno":94}
{"timestamp":"2026-06-19T10:59:04.342043Z","level":"info","event":"Fetching for url: https://api.openf1.org/v1/session_result?session_key=9988","logger":"openf1_de.fetch_bronze_session_results","filename":"fetch_bronze_session_results.py","lineno":94}
{"timestamp":"2026-06-19T10:59:04.861286Z","level":"info","event":"Fetching for url: https://api.openf1.org/v1/session_result?session_key=9989","logger":"openf1_de.fetch_bronze_session_results","filename":"fetch_bronze_session_results.py","lineno":94}
{"timestamp":"2026-06-19T10:59:05.381790Z","level":"info","event":"Fetching for url: https://api.openf1.org/v1/session_result?session_key=9993","logger":"openf1_de.fetch_bronze_session_results","filename":"fetch_bronze_session_results.py","lineno":94}
{"timestamp":"2026-06-19T10:59:05.910599Z","level":"info","event":"Fetching for url: https://api.openf1.org/v1/session_result?session_key=9994","logger":"openf1_de.fetch_bronze_session_results","filename":"fetch_bronze_session_results.py","lineno":94}
{"timestamp":"2026-06-19T10:59:06.432146Z","level":"info","event":"Fetching for url: https://api.openf1.org/v1/session_result?session_key=9998","logger":"openf1_de.fetch_bronze_session_results","filename":"fetch_bronze_session_results.py","lineno":94}
{"timestamp":"2026-06-19T10:59:06.956923Z","level":"info","event":"Fetching for url: https://api.openf1.org/v1/session_result?session_key=9999","logger":"openf1_de.fetch_bronze_session_results","filename":"fetch_bronze_session_results.py","lineno":94}
{"timestamp":"2026-06-19T10:59:07.480338Z","level":"info","event":"Fetching for url: https://api.openf1.org/v1/session_result?session_key=10000","logger":"openf1_de.fetch_bronze_session_results","filename":"fetch_bronze_session_results.py","lineno":94}
{"timestamp":"2026-06-19T10:59:08.177429Z","level":"info","event":"Fetching for url: https://api.openf1.org/v1/session_result?session_key=10001","logger":"openf1_de.fetch_bronze_session_results","filename":"fetch_bronze_session_results.py","lineno":94}
{"timestamp":"2026-06-19T10:59:08.703147Z","level":"info","event":"Fetching for url: https://api.openf1.org/v1/session_result?session_key=10002","logger":"openf1_de.fetch_bronze_session_results","filename":"fetch_bronze_session_results.py","lineno":94}
{"timestamp":"2026-06-19T10:59:09.224628Z","level":"info","event":"Fetching for url: https://api.openf1.org/v1/session_result?session_key=10006","logger":"openf1_de.fetch_bronze_session_results","filename":"fetch_bronze_session_results.py","lineno":94}
{"timestamp":"2026-06-19T10:59:09.755336Z","level":"info","event":"Fetching for url: https://api.openf1.org/v1/session_result?session_key=10007","logger":"openf1_de.fetch_bronze_session_results","filename":"fetch_bronze_session_results.py","lineno":94}
{"timestamp":"2026-06-19T10:59:10.279579Z","level":"info","event":"Fetching for url: https://api.openf1.org/v1/session_result?session_key=10008","logger":"openf1_de.fetch_bronze_session_results","filename":"fetch_bronze_session_results.py","lineno":94}
{"timestamp":"2026-06-19T10:59:10.806952Z","level":"info","event":"Fetching for url: https://api.openf1.org/v1/session_result?session_key=10009","logger":"openf1_de.fetch_bronze_session_results","filename":"fetch_bronze_session_results.py","lineno":94}
{"timestamp":"2026-06-19T10:59:11.335912Z","level":"info","event":"Fetching for url: https://api.openf1.org/v1/session_result?session_key=10010","logger":"openf1_de.fetch_bronze_session_results","filename":"fetch_bronze_session_results.py","lineno":94}
{"timestamp":"2026-06-19T10:59:11.859526Z","level":"info","event":"Fetching for url: https://api.openf1.org/v1/session_result?session_key=10014","logger":"openf1_de.fetch_bronze_session_results","filename":"fetch_bronze_session_results.py","lineno":94}
{"timestamp":"2026-06-19T10:59:12.389015Z","level":"info","event":"Fetching for url: https://api.openf1.org/v1/session_result?session_key=10015","logger":"openf1_de.fetch_bronze_session_results","filename":"fetch_bronze_session_results.py","lineno":94}
{"timestamp":"2026-06-19T10:59:12.911614Z","level":"info","event":"Fetching for url: https://api.openf1.org/v1/session_result?session_key=10016","logger":"openf1_de.fetch_bronze_session_results","filename":"fetch_bronze_session_results.py","lineno":94}
{"timestamp":"2026-06-19T10:59:13.435211Z","level":"info","event":"Fetching for url: https://api.openf1.org/v1/session_result?session_key=10017","logger":"openf1_de.fetch_bronze_session_results","filename":"fetch_bronze_session_results.py","lineno":94}
{"timestamp":"2026-06-19T10:59:13.958649Z","level":"info","event":"Fetching for url: https://api.openf1.org/v1/session_result?session_key=10018","logger":"openf1_de.fetch_bronze_session_results","filename":"fetch_bronze_session_results.py","lineno":94}
{"timestamp":"2026-06-19T10:59:14.479910Z","level":"info","event":"Fetching for url: https://api.openf1.org/v1/session_result?session_key=10022","logger":"openf1_de.fetch_bronze_session_results","filename":"fetch_bronze_session_results.py","lineno":94}
{"timestamp":"2026-06-19T10:59:15.003985Z","level":"info","event":"Fetching for url: https://api.openf1.org/v1/session_result?session_key=10023","logger":"openf1_de.fetch_bronze_session_results","filename":"fetch_bronze_session_results.py","lineno":94}
{"timestamp":"2026-06-19T10:59:15.525453Z","level":"info","event":"Fetching for url: https://api.openf1.org/v1/session_result?session_key=10024","logger":"openf1_de.fetch_bronze_session_results","filename":"fetch_bronze_session_results.py","lineno":94}
{"timestamp":"2026-06-19T10:59:16.045912Z","level":"info","event":"Fetching for url: https://api.openf1.org/v1/session_result?session_key=10028","logger":"openf1_de.fetch_bronze_session_results","filename":"fetch_bronze_session_results.py","lineno":94}
{"timestamp":"2026-06-19T10:59:16.564370Z","level":"error","event":"429: Waiting 43.4s until next minute...","logger":"openf1_de.fetch_bronze_session_results","filename":"fetch_bronze_session_results.py","lineno":107}
{"timestamp":"2026-06-19T11:00:00.528696Z","level":"info","event":"Fetching for url: https://api.openf1.org/v1/session_result?session_key=10029","logger":"openf1_de.fetch_bronze_session_results","filename":"fetch_bronze_session_results.py","lineno":94}
{"timestamp":"2026-06-19T11:00:01.055671Z","level":"info","event":"Fetching for url: https://api.openf1.org/v1/session_result?session_key=10033","logger":"openf1_de.fetch_bronze_session_results","filename":"fetch_bronze_session_results.py","lineno":94}
{"timestamp":"2026-06-19T11:00:01.576285Z","level":"info","event":"Fetching for url: https://api.openf1.org/v1/session_result?session_key=9980","logger":"openf1_de.fetch_bronze_session_results","filename":"fetch_bronze_session_results.py","lineno":94}
{"timestamp":"2026-06-19T11:00:02.102670Z","level":"info","event":"Fetching for url: https://api.openf1.org/v1/session_result?session_key=9981","logger":"openf1_de.fetch_bronze_session_results","filename":"fetch_bronze_session_results.py","lineno":94}
{"timestamp":"2026-06-19T11:00:02.633375Z","level":"info","event":"Fetching for url: https://api.openf1.org/v1/session_result?session_key=9982","logger":"openf1_de.fetch_bronze_session_results","filename":"fetch_bronze_session_results.py","lineno":94}
{"timestamp":"2026-06-19T11:00:03.156442Z","level":"info","event":"Fetching for url: https://api.openf1.org/v1/session_result?session_key=9983","logger":"openf1_de.fetch_bronze_session_results","filename":"fetch_bronze_session_results.py","lineno":94}
{"timestamp":"2026-06-19T11:00:03.682198Z","level":"info","event":"Fetching for url: https://api.openf1.org/v1/session_result?session_key=9987","logger":"openf1_de.fetch_bronze_session_results","filename":"fetch_bronze_session_results.py","lineno":94}
{"timestamp":"2026-06-19T11:00:04.206355Z","level":"info","event":"Fetching for url: https://api.openf1.org/v1/session_result?session_key=9972","logger":"openf1_de.fetch_bronze_session_results","filename":"fetch_bronze_session_results.py","lineno":94}
{"timestamp":"2026-06-19T11:00:04.736438Z","level":"info","event":"Fetching for url: https://api.openf1.org/v1/session_result?session_key=9973","logger":"openf1_de.fetch_bronze_session_results","filename":"fetch_bronze_session_results.py","lineno":94}
{"timestamp":"2026-06-19T11:00:05.262135Z","level":"info","event":"Fetching for url: https://api.openf1.org/v1/session_result?session_key=9974","logger":"openf1_de.fetch_bronze_session_results","filename":"fetch_bronze_session_results.py","lineno":94}
{"timestamp":"2026-06-19T11:00:05.793470Z","level":"info","event":"Fetching for url: https://api.openf1.org/v1/session_result?session_key=9975","logger":"openf1_de.fetch_bronze_session_results","filename":"fetch_bronze_session_results.py","lineno":94}
{"timestamp":"2026-06-19T11:00:06.321530Z","level":"info","event":"Fetching for url: https://api.openf1.org/v1/session_result?session_key=9979","logger":"openf1_de.fetch_bronze_session_results","filename":"fetch_bronze_session_results.py","lineno":94}
{"timestamp":"2026-06-19T11:00:06.847377Z","level":"info","event":"Fetching for url: https://api.openf1.org/v1/session_result?session_key=9964","logger":"openf1_de.fetch_bronze_session_results","filename":"fetch_bronze_session_results.py","lineno":94}
{"timestamp":"2026-06-19T11:00:07.372011Z","level":"info","event":"Fetching for url: https://api.openf1.org/v1/session_result?session_key=9965","logger":"openf1_de.fetch_bronze_session_results","filename":"fetch_bronze_session_results.py","lineno":94}
{"timestamp":"2026-06-19T11:00:07.893164Z","level":"info","event":"Fetching for url: https://api.openf1.org/v1/session_result?session_key=9966","logger":"openf1_de.fetch_bronze_session_results","filename":"fetch_bronze_session_results.py","lineno":94}
{"timestamp":"2026-06-19T11:00:08.421304Z","level":"info","event":"Fetching for url: https://api.openf1.org/v1/session_result?session_key=9967","logger":"openf1_de.fetch_bronze_session_results","filename":"fetch_bronze_session_results.py","lineno":94}
{"timestamp":"2026-06-19T11:00:08.953520Z","level":"info","event":"Fetching for url: https://api.openf1.org/v1/session_result?session_key=9971","logger":"openf1_de.fetch_bronze_session_results","filename":"fetch_bronze_session_results.py","lineno":94}
{"timestamp":"2026-06-19T11:00:09.475841Z","level":"info","event":"Fetching for url: https://api.openf1.org/v1/session_result?session_key=9956","logger":"openf1_de.fetch_bronze_session_results","filename":"fetch_bronze_session_results.py","lineno":94}
{"timestamp":"2026-06-19T11:00:10.003847Z","level":"info","event":"Fetching for url: https://api.openf1.org/v1/session_result?session_key=9957","logger":"openf1_de.fetch_bronze_session_results","filename":"fetch_bronze_session_results.py","lineno":94}
{"timestamp":"2026-06-19T11:00:10.540267Z","level":"info","event":"Fetching for url: https://api.openf1.org/v1/session_result?session_key=9958","logger":"openf1_de.fetch_bronze_session_results","filename":"fetch_bronze_session_results.py","lineno":94}
{"timestamp":"2026-06-19T11:00:11.063553Z","level":"info","event":"Fetching for url: https://api.openf1.org/v1/session_result?session_key=9959","logger":"openf1_de.fetch_bronze_session_results","filename":"fetch_bronze_session_results.py","lineno":94}
{"timestamp":"2026-06-19T11:00:11.595778Z","level":"info","event":"Fetching for url: https://api.openf1.org/v1/session_result?session_key=9963","logger":"openf1_de.fetch_bronze_session_results","filename":"fetch_bronze_session_results.py","lineno":94}
{"timestamp":"2026-06-19T11:00:12.125690Z","level":"info","event":"Fetching for url: https://api.openf1.org/v1/session_result?session_key=9948","logger":"openf1_de.fetch_bronze_session_results","filename":"fetch_bronze_session_results.py","lineno":94}
{"timestamp":"2026-06-19T11:00:12.655551Z","level":"info","event":"Fetching for url: https://api.openf1.org/v1/session_result?session_key=9949","logger":"openf1_de.fetch_bronze_session_results","filename":"fetch_bronze_session_results.py","lineno":94}
{"timestamp":"2026-06-19T11:00:13.180578Z","level":"info","event":"Fetching for url: https://api.openf1.org/v1/session_result?session_key=9950","logger":"openf1_de.fetch_bronze_session_results","filename":"fetch_bronze_session_results.py","lineno":94}
{"timestamp":"2026-06-19T11:00:13.700914Z","level":"info","event":"Fetching for url: https://api.openf1.org/v1/session_result?session_key=9951","logger":"openf1_de.fetch_bronze_session_results","filename":"fetch_bronze_session_results.py","lineno":94}
{"timestamp":"2026-06-19T11:00:14.222325Z","level":"info","event":"Fetching for url: https://api.openf1.org/v1/session_result?session_key=9955","logger":"openf1_de.fetch_bronze_session_results","filename":"fetch_bronze_session_results.py","lineno":94}
{"timestamp":"2026-06-19T11:00:14.749032Z","level":"info","event":"Fetching for url: https://api.openf1.org/v1/session_result?session_key=9940","logger":"openf1_de.fetch_bronze_session_results","filename":"fetch_bronze_session_results.py","lineno":94}
{"timestamp":"2026-06-19T11:00:15.273905Z","level":"info","event":"Fetching for url: https://api.openf1.org/v1/session_result?session_key=9941","logger":"openf1_de.fetch_bronze_session_results","filename":"fetch_bronze_session_results.py","lineno":94}
{"timestamp":"2026-06-19T11:00:15.795707Z","level":"info","event":"Fetching for url: https://api.openf1.org/v1/session_result?session_key=9942","logger":"openf1_de.fetch_bronze_session_results","filename":"fetch_bronze_session_results.py","lineno":94}
{"timestamp":"2026-06-19T11:00:16.316959Z","level":"error","event":"429: Waiting 43.7s until next minute...","logger":"openf1_de.fetch_bronze_session_results","filename":"fetch_bronze_session_results.py","lineno":107}
{"timestamp":"2026-06-19T11:01:00.547279Z","level":"info","event":"Fetching for url: https://api.openf1.org/v1/session_result?session_key=9943","logger":"openf1_de.fetch_bronze_session_results","filename":"fetch_bronze_session_results.py","lineno":94}
{"timestamp":"2026-06-19T11:01:01.071572Z","level":"info","event":"Fetching for url: https://api.openf1.org/v1/session_result?session_key=9947","logger":"openf1_de.fetch_bronze_session_results","filename":"fetch_bronze_session_results.py","lineno":94}
{"timestamp":"2026-06-19T11:01:01.620205Z","level":"info","event":"Fetching for url: https://api.openf1.org/v1/session_result?session_key=9929","logger":"openf1_de.fetch_bronze_session_results","filename":"fetch_bronze_session_results.py","lineno":94}
{"timestamp":"2026-06-19T11:01:02.147450Z","level":"info","event":"Fetching for url: https://api.openf1.org/v1/session_result?session_key=9930","logger":"openf1_de.fetch_bronze_session_results","filename":"fetch_bronze_session_results.py","lineno":94}
{"timestamp":"2026-06-19T11:01:02.680544Z","level":"info","event":"Fetching for url: https://api.openf1.org/v1/session_result?session_key=9934","logger":"openf1_de.fetch_bronze_session_results","filename":"fetch_bronze_session_results.py","lineno":94}
{"timestamp":"2026-06-19T11:01:03.201646Z","level":"info","event":"Fetching for url: https://api.openf1.org/v1/session_result?session_key=9935","logger":"openf1_de.fetch_bronze_session_results","filename":"fetch_bronze_session_results.py","lineno":94}
{"timestamp":"2026-06-19T11:01:03.725091Z","level":"info","event":"Fetching for url: https://api.openf1.org/v1/session_result?session_key=9939","logger":"openf1_de.fetch_bronze_session_results","filename":"fetch_bronze_session_results.py","lineno":94}
{"timestamp":"2026-06-19T11:01:04.254887Z","level":"info","event":"Fetching for url: https://api.openf1.org/v1/session_result?session_key=9921","logger":"openf1_de.fetch_bronze_session_results","filename":"fetch_bronze_session_results.py","lineno":94}
{"timestamp":"2026-06-19T11:01:04.778947Z","level":"info","event":"Fetching for url: https://api.openf1.org/v1/session_result?session_key=9922","logger":"openf1_de.fetch_bronze_session_results","filename":"fetch_bronze_session_results.py","lineno":94}
{"timestamp":"2026-06-19T11:01:05.303488Z","level":"info","event":"Fetching for url: https://api.openf1.org/v1/session_result?session_key=9923","logger":"openf1_de.fetch_bronze_session_results","filename":"fetch_bronze_session_results.py","lineno":94}
{"timestamp":"2026-06-19T11:01:05.835016Z","level":"info","event":"Fetching for url: https://api.openf1.org/v1/session_result?session_key=9924","logger":"openf1_de.fetch_bronze_session_results","filename":"fetch_bronze_session_results.py","lineno":94}
{"timestamp":"2026-06-19T11:01:06.364106Z","level":"info","event":"Fetching for url: https://api.openf1.org/v1/session_result?session_key=9928","logger":"openf1_de.fetch_bronze_session_results","filename":"fetch_bronze_session_results.py","lineno":94}
{"timestamp":"2026-06-19T11:01:06.889332Z","level":"info","event":"Fetching for url: https://api.openf1.org/v1/session_result?session_key=9913","logger":"openf1_de.fetch_bronze_session_results","filename":"fetch_bronze_session_results.py","lineno":94}
{"timestamp":"2026-06-19T11:01:07.417209Z","level":"info","event":"Fetching for url: https://api.openf1.org/v1/session_result?session_key=9914","logger":"openf1_de.fetch_bronze_session_results","filename":"fetch_bronze_session_results.py","lineno":94}
{"timestamp":"2026-06-19T11:01:07.941618Z","level":"info","event":"Fetching for url: https://api.openf1.org/v1/session_result?session_key=9915","logger":"openf1_de.fetch_bronze_session_results","filename":"fetch_bronze_session_results.py","lineno":94}
{"timestamp":"2026-06-19T11:01:08.464157Z","level":"info","event":"Fetching for url: https://api.openf1.org/v1/session_result?session_key=9916","logger":"openf1_de.fetch_bronze_session_results","filename":"fetch_bronze_session_results.py","lineno":94}
{"timestamp":"2026-06-19T11:01:09.005013Z","level":"info","event":"Fetching for url: https://api.openf1.org/v1/session_result?session_key=9920","logger":"openf1_de.fetch_bronze_session_results","filename":"fetch_bronze_session_results.py","lineno":94}
{"timestamp":"2026-06-19T11:01:09.539938Z","level":"info","event":"Fetching for url: https://api.openf1.org/v1/session_result?session_key=9905","logger":"openf1_de.fetch_bronze_session_results","filename":"fetch_bronze_session_results.py","lineno":94}
{"timestamp":"2026-06-19T11:01:11.331734Z","level":"info","event":"Fetching for url: https://api.openf1.org/v1/session_result?session_key=9906","logger":"openf1_de.fetch_bronze_session_results","filename":"fetch_bronze_session_results.py","lineno":94}
{"timestamp":"2026-06-19T11:01:11.875695Z","level":"info","event":"Fetching for url: https://api.openf1.org/v1/session_result?session_key=9907","logger":"openf1_de.fetch_bronze_session_results","filename":"fetch_bronze_session_results.py","lineno":94}
{"timestamp":"2026-06-19T11:01:12.417777Z","level":"info","event":"Fetching for url: https://api.openf1.org/v1/session_result?session_key=9908","logger":"openf1_de.fetch_bronze_session_results","filename":"fetch_bronze_session_results.py","lineno":94}
{"timestamp":"2026-06-19T11:01:12.959823Z","level":"info","event":"Fetching for url: https://api.openf1.org/v1/session_result?session_key=9912","logger":"openf1_de.fetch_bronze_session_results","filename":"fetch_bronze_session_results.py","lineno":94}
{"timestamp":"2026-06-19T11:01:13.505302Z","level":"info","event":"Fetching for url: https://api.openf1.org/v1/session_result?session_key=9897","logger":"openf1_de.fetch_bronze_session_results","filename":"fetch_bronze_session_results.py","lineno":94}
{"timestamp":"2026-06-19T11:01:14.048898Z","level":"info","event":"Fetching for url: https://api.openf1.org/v1/session_result?session_key=9898","logger":"openf1_de.fetch_bronze_session_results","filename":"fetch_bronze_session_results.py","lineno":94}
{"timestamp":"2026-06-19T11:01:14.585285Z","level":"info","event":"Fetching for url: https://api.openf1.org/v1/session_result?session_key=9899","logger":"openf1_de.fetch_bronze_session_results","filename":"fetch_bronze_session_results.py","lineno":94}
{"timestamp":"2026-06-19T11:01:15.124554Z","level":"info","event":"Fetching for url: https://api.openf1.org/v1/session_result?session_key=9900","logger":"openf1_de.fetch_bronze_session_results","filename":"fetch_bronze_session_results.py","lineno":94}
{"timestamp":"2026-06-19T11:01:15.669475Z","level":"info","event":"Fetching for url: https://api.openf1.org/v1/session_result?session_key=9904","logger":"openf1_de.fetch_bronze_session_results","filename":"fetch_bronze_session_results.py","lineno":94}
{"timestamp":"2026-06-19T11:01:16.231974Z","level":"info","event":"Fetching for url: https://api.openf1.org/v1/session_result?session_key=9889","logger":"openf1_de.fetch_bronze_session_results","filename":"fetch_bronze_session_results.py","lineno":94}
{"timestamp":"2026-06-19T11:01:16.771443Z","level":"info","event":"Fetching for url: https://api.openf1.org/v1/session_result?session_key=9890","logger":"openf1_de.fetch_bronze_session_results","filename":"fetch_bronze_session_results.py","lineno":94}
{"timestamp":"2026-06-19T11:01:17.314250Z","level":"info","event":"Fetching for url: https://api.openf1.org/v1/session_result?session_key=9891","logger":"openf1_de.fetch_bronze_session_results","filename":"fetch_bronze_session_results.py","lineno":94}
{"timestamp":"2026-06-19T11:01:17.843215Z","level":"error","event":"429: Waiting 42.2s until next minute...","logger":"openf1_de.fetch_bronze_session_results","filename":"fetch_bronze_session_results.py","lineno":107}
{"timestamp":"2026-06-19T11:02:00.530209Z","level":"info","event":"Fetching for url: https://api.openf1.org/v1/session_result?session_key=9892","logger":"openf1_de.fetch_bronze_session_results","filename":"fetch_bronze_session_results.py","lineno":94}
{"timestamp":"2026-06-19T11:02:01.056403Z","level":"info","event":"Fetching for url: https://api.openf1.org/v1/session_result?session_key=9896","logger":"openf1_de.fetch_bronze_session_results","filename":"fetch_bronze_session_results.py","lineno":94}
{"timestamp":"2026-06-19T11:02:01.582593Z","level":"info","event":"Fetching for url: https://api.openf1.org/v1/session_result?session_key=9878","logger":"openf1_de.fetch_bronze_session_results","filename":"fetch_bronze_session_results.py","lineno":94}
{"timestamp":"2026-06-19T11:02:02.104213Z","level":"info","event":"Fetching for url: https://api.openf1.org/v1/session_result?session_key=9879","logger":"openf1_de.fetch_bronze_session_results","filename":"fetch_bronze_session_results.py","lineno":94}
{"timestamp":"2026-06-19T11:02:02.627470Z","level":"info","event":"Fetching for url: https://api.openf1.org/v1/session_result?session_key=9883","logger":"openf1_de.fetch_bronze_session_results","filename":"fetch_bronze_session_results.py","lineno":94}
{"timestamp":"2026-06-19T11:02:03.158654Z","level":"info","event":"Fetching for url: https://api.openf1.org/v1/session_result?session_key=9884","logger":"openf1_de.fetch_bronze_session_results","filename":"fetch_bronze_session_results.py","lineno":94}
{"timestamp":"2026-06-19T11:02:03.683074Z","level":"info","event":"Fetching for url: https://api.openf1.org/v1/session_result?session_key=9888","logger":"openf1_de.fetch_bronze_session_results","filename":"fetch_bronze_session_results.py","lineno":94}
{"timestamp":"2026-06-19T11:02:04.209600Z","level":"info","event":"Fetching for url: https://api.openf1.org/v1/session_result?session_key=9870","logger":"openf1_de.fetch_bronze_session_results","filename":"fetch_bronze_session_results.py","lineno":94}
{"timestamp":"2026-06-19T11:02:04.730400Z","level":"info","event":"Fetching for url: https://api.openf1.org/v1/session_result?session_key=9871","logger":"openf1_de.fetch_bronze_session_results","filename":"fetch_bronze_session_results.py","lineno":94}
{"timestamp":"2026-06-19T11:02:05.252853Z","level":"info","event":"Fetching for url: https://api.openf1.org/v1/session_result?session_key=9872","logger":"openf1_de.fetch_bronze_session_results","filename":"fetch_bronze_session_results.py","lineno":94}
{"timestamp":"2026-06-19T11:02:05.782316Z","level":"info","event":"Fetching for url: https://api.openf1.org/v1/session_result?session_key=9873","logger":"openf1_de.fetch_bronze_session_results","filename":"fetch_bronze_session_results.py","lineno":94}
{"timestamp":"2026-06-19T11:02:06.309013Z","level":"info","event":"Fetching for url: https://api.openf1.org/v1/session_result?session_key=9877","logger":"openf1_de.fetch_bronze_session_results","filename":"fetch_bronze_session_results.py","lineno":94}
{"timestamp":"2026-06-19T11:02:06.836283Z","level":"info","event":"Fetching for url: https://api.openf1.org/v1/session_result?session_key=9859","logger":"openf1_de.fetch_bronze_session_results","filename":"fetch_bronze_session_results.py","lineno":94}
{"timestamp":"2026-06-19T11:02:07.365465Z","level":"info","event":"Fetching for url: https://api.openf1.org/v1/session_result?session_key=9860","logger":"openf1_de.fetch_bronze_session_results","filename":"fetch_bronze_session_results.py","lineno":94}
{"timestamp":"2026-06-19T11:02:07.886262Z","level":"info","event":"Fetching for url: https://api.openf1.org/v1/session_result?session_key=9864","logger":"openf1_de.fetch_bronze_session_results","filename":"fetch_bronze_session_results.py","lineno":94}
{"timestamp":"2026-06-19T11:02:08.416412Z","level":"info","event":"Fetching for url: https://api.openf1.org/v1/session_result?session_key=9865","logger":"openf1_de.fetch_bronze_session_results","filename":"fetch_bronze_session_results.py","lineno":94}
{"timestamp":"2026-06-19T11:02:08.938959Z","level":"info","event":"Fetching for url: https://api.openf1.org/v1/session_result?session_key=9869","logger":"openf1_de.fetch_bronze_session_results","filename":"fetch_bronze_session_results.py","lineno":94}
{"timestamp":"2026-06-19T11:02:09.465921Z","level":"info","event":"Fetching for url: https://api.openf1.org/v1/session_result?session_key=9851","logger":"openf1_de.fetch_bronze_session_results","filename":"fetch_bronze_session_results.py","lineno":94}
{"timestamp":"2026-06-19T11:02:09.987252Z","level":"info","event":"Fetching for url: https://api.openf1.org/v1/session_result?session_key=9852","logger":"openf1_de.fetch_bronze_session_results","filename":"fetch_bronze_session_results.py","lineno":94}
{"timestamp":"2026-06-19T11:02:10.509048Z","level":"info","event":"Fetching for url: https://api.openf1.org/v1/session_result?session_key=9853","logger":"openf1_de.fetch_bronze_session_results","filename":"fetch_bronze_session_results.py","lineno":94}
{"timestamp":"2026-06-19T11:02:11.036252Z","level":"info","event":"Fetching for url: https://api.openf1.org/v1/session_result?session_key=9854","logger":"openf1_de.fetch_bronze_session_results","filename":"fetch_bronze_session_results.py","lineno":94}
{"timestamp":"2026-06-19T11:02:11.561260Z","level":"info","event":"Fetching for url: https://api.openf1.org/v1/session_result?session_key=9858","logger":"openf1_de.fetch_bronze_session_results","filename":"fetch_bronze_session_results.py","lineno":94}
{"timestamp":"2026-06-19T11:02:12.788366Z","level":"info","event":"Fetching for url: https://api.openf1.org/v1/session_result?session_key=9840","logger":"openf1_de.fetch_bronze_session_results","filename":"fetch_bronze_session_results.py","lineno":94}
{"timestamp":"2026-06-19T11:02:13.321923Z","level":"info","event":"Fetching for url: https://api.openf1.org/v1/session_result?session_key=9841","logger":"openf1_de.fetch_bronze_session_results","filename":"fetch_bronze_session_results.py","lineno":94}
{"timestamp":"2026-06-19T11:02:13.847778Z","level":"info","event":"Fetching for url: https://api.openf1.org/v1/session_result?session_key=9845","logger":"openf1_de.fetch_bronze_session_results","filename":"fetch_bronze_session_results.py","lineno":94}
{"timestamp":"2026-06-19T11:02:14.376018Z","level":"info","event":"Fetching for url: https://api.openf1.org/v1/session_result?session_key=9846","logger":"openf1_de.fetch_bronze_session_results","filename":"fetch_bronze_session_results.py","lineno":94}
{"timestamp":"2026-06-19T11:02:14.911523Z","level":"info","event":"Fetching for url: https://api.openf1.org/v1/session_result?session_key=9850","logger":"openf1_de.fetch_bronze_session_results","filename":"fetch_bronze_session_results.py","lineno":94}
{"timestamp":"2026-06-19T11:02:15.445414Z","level":"info","event":"Fetching for url: https://api.openf1.org/v1/session_result?session_key=9832","logger":"openf1_de.fetch_bronze_session_results","filename":"fetch_bronze_session_results.py","lineno":94}
{"timestamp":"2026-06-19T11:02:15.975998Z","level":"info","event":"Fetching for url: https://api.openf1.org/v1/session_result?session_key=9833","logger":"openf1_de.fetch_bronze_session_results","filename":"fetch_bronze_session_results.py","lineno":94}
{"timestamp":"2026-06-19T11:02:16.528424Z","level":"info","event":"Fetching for url: https://api.openf1.org/v1/session_result?session_key=9834","logger":"openf1_de.fetch_bronze_session_results","filename":"fetch_bronze_session_results.py","lineno":94}
{"timestamp":"2026-06-19T11:02:17.060506Z","level":"error","event":"429: Waiting 42.9s until next minute...","logger":"openf1_de.fetch_bronze_session_results","filename":"fetch_bronze_session_results.py","lineno":107}
{"timestamp":"2026-06-19T11:03:00.738632Z","level":"info","event":"Fetching for url: https://api.openf1.org/v1/session_result?session_key=9835","logger":"openf1_de.fetch_bronze_session_results","filename":"fetch_bronze_session_results.py","lineno":94}
{"timestamp":"2026-06-19T11:03:01.263987Z","level":"info","event":"Fetching for url: https://api.openf1.org/v1/session_result?session_key=9839","logger":"openf1_de.fetch_bronze_session_results","filename":"fetch_bronze_session_results.py","lineno":94}
{"timestamp":"2026-06-19T11:03:01.791380Z","level":"info","event":"Concatting the dataframes","logger":"openf1_de.fetch_bronze_session_results","filename":"fetch_bronze_session_results.py","lineno":124}
{"timestamp":"2026-06-19T11:03:01.808919Z","level":"info","event":"Merging df_sr with df_sessions","logger":"openf1_de.fetch_bronze_session_results","filename":"fetch_bronze_session_results.py","lineno":127}
{"timestamp":"2026-06-19T11:03:01.812387Z","level":"info","event":"Convert the ['duration', 'gap_to_leader'] columns into string","logger":"openf1_de.fetch_bronze_session_results","filename":"fetch_bronze_session_results.py","lineno":131}
{"timestamp":"2026-06-19T11:03:01.815533Z","level":"info","event":"Uploading to GCS to bronze/session_results/2025.parquet","logger":"openf1_de.fetch_bronze_session_results","filename":"fetch_bronze_session_results.py","lineno":135}
{"timestamp":"2026-06-19T11:03:02.482197Z","level":"info","event":"WIthout local save Cannot save file into a non-existent directory: '../../data/bronze/session_results'","logger":"openf1_de.fetch_bronze_session_results","filename":"fetch_bronze_session_results.py","lineno":59}
{"timestamp":"2026-06-19T11:03:02.484157Z","level":"info","event":"Done. Returned value was: None","logger":"airflow.task.operators.airflow.providers.standard.operators.python.PythonOperator","filename":"python.py","lineno":229}
