{"timestamp":"2026-05-30T14:22:38.582192Z","level":"info","event":"DAG bundles loaded: dags-folder","logger":"airflow.dag_processing.bundles.manager.DagBundlesManager","filename":"manager.py","lineno":209}
{"timestamp":"2026-05-30T14:22:38.584314Z","level":"info","event":"Filling up the DagBag from /opt/airflow/dags/openf1_dbt_staging.py","logger":"airflow.dag_processing.dagbag.BundleDagBag","filename":"dagbag.py","lineno":469}
{"timestamp":"2026-05-30T14:22:38.595999Z","level":"warning","event":"The `airflow.operators.bash.BashOperator` attribute is deprecated. Please use `'airflow.providers.standard.operators.bash.BashOperator'`.","category":"UserWarning","filename":"/opt/airflow/dags/openf1_dbt_staging.py","lineno":4,"logger":"py.warnings"}
{"timestamp":"2026-05-30T14:22:38.615846Z","level":"info","event":"Tmp dir root location: /tmp","logger":"airflow.task.hooks.airflow.providers.standard.hooks.subprocess.SubprocessHook","filename":"subprocess.py","lineno":78}
{"timestamp":"2026-05-30T14:22:38.616860Z","level":"info","event":"Running command: ['/usr/bin/bash', '-c', 'cd /opt/airflow/dbt/openf1_raw && dbt run --select staging --profiles-dir /opt/airflow/config']","logger":"airflow.task.hooks.airflow.providers.standard.hooks.subprocess.SubprocessHook","filename":"subprocess.py","lineno":80}
{"timestamp":"2026-05-30T14:22:38.617562Z","level":"info","event":"Output:","logger":"airflow.task.hooks.airflow.providers.standard.hooks.subprocess.SubprocessHook","filename":"subprocess.py","lineno":92}
{"timestamp":"2026-05-30T14:22:39.824106Z","level":"info","event":"\u001b[0m14:22:39  Running with dbt=1.11.11","logger":"airflow.task.hooks.airflow.providers.standard.hooks.subprocess.SubprocessHook","filename":"subprocess.py","lineno":99}
{"timestamp":"2026-05-30T14:22:40.640820Z","level":"info","event":"\u001b[0m14:22:40  Registered adapter: bigquery=1.11.1","logger":"airflow.task.hooks.airflow.providers.standard.hooks.subprocess.SubprocessHook","filename":"subprocess.py","lineno":99}
{"timestamp":"2026-05-30T14:22:41.099827Z","level":"info","event":"\u001b[0m14:22:41  Found 4 models, 2 data tests, 3 sources, 550 macros","logger":"airflow.task.hooks.airflow.providers.standard.hooks.subprocess.SubprocessHook","filename":"subprocess.py","lineno":99}
{"timestamp":"2026-05-30T14:22:41.101661Z","level":"info","event":"\u001b[0m14:22:41","logger":"airflow.task.hooks.airflow.providers.standard.hooks.subprocess.SubprocessHook","filename":"subprocess.py","lineno":99}
{"timestamp":"2026-05-30T14:22:41.102171Z","level":"info","event":"\u001b[0m14:22:41  Concurrency: 1 threads (target='dev')","logger":"airflow.task.hooks.airflow.providers.standard.hooks.subprocess.SubprocessHook","filename":"subprocess.py","lineno":99}
{"timestamp":"2026-05-30T14:22:41.102661Z","level":"info","event":"\u001b[0m14:22:41","logger":"airflow.task.hooks.airflow.providers.standard.hooks.subprocess.SubprocessHook","filename":"subprocess.py","lineno":99}
{"timestamp":"2026-05-30T14:22:42.963877Z","level":"info","event":"\u001b[0m14:22:42  1 of 3 START sql view model openf1_staging.stg_drivers ......................... [RUN]","logger":"airflow.task.hooks.airflow.providers.standard.hooks.subprocess.SubprocessHook","filename":"subprocess.py","lineno":99}
{"timestamp":"2026-05-30T14:22:44.992912Z","level":"info","event":"\u001b[0m14:22:44  1 of 3 OK created sql view model openf1_staging.stg_drivers .................... [\u001b[32mCREATE VIEW (0 processed)\u001b[0m in 2.03s]","logger":"airflow.task.hooks.airflow.providers.standard.hooks.subprocess.SubprocessHook","filename":"subprocess.py","lineno":99}
{"timestamp":"2026-05-30T14:22:44.994814Z","level":"info","event":"\u001b[0m14:22:44  2 of 3 START sql view model openf1_staging.stg_meetings ........................ [RUN]","logger":"airflow.task.hooks.airflow.providers.standard.hooks.subprocess.SubprocessHook","filename":"subprocess.py","lineno":99}
{"timestamp":"2026-05-30T14:22:45.778806Z","level":"info","event":"\u001b[0m14:22:45  2 of 3 OK created sql view model openf1_staging.stg_meetings ................... [\u001b[32mCREATE VIEW (0 processed)\u001b[0m in 0.78s]","logger":"airflow.task.hooks.airflow.providers.standard.hooks.subprocess.SubprocessHook","filename":"subprocess.py","lineno":99}
{"timestamp":"2026-05-30T14:22:45.780341Z","level":"info","event":"\u001b[0m14:22:45  3 of 3 START sql view model openf1_staging.stg_sessions ........................ [RUN]","logger":"airflow.task.hooks.airflow.providers.standard.hooks.subprocess.SubprocessHook","filename":"subprocess.py","lineno":99}
{"timestamp":"2026-05-30T14:22:46.587549Z","level":"info","event":"\u001b[0m14:22:46  3 of 3 OK created sql view model openf1_staging.stg_sessions ................... [\u001b[32mCREATE VIEW (0 processed)\u001b[0m in 0.81s]","logger":"airflow.task.hooks.airflow.providers.standard.hooks.subprocess.SubprocessHook","filename":"subprocess.py","lineno":99}
{"timestamp":"2026-05-30T14:22:46.622150Z","level":"info","event":"\u001b[0m14:22:46","logger":"airflow.task.hooks.airflow.providers.standard.hooks.subprocess.SubprocessHook","filename":"subprocess.py","lineno":99}
{"timestamp":"2026-05-30T14:22:46.622736Z","level":"info","event":"\u001b[0m14:22:46  Finished running 3 view models in 0 hours 0 minutes and 5.52 seconds (5.52s).","logger":"airflow.task.hooks.airflow.providers.standard.hooks.subprocess.SubprocessHook","filename":"subprocess.py","lineno":99}
{"timestamp":"2026-05-30T14:22:46.674255Z","level":"info","event":"\u001b[0m14:22:46","logger":"airflow.task.hooks.airflow.providers.standard.hooks.subprocess.SubprocessHook","filename":"subprocess.py","lineno":99}
{"timestamp":"2026-05-30T14:22:46.674786Z","level":"info","event":"\u001b[0m14:22:46  \u001b[32mCompleted successfully\u001b[0m","logger":"airflow.task.hooks.airflow.providers.standard.hooks.subprocess.SubprocessHook","filename":"subprocess.py","lineno":99}
{"timestamp":"2026-05-30T14:22:46.675224Z","level":"info","event":"\u001b[0m14:22:46","logger":"airflow.task.hooks.airflow.providers.standard.hooks.subprocess.SubprocessHook","filename":"subprocess.py","lineno":99}
{"timestamp":"2026-05-30T14:22:46.675713Z","level":"info","event":"\u001b[0m14:22:46  Done. PASS=3 WARN=0 ERROR=0 SKIP=0 NO-OP=0 TOTAL=3","logger":"airflow.task.hooks.airflow.providers.standard.hooks.subprocess.SubprocessHook","filename":"subprocess.py","lineno":99}
{"timestamp":"2026-05-30T14:22:48.560541Z","level":"info","event":"Command exited with return code 0","logger":"airflow.task.hooks.airflow.providers.standard.hooks.subprocess.SubprocessHook","filename":"subprocess.py","lineno":103}
{"timestamp":"2026-05-30T14:22:48.561081Z","level":"info","event":"Pushing xcom","ti":"RuntimeTaskInstance(id=UUID('019e7943-f943-7556-9983-2362c41b3d32'), task_id='dbt_run_staging', dag_id='openf1_dbt_staging', run_id='manual__2026-05-30T14:22:38.392721+00:00', try_number=1, dag_version_id=UUID('019e78c0-19a4-7288-b782-8c7c00edad32'), map_index=-1, hostname='c92f6cf8acbf', context_carrier={'traceparent': '00-92bce9e269e1bf65ade34ac8b97e44ac-96bb7b838fc1ef18-01'}, task=<Task(BashOperator): dbt_run_staging>, bundle_instance=LocalDagBundle(name=dags-folder), max_tries=2, start_date=datetime.datetime(2026, 5, 30, 14, 22, 38, 554517, tzinfo=datetime.timezone.utc), end_date=None, state=<TaskInstanceState.RUNNING: 'running'>, is_mapped=False, rendered_map_index=None, sentry_integration='')","logger":"task","filename":"task_runner.py","lineno":1724}
