{"timestamp":"2026-06-02T13:39:45.905773Z","level":"info","event":"DAG bundles loaded: dags-folder","logger":"airflow.dag_processing.bundles.manager.DagBundlesManager","filename":"manager.py","lineno":209}
{"timestamp":"2026-06-02T13:39:45.907143Z","level":"info","event":"Filling up the DagBag from /opt/airflow/dags/openf1_dbt_session_results.py","logger":"airflow.dag_processing.dagbag.BundleDagBag","filename":"dagbag.py","lineno":469}
{"timestamp":"2026-06-02T13:39:46.407040Z","level":"warning","event":"The `airflow.operators.bash.BashOperator` attribute is deprecated. Please use `'airflow.providers.standard.operators.bash.BashOperator'`.","category":"UserWarning","filename":"/opt/airflow/dags/openf1_dbt_session_results.py","lineno":4,"logger":"py.warnings"}
{"timestamp":"2026-06-02T13:39:46.424943Z","level":"info","event":"Tmp dir root location: /tmp","logger":"airflow.task.hooks.airflow.providers.standard.hooks.subprocess.SubprocessHook","filename":"subprocess.py","lineno":78}
{"timestamp":"2026-06-02T13:39:46.425648Z","level":"info","event":"Running command: ['/usr/bin/bash', '-c', 'cd /opt/airflow/dbt/openf1_raw && dbt run --select stg_session_results_race stg_driver_standings --profiles-dir /opt/airflow/config ']","logger":"airflow.task.hooks.airflow.providers.standard.hooks.subprocess.SubprocessHook","filename":"subprocess.py","lineno":80}
{"timestamp":"2026-06-02T13:39:46.426255Z","level":"info","event":"Output:","logger":"airflow.task.hooks.airflow.providers.standard.hooks.subprocess.SubprocessHook","filename":"subprocess.py","lineno":92}
{"timestamp":"2026-06-02T13:39:47.636780Z","level":"info","event":"\u001b[0m13:39:47  Running with dbt=1.11.11","logger":"airflow.task.hooks.airflow.providers.standard.hooks.subprocess.SubprocessHook","filename":"subprocess.py","lineno":99}
{"timestamp":"2026-06-02T13:39:48.560854Z","level":"info","event":"\u001b[0m13:39:48  Registered adapter: bigquery=1.11.1","logger":"airflow.task.hooks.airflow.providers.standard.hooks.subprocess.SubprocessHook","filename":"subprocess.py","lineno":99}
{"timestamp":"2026-06-02T13:39:49.041108Z","level":"info","event":"\u001b[0m13:39:49  Found 8 models, 2 data tests, 4 sources, 550 macros","logger":"airflow.task.hooks.airflow.providers.standard.hooks.subprocess.SubprocessHook","filename":"subprocess.py","lineno":99}
{"timestamp":"2026-06-02T13:39:49.043173Z","level":"info","event":"\u001b[0m13:39:49","logger":"airflow.task.hooks.airflow.providers.standard.hooks.subprocess.SubprocessHook","filename":"subprocess.py","lineno":99}
{"timestamp":"2026-06-02T13:39:49.043536Z","level":"info","event":"\u001b[0m13:39:49  Concurrency: 1 threads (target='dev')","logger":"airflow.task.hooks.airflow.providers.standard.hooks.subprocess.SubprocessHook","filename":"subprocess.py","lineno":99}
{"timestamp":"2026-06-02T13:39:49.043988Z","level":"info","event":"\u001b[0m13:39:49","logger":"airflow.task.hooks.airflow.providers.standard.hooks.subprocess.SubprocessHook","filename":"subprocess.py","lineno":99}
{"timestamp":"2026-06-02T13:39:50.194494Z","level":"info","event":"\u001b[0m13:39:50  1 of 2 START sql view model openf1_staging.stg_session_results_race ............ [RUN]","logger":"airflow.task.hooks.airflow.providers.standard.hooks.subprocess.SubprocessHook","filename":"subprocess.py","lineno":99}
{"timestamp":"2026-06-02T13:39:50.767690Z","level":"info","event":"\u001b[0m13:39:50  1 of 2 OK created sql view model openf1_staging.stg_session_results_race ....... [\u001b[32mCREATE VIEW (0 processed)\u001b[0m in 0.57s]","logger":"airflow.task.hooks.airflow.providers.standard.hooks.subprocess.SubprocessHook","filename":"subprocess.py","lineno":99}
{"timestamp":"2026-06-02T13:39:50.790303Z","level":"info","event":"\u001b[0m13:39:50  2 of 2 START sql view model openf1_staging.stg_driver_standings ................ [RUN]","logger":"airflow.task.hooks.airflow.providers.standard.hooks.subprocess.SubprocessHook","filename":"subprocess.py","lineno":99}
{"timestamp":"2026-06-02T13:39:51.317283Z","level":"info","event":"\u001b[0m13:39:51  2 of 2 OK created sql view model openf1_staging.stg_driver_standings ........... [\u001b[32mCREATE VIEW (0 processed)\u001b[0m in 0.53s]","logger":"airflow.task.hooks.airflow.providers.standard.hooks.subprocess.SubprocessHook","filename":"subprocess.py","lineno":99}
{"timestamp":"2026-06-02T13:39:51.350675Z","level":"info","event":"\u001b[0m13:39:51","logger":"airflow.task.hooks.airflow.providers.standard.hooks.subprocess.SubprocessHook","filename":"subprocess.py","lineno":99}
{"timestamp":"2026-06-02T13:39:51.351138Z","level":"info","event":"\u001b[0m13:39:51  Finished running 2 view models in 0 hours 0 minutes and 2.31 seconds (2.31s).","logger":"airflow.task.hooks.airflow.providers.standard.hooks.subprocess.SubprocessHook","filename":"subprocess.py","lineno":99}
{"timestamp":"2026-06-02T13:39:51.403536Z","level":"info","event":"\u001b[0m13:39:51","logger":"airflow.task.hooks.airflow.providers.standard.hooks.subprocess.SubprocessHook","filename":"subprocess.py","lineno":99}
{"timestamp":"2026-06-02T13:39:51.404118Z","level":"info","event":"\u001b[0m13:39:51  \u001b[32mCompleted successfully\u001b[0m","logger":"airflow.task.hooks.airflow.providers.standard.hooks.subprocess.SubprocessHook","filename":"subprocess.py","lineno":99}
{"timestamp":"2026-06-02T13:39:51.404602Z","level":"info","event":"\u001b[0m13:39:51","logger":"airflow.task.hooks.airflow.providers.standard.hooks.subprocess.SubprocessHook","filename":"subprocess.py","lineno":99}
{"timestamp":"2026-06-02T13:39:51.405054Z","level":"info","event":"\u001b[0m13:39:51  Done. PASS=2 WARN=0 ERROR=0 SKIP=0 NO-OP=0 TOTAL=2","logger":"airflow.task.hooks.airflow.providers.standard.hooks.subprocess.SubprocessHook","filename":"subprocess.py","lineno":99}
{"timestamp":"2026-06-02T13:39:52.961380Z","level":"info","event":"Command exited with return code 0","logger":"airflow.task.hooks.airflow.providers.standard.hooks.subprocess.SubprocessHook","filename":"subprocess.py","lineno":103}
{"timestamp":"2026-06-02T13:39:52.961978Z","level":"info","event":"Pushing xcom","ti":"RuntimeTaskInstance(id=UUID('019e888f-c94a-7420-beae-48f41fb64d7f'), task_id='dbt_run_session_results', dag_id='openf1_dbt_session_results', run_id='manual__2026-06-02T13:39:45.087033+00:00', try_number=1, dag_version_id=UUID('019e888f-a932-7e25-a92a-8841fe4716f8'), map_index=-1, hostname='c78258b6eaec', context_carrier={'traceparent': '00-c04785cdb9b1795177d73bb59ea09839-ab2a0ceec8e81546-01'}, task=<Task(BashOperator): dbt_run_session_results>, bundle_instance=LocalDagBundle(name=dags-folder), max_tries=2, start_date=datetime.datetime(2026, 6, 2, 13, 39, 45, 880478, tzinfo=datetime.timezone.utc), end_date=None, state=<TaskInstanceState.RUNNING: 'running'>, is_mapped=False, rendered_map_index=None, sentry_integration='')","logger":"task","filename":"task_runner.py","lineno":1724}
