{"timestamp":"2026-06-25T11:01:54.586353Z","level":"info","event":"DAG bundles loaded: dags-folder","logger":"airflow.dag_processing.bundles.manager.DagBundlesManager","filename":"manager.py","lineno":209}
{"timestamp":"2026-06-25T11:01:54.588506Z","level":"info","event":"Filling up the DagBag from /opt/airflow/dags/openf1_session_results.py","logger":"airflow.dag_processing.dagbag.BundleDagBag","filename":"dagbag.py","lineno":469}
{"timestamp":"2026-06-25T11:01:57.566236Z","level":"warning","event":"The `airflow.operators.python.PythonOperator` attribute is deprecated. Please use `'airflow.providers.standard.operators.python.PythonOperator'`.","category":"UserWarning","filename":"/opt/airflow/dags/openf1_session_results.py","lineno":3,"logger":"py.warnings"}
{"timestamp":"2026-06-25T11:01:57.610569Z","level":"info","event":"Init Bigquery Client","logger":"openf1_de.fetch_bronze_session_results","filename":"fetch_bronze_session_results.py","lineno":92}
{"timestamp":"2026-06-25T11:01:57.652511Z","level":"info","event":"Fetch stg_sessions","logger":"openf1_de.fetch_bronze_session_results","filename":"fetch_bronze_session_results.py","lineno":95}
{"timestamp":"2026-06-25T11:01:59.902255Z","level":"info","event":"Using columns ['session_key', 'date_start', 'session_type', 'session_name', 'year'] for sessions before 2026-06-25 11:01:59.901928+00:00","logger":"openf1_de.fetch_bronze_session_results","filename":"fetch_bronze_session_results.py","lineno":100}
{"timestamp":"2026-06-25T11:01:59.906079Z","level":"info","event":"Fetching session results and drivers per session","logger":"openf1_de.fetch_bronze_session_results","filename":"fetch_bronze_session_results.py","lineno":107}
{"timestamp":"2026-06-25T11:01:59.907305Z","level":"info","event":"Fetching session results: https://api.openf1.org/v1/session_result?session_key=11465","logger":"openf1_de.fetch_bronze_session_results","filename":"fetch_bronze_session_results.py","lineno":113}
{"timestamp":"2026-06-25T11:02:00.571085Z","level":"info","event":"Fetching drivers: https://api.openf1.org/v1/drivers?session_key=11465","logger":"openf1_de.fetch_bronze_session_results","filename":"fetch_bronze_session_results.py","lineno":120}
{"timestamp":"2026-06-25T11:02:01.221244Z","level":"info","event":"Fetching session results: https://api.openf1.org/v1/session_result?session_key=11466","logger":"openf1_de.fetch_bronze_session_results","filename":"fetch_bronze_session_results.py","lineno":113}
{"timestamp":"2026-06-25T11:02:01.833798Z","level":"info","event":"Fetching drivers: https://api.openf1.org/v1/drivers?session_key=11466","logger":"openf1_de.fetch_bronze_session_results","filename":"fetch_bronze_session_results.py","lineno":120}
{"timestamp":"2026-06-25T11:02:02.513178Z","level":"info","event":"Fetching session results: https://api.openf1.org/v1/session_result?session_key=11467","logger":"openf1_de.fetch_bronze_session_results","filename":"fetch_bronze_session_results.py","lineno":113}
{"timestamp":"2026-06-25T11:02:03.157612Z","level":"info","event":"Fetching drivers: https://api.openf1.org/v1/drivers?session_key=11467","logger":"openf1_de.fetch_bronze_session_results","filename":"fetch_bronze_session_results.py","lineno":120}
{"timestamp":"2026-06-25T11:02:03.751971Z","level":"info","event":"Fetching session results: https://api.openf1.org/v1/session_result?session_key=11470","logger":"openf1_de.fetch_bronze_session_results","filename":"fetch_bronze_session_results.py","lineno":113}
{"timestamp":"2026-06-25T11:02:04.347664Z","level":"info","event":"Fetching drivers: https://api.openf1.org/v1/drivers?session_key=11470","logger":"openf1_de.fetch_bronze_session_results","filename":"fetch_bronze_session_results.py","lineno":120}
{"timestamp":"2026-06-25T11:02:05.003614Z","level":"info","event":"Fetching session results: https://api.openf1.org/v1/session_result?session_key=11469","logger":"openf1_de.fetch_bronze_session_results","filename":"fetch_bronze_session_results.py","lineno":113}
{"timestamp":"2026-06-25T11:02:05.696230Z","level":"info","event":"Fetching drivers: https://api.openf1.org/v1/drivers?session_key=11469","logger":"openf1_de.fetch_bronze_session_results","filename":"fetch_bronze_session_results.py","lineno":120}
{"timestamp":"2026-06-25T11:02:06.293961Z","level":"info","event":"Fetching session results: https://api.openf1.org/v1/session_result?session_key=11468","logger":"openf1_de.fetch_bronze_session_results","filename":"fetch_bronze_session_results.py","lineno":113}
{"timestamp":"2026-06-25T11:02:06.886229Z","level":"info","event":"Fetching drivers: https://api.openf1.org/v1/drivers?session_key=11468","logger":"openf1_de.fetch_bronze_session_results","filename":"fetch_bronze_session_results.py","lineno":120}
{"timestamp":"2026-06-25T11:02:07.479538Z","level":"info","event":"Fetching session results: https://api.openf1.org/v1/session_result?session_key=11227","logger":"openf1_de.fetch_bronze_session_results","filename":"fetch_bronze_session_results.py","lineno":113}
{"timestamp":"2026-06-25T11:02:08.129106Z","level":"info","event":"Fetching drivers: https://api.openf1.org/v1/drivers?session_key=11227","logger":"openf1_de.fetch_bronze_session_results","filename":"fetch_bronze_session_results.py","lineno":120}
{"timestamp":"2026-06-25T11:02:08.735282Z","level":"info","event":"Fetching session results: https://api.openf1.org/v1/session_result?session_key=11228","logger":"openf1_de.fetch_bronze_session_results","filename":"fetch_bronze_session_results.py","lineno":113}
{"timestamp":"2026-06-25T11:02:09.390625Z","level":"info","event":"Fetching drivers: https://api.openf1.org/v1/drivers?session_key=11228","logger":"openf1_de.fetch_bronze_session_results","filename":"fetch_bronze_session_results.py","lineno":120}
{"timestamp":"2026-06-25T11:02:09.991255Z","level":"info","event":"Fetching session results: https://api.openf1.org/v1/session_result?session_key=11229","logger":"openf1_de.fetch_bronze_session_results","filename":"fetch_bronze_session_results.py","lineno":113}
{"timestamp":"2026-06-25T11:02:10.633021Z","level":"info","event":"Fetching drivers: https://api.openf1.org/v1/drivers?session_key=11229","logger":"openf1_de.fetch_bronze_session_results","filename":"fetch_bronze_session_results.py","lineno":120}
{"timestamp":"2026-06-25T11:02:11.268958Z","level":"info","event":"Fetching session results: https://api.openf1.org/v1/session_result?session_key=11230","logger":"openf1_de.fetch_bronze_session_results","filename":"fetch_bronze_session_results.py","lineno":113}
{"timestamp":"2026-06-25T11:02:11.914540Z","level":"info","event":"Fetching drivers: https://api.openf1.org/v1/drivers?session_key=11230","logger":"openf1_de.fetch_bronze_session_results","filename":"fetch_bronze_session_results.py","lineno":120}
{"timestamp":"2026-06-25T11:02:12.606846Z","level":"info","event":"Fetching session results: https://api.openf1.org/v1/session_result?session_key=11234","logger":"openf1_de.fetch_bronze_session_results","filename":"fetch_bronze_session_results.py","lineno":113}
{"timestamp":"2026-06-25T11:02:13.218033Z","level":"info","event":"Fetching drivers: https://api.openf1.org/v1/drivers?session_key=11234","logger":"openf1_de.fetch_bronze_session_results","filename":"fetch_bronze_session_results.py","lineno":120}
{"timestamp":"2026-06-25T11:02:13.828968Z","level":"info","event":"Fetching session results: https://api.openf1.org/v1/session_result?session_key=11235","logger":"openf1_de.fetch_bronze_session_results","filename":"fetch_bronze_session_results.py","lineno":113}
{"timestamp":"2026-06-25T11:02:14.488844Z","level":"info","event":"Fetching drivers: https://api.openf1.org/v1/drivers?session_key=11235","logger":"openf1_de.fetch_bronze_session_results","filename":"fetch_bronze_session_results.py","lineno":120}
{"timestamp":"2026-06-25T11:02:15.093349Z","level":"info","event":"Fetching session results: https://api.openf1.org/v1/session_result?session_key=11236","logger":"openf1_de.fetch_bronze_session_results","filename":"fetch_bronze_session_results.py","lineno":113}
{"timestamp":"2026-06-25T11:02:15.700332Z","level":"info","event":"Fetching drivers: https://api.openf1.org/v1/drivers?session_key=11236","logger":"openf1_de.fetch_bronze_session_results","filename":"fetch_bronze_session_results.py","lineno":120}
{"timestamp":"2026-06-25T11:02:16.401151Z","level":"info","event":"Fetching session results: https://api.openf1.org/v1/session_result?session_key=11240","logger":"openf1_de.fetch_bronze_session_results","filename":"fetch_bronze_session_results.py","lineno":113}
{"timestamp":"2026-06-25T11:02:17.048120Z","level":"info","event":"Fetching drivers: https://api.openf1.org/v1/drivers?session_key=11240","logger":"openf1_de.fetch_bronze_session_results","filename":"fetch_bronze_session_results.py","lineno":120}
{"timestamp":"2026-06-25T11:02:17.728095Z","level":"info","event":"Fetching session results: https://api.openf1.org/v1/session_result?session_key=11241","logger":"openf1_de.fetch_bronze_session_results","filename":"fetch_bronze_session_results.py","lineno":113}
{"timestamp":"2026-06-25T11:02:18.323688Z","level":"info","event":"Fetching drivers: https://api.openf1.org/v1/drivers?session_key=11241","logger":"openf1_de.fetch_bronze_session_results","filename":"fetch_bronze_session_results.py","lineno":120}
{"timestamp":"2026-06-25T11:02:18.975868Z","level":"info","event":"Fetching session results: https://api.openf1.org/v1/session_result?session_key=11245","logger":"openf1_de.fetch_bronze_session_results","filename":"fetch_bronze_session_results.py","lineno":113}
{"timestamp":"2026-06-25T11:02:19.627149Z","level":"error","event":"429: Waiting 40.4s until next minute...","logger":"openf1_de.fetch_bronze_session_results","filename":"fetch_bronze_session_results.py","lineno":56}
{"timestamp":"2026-06-25T11:03:00.681740Z","level":"info","event":"Fetching drivers: https://api.openf1.org/v1/drivers?session_key=11245","logger":"openf1_de.fetch_bronze_session_results","filename":"fetch_bronze_session_results.py","lineno":120}
{"timestamp":"2026-06-25T11:03:01.337499Z","level":"info","event":"Fetching session results: https://api.openf1.org/v1/session_result?session_key=11246","logger":"openf1_de.fetch_bronze_session_results","filename":"fetch_bronze_session_results.py","lineno":113}
{"timestamp":"2026-06-25T11:03:01.943034Z","level":"info","event":"Fetching drivers: https://api.openf1.org/v1/drivers?session_key=11246","logger":"openf1_de.fetch_bronze_session_results","filename":"fetch_bronze_session_results.py","lineno":120}
{"timestamp":"2026-06-25T11:03:02.550725Z","level":"info","event":"Fetching session results: https://api.openf1.org/v1/session_result?session_key=11247","logger":"openf1_de.fetch_bronze_session_results","filename":"fetch_bronze_session_results.py","lineno":113}
{"timestamp":"2026-06-25T11:03:03.206089Z","level":"info","event":"Fetching drivers: https://api.openf1.org/v1/drivers?session_key=11247","logger":"openf1_de.fetch_bronze_session_results","filename":"fetch_bronze_session_results.py","lineno":120}
{"timestamp":"2026-06-25T11:03:04.813387Z","level":"info","event":"Fetching session results: https://api.openf1.org/v1/session_result?session_key=11248","logger":"openf1_de.fetch_bronze_session_results","filename":"fetch_bronze_session_results.py","lineno":113}
{"timestamp":"2026-06-25T11:03:05.423871Z","level":"info","event":"Fetching drivers: https://api.openf1.org/v1/drivers?session_key=11248","logger":"openf1_de.fetch_bronze_session_results","filename":"fetch_bronze_session_results.py","lineno":120}
{"timestamp":"2026-06-25T11:03:06.082409Z","level":"info","event":"Fetching session results: https://api.openf1.org/v1/session_result?session_key=11249","logger":"openf1_de.fetch_bronze_session_results","filename":"fetch_bronze_session_results.py","lineno":113}
{"timestamp":"2026-06-25T11:03:06.687126Z","level":"info","event":"Fetching drivers: https://api.openf1.org/v1/drivers?session_key=11249","logger":"openf1_de.fetch_bronze_session_results","filename":"fetch_bronze_session_results.py","lineno":120}
{"timestamp":"2026-06-25T11:03:07.359442Z","level":"info","event":"Fetching session results: https://api.openf1.org/v1/session_result?session_key=11253","logger":"openf1_de.fetch_bronze_session_results","filename":"fetch_bronze_session_results.py","lineno":113}
{"timestamp":"2026-06-25T11:03:08.024283Z","level":"info","event":"Fetching drivers: https://api.openf1.org/v1/drivers?session_key=11253","logger":"openf1_de.fetch_bronze_session_results","filename":"fetch_bronze_session_results.py","lineno":120}
{"timestamp":"2026-06-25T11:03:08.617806Z","level":"info","event":"Fetching session results: https://api.openf1.org/v1/session_result?session_key=11254","logger":"openf1_de.fetch_bronze_session_results","filename":"fetch_bronze_session_results.py","lineno":113}
{"timestamp":"2026-06-25T11:03:09.208305Z","level":"error","event":"404: Not found for https://api.openf1.org/v1/session_result?session_key=11254","logger":"openf1_de.fetch_bronze_session_results","filename":"fetch_bronze_session_results.py","lineno":60}
{"timestamp":"2026-06-25T11:03:09.208642Z","level":"info","event":"Fetching drivers: https://api.openf1.org/v1/drivers?session_key=11254","logger":"openf1_de.fetch_bronze_session_results","filename":"fetch_bronze_session_results.py","lineno":120}
{"timestamp":"2026-06-25T11:03:09.811349Z","level":"info","event":"Fetching session results: https://api.openf1.org/v1/session_result?session_key=11255","logger":"openf1_de.fetch_bronze_session_results","filename":"fetch_bronze_session_results.py","lineno":113}
{"timestamp":"2026-06-25T11:03:10.407296Z","level":"error","event":"404: Not found for https://api.openf1.org/v1/session_result?session_key=11255","logger":"openf1_de.fetch_bronze_session_results","filename":"fetch_bronze_session_results.py","lineno":60}
{"timestamp":"2026-06-25T11:03:10.407657Z","level":"info","event":"Fetching drivers: https://api.openf1.org/v1/drivers?session_key=11255","logger":"openf1_de.fetch_bronze_session_results","filename":"fetch_bronze_session_results.py","lineno":120}
{"timestamp":"2026-06-25T11:03:11.068655Z","level":"info","event":"Fetching session results: https://api.openf1.org/v1/session_result?session_key=11256","logger":"openf1_de.fetch_bronze_session_results","filename":"fetch_bronze_session_results.py","lineno":113}
{"timestamp":"2026-06-25T11:03:11.758585Z","level":"error","event":"404: Not found for https://api.openf1.org/v1/session_result?session_key=11256","logger":"openf1_de.fetch_bronze_session_results","filename":"fetch_bronze_session_results.py","lineno":60}
{"timestamp":"2026-06-25T11:03:11.759192Z","level":"info","event":"Fetching drivers: https://api.openf1.org/v1/drivers?session_key=11256","logger":"openf1_de.fetch_bronze_session_results","filename":"fetch_bronze_session_results.py","lineno":120}
{"timestamp":"2026-06-25T11:03:12.356835Z","level":"info","event":"Fetching session results: https://api.openf1.org/v1/session_result?session_key=11257","logger":"openf1_de.fetch_bronze_session_results","filename":"fetch_bronze_session_results.py","lineno":113}
{"timestamp":"2026-06-25T11:03:12.953336Z","level":"error","event":"404: Not found for https://api.openf1.org/v1/session_result?session_key=11257","logger":"openf1_de.fetch_bronze_session_results","filename":"fetch_bronze_session_results.py","lineno":60}
{"timestamp":"2026-06-25T11:03:12.953859Z","level":"info","event":"Fetching drivers: https://api.openf1.org/v1/drivers?session_key=11257","logger":"openf1_de.fetch_bronze_session_results","filename":"fetch_bronze_session_results.py","lineno":120}
{"timestamp":"2026-06-25T11:03:13.560770Z","level":"info","event":"Fetching session results: https://api.openf1.org/v1/session_result?session_key=11261","logger":"openf1_de.fetch_bronze_session_results","filename":"fetch_bronze_session_results.py","lineno":113}
{"timestamp":"2026-06-25T11:03:14.215263Z","level":"error","event":"404: Not found for https://api.openf1.org/v1/session_result?session_key=11261","logger":"openf1_de.fetch_bronze_session_results","filename":"fetch_bronze_session_results.py","lineno":60}
{"timestamp":"2026-06-25T11:03:14.215591Z","level":"info","event":"Fetching drivers: https://api.openf1.org/v1/drivers?session_key=11261","logger":"openf1_de.fetch_bronze_session_results","filename":"fetch_bronze_session_results.py","lineno":120}
{"timestamp":"2026-06-25T11:03:14.824655Z","level":"info","event":"Fetching session results: https://api.openf1.org/v1/session_result?session_key=11262","logger":"openf1_de.fetch_bronze_session_results","filename":"fetch_bronze_session_results.py","lineno":113}
{"timestamp":"2026-06-25T11:03:15.466601Z","level":"error","event":"404: Not found for https://api.openf1.org/v1/session_result?session_key=11262","logger":"openf1_de.fetch_bronze_session_results","filename":"fetch_bronze_session_results.py","lineno":60}
{"timestamp":"2026-06-25T11:03:15.466949Z","level":"info","event":"Fetching drivers: https://api.openf1.org/v1/drivers?session_key=11262","logger":"openf1_de.fetch_bronze_session_results","filename":"fetch_bronze_session_results.py","lineno":120}
{"timestamp":"2026-06-25T11:03:16.126454Z","level":"info","event":"Fetching session results: https://api.openf1.org/v1/session_result?session_key=11263","logger":"openf1_de.fetch_bronze_session_results","filename":"fetch_bronze_session_results.py","lineno":113}
{"timestamp":"2026-06-25T11:03:16.743563Z","level":"error","event":"404: Not found for https://api.openf1.org/v1/session_result?session_key=11263","logger":"openf1_de.fetch_bronze_session_results","filename":"fetch_bronze_session_results.py","lineno":60}
{"timestamp":"2026-06-25T11:03:16.743889Z","level":"info","event":"Fetching drivers: https://api.openf1.org/v1/drivers?session_key=11263","logger":"openf1_de.fetch_bronze_session_results","filename":"fetch_bronze_session_results.py","lineno":120}
{"timestamp":"2026-06-25T11:03:17.360077Z","level":"info","event":"Fetching session results: https://api.openf1.org/v1/session_result?session_key=11264","logger":"openf1_de.fetch_bronze_session_results","filename":"fetch_bronze_session_results.py","lineno":113}
{"timestamp":"2026-06-25T11:03:17.949831Z","level":"error","event":"404: Not found for https://api.openf1.org/v1/session_result?session_key=11264","logger":"openf1_de.fetch_bronze_session_results","filename":"fetch_bronze_session_results.py","lineno":60}
{"timestamp":"2026-06-25T11:03:17.950279Z","level":"info","event":"Fetching drivers: https://api.openf1.org/v1/drivers?session_key=11264","logger":"openf1_de.fetch_bronze_session_results","filename":"fetch_bronze_session_results.py","lineno":120}
{"timestamp":"2026-06-25T11:03:18.557173Z","level":"info","event":"Fetching session results: https://api.openf1.org/v1/session_result?session_key=11265","logger":"openf1_de.fetch_bronze_session_results","filename":"fetch_bronze_session_results.py","lineno":113}
{"timestamp":"2026-06-25T11:03:19.188915Z","level":"error","event":"404: Not found for https://api.openf1.org/v1/session_result?session_key=11265","logger":"openf1_de.fetch_bronze_session_results","filename":"fetch_bronze_session_results.py","lineno":60}
{"timestamp":"2026-06-25T11:03:19.189519Z","level":"info","event":"Fetching drivers: https://api.openf1.org/v1/drivers?session_key=11265","logger":"openf1_de.fetch_bronze_session_results","filename":"fetch_bronze_session_results.py","lineno":120}
{"timestamp":"2026-06-25T11:03:19.884216Z","level":"info","event":"Fetching session results: https://api.openf1.org/v1/session_result?session_key=11269","logger":"openf1_de.fetch_bronze_session_results","filename":"fetch_bronze_session_results.py","lineno":113}
{"timestamp":"2026-06-25T11:03:20.524447Z","level":"error","event":"429: Waiting 39.5s until next minute...","logger":"openf1_de.fetch_bronze_session_results","filename":"fetch_bronze_session_results.py","lineno":56}
{"timestamp":"2026-06-25T11:04:00.661337Z","level":"error","event":"404: Not found for https://api.openf1.org/v1/session_result?session_key=11269","logger":"openf1_de.fetch_bronze_session_results","filename":"fetch_bronze_session_results.py","lineno":60}
{"timestamp":"2026-06-25T11:04:00.661838Z","level":"info","event":"Fetching drivers: https://api.openf1.org/v1/drivers?session_key=11269","logger":"openf1_de.fetch_bronze_session_results","filename":"fetch_bronze_session_results.py","lineno":120}
{"timestamp":"2026-06-25T11:04:01.320790Z","level":"info","event":"Fetching session results: https://api.openf1.org/v1/session_result?session_key=11270","logger":"openf1_de.fetch_bronze_session_results","filename":"fetch_bronze_session_results.py","lineno":113}
{"timestamp":"2026-06-25T11:04:01.975461Z","level":"info","event":"Fetching drivers: https://api.openf1.org/v1/drivers?session_key=11270","logger":"openf1_de.fetch_bronze_session_results","filename":"fetch_bronze_session_results.py","lineno":120}
{"timestamp":"2026-06-25T11:04:02.585573Z","level":"info","event":"Fetching session results: https://api.openf1.org/v1/session_result?session_key=11271","logger":"openf1_de.fetch_bronze_session_results","filename":"fetch_bronze_session_results.py","lineno":113}
{"timestamp":"2026-06-25T11:04:03.193118Z","level":"info","event":"Fetching drivers: https://api.openf1.org/v1/drivers?session_key=11271","logger":"openf1_de.fetch_bronze_session_results","filename":"fetch_bronze_session_results.py","lineno":120}
{"timestamp":"2026-06-25T11:04:03.809496Z","level":"info","event":"Fetching session results: https://api.openf1.org/v1/session_result?session_key=11275","logger":"openf1_de.fetch_bronze_session_results","filename":"fetch_bronze_session_results.py","lineno":113}
{"timestamp":"2026-06-25T11:04:04.481962Z","level":"info","event":"Fetching drivers: https://api.openf1.org/v1/drivers?session_key=11275","logger":"openf1_de.fetch_bronze_session_results","filename":"fetch_bronze_session_results.py","lineno":120}
{"timestamp":"2026-06-25T11:04:05.148851Z","level":"info","event":"Fetching session results: https://api.openf1.org/v1/session_result?session_key=11276","logger":"openf1_de.fetch_bronze_session_results","filename":"fetch_bronze_session_results.py","lineno":113}
{"timestamp":"2026-06-25T11:04:05.756486Z","level":"info","event":"Fetching drivers: https://api.openf1.org/v1/drivers?session_key=11276","logger":"openf1_de.fetch_bronze_session_results","filename":"fetch_bronze_session_results.py","lineno":120}
{"timestamp":"2026-06-25T11:04:06.349660Z","level":"info","event":"Fetching session results: https://api.openf1.org/v1/session_result?session_key=11280","logger":"openf1_de.fetch_bronze_session_results","filename":"fetch_bronze_session_results.py","lineno":113}
{"timestamp":"2026-06-25T11:04:06.949651Z","level":"info","event":"Fetching drivers: https://api.openf1.org/v1/drivers?session_key=11280","logger":"openf1_de.fetch_bronze_session_results","filename":"fetch_bronze_session_results.py","lineno":120}
{"timestamp":"2026-06-25T11:04:07.556898Z","level":"info","event":"Fetching session results: https://api.openf1.org/v1/session_result?session_key=11281","logger":"openf1_de.fetch_bronze_session_results","filename":"fetch_bronze_session_results.py","lineno":113}
{"timestamp":"2026-06-25T11:04:08.207537Z","level":"info","event":"Fetching drivers: https://api.openf1.org/v1/drivers?session_key=11281","logger":"openf1_de.fetch_bronze_session_results","filename":"fetch_bronze_session_results.py","lineno":120}
{"timestamp":"2026-06-25T11:04:08.851104Z","level":"info","event":"Fetching session results: https://api.openf1.org/v1/session_result?session_key=11282","logger":"openf1_de.fetch_bronze_session_results","filename":"fetch_bronze_session_results.py","lineno":113}
{"timestamp":"2026-06-25T11:04:09.501914Z","level":"info","event":"Fetching drivers: https://api.openf1.org/v1/drivers?session_key=11282","logger":"openf1_de.fetch_bronze_session_results","filename":"fetch_bronze_session_results.py","lineno":120}
{"timestamp":"2026-06-25T11:04:10.111431Z","level":"info","event":"Fetching session results: https://api.openf1.org/v1/session_result?session_key=11286","logger":"openf1_de.fetch_bronze_session_results","filename":"fetch_bronze_session_results.py","lineno":113}
{"timestamp":"2026-06-25T11:04:10.769816Z","level":"info","event":"Fetching drivers: https://api.openf1.org/v1/drivers?session_key=11286","logger":"openf1_de.fetch_bronze_session_results","filename":"fetch_bronze_session_results.py","lineno":120}
{"timestamp":"2026-06-25T11:04:11.412092Z","level":"info","event":"Fetching session results: https://api.openf1.org/v1/session_result?session_key=11287","logger":"openf1_de.fetch_bronze_session_results","filename":"fetch_bronze_session_results.py","lineno":113}
{"timestamp":"2026-06-25T11:04:12.054689Z","level":"info","event":"Fetching drivers: https://api.openf1.org/v1/drivers?session_key=11287","logger":"openf1_de.fetch_bronze_session_results","filename":"fetch_bronze_session_results.py","lineno":120}
{"timestamp":"2026-06-25T11:04:12.700695Z","level":"info","event":"Fetching session results: https://api.openf1.org/v1/session_result?session_key=11291","logger":"openf1_de.fetch_bronze_session_results","filename":"fetch_bronze_session_results.py","lineno":113}
{"timestamp":"2026-06-25T11:04:13.351559Z","level":"info","event":"Fetching drivers: https://api.openf1.org/v1/drivers?session_key=11291","logger":"openf1_de.fetch_bronze_session_results","filename":"fetch_bronze_session_results.py","lineno":120}
{"timestamp":"2026-06-25T11:04:14.001752Z","level":"info","event":"Fetching session results: https://api.openf1.org/v1/session_result?session_key=11292","logger":"openf1_de.fetch_bronze_session_results","filename":"fetch_bronze_session_results.py","lineno":113}
{"timestamp":"2026-06-25T11:04:14.685406Z","level":"info","event":"Fetching drivers: https://api.openf1.org/v1/drivers?session_key=11292","logger":"openf1_de.fetch_bronze_session_results","filename":"fetch_bronze_session_results.py","lineno":120}
{"timestamp":"2026-06-25T11:04:15.320678Z","level":"info","event":"Fetching session results: https://api.openf1.org/v1/session_result?session_key=11293","logger":"openf1_de.fetch_bronze_session_results","filename":"fetch_bronze_session_results.py","lineno":113}
{"timestamp":"2026-06-25T11:04:15.969368Z","level":"info","event":"Fetching drivers: https://api.openf1.org/v1/drivers?session_key=11293","logger":"openf1_de.fetch_bronze_session_results","filename":"fetch_bronze_session_results.py","lineno":120}
{"timestamp":"2026-06-25T11:04:16.578182Z","level":"info","event":"Fetching session results: https://api.openf1.org/v1/session_result?session_key=11294","logger":"openf1_de.fetch_bronze_session_results","filename":"fetch_bronze_session_results.py","lineno":113}
{"timestamp":"2026-06-25T11:04:17.172624Z","level":"info","event":"Fetching drivers: https://api.openf1.org/v1/drivers?session_key=11294","logger":"openf1_de.fetch_bronze_session_results","filename":"fetch_bronze_session_results.py","lineno":120}
{"timestamp":"2026-06-25T11:04:17.775771Z","level":"info","event":"Fetching session results: https://api.openf1.org/v1/session_result?session_key=11295","logger":"openf1_de.fetch_bronze_session_results","filename":"fetch_bronze_session_results.py","lineno":113}
{"timestamp":"2026-06-25T11:04:18.367405Z","level":"info","event":"Fetching drivers: https://api.openf1.org/v1/drivers?session_key=11295","logger":"openf1_de.fetch_bronze_session_results","filename":"fetch_bronze_session_results.py","lineno":120}
{"timestamp":"2026-06-25T11:04:19.004506Z","level":"info","event":"Fetching session results: https://api.openf1.org/v1/session_result?session_key=11299","logger":"openf1_de.fetch_bronze_session_results","filename":"fetch_bronze_session_results.py","lineno":113}
{"timestamp":"2026-06-25T11:04:19.604343Z","level":"error","event":"429: Waiting 40.4s until next minute...","logger":"openf1_de.fetch_bronze_session_results","filename":"fetch_bronze_session_results.py","lineno":56}
{"timestamp":"2026-06-25T11:05:00.655979Z","level":"info","event":"Fetching drivers: https://api.openf1.org/v1/drivers?session_key=11299","logger":"openf1_de.fetch_bronze_session_results","filename":"fetch_bronze_session_results.py","lineno":120}
{"timestamp":"2026-06-25T11:05:01.299631Z","level":"info","event":"Fetching session results: https://api.openf1.org/v1/session_result?session_key=11300","logger":"openf1_de.fetch_bronze_session_results","filename":"fetch_bronze_session_results.py","lineno":113}
{"timestamp":"2026-06-25T11:05:01.920696Z","level":"info","event":"Fetching drivers: https://api.openf1.org/v1/drivers?session_key=11300","logger":"openf1_de.fetch_bronze_session_results","filename":"fetch_bronze_session_results.py","lineno":120}
{"timestamp":"2026-06-25T11:05:02.529663Z","level":"info","event":"Fetching session results: https://api.openf1.org/v1/session_result?session_key=11301","logger":"openf1_de.fetch_bronze_session_results","filename":"fetch_bronze_session_results.py","lineno":113}
{"timestamp":"2026-06-25T11:05:03.133357Z","level":"info","event":"Fetching drivers: https://api.openf1.org/v1/drivers?session_key=11301","logger":"openf1_de.fetch_bronze_session_results","filename":"fetch_bronze_session_results.py","lineno":120}
{"timestamp":"2026-06-25T11:05:03.739440Z","level":"info","event":"Fetching session results: https://api.openf1.org/v1/session_result?session_key=11302","logger":"openf1_de.fetch_bronze_session_results","filename":"fetch_bronze_session_results.py","lineno":113}
{"timestamp":"2026-06-25T11:05:04.333884Z","level":"info","event":"Fetching drivers: https://api.openf1.org/v1/drivers?session_key=11302","logger":"openf1_de.fetch_bronze_session_results","filename":"fetch_bronze_session_results.py","lineno":120}
{"timestamp":"2026-06-25T11:05:04.940863Z","level":"info","event":"Fetching session results: https://api.openf1.org/v1/session_result?session_key=11303","logger":"openf1_de.fetch_bronze_session_results","filename":"fetch_bronze_session_results.py","lineno":113}
{"timestamp":"2026-06-25T11:05:05.537808Z","level":"info","event":"Fetching drivers: https://api.openf1.org/v1/drivers?session_key=11303","logger":"openf1_de.fetch_bronze_session_results","filename":"fetch_bronze_session_results.py","lineno":120}
{"timestamp":"2026-06-25T11:05:06.155471Z","level":"info","event":"Fetching session results: https://api.openf1.org/v1/session_result?session_key=11307","logger":"openf1_de.fetch_bronze_session_results","filename":"fetch_bronze_session_results.py","lineno":113}
{"timestamp":"2026-06-25T11:05:06.790275Z","level":"info","event":"Fetching drivers: https://api.openf1.org/v1/drivers?session_key=11307","logger":"openf1_de.fetch_bronze_session_results","filename":"fetch_bronze_session_results.py","lineno":120}
{"timestamp":"2026-06-25T11:05:07.398350Z","level":"info","event":"Concatenating session results","logger":"openf1_de.fetch_bronze_session_results","filename":"fetch_bronze_session_results.py","lineno":131}
{"timestamp":"2026-06-25T11:05:07.415576Z","level":"info","event":"Concatenating drivers","logger":"openf1_de.fetch_bronze_session_results","filename":"fetch_bronze_session_results.py","lineno":139}
{"timestamp":"2026-06-25T11:05:07.420291Z","level":"info","event":"Uploading session results to GCS: bronze/session_results/2026.parquet","logger":"openf1_de.fetch_bronze_session_results","filename":"fetch_bronze_session_results.py","lineno":144}
{"timestamp":"2026-06-25T11:05:07.980682Z","level":"info","event":"Without local save Cannot save file into a non-existent directory: '../../data/bronze/session_results'","logger":"openf1_de.fetch_bronze_session_results","filename":"fetch_bronze_session_results.py","lineno":87}
{"timestamp":"2026-06-25T11:05:07.980860Z","level":"info","event":"Uploading drivers to GCS: bronze/drivers/2026.parquet","logger":"openf1_de.fetch_bronze_session_results","filename":"fetch_bronze_session_results.py","lineno":147}
{"timestamp":"2026-06-25T11:05:08.492008Z","level":"info","event":"Without local save Cannot save file into a non-existent directory: '../../data/bronze/drivers'","logger":"openf1_de.fetch_bronze_session_results","filename":"fetch_bronze_session_results.py","lineno":87}
{"timestamp":"2026-06-25T11:05:08.493708Z","level":"info","event":"Done. Returned value was: None","logger":"airflow.task.operators.airflow.providers.standard.operators.python.PythonOperator","filename":"python.py","lineno":229}
