{"timestamp":"2026-06-06T13:00:19.313480Z","level":"info","event":"DAG bundles loaded: dags-folder","logger":"airflow.dag_processing.bundles.manager.DagBundlesManager","filename":"manager.py","lineno":209}
{"timestamp":"2026-06-06T13:00:19.314727Z","level":"info","event":"Filling up the DagBag from /opt/airflow/dags/openf1_dbt_session_results.py","logger":"airflow.dag_processing.dagbag.BundleDagBag","filename":"dagbag.py","lineno":469}
{"timestamp":"2026-06-06T13:00:19.814302Z","level":"warning","event":"The `airflow.operators.bash.BashOperator` attribute is deprecated. Please use `'airflow.providers.standard.operators.bash.BashOperator'`.","category":"UserWarning","filename":"/opt/airflow/dags/openf1_dbt_session_results.py","lineno":4,"logger":"py.warnings"}
{"timestamp":"2026-06-06T13:00:19.833816Z","level":"info","event":"Tmp dir root location: /tmp","logger":"airflow.task.hooks.airflow.providers.standard.hooks.subprocess.SubprocessHook","filename":"subprocess.py","lineno":78}
{"timestamp":"2026-06-06T13:00:19.834547Z","level":"info","event":"Running command: ['/usr/bin/bash', '-c', 'cd /opt/airflow/dbt/openf1_raw && dbt run --select stg_session_results_race stg_driver_standings stg_session_results_qualifying stg_session_results_fp --profiles-dir /opt/airflow/config ']","logger":"airflow.task.hooks.airflow.providers.standard.hooks.subprocess.SubprocessHook","filename":"subprocess.py","lineno":80}
{"timestamp":"2026-06-06T13:00:19.835268Z","level":"info","event":"Output:","logger":"airflow.task.hooks.airflow.providers.standard.hooks.subprocess.SubprocessHook","filename":"subprocess.py","lineno":92}
{"timestamp":"2026-06-06T13:00:21.095702Z","level":"info","event":"\u001b[0m13:00:21  Running with dbt=1.11.11","logger":"airflow.task.hooks.airflow.providers.standard.hooks.subprocess.SubprocessHook","filename":"subprocess.py","lineno":99}
{"timestamp":"2026-06-06T13:00:21.941468Z","level":"info","event":"\u001b[0m13:00:21  Registered adapter: bigquery=1.11.1","logger":"airflow.task.hooks.airflow.providers.standard.hooks.subprocess.SubprocessHook","filename":"subprocess.py","lineno":99}
{"timestamp":"2026-06-06T13:00:22.616037Z","level":"info","event":"\u001b[0m13:00:22  Found 13 models, 2 data tests, 4 sources, 551 macros","logger":"airflow.task.hooks.airflow.providers.standard.hooks.subprocess.SubprocessHook","filename":"subprocess.py","lineno":99}
{"timestamp":"2026-06-06T13:00:22.618147Z","level":"info","event":"\u001b[0m13:00:22","logger":"airflow.task.hooks.airflow.providers.standard.hooks.subprocess.SubprocessHook","filename":"subprocess.py","lineno":99}
{"timestamp":"2026-06-06T13:00:22.618621Z","level":"info","event":"\u001b[0m13:00:22  Concurrency: 1 threads (target='dev')","logger":"airflow.task.hooks.airflow.providers.standard.hooks.subprocess.SubprocessHook","filename":"subprocess.py","lineno":99}
{"timestamp":"2026-06-06T13:00:22.619127Z","level":"info","event":"\u001b[0m13:00:22","logger":"airflow.task.hooks.airflow.providers.standard.hooks.subprocess.SubprocessHook","filename":"subprocess.py","lineno":99}
{"timestamp":"2026-06-06T13:00:23.825505Z","level":"info","event":"\u001b[0m13:00:23  1 of 4 START sql view model openf1_staging.stg_session_results_fp .............. [RUN]","logger":"airflow.task.hooks.airflow.providers.standard.hooks.subprocess.SubprocessHook","filename":"subprocess.py","lineno":99}
{"timestamp":"2026-06-06T13:00:24.442642Z","level":"info","event":"\u001b[0m13:00:24  1 of 4 OK created sql view model openf1_staging.stg_session_results_fp ......... [\u001b[32mCREATE VIEW (0 processed)\u001b[0m in 0.61s]","logger":"airflow.task.hooks.airflow.providers.standard.hooks.subprocess.SubprocessHook","filename":"subprocess.py","lineno":99}
{"timestamp":"2026-06-06T13:00:24.444244Z","level":"info","event":"\u001b[0m13:00:24  2 of 4 START sql view model openf1_staging.stg_session_results_qualifying ...... [RUN]","logger":"airflow.task.hooks.airflow.providers.standard.hooks.subprocess.SubprocessHook","filename":"subprocess.py","lineno":99}
{"timestamp":"2026-06-06T13:00:24.982272Z","level":"info","event":"\u001b[0m13:00:24  2 of 4 OK created sql view model openf1_staging.stg_session_results_qualifying . [\u001b[32mCREATE VIEW (0 processed)\u001b[0m in 0.54s]","logger":"airflow.task.hooks.airflow.providers.standard.hooks.subprocess.SubprocessHook","filename":"subprocess.py","lineno":99}
{"timestamp":"2026-06-06T13:00:24.984073Z","level":"info","event":"\u001b[0m13:00:24  3 of 4 START sql view model openf1_staging.stg_session_results_race ............ [RUN]","logger":"airflow.task.hooks.airflow.providers.standard.hooks.subprocess.SubprocessHook","filename":"subprocess.py","lineno":99}
{"timestamp":"2026-06-06T13:00:25.790213Z","level":"info","event":"\u001b[0m13:00:25  3 of 4 OK created sql view model openf1_staging.stg_session_results_race ....... [\u001b[32mCREATE VIEW (0 processed)\u001b[0m in 0.80s]","logger":"airflow.task.hooks.airflow.providers.standard.hooks.subprocess.SubprocessHook","filename":"subprocess.py","lineno":99}
{"timestamp":"2026-06-06T13:00:25.792301Z","level":"info","event":"\u001b[0m13:00:25  4 of 4 START sql view model openf1_staging.stg_driver_standings ................ [RUN]","logger":"airflow.task.hooks.airflow.providers.standard.hooks.subprocess.SubprocessHook","filename":"subprocess.py","lineno":99}
{"timestamp":"2026-06-06T13:00:26.968026Z","level":"info","event":"\u001b[0m13:00:26  4 of 4 OK created sql view model openf1_staging.stg_driver_standings ........... [\u001b[32mCREATE VIEW (0 processed)\u001b[0m in 1.17s]","logger":"airflow.task.hooks.airflow.providers.standard.hooks.subprocess.SubprocessHook","filename":"subprocess.py","lineno":99}
{"timestamp":"2026-06-06T13:00:27.001488Z","level":"info","event":"\u001b[0m13:00:27","logger":"airflow.task.hooks.airflow.providers.standard.hooks.subprocess.SubprocessHook","filename":"subprocess.py","lineno":99}
{"timestamp":"2026-06-06T13:00:27.001948Z","level":"info","event":"\u001b[0m13:00:27  Finished running 4 view models in 0 hours 0 minutes and 4.38 seconds (4.38s).","logger":"airflow.task.hooks.airflow.providers.standard.hooks.subprocess.SubprocessHook","filename":"subprocess.py","lineno":99}
{"timestamp":"2026-06-06T13:00:27.050436Z","level":"info","event":"\u001b[0m13:00:27","logger":"airflow.task.hooks.airflow.providers.standard.hooks.subprocess.SubprocessHook","filename":"subprocess.py","lineno":99}
{"timestamp":"2026-06-06T13:00:27.050888Z","level":"info","event":"\u001b[0m13:00:27  \u001b[32mCompleted successfully\u001b[0m","logger":"airflow.task.hooks.airflow.providers.standard.hooks.subprocess.SubprocessHook","filename":"subprocess.py","lineno":99}
{"timestamp":"2026-06-06T13:00:27.051359Z","level":"info","event":"\u001b[0m13:00:27","logger":"airflow.task.hooks.airflow.providers.standard.hooks.subprocess.SubprocessHook","filename":"subprocess.py","lineno":99}
{"timestamp":"2026-06-06T13:00:27.051840Z","level":"info","event":"\u001b[0m13:00:27  Done. PASS=4 WARN=0 ERROR=0 SKIP=0 NO-OP=0 TOTAL=4","logger":"airflow.task.hooks.airflow.providers.standard.hooks.subprocess.SubprocessHook","filename":"subprocess.py","lineno":99}
{"timestamp":"2026-06-06T13:00:28.615764Z","level":"info","event":"Command exited with return code 0","logger":"airflow.task.hooks.airflow.providers.standard.hooks.subprocess.SubprocessHook","filename":"subprocess.py","lineno":103}
{"timestamp":"2026-06-06T13:00:28.616309Z","level":"info","event":"Pushing xcom","ti":"RuntimeTaskInstance(id=UUID('019e9d05-1d76-7df2-b0b8-4841d77cdcf2'), task_id='dbt_run_session_results', dag_id='openf1_dbt_session_results', run_id='manual__2026-06-06T13:00:18.662047+00:00', try_number=1, dag_version_id=UUID('019e8d4b-b9ec-7132-9981-fc70589c0a31'), map_index=-1, hostname='5a0aebbfd5b5', context_carrier={'traceparent': '00-fa6b73a5c78dd0e1ccb7a86c00b5921e-2d8d3989ad9570b5-01'}, task=<Task(BashOperator): dbt_run_session_results>, bundle_instance=LocalDagBundle(name=dags-folder), max_tries=2, start_date=datetime.datetime(2026, 6, 6, 13, 0, 19, 287885, tzinfo=datetime.timezone.utc), end_date=None, state=<TaskInstanceState.RUNNING: 'running'>, is_mapped=False, rendered_map_index=None, sentry_integration='')","logger":"task","filename":"task_runner.py","lineno":1724}
