{"timestamp":"2026-06-29T04:37:46.182407Z","level":"info","event":"DAG bundles loaded: dags-folder","logger":"airflow.dag_processing.bundles.manager.DagBundlesManager","filename":"manager.py","lineno":209}
{"timestamp":"2026-06-29T04:37:46.188620Z","level":"info","event":"Filling up the DagBag from /opt/airflow/dags/openf1_session_results.py","logger":"airflow.dag_processing.dagbag.BundleDagBag","filename":"dagbag.py","lineno":469}
{"timestamp":"2026-06-29T04:37:50.083998Z","level":"warning","event":"The `airflow.operators.bash.BashOperator` attribute is deprecated. Please use `'airflow.providers.standard.operators.bash.BashOperator'`.","category":"UserWarning","filename":"/opt/airflow/dags/openf1_session_results.py","lineno":5,"logger":"py.warnings"}
{"timestamp":"2026-06-29T04:37:50.086643Z","level":"warning","event":"The `airflow.operators.python.PythonOperator` attribute is deprecated. Please use `'airflow.providers.standard.operators.python.PythonOperator'`.","category":"UserWarning","filename":"/opt/airflow/dags/openf1_session_results.py","lineno":6,"logger":"py.warnings"}
{"timestamp":"2026-06-29T04:37:50.151835Z","level":"info","event":"Init Bigquery Client","logger":"openf1_de.fetch_bronze_session_results","filename":"fetch_bronze_session_results.py","lineno":92}
{"timestamp":"2026-06-29T04:37:50.242737Z","level":"info","event":"Fetch stg_sessions","logger":"openf1_de.fetch_bronze_session_results","filename":"fetch_bronze_session_results.py","lineno":95}
{"timestamp":"2026-06-29T04:37:53.159883Z","level":"info","event":"Using columns ['session_key', 'date_start', 'session_type', 'session_name', 'year'] for sessions before 2026-06-29 04:37:53.159274+00:00","logger":"openf1_de.fetch_bronze_session_results","filename":"fetch_bronze_session_results.py","lineno":100}
{"timestamp":"2026-06-29T04:37:53.169320Z","level":"info","event":"Fetching session results and drivers per session","logger":"openf1_de.fetch_bronze_session_results","filename":"fetch_bronze_session_results.py","lineno":107}
{"timestamp":"2026-06-29T04:37:53.171881Z","level":"info","event":"Fetching session results: https://api.openf1.org/v1/session_result?session_key=11465","logger":"openf1_de.fetch_bronze_session_results","filename":"fetch_bronze_session_results.py","lineno":113}
{"timestamp":"2026-06-29T04:37:53.968860Z","level":"info","event":"Fetching drivers: https://api.openf1.org/v1/drivers?session_key=11465","logger":"openf1_de.fetch_bronze_session_results","filename":"fetch_bronze_session_results.py","lineno":120}
{"timestamp":"2026-06-29T04:37:54.668597Z","level":"info","event":"Fetching session results: https://api.openf1.org/v1/session_result?session_key=11466","logger":"openf1_de.fetch_bronze_session_results","filename":"fetch_bronze_session_results.py","lineno":113}
{"timestamp":"2026-06-29T04:37:55.317581Z","level":"info","event":"Fetching drivers: https://api.openf1.org/v1/drivers?session_key=11466","logger":"openf1_de.fetch_bronze_session_results","filename":"fetch_bronze_session_results.py","lineno":120}
{"timestamp":"2026-06-29T04:37:55.953201Z","level":"info","event":"Fetching session results: https://api.openf1.org/v1/session_result?session_key=11467","logger":"openf1_de.fetch_bronze_session_results","filename":"fetch_bronze_session_results.py","lineno":113}
{"timestamp":"2026-06-29T04:37:56.709819Z","level":"info","event":"Fetching drivers: https://api.openf1.org/v1/drivers?session_key=11467","logger":"openf1_de.fetch_bronze_session_results","filename":"fetch_bronze_session_results.py","lineno":120}
{"timestamp":"2026-06-29T04:37:57.454155Z","level":"info","event":"Fetching session results: https://api.openf1.org/v1/session_result?session_key=11470","logger":"openf1_de.fetch_bronze_session_results","filename":"fetch_bronze_session_results.py","lineno":113}
{"timestamp":"2026-06-29T04:37:58.248395Z","level":"info","event":"Fetching drivers: https://api.openf1.org/v1/drivers?session_key=11470","logger":"openf1_de.fetch_bronze_session_results","filename":"fetch_bronze_session_results.py","lineno":120}
{"timestamp":"2026-06-29T04:37:59.073727Z","level":"info","event":"Fetching session results: https://api.openf1.org/v1/session_result?session_key=11469","logger":"openf1_de.fetch_bronze_session_results","filename":"fetch_bronze_session_results.py","lineno":113}
{"timestamp":"2026-06-29T04:37:59.794723Z","level":"info","event":"Fetching drivers: https://api.openf1.org/v1/drivers?session_key=11469","logger":"openf1_de.fetch_bronze_session_results","filename":"fetch_bronze_session_results.py","lineno":120}
{"timestamp":"2026-06-29T04:38:00.599111Z","level":"info","event":"Fetching session results: https://api.openf1.org/v1/session_result?session_key=11468","logger":"openf1_de.fetch_bronze_session_results","filename":"fetch_bronze_session_results.py","lineno":113}
{"timestamp":"2026-06-29T04:38:01.422310Z","level":"info","event":"Fetching drivers: https://api.openf1.org/v1/drivers?session_key=11468","logger":"openf1_de.fetch_bronze_session_results","filename":"fetch_bronze_session_results.py","lineno":120}
{"timestamp":"2026-06-29T04:38:02.236213Z","level":"info","event":"Fetching session results: https://api.openf1.org/v1/session_result?session_key=11227","logger":"openf1_de.fetch_bronze_session_results","filename":"fetch_bronze_session_results.py","lineno":113}
{"timestamp":"2026-06-29T04:38:03.055757Z","level":"info","event":"Fetching drivers: https://api.openf1.org/v1/drivers?session_key=11227","logger":"openf1_de.fetch_bronze_session_results","filename":"fetch_bronze_session_results.py","lineno":120}
{"timestamp":"2026-06-29T04:38:03.791066Z","level":"info","event":"Fetching session results: https://api.openf1.org/v1/session_result?session_key=11228","logger":"openf1_de.fetch_bronze_session_results","filename":"fetch_bronze_session_results.py","lineno":113}
{"timestamp":"2026-06-29T04:38:04.610485Z","level":"info","event":"Fetching drivers: https://api.openf1.org/v1/drivers?session_key=11228","logger":"openf1_de.fetch_bronze_session_results","filename":"fetch_bronze_session_results.py","lineno":120}
{"timestamp":"2026-06-29T04:38:05.431516Z","level":"info","event":"Fetching session results: https://api.openf1.org/v1/session_result?session_key=11229","logger":"openf1_de.fetch_bronze_session_results","filename":"fetch_bronze_session_results.py","lineno":113}
{"timestamp":"2026-06-29T04:38:06.130427Z","level":"info","event":"Fetching drivers: https://api.openf1.org/v1/drivers?session_key=11229","logger":"openf1_de.fetch_bronze_session_results","filename":"fetch_bronze_session_results.py","lineno":120}
{"timestamp":"2026-06-29T04:38:06.845663Z","level":"info","event":"Fetching session results: https://api.openf1.org/v1/session_result?session_key=11230","logger":"openf1_de.fetch_bronze_session_results","filename":"fetch_bronze_session_results.py","lineno":113}
{"timestamp":"2026-06-29T04:38:07.664354Z","level":"info","event":"Fetching drivers: https://api.openf1.org/v1/drivers?session_key=11230","logger":"openf1_de.fetch_bronze_session_results","filename":"fetch_bronze_session_results.py","lineno":120}
{"timestamp":"2026-06-29T04:38:08.423785Z","level":"info","event":"Fetching session results: https://api.openf1.org/v1/session_result?session_key=11234","logger":"openf1_de.fetch_bronze_session_results","filename":"fetch_bronze_session_results.py","lineno":113}
{"timestamp":"2026-06-29T04:38:09.302568Z","level":"info","event":"Fetching drivers: https://api.openf1.org/v1/drivers?session_key=11234","logger":"openf1_de.fetch_bronze_session_results","filename":"fetch_bronze_session_results.py","lineno":120}
{"timestamp":"2026-06-29T04:38:10.231748Z","level":"info","event":"Fetching session results: https://api.openf1.org/v1/session_result?session_key=11235","logger":"openf1_de.fetch_bronze_session_results","filename":"fetch_bronze_session_results.py","lineno":113}
{"timestamp":"2026-06-29T04:38:10.944394Z","level":"info","event":"Fetching drivers: https://api.openf1.org/v1/drivers?session_key=11235","logger":"openf1_de.fetch_bronze_session_results","filename":"fetch_bronze_session_results.py","lineno":120}
{"timestamp":"2026-06-29T04:38:11.660991Z","level":"info","event":"Fetching session results: https://api.openf1.org/v1/session_result?session_key=11236","logger":"openf1_de.fetch_bronze_session_results","filename":"fetch_bronze_session_results.py","lineno":113}
{"timestamp":"2026-06-29T04:38:12.274406Z","level":"info","event":"Fetching drivers: https://api.openf1.org/v1/drivers?session_key=11236","logger":"openf1_de.fetch_bronze_session_results","filename":"fetch_bronze_session_results.py","lineno":120}
{"timestamp":"2026-06-29T04:38:12.989107Z","level":"info","event":"Fetching session results: https://api.openf1.org/v1/session_result?session_key=11240","logger":"openf1_de.fetch_bronze_session_results","filename":"fetch_bronze_session_results.py","lineno":113}
{"timestamp":"2026-06-29T04:38:13.705964Z","level":"info","event":"Fetching drivers: https://api.openf1.org/v1/drivers?session_key=11240","logger":"openf1_de.fetch_bronze_session_results","filename":"fetch_bronze_session_results.py","lineno":120}
{"timestamp":"2026-06-29T04:38:14.551627Z","level":"info","event":"Fetching session results: https://api.openf1.org/v1/session_result?session_key=11241","logger":"openf1_de.fetch_bronze_session_results","filename":"fetch_bronze_session_results.py","lineno":113}
{"timestamp":"2026-06-29T04:38:15.448077Z","level":"info","event":"Fetching drivers: https://api.openf1.org/v1/drivers?session_key=11241","logger":"openf1_de.fetch_bronze_session_results","filename":"fetch_bronze_session_results.py","lineno":120}
{"timestamp":"2026-06-29T04:38:16.166080Z","level":"info","event":"Fetching session results: https://api.openf1.org/v1/session_result?session_key=11245","logger":"openf1_de.fetch_bronze_session_results","filename":"fetch_bronze_session_results.py","lineno":113}
{"timestamp":"2026-06-29T04:38:16.881209Z","level":"info","event":"Fetching drivers: https://api.openf1.org/v1/drivers?session_key=11245","logger":"openf1_de.fetch_bronze_session_results","filename":"fetch_bronze_session_results.py","lineno":120}
{"timestamp":"2026-06-29T04:38:17.804014Z","level":"info","event":"Fetching session results: https://api.openf1.org/v1/session_result?session_key=11246","logger":"openf1_de.fetch_bronze_session_results","filename":"fetch_bronze_session_results.py","lineno":113}
{"timestamp":"2026-06-29T04:38:18.724875Z","level":"info","event":"Fetching drivers: https://api.openf1.org/v1/drivers?session_key=11246","logger":"openf1_de.fetch_bronze_session_results","filename":"fetch_bronze_session_results.py","lineno":120}
{"timestamp":"2026-06-29T04:38:19.544559Z","level":"info","event":"Fetching session results: https://api.openf1.org/v1/session_result?session_key=11247","logger":"openf1_de.fetch_bronze_session_results","filename":"fetch_bronze_session_results.py","lineno":113}
{"timestamp":"2026-06-29T04:38:20.217073Z","level":"info","event":"Fetching drivers: https://api.openf1.org/v1/drivers?session_key=11247","logger":"openf1_de.fetch_bronze_session_results","filename":"fetch_bronze_session_results.py","lineno":120}
{"timestamp":"2026-06-29T04:38:20.954227Z","level":"info","event":"Fetching session results: https://api.openf1.org/v1/session_result?session_key=11248","logger":"openf1_de.fetch_bronze_session_results","filename":"fetch_bronze_session_results.py","lineno":113}
{"timestamp":"2026-06-29T04:38:21.618167Z","level":"info","event":"Fetching drivers: https://api.openf1.org/v1/drivers?session_key=11248","logger":"openf1_de.fetch_bronze_session_results","filename":"fetch_bronze_session_results.py","lineno":120}
{"timestamp":"2026-06-29T04:38:22.310763Z","level":"info","event":"Fetching session results: https://api.openf1.org/v1/session_result?session_key=11249","logger":"openf1_de.fetch_bronze_session_results","filename":"fetch_bronze_session_results.py","lineno":113}
{"timestamp":"2026-06-29T04:38:23.232314Z","level":"info","event":"Fetching drivers: https://api.openf1.org/v1/drivers?session_key=11249","logger":"openf1_de.fetch_bronze_session_results","filename":"fetch_bronze_session_results.py","lineno":120}
{"timestamp":"2026-06-29T04:38:24.150940Z","level":"error","event":"429: Waiting 35.8s until next minute...","logger":"openf1_de.fetch_bronze_session_results","filename":"fetch_bronze_session_results.py","lineno":56}
{"timestamp":"2026-06-29T04:39:00.708806Z","level":"info","event":"Fetching session results: https://api.openf1.org/v1/session_result?session_key=11253","logger":"openf1_de.fetch_bronze_session_results","filename":"fetch_bronze_session_results.py","lineno":113}
{"timestamp":"2026-06-29T04:39:01.527351Z","level":"info","event":"Fetching drivers: https://api.openf1.org/v1/drivers?session_key=11253","logger":"openf1_de.fetch_bronze_session_results","filename":"fetch_bronze_session_results.py","lineno":120}
{"timestamp":"2026-06-29T04:39:02.263332Z","level":"info","event":"Fetching session results: https://api.openf1.org/v1/session_result?session_key=11254","logger":"openf1_de.fetch_bronze_session_results","filename":"fetch_bronze_session_results.py","lineno":113}
{"timestamp":"2026-06-29T04:39:02.953294Z","level":"error","event":"404: Not found for https://api.openf1.org/v1/session_result?session_key=11254","logger":"openf1_de.fetch_bronze_session_results","filename":"fetch_bronze_session_results.py","lineno":60}
{"timestamp":"2026-06-29T04:39:02.954195Z","level":"info","event":"Fetching drivers: https://api.openf1.org/v1/drivers?session_key=11254","logger":"openf1_de.fetch_bronze_session_results","filename":"fetch_bronze_session_results.py","lineno":120}
{"timestamp":"2026-06-29T04:39:03.780821Z","level":"info","event":"Fetching session results: https://api.openf1.org/v1/session_result?session_key=11255","logger":"openf1_de.fetch_bronze_session_results","filename":"fetch_bronze_session_results.py","lineno":113}
{"timestamp":"2026-06-29T04:39:04.596381Z","level":"error","event":"404: Not found for https://api.openf1.org/v1/session_result?session_key=11255","logger":"openf1_de.fetch_bronze_session_results","filename":"fetch_bronze_session_results.py","lineno":60}
{"timestamp":"2026-06-29T04:39:04.597045Z","level":"info","event":"Fetching drivers: https://api.openf1.org/v1/drivers?session_key=11255","logger":"openf1_de.fetch_bronze_session_results","filename":"fetch_bronze_session_results.py","lineno":120}
{"timestamp":"2026-06-29T04:39:05.418344Z","level":"info","event":"Fetching session results: https://api.openf1.org/v1/session_result?session_key=11256","logger":"openf1_de.fetch_bronze_session_results","filename":"fetch_bronze_session_results.py","lineno":113}
{"timestamp":"2026-06-29T04:39:06.234776Z","level":"error","event":"404: Not found for https://api.openf1.org/v1/session_result?session_key=11256","logger":"openf1_de.fetch_bronze_session_results","filename":"fetch_bronze_session_results.py","lineno":60}
{"timestamp":"2026-06-29T04:39:06.235417Z","level":"info","event":"Fetching drivers: https://api.openf1.org/v1/drivers?session_key=11256","logger":"openf1_de.fetch_bronze_session_results","filename":"fetch_bronze_session_results.py","lineno":120}
{"timestamp":"2026-06-29T04:39:07.056537Z","level":"info","event":"Fetching session results: https://api.openf1.org/v1/session_result?session_key=11257","logger":"openf1_de.fetch_bronze_session_results","filename":"fetch_bronze_session_results.py","lineno":113}
{"timestamp":"2026-06-29T04:39:07.670672Z","level":"error","event":"404: Not found for https://api.openf1.org/v1/session_result?session_key=11257","logger":"openf1_de.fetch_bronze_session_results","filename":"fetch_bronze_session_results.py","lineno":60}
{"timestamp":"2026-06-29T04:39:07.671419Z","level":"info","event":"Fetching drivers: https://api.openf1.org/v1/drivers?session_key=11257","logger":"openf1_de.fetch_bronze_session_results","filename":"fetch_bronze_session_results.py","lineno":120}
{"timestamp":"2026-06-29T04:39:08.289653Z","level":"info","event":"Fetching session results: https://api.openf1.org/v1/session_result?session_key=11261","logger":"openf1_de.fetch_bronze_session_results","filename":"fetch_bronze_session_results.py","lineno":113}
{"timestamp":"2026-06-29T04:39:09.000077Z","level":"error","event":"404: Not found for https://api.openf1.org/v1/session_result?session_key=11261","logger":"openf1_de.fetch_bronze_session_results","filename":"fetch_bronze_session_results.py","lineno":60}
{"timestamp":"2026-06-29T04:39:09.000781Z","level":"info","event":"Fetching drivers: https://api.openf1.org/v1/drivers?session_key=11261","logger":"openf1_de.fetch_bronze_session_results","filename":"fetch_bronze_session_results.py","lineno":120}
{"timestamp":"2026-06-29T04:39:09.823127Z","level":"info","event":"Fetching session results: https://api.openf1.org/v1/session_result?session_key=11262","logger":"openf1_de.fetch_bronze_session_results","filename":"fetch_bronze_session_results.py","lineno":113}
{"timestamp":"2026-06-29T04:39:10.741577Z","level":"error","event":"404: Not found for https://api.openf1.org/v1/session_result?session_key=11262","logger":"openf1_de.fetch_bronze_session_results","filename":"fetch_bronze_session_results.py","lineno":60}
{"timestamp":"2026-06-29T04:39:10.742534Z","level":"info","event":"Fetching drivers: https://api.openf1.org/v1/drivers?session_key=11262","logger":"openf1_de.fetch_bronze_session_results","filename":"fetch_bronze_session_results.py","lineno":120}
{"timestamp":"2026-06-29T04:39:11.636180Z","level":"info","event":"Fetching session results: https://api.openf1.org/v1/session_result?session_key=11263","logger":"openf1_de.fetch_bronze_session_results","filename":"fetch_bronze_session_results.py","lineno":113}
{"timestamp":"2026-06-29T04:39:12.304052Z","level":"error","event":"404: Not found for https://api.openf1.org/v1/session_result?session_key=11263","logger":"openf1_de.fetch_bronze_session_results","filename":"fetch_bronze_session_results.py","lineno":60}
{"timestamp":"2026-06-29T04:39:12.304562Z","level":"info","event":"Fetching drivers: https://api.openf1.org/v1/drivers?session_key=11263","logger":"openf1_de.fetch_bronze_session_results","filename":"fetch_bronze_session_results.py","lineno":120}
{"timestamp":"2026-06-29T04:39:12.975346Z","level":"info","event":"Fetching session results: https://api.openf1.org/v1/session_result?session_key=11264","logger":"openf1_de.fetch_bronze_session_results","filename":"fetch_bronze_session_results.py","lineno":113}
{"timestamp":"2026-06-29T04:39:13.629035Z","level":"error","event":"404: Not found for https://api.openf1.org/v1/session_result?session_key=11264","logger":"openf1_de.fetch_bronze_session_results","filename":"fetch_bronze_session_results.py","lineno":60}
{"timestamp":"2026-06-29T04:39:13.629451Z","level":"info","event":"Fetching drivers: https://api.openf1.org/v1/drivers?session_key=11264","logger":"openf1_de.fetch_bronze_session_results","filename":"fetch_bronze_session_results.py","lineno":120}
{"timestamp":"2026-06-29T04:39:14.361154Z","level":"info","event":"Fetching session results: https://api.openf1.org/v1/session_result?session_key=11265","logger":"openf1_de.fetch_bronze_session_results","filename":"fetch_bronze_session_results.py","lineno":113}
{"timestamp":"2026-06-29T04:39:15.042623Z","level":"error","event":"404: Not found for https://api.openf1.org/v1/session_result?session_key=11265","logger":"openf1_de.fetch_bronze_session_results","filename":"fetch_bronze_session_results.py","lineno":60}
{"timestamp":"2026-06-29T04:39:15.043084Z","level":"info","event":"Fetching drivers: https://api.openf1.org/v1/drivers?session_key=11265","logger":"openf1_de.fetch_bronze_session_results","filename":"fetch_bronze_session_results.py","lineno":120}
{"timestamp":"2026-06-29T04:39:15.967518Z","level":"info","event":"Fetching session results: https://api.openf1.org/v1/session_result?session_key=11269","logger":"openf1_de.fetch_bronze_session_results","filename":"fetch_bronze_session_results.py","lineno":113}
{"timestamp":"2026-06-29T04:39:16.822661Z","level":"error","event":"404: Not found for https://api.openf1.org/v1/session_result?session_key=11269","logger":"openf1_de.fetch_bronze_session_results","filename":"fetch_bronze_session_results.py","lineno":60}
{"timestamp":"2026-06-29T04:39:16.823452Z","level":"info","event":"Fetching drivers: https://api.openf1.org/v1/drivers?session_key=11269","logger":"openf1_de.fetch_bronze_session_results","filename":"fetch_bronze_session_results.py","lineno":120}
{"timestamp":"2026-06-29T04:39:17.606415Z","level":"info","event":"Fetching session results: https://api.openf1.org/v1/session_result?session_key=11270","logger":"openf1_de.fetch_bronze_session_results","filename":"fetch_bronze_session_results.py","lineno":113}
{"timestamp":"2026-06-29T04:39:18.435502Z","level":"info","event":"Fetching drivers: https://api.openf1.org/v1/drivers?session_key=11270","logger":"openf1_de.fetch_bronze_session_results","filename":"fetch_bronze_session_results.py","lineno":120}
{"timestamp":"2026-06-29T04:39:19.259989Z","level":"info","event":"Fetching session results: https://api.openf1.org/v1/session_result?session_key=11271","logger":"openf1_de.fetch_bronze_session_results","filename":"fetch_bronze_session_results.py","lineno":113}
{"timestamp":"2026-06-29T04:39:20.066586Z","level":"info","event":"Fetching drivers: https://api.openf1.org/v1/drivers?session_key=11271","logger":"openf1_de.fetch_bronze_session_results","filename":"fetch_bronze_session_results.py","lineno":120}
{"timestamp":"2026-06-29T04:39:20.883553Z","level":"info","event":"Fetching session results: https://api.openf1.org/v1/session_result?session_key=11275","logger":"openf1_de.fetch_bronze_session_results","filename":"fetch_bronze_session_results.py","lineno":113}
{"timestamp":"2026-06-29T04:39:21.611002Z","level":"info","event":"Fetching drivers: https://api.openf1.org/v1/drivers?session_key=11275","logger":"openf1_de.fetch_bronze_session_results","filename":"fetch_bronze_session_results.py","lineno":120}
{"timestamp":"2026-06-29T04:39:22.299960Z","level":"info","event":"Fetching session results: https://api.openf1.org/v1/session_result?session_key=11276","logger":"openf1_de.fetch_bronze_session_results","filename":"fetch_bronze_session_results.py","lineno":113}
{"timestamp":"2026-06-29T04:39:22.932400Z","level":"info","event":"Fetching drivers: https://api.openf1.org/v1/drivers?session_key=11276","logger":"openf1_de.fetch_bronze_session_results","filename":"fetch_bronze_session_results.py","lineno":120}
{"timestamp":"2026-06-29T04:39:23.646404Z","level":"error","event":"429: Waiting 36.4s until next minute...","logger":"openf1_de.fetch_bronze_session_results","filename":"fetch_bronze_session_results.py","lineno":56}
{"timestamp":"2026-06-29T04:40:00.817806Z","level":"info","event":"Fetching session results: https://api.openf1.org/v1/session_result?session_key=11280","logger":"openf1_de.fetch_bronze_session_results","filename":"fetch_bronze_session_results.py","lineno":113}
{"timestamp":"2026-06-29T04:40:01.738859Z","level":"info","event":"Fetching drivers: https://api.openf1.org/v1/drivers?session_key=11280","logger":"openf1_de.fetch_bronze_session_results","filename":"fetch_bronze_session_results.py","lineno":120}
{"timestamp":"2026-06-29T04:40:02.559413Z","level":"info","event":"Fetching session results: https://api.openf1.org/v1/session_result?session_key=11281","logger":"openf1_de.fetch_bronze_session_results","filename":"fetch_bronze_session_results.py","lineno":113}
{"timestamp":"2026-06-29T04:40:03.174240Z","level":"info","event":"Fetching drivers: https://api.openf1.org/v1/drivers?session_key=11281","logger":"openf1_de.fetch_bronze_session_results","filename":"fetch_bronze_session_results.py","lineno":120}
{"timestamp":"2026-06-29T04:40:04.093737Z","level":"info","event":"Fetching session results: https://api.openf1.org/v1/session_result?session_key=11282","logger":"openf1_de.fetch_bronze_session_results","filename":"fetch_bronze_session_results.py","lineno":113}
{"timestamp":"2026-06-29T04:40:04.912445Z","level":"info","event":"Fetching drivers: https://api.openf1.org/v1/drivers?session_key=11282","logger":"openf1_de.fetch_bronze_session_results","filename":"fetch_bronze_session_results.py","lineno":120}
{"timestamp":"2026-06-29T04:40:05.530039Z","level":"info","event":"Fetching session results: https://api.openf1.org/v1/session_result?session_key=11286","logger":"openf1_de.fetch_bronze_session_results","filename":"fetch_bronze_session_results.py","lineno":113}
{"timestamp":"2026-06-29T04:40:06.348178Z","level":"info","event":"Fetching drivers: https://api.openf1.org/v1/drivers?session_key=11286","logger":"openf1_de.fetch_bronze_session_results","filename":"fetch_bronze_session_results.py","lineno":120}
{"timestamp":"2026-06-29T04:40:07.120672Z","level":"info","event":"Fetching session results: https://api.openf1.org/v1/session_result?session_key=11287","logger":"openf1_de.fetch_bronze_session_results","filename":"fetch_bronze_session_results.py","lineno":113}
{"timestamp":"2026-06-29T04:40:07.919651Z","level":"info","event":"Fetching drivers: https://api.openf1.org/v1/drivers?session_key=11287","logger":"openf1_de.fetch_bronze_session_results","filename":"fetch_bronze_session_results.py","lineno":120}
{"timestamp":"2026-06-29T04:40:08.710412Z","level":"info","event":"Fetching session results: https://api.openf1.org/v1/session_result?session_key=11291","logger":"openf1_de.fetch_bronze_session_results","filename":"fetch_bronze_session_results.py","lineno":113}
{"timestamp":"2026-06-29T04:40:09.526780Z","level":"info","event":"Fetching drivers: https://api.openf1.org/v1/drivers?session_key=11291","logger":"openf1_de.fetch_bronze_session_results","filename":"fetch_bronze_session_results.py","lineno":120}
{"timestamp":"2026-06-29T04:40:10.351111Z","level":"info","event":"Fetching session results: https://api.openf1.org/v1/session_result?session_key=11292","logger":"openf1_de.fetch_bronze_session_results","filename":"fetch_bronze_session_results.py","lineno":113}
{"timestamp":"2026-06-29T04:40:11.266941Z","level":"info","event":"Fetching drivers: https://api.openf1.org/v1/drivers?session_key=11292","logger":"openf1_de.fetch_bronze_session_results","filename":"fetch_bronze_session_results.py","lineno":120}
{"timestamp":"2026-06-29T04:40:12.187928Z","level":"info","event":"Fetching session results: https://api.openf1.org/v1/session_result?session_key=11293","logger":"openf1_de.fetch_bronze_session_results","filename":"fetch_bronze_session_results.py","lineno":113}
{"timestamp":"2026-06-29T04:40:13.106487Z","level":"info","event":"Fetching drivers: https://api.openf1.org/v1/drivers?session_key=11293","logger":"openf1_de.fetch_bronze_session_results","filename":"fetch_bronze_session_results.py","lineno":120}
{"timestamp":"2026-06-29T04:40:13.930325Z","level":"info","event":"Fetching session results: https://api.openf1.org/v1/session_result?session_key=11294","logger":"openf1_de.fetch_bronze_session_results","filename":"fetch_bronze_session_results.py","lineno":113}
{"timestamp":"2026-06-29T04:40:14.747772Z","level":"info","event":"Fetching drivers: https://api.openf1.org/v1/drivers?session_key=11294","logger":"openf1_de.fetch_bronze_session_results","filename":"fetch_bronze_session_results.py","lineno":120}
{"timestamp":"2026-06-29T04:40:15.671521Z","level":"info","event":"Fetching session results: https://api.openf1.org/v1/session_result?session_key=11295","logger":"openf1_de.fetch_bronze_session_results","filename":"fetch_bronze_session_results.py","lineno":113}
{"timestamp":"2026-06-29T04:40:16.588694Z","level":"info","event":"Fetching drivers: https://api.openf1.org/v1/drivers?session_key=11295","logger":"openf1_de.fetch_bronze_session_results","filename":"fetch_bronze_session_results.py","lineno":120}
{"timestamp":"2026-06-29T04:40:17.303322Z","level":"info","event":"Fetching session results: https://api.openf1.org/v1/session_result?session_key=11299","logger":"openf1_de.fetch_bronze_session_results","filename":"fetch_bronze_session_results.py","lineno":113}
{"timestamp":"2026-06-29T04:40:18.126853Z","level":"info","event":"Fetching drivers: https://api.openf1.org/v1/drivers?session_key=11299","logger":"openf1_de.fetch_bronze_session_results","filename":"fetch_bronze_session_results.py","lineno":120}
{"timestamp":"2026-06-29T04:40:19.049418Z","level":"info","event":"Fetching session results: https://api.openf1.org/v1/session_result?session_key=11300","logger":"openf1_de.fetch_bronze_session_results","filename":"fetch_bronze_session_results.py","lineno":113}
{"timestamp":"2026-06-29T04:40:19.971725Z","level":"info","event":"Fetching drivers: https://api.openf1.org/v1/drivers?session_key=11300","logger":"openf1_de.fetch_bronze_session_results","filename":"fetch_bronze_session_results.py","lineno":120}
{"timestamp":"2026-06-29T04:40:20.821031Z","level":"info","event":"Fetching session results: https://api.openf1.org/v1/session_result?session_key=11301","logger":"openf1_de.fetch_bronze_session_results","filename":"fetch_bronze_session_results.py","lineno":113}
{"timestamp":"2026-06-29T04:40:21.628047Z","level":"info","event":"Fetching drivers: https://api.openf1.org/v1/drivers?session_key=11301","logger":"openf1_de.fetch_bronze_session_results","filename":"fetch_bronze_session_results.py","lineno":120}
{"timestamp":"2026-06-29T04:40:22.530033Z","level":"info","event":"Fetching session results: https://api.openf1.org/v1/session_result?session_key=11302","logger":"openf1_de.fetch_bronze_session_results","filename":"fetch_bronze_session_results.py","lineno":113}
{"timestamp":"2026-06-29T04:40:23.372970Z","level":"info","event":"Fetching drivers: https://api.openf1.org/v1/drivers?session_key=11302","logger":"openf1_de.fetch_bronze_session_results","filename":"fetch_bronze_session_results.py","lineno":120}
{"timestamp":"2026-06-29T04:40:24.171613Z","level":"info","event":"Fetching session results: https://api.openf1.org/v1/session_result?session_key=11303","logger":"openf1_de.fetch_bronze_session_results","filename":"fetch_bronze_session_results.py","lineno":113}
{"timestamp":"2026-06-29T04:40:25.009969Z","level":"info","event":"Fetching drivers: https://api.openf1.org/v1/drivers?session_key=11303","logger":"openf1_de.fetch_bronze_session_results","filename":"fetch_bronze_session_results.py","lineno":120}
{"timestamp":"2026-06-29T04:40:25.901640Z","level":"error","event":"429: Waiting 34.1s until next minute...","logger":"openf1_de.fetch_bronze_session_results","filename":"fetch_bronze_session_results.py","lineno":56}
{"timestamp":"2026-06-29T04:41:00.922511Z","level":"info","event":"Fetching session results: https://api.openf1.org/v1/session_result?session_key=11307","logger":"openf1_de.fetch_bronze_session_results","filename":"fetch_bronze_session_results.py","lineno":113}
{"timestamp":"2026-06-29T04:41:01.739500Z","level":"info","event":"Fetching drivers: https://api.openf1.org/v1/drivers?session_key=11307","logger":"openf1_de.fetch_bronze_session_results","filename":"fetch_bronze_session_results.py","lineno":120}
{"timestamp":"2026-06-29T04:41:02.456053Z","level":"info","event":"Fetching session results: https://api.openf1.org/v1/session_result?session_key=11308","logger":"openf1_de.fetch_bronze_session_results","filename":"fetch_bronze_session_results.py","lineno":113}
{"timestamp":"2026-06-29T04:41:03.172162Z","level":"info","event":"Fetching drivers: https://api.openf1.org/v1/drivers?session_key=11308","logger":"openf1_de.fetch_bronze_session_results","filename":"fetch_bronze_session_results.py","lineno":120}
{"timestamp":"2026-06-29T04:41:03.768444Z","level":"info","event":"Fetching session results: https://api.openf1.org/v1/session_result?session_key=11309","logger":"openf1_de.fetch_bronze_session_results","filename":"fetch_bronze_session_results.py","lineno":113}
{"timestamp":"2026-06-29T04:41:04.519884Z","level":"info","event":"Fetching drivers: https://api.openf1.org/v1/drivers?session_key=11309","logger":"openf1_de.fetch_bronze_session_results","filename":"fetch_bronze_session_results.py","lineno":120}
{"timestamp":"2026-06-29T04:41:05.221618Z","level":"info","event":"Fetching session results: https://api.openf1.org/v1/session_result?session_key=11310","logger":"openf1_de.fetch_bronze_session_results","filename":"fetch_bronze_session_results.py","lineno":113}
{"timestamp":"2026-06-29T04:41:05.964827Z","level":"info","event":"Fetching drivers: https://api.openf1.org/v1/drivers?session_key=11310","logger":"openf1_de.fetch_bronze_session_results","filename":"fetch_bronze_session_results.py","lineno":120}
{"timestamp":"2026-06-29T04:41:06.868355Z","level":"info","event":"Fetching session results: https://api.openf1.org/v1/session_result?session_key=11311","logger":"openf1_de.fetch_bronze_session_results","filename":"fetch_bronze_session_results.py","lineno":113}
{"timestamp":"2026-06-29T04:41:07.781119Z","level":"info","event":"Fetching drivers: https://api.openf1.org/v1/drivers?session_key=11311","logger":"openf1_de.fetch_bronze_session_results","filename":"fetch_bronze_session_results.py","lineno":120}
{"timestamp":"2026-06-29T04:41:08.706497Z","level":"info","event":"Fetching session results: https://api.openf1.org/v1/session_result?session_key=11315","logger":"openf1_de.fetch_bronze_session_results","filename":"fetch_bronze_session_results.py","lineno":113}
{"timestamp":"2026-06-29T04:41:09.625886Z","level":"info","event":"Fetching drivers: https://api.openf1.org/v1/drivers?session_key=11315","logger":"openf1_de.fetch_bronze_session_results","filename":"fetch_bronze_session_results.py","lineno":120}
{"timestamp":"2026-06-29T04:41:10.444198Z","level":"info","event":"Concatenating session results","logger":"openf1_de.fetch_bronze_session_results","filename":"fetch_bronze_session_results.py","lineno":131}
{"timestamp":"2026-06-29T04:41:10.469135Z","level":"info","event":"Concatenating drivers","logger":"openf1_de.fetch_bronze_session_results","filename":"fetch_bronze_session_results.py","lineno":139}
{"timestamp":"2026-06-29T04:41:10.474495Z","level":"info","event":"Uploading session results to GCS: bronze/session_results/2026.parquet","logger":"openf1_de.fetch_bronze_session_results","filename":"fetch_bronze_session_results.py","lineno":144}
{"timestamp":"2026-06-29T04:41:11.368054Z","level":"info","event":"Without local save Cannot save file into a non-existent directory: '../../data/bronze/session_results'","logger":"openf1_de.fetch_bronze_session_results","filename":"fetch_bronze_session_results.py","lineno":87}
{"timestamp":"2026-06-29T04:41:11.368420Z","level":"info","event":"Uploading drivers to GCS: bronze/drivers/2026.parquet","logger":"openf1_de.fetch_bronze_session_results","filename":"fetch_bronze_session_results.py","lineno":147}
{"timestamp":"2026-06-29T04:41:12.084917Z","level":"info","event":"Without local save Cannot save file into a non-existent directory: '../../data/bronze/drivers'","logger":"openf1_de.fetch_bronze_session_results","filename":"fetch_bronze_session_results.py","lineno":87}
{"timestamp":"2026-06-29T04:41:12.087577Z","level":"info","event":"Done. Returned value was: None","logger":"airflow.task.operators.airflow.providers.standard.operators.python.PythonOperator","filename":"python.py","lineno":229}
