{"timestamp":"2026-06-25T10:42:18.994775Z","level":"info","event":"DAG bundles loaded: dags-folder","logger":"airflow.dag_processing.bundles.manager.DagBundlesManager","filename":"manager.py","lineno":209}
{"timestamp":"2026-06-25T10:42:18.998332Z","level":"info","event":"Filling up the DagBag from /opt/airflow/dags/openf1_session_results.py","logger":"airflow.dag_processing.dagbag.BundleDagBag","filename":"dagbag.py","lineno":469}
{"timestamp":"2026-06-25T10:42:22.940426Z","level":"warning","event":"The `airflow.operators.python.PythonOperator` attribute is deprecated. Please use `'airflow.providers.standard.operators.python.PythonOperator'`.","category":"UserWarning","filename":"/opt/airflow/dags/openf1_session_results.py","lineno":3,"logger":"py.warnings"}
{"timestamp":"2026-06-25T10:42:22.998417Z","level":"info","event":"Init Bigquery Client","logger":"openf1_de.fetch_bronze_session_results","filename":"fetch_bronze_session_results.py","lineno":92}
{"timestamp":"2026-06-25T10:42:23.055704Z","level":"info","event":"Fetch stg_sessions","logger":"openf1_de.fetch_bronze_session_results","filename":"fetch_bronze_session_results.py","lineno":95}
{"timestamp":"2026-06-25T10:42:25.297471Z","level":"info","event":"Using columns ['session_key', 'date_start', 'session_type', 'session_name', 'year'] for sessions before 2026-06-25 10:42:25.297321+00:00","logger":"openf1_de.fetch_bronze_session_results","filename":"fetch_bronze_session_results.py","lineno":100}
{"timestamp":"2026-06-25T10:42:25.302240Z","level":"info","event":"Fetching session results and drivers per session","logger":"openf1_de.fetch_bronze_session_results","filename":"fetch_bronze_session_results.py","lineno":107}
{"timestamp":"2026-06-25T10:42:25.303804Z","level":"info","event":"Fetching session results: https://api.openf1.org/v1/session_result?session_key=9683","logger":"openf1_de.fetch_bronze_session_results","filename":"fetch_bronze_session_results.py","lineno":113}
{"timestamp":"2026-06-25T10:42:26.046368Z","level":"info","event":"Fetching drivers: https://api.openf1.org/v1/drivers?session_key=9683","logger":"openf1_de.fetch_bronze_session_results","filename":"fetch_bronze_session_results.py","lineno":120}
{"timestamp":"2026-06-25T10:42:26.676265Z","level":"info","event":"Fetching session results: https://api.openf1.org/v1/session_result?session_key=9684","logger":"openf1_de.fetch_bronze_session_results","filename":"fetch_bronze_session_results.py","lineno":113}
{"timestamp":"2026-06-25T10:42:27.329026Z","level":"info","event":"Fetching drivers: https://api.openf1.org/v1/drivers?session_key=9684","logger":"openf1_de.fetch_bronze_session_results","filename":"fetch_bronze_session_results.py","lineno":120}
{"timestamp":"2026-06-25T10:42:28.002478Z","level":"info","event":"Fetching session results: https://api.openf1.org/v1/session_result?session_key=9685","logger":"openf1_de.fetch_bronze_session_results","filename":"fetch_bronze_session_results.py","lineno":113}
{"timestamp":"2026-06-25T10:42:28.597685Z","level":"info","event":"Fetching drivers: https://api.openf1.org/v1/drivers?session_key=9685","logger":"openf1_de.fetch_bronze_session_results","filename":"fetch_bronze_session_results.py","lineno":120}
{"timestamp":"2026-06-25T10:42:29.195077Z","level":"info","event":"Fetching session results: https://api.openf1.org/v1/session_result?session_key=9686","logger":"openf1_de.fetch_bronze_session_results","filename":"fetch_bronze_session_results.py","lineno":113}
{"timestamp":"2026-06-25T10:42:29.799727Z","level":"info","event":"Fetching drivers: https://api.openf1.org/v1/drivers?session_key=9686","logger":"openf1_de.fetch_bronze_session_results","filename":"fetch_bronze_session_results.py","lineno":120}
{"timestamp":"2026-06-25T10:42:30.393076Z","level":"info","event":"Fetching session results: https://api.openf1.org/v1/session_result?session_key=9687","logger":"openf1_de.fetch_bronze_session_results","filename":"fetch_bronze_session_results.py","lineno":113}
{"timestamp":"2026-06-25T10:42:31.116642Z","level":"info","event":"Fetching drivers: https://api.openf1.org/v1/drivers?session_key=9687","logger":"openf1_de.fetch_bronze_session_results","filename":"fetch_bronze_session_results.py","lineno":120}
{"timestamp":"2026-06-25T10:42:31.751321Z","level":"info","event":"Fetching session results: https://api.openf1.org/v1/session_result?session_key=9688","logger":"openf1_de.fetch_bronze_session_results","filename":"fetch_bronze_session_results.py","lineno":113}
{"timestamp":"2026-06-25T10:42:32.346074Z","level":"info","event":"Fetching drivers: https://api.openf1.org/v1/drivers?session_key=9688","logger":"openf1_de.fetch_bronze_session_results","filename":"fetch_bronze_session_results.py","lineno":120}
{"timestamp":"2026-06-25T10:42:32.981136Z","level":"info","event":"Fetching session results: https://api.openf1.org/v1/session_result?session_key=9689","logger":"openf1_de.fetch_bronze_session_results","filename":"fetch_bronze_session_results.py","lineno":113}
{"timestamp":"2026-06-25T10:42:33.583539Z","level":"info","event":"Fetching drivers: https://api.openf1.org/v1/drivers?session_key=9689","logger":"openf1_de.fetch_bronze_session_results","filename":"fetch_bronze_session_results.py","lineno":120}
{"timestamp":"2026-06-25T10:42:34.233582Z","level":"info","event":"Fetching session results: https://api.openf1.org/v1/session_result?session_key=9693","logger":"openf1_de.fetch_bronze_session_results","filename":"fetch_bronze_session_results.py","lineno":113}
{"timestamp":"2026-06-25T10:42:34.869440Z","level":"info","event":"Fetching drivers: https://api.openf1.org/v1/drivers?session_key=9693","logger":"openf1_de.fetch_bronze_session_results","filename":"fetch_bronze_session_results.py","lineno":120}
{"timestamp":"2026-06-25T10:42:35.503712Z","level":"info","event":"Fetching session results: https://api.openf1.org/v1/session_result?session_key=9988","logger":"openf1_de.fetch_bronze_session_results","filename":"fetch_bronze_session_results.py","lineno":113}
{"timestamp":"2026-06-25T10:42:36.208719Z","level":"info","event":"Fetching drivers: https://api.openf1.org/v1/drivers?session_key=9988","logger":"openf1_de.fetch_bronze_session_results","filename":"fetch_bronze_session_results.py","lineno":120}
{"timestamp":"2026-06-25T10:42:36.850089Z","level":"info","event":"Fetching session results: https://api.openf1.org/v1/session_result?session_key=9989","logger":"openf1_de.fetch_bronze_session_results","filename":"fetch_bronze_session_results.py","lineno":113}
{"timestamp":"2026-06-25T10:42:37.466027Z","level":"info","event":"Fetching drivers: https://api.openf1.org/v1/drivers?session_key=9989","logger":"openf1_de.fetch_bronze_session_results","filename":"fetch_bronze_session_results.py","lineno":120}
{"timestamp":"2026-06-25T10:42:38.086613Z","level":"info","event":"Fetching session results: https://api.openf1.org/v1/session_result?session_key=9993","logger":"openf1_de.fetch_bronze_session_results","filename":"fetch_bronze_session_results.py","lineno":113}
{"timestamp":"2026-06-25T10:42:38.698692Z","level":"info","event":"Fetching drivers: https://api.openf1.org/v1/drivers?session_key=9993","logger":"openf1_de.fetch_bronze_session_results","filename":"fetch_bronze_session_results.py","lineno":120}
{"timestamp":"2026-06-25T10:42:39.401406Z","level":"info","event":"Fetching session results: https://api.openf1.org/v1/session_result?session_key=9994","logger":"openf1_de.fetch_bronze_session_results","filename":"fetch_bronze_session_results.py","lineno":113}
{"timestamp":"2026-06-25T10:42:40.097945Z","level":"info","event":"Fetching drivers: https://api.openf1.org/v1/drivers?session_key=9994","logger":"openf1_de.fetch_bronze_session_results","filename":"fetch_bronze_session_results.py","lineno":120}
{"timestamp":"2026-06-25T10:42:40.767138Z","level":"info","event":"Fetching session results: https://api.openf1.org/v1/session_result?session_key=9998","logger":"openf1_de.fetch_bronze_session_results","filename":"fetch_bronze_session_results.py","lineno":113}
{"timestamp":"2026-06-25T10:42:41.382663Z","level":"info","event":"Fetching drivers: https://api.openf1.org/v1/drivers?session_key=9998","logger":"openf1_de.fetch_bronze_session_results","filename":"fetch_bronze_session_results.py","lineno":120}
{"timestamp":"2026-06-25T10:42:41.989825Z","level":"info","event":"Fetching session results: https://api.openf1.org/v1/session_result?session_key=9999","logger":"openf1_de.fetch_bronze_session_results","filename":"fetch_bronze_session_results.py","lineno":113}
{"timestamp":"2026-06-25T10:42:42.653547Z","level":"info","event":"Fetching drivers: https://api.openf1.org/v1/drivers?session_key=9999","logger":"openf1_de.fetch_bronze_session_results","filename":"fetch_bronze_session_results.py","lineno":120}
{"timestamp":"2026-06-25T10:42:43.272635Z","level":"info","event":"Fetching session results: https://api.openf1.org/v1/session_result?session_key=10000","logger":"openf1_de.fetch_bronze_session_results","filename":"fetch_bronze_session_results.py","lineno":113}
{"timestamp":"2026-06-25T10:42:43.866664Z","level":"info","event":"Fetching drivers: https://api.openf1.org/v1/drivers?session_key=10000","logger":"openf1_de.fetch_bronze_session_results","filename":"fetch_bronze_session_results.py","lineno":120}
{"timestamp":"2026-06-25T10:42:44.521173Z","level":"info","event":"Fetching session results: https://api.openf1.org/v1/session_result?session_key=10001","logger":"openf1_de.fetch_bronze_session_results","filename":"fetch_bronze_session_results.py","lineno":113}
{"timestamp":"2026-06-25T10:42:45.122688Z","level":"error","event":"429: Waiting 14.9s until next minute...","logger":"openf1_de.fetch_bronze_session_results","filename":"fetch_bronze_session_results.py","lineno":56}
{"timestamp":"2026-06-25T10:43:00.620719Z","level":"info","event":"Fetching drivers: https://api.openf1.org/v1/drivers?session_key=10001","logger":"openf1_de.fetch_bronze_session_results","filename":"fetch_bronze_session_results.py","lineno":120}
{"timestamp":"2026-06-25T10:43:01.236388Z","level":"info","event":"Fetching session results: https://api.openf1.org/v1/session_result?session_key=10002","logger":"openf1_de.fetch_bronze_session_results","filename":"fetch_bronze_session_results.py","lineno":113}
{"timestamp":"2026-06-25T10:43:01.831292Z","level":"info","event":"Fetching drivers: https://api.openf1.org/v1/drivers?session_key=10002","logger":"openf1_de.fetch_bronze_session_results","filename":"fetch_bronze_session_results.py","lineno":120}
{"timestamp":"2026-06-25T10:43:02.481571Z","level":"info","event":"Fetching session results: https://api.openf1.org/v1/session_result?session_key=10006","logger":"openf1_de.fetch_bronze_session_results","filename":"fetch_bronze_session_results.py","lineno":113}
{"timestamp":"2026-06-25T10:43:03.088324Z","level":"info","event":"Fetching drivers: https://api.openf1.org/v1/drivers?session_key=10006","logger":"openf1_de.fetch_bronze_session_results","filename":"fetch_bronze_session_results.py","lineno":120}
{"timestamp":"2026-06-25T10:43:03.788196Z","level":"info","event":"Fetching session results: https://api.openf1.org/v1/session_result?session_key=10007","logger":"openf1_de.fetch_bronze_session_results","filename":"fetch_bronze_session_results.py","lineno":113}
{"timestamp":"2026-06-25T10:43:04.417954Z","level":"info","event":"Fetching drivers: https://api.openf1.org/v1/drivers?session_key=10007","logger":"openf1_de.fetch_bronze_session_results","filename":"fetch_bronze_session_results.py","lineno":120}
{"timestamp":"2026-06-25T10:43:05.027680Z","level":"info","event":"Fetching session results: https://api.openf1.org/v1/session_result?session_key=10008","logger":"openf1_de.fetch_bronze_session_results","filename":"fetch_bronze_session_results.py","lineno":113}
{"timestamp":"2026-06-25T10:43:05.676837Z","level":"info","event":"Fetching drivers: https://api.openf1.org/v1/drivers?session_key=10008","logger":"openf1_de.fetch_bronze_session_results","filename":"fetch_bronze_session_results.py","lineno":120}
{"timestamp":"2026-06-25T10:43:06.367986Z","level":"info","event":"Fetching session results: https://api.openf1.org/v1/session_result?session_key=10009","logger":"openf1_de.fetch_bronze_session_results","filename":"fetch_bronze_session_results.py","lineno":113}
{"timestamp":"2026-06-25T10:43:07.030088Z","level":"info","event":"Fetching drivers: https://api.openf1.org/v1/drivers?session_key=10009","logger":"openf1_de.fetch_bronze_session_results","filename":"fetch_bronze_session_results.py","lineno":120}
{"timestamp":"2026-06-25T10:43:07.648544Z","level":"info","event":"Fetching session results: https://api.openf1.org/v1/session_result?session_key=10010","logger":"openf1_de.fetch_bronze_session_results","filename":"fetch_bronze_session_results.py","lineno":113}
{"timestamp":"2026-06-25T10:43:08.255837Z","level":"info","event":"Fetching drivers: https://api.openf1.org/v1/drivers?session_key=10010","logger":"openf1_de.fetch_bronze_session_results","filename":"fetch_bronze_session_results.py","lineno":120}
{"timestamp":"2026-06-25T10:43:08.915140Z","level":"info","event":"Fetching session results: https://api.openf1.org/v1/session_result?session_key=10014","logger":"openf1_de.fetch_bronze_session_results","filename":"fetch_bronze_session_results.py","lineno":113}
{"timestamp":"2026-06-25T10:43:09.562930Z","level":"info","event":"Fetching drivers: https://api.openf1.org/v1/drivers?session_key=10014","logger":"openf1_de.fetch_bronze_session_results","filename":"fetch_bronze_session_results.py","lineno":120}
{"timestamp":"2026-06-25T10:43:10.176117Z","level":"info","event":"Fetching session results: https://api.openf1.org/v1/session_result?session_key=10015","logger":"openf1_de.fetch_bronze_session_results","filename":"fetch_bronze_session_results.py","lineno":113}
{"timestamp":"2026-06-25T10:43:10.786852Z","level":"info","event":"Fetching drivers: https://api.openf1.org/v1/drivers?session_key=10015","logger":"openf1_de.fetch_bronze_session_results","filename":"fetch_bronze_session_results.py","lineno":120}
{"timestamp":"2026-06-25T10:43:11.486124Z","level":"info","event":"Fetching session results: https://api.openf1.org/v1/session_result?session_key=10016","logger":"openf1_de.fetch_bronze_session_results","filename":"fetch_bronze_session_results.py","lineno":113}
{"timestamp":"2026-06-25T10:43:12.079933Z","level":"info","event":"Fetching drivers: https://api.openf1.org/v1/drivers?session_key=10016","logger":"openf1_de.fetch_bronze_session_results","filename":"fetch_bronze_session_results.py","lineno":120}
{"timestamp":"2026-06-25T10:43:12.700059Z","level":"info","event":"Fetching session results: https://api.openf1.org/v1/session_result?session_key=10017","logger":"openf1_de.fetch_bronze_session_results","filename":"fetch_bronze_session_results.py","lineno":113}
{"timestamp":"2026-06-25T10:43:13.375296Z","level":"info","event":"Fetching drivers: https://api.openf1.org/v1/drivers?session_key=10017","logger":"openf1_de.fetch_bronze_session_results","filename":"fetch_bronze_session_results.py","lineno":120}
{"timestamp":"2026-06-25T10:43:14.029023Z","level":"info","event":"Fetching session results: https://api.openf1.org/v1/session_result?session_key=10018","logger":"openf1_de.fetch_bronze_session_results","filename":"fetch_bronze_session_results.py","lineno":113}
{"timestamp":"2026-06-25T10:43:14.706258Z","level":"info","event":"Fetching drivers: https://api.openf1.org/v1/drivers?session_key=10018","logger":"openf1_de.fetch_bronze_session_results","filename":"fetch_bronze_session_results.py","lineno":120}
{"timestamp":"2026-06-25T10:43:15.366515Z","level":"info","event":"Fetching session results: https://api.openf1.org/v1/session_result?session_key=10022","logger":"openf1_de.fetch_bronze_session_results","filename":"fetch_bronze_session_results.py","lineno":113}
{"timestamp":"2026-06-25T10:43:16.016916Z","level":"info","event":"Fetching drivers: https://api.openf1.org/v1/drivers?session_key=10022","logger":"openf1_de.fetch_bronze_session_results","filename":"fetch_bronze_session_results.py","lineno":120}
{"timestamp":"2026-06-25T10:43:16.658664Z","level":"info","event":"Fetching session results: https://api.openf1.org/v1/session_result?session_key=10023","logger":"openf1_de.fetch_bronze_session_results","filename":"fetch_bronze_session_results.py","lineno":113}
{"timestamp":"2026-06-25T10:43:17.315405Z","level":"info","event":"Fetching drivers: https://api.openf1.org/v1/drivers?session_key=10023","logger":"openf1_de.fetch_bronze_session_results","filename":"fetch_bronze_session_results.py","lineno":120}
{"timestamp":"2026-06-25T10:43:17.970117Z","level":"info","event":"Fetching session results: https://api.openf1.org/v1/session_result?session_key=10024","logger":"openf1_de.fetch_bronze_session_results","filename":"fetch_bronze_session_results.py","lineno":113}
{"timestamp":"2026-06-25T10:43:18.589530Z","level":"info","event":"Fetching drivers: https://api.openf1.org/v1/drivers?session_key=10024","logger":"openf1_de.fetch_bronze_session_results","filename":"fetch_bronze_session_results.py","lineno":120}
{"timestamp":"2026-06-25T10:43:19.248216Z","level":"info","event":"Fetching session results: https://api.openf1.org/v1/session_result?session_key=10028","logger":"openf1_de.fetch_bronze_session_results","filename":"fetch_bronze_session_results.py","lineno":113}
{"timestamp":"2026-06-25T10:43:19.847104Z","level":"error","event":"429: Waiting 40.2s until next minute...","logger":"openf1_de.fetch_bronze_session_results","filename":"fetch_bronze_session_results.py","lineno":56}
{"timestamp":"2026-06-25T10:44:00.627685Z","level":"info","event":"Fetching drivers: https://api.openf1.org/v1/drivers?session_key=10028","logger":"openf1_de.fetch_bronze_session_results","filename":"fetch_bronze_session_results.py","lineno":120}
{"timestamp":"2026-06-25T10:44:01.225068Z","level":"info","event":"Fetching session results: https://api.openf1.org/v1/session_result?session_key=10029","logger":"openf1_de.fetch_bronze_session_results","filename":"fetch_bronze_session_results.py","lineno":113}
{"timestamp":"2026-06-25T10:44:01.873738Z","level":"info","event":"Fetching drivers: https://api.openf1.org/v1/drivers?session_key=10029","logger":"openf1_de.fetch_bronze_session_results","filename":"fetch_bronze_session_results.py","lineno":120}
{"timestamp":"2026-06-25T10:44:02.558008Z","level":"info","event":"Fetching session results: https://api.openf1.org/v1/session_result?session_key=10033","logger":"openf1_de.fetch_bronze_session_results","filename":"fetch_bronze_session_results.py","lineno":113}
{"timestamp":"2026-06-25T10:44:03.201344Z","level":"info","event":"Fetching drivers: https://api.openf1.org/v1/drivers?session_key=10033","logger":"openf1_de.fetch_bronze_session_results","filename":"fetch_bronze_session_results.py","lineno":120}
{"timestamp":"2026-06-25T10:44:03.900597Z","level":"info","event":"Fetching session results: https://api.openf1.org/v1/session_result?session_key=9980","logger":"openf1_de.fetch_bronze_session_results","filename":"fetch_bronze_session_results.py","lineno":113}
{"timestamp":"2026-06-25T10:44:04.492154Z","level":"info","event":"Fetching drivers: https://api.openf1.org/v1/drivers?session_key=9980","logger":"openf1_de.fetch_bronze_session_results","filename":"fetch_bronze_session_results.py","lineno":120}
{"timestamp":"2026-06-25T10:44:05.093061Z","level":"info","event":"Fetching session results: https://api.openf1.org/v1/session_result?session_key=9981","logger":"openf1_de.fetch_bronze_session_results","filename":"fetch_bronze_session_results.py","lineno":113}
{"timestamp":"2026-06-25T10:44:05.693902Z","level":"info","event":"Fetching drivers: https://api.openf1.org/v1/drivers?session_key=9981","logger":"openf1_de.fetch_bronze_session_results","filename":"fetch_bronze_session_results.py","lineno":120}
{"timestamp":"2026-06-25T10:44:06.339607Z","level":"info","event":"Fetching session results: https://api.openf1.org/v1/session_result?session_key=9982","logger":"openf1_de.fetch_bronze_session_results","filename":"fetch_bronze_session_results.py","lineno":113}
{"timestamp":"2026-06-25T10:44:06.937181Z","level":"info","event":"Fetching drivers: https://api.openf1.org/v1/drivers?session_key=9982","logger":"openf1_de.fetch_bronze_session_results","filename":"fetch_bronze_session_results.py","lineno":120}
{"timestamp":"2026-06-25T10:44:07.595661Z","level":"info","event":"Fetching session results: https://api.openf1.org/v1/session_result?session_key=9983","logger":"openf1_de.fetch_bronze_session_results","filename":"fetch_bronze_session_results.py","lineno":113}
{"timestamp":"2026-06-25T10:44:08.245332Z","level":"info","event":"Fetching drivers: https://api.openf1.org/v1/drivers?session_key=9983","logger":"openf1_de.fetch_bronze_session_results","filename":"fetch_bronze_session_results.py","lineno":120}
{"timestamp":"2026-06-25T10:44:08.890699Z","level":"info","event":"Fetching session results: https://api.openf1.org/v1/session_result?session_key=9987","logger":"openf1_de.fetch_bronze_session_results","filename":"fetch_bronze_session_results.py","lineno":113}
{"timestamp":"2026-06-25T10:44:09.486228Z","level":"info","event":"Fetching drivers: https://api.openf1.org/v1/drivers?session_key=9987","logger":"openf1_de.fetch_bronze_session_results","filename":"fetch_bronze_session_results.py","lineno":120}
{"timestamp":"2026-06-25T10:44:10.147778Z","level":"info","event":"Fetching session results: https://api.openf1.org/v1/session_result?session_key=9972","logger":"openf1_de.fetch_bronze_session_results","filename":"fetch_bronze_session_results.py","lineno":113}
{"timestamp":"2026-06-25T10:44:10.778384Z","level":"info","event":"Fetching drivers: https://api.openf1.org/v1/drivers?session_key=9972","logger":"openf1_de.fetch_bronze_session_results","filename":"fetch_bronze_session_results.py","lineno":120}
{"timestamp":"2026-06-25T10:44:11.409179Z","level":"info","event":"Fetching session results: https://api.openf1.org/v1/session_result?session_key=9973","logger":"openf1_de.fetch_bronze_session_results","filename":"fetch_bronze_session_results.py","lineno":113}
{"timestamp":"2026-06-25T10:44:12.002614Z","level":"info","event":"Fetching drivers: https://api.openf1.org/v1/drivers?session_key=9973","logger":"openf1_de.fetch_bronze_session_results","filename":"fetch_bronze_session_results.py","lineno":120}
{"timestamp":"2026-06-25T10:44:12.634344Z","level":"info","event":"Fetching session results: https://api.openf1.org/v1/session_result?session_key=9974","logger":"openf1_de.fetch_bronze_session_results","filename":"fetch_bronze_session_results.py","lineno":113}
{"timestamp":"2026-06-25T10:44:13.241199Z","level":"info","event":"Fetching drivers: https://api.openf1.org/v1/drivers?session_key=9974","logger":"openf1_de.fetch_bronze_session_results","filename":"fetch_bronze_session_results.py","lineno":120}
{"timestamp":"2026-06-25T10:44:13.884584Z","level":"info","event":"Fetching session results: https://api.openf1.org/v1/session_result?session_key=9975","logger":"openf1_de.fetch_bronze_session_results","filename":"fetch_bronze_session_results.py","lineno":113}
{"timestamp":"2026-06-25T10:44:14.500953Z","level":"info","event":"Fetching drivers: https://api.openf1.org/v1/drivers?session_key=9975","logger":"openf1_de.fetch_bronze_session_results","filename":"fetch_bronze_session_results.py","lineno":120}
{"timestamp":"2026-06-25T10:44:15.135104Z","level":"info","event":"Fetching session results: https://api.openf1.org/v1/session_result?session_key=9979","logger":"openf1_de.fetch_bronze_session_results","filename":"fetch_bronze_session_results.py","lineno":113}
{"timestamp":"2026-06-25T10:44:15.826862Z","level":"info","event":"Fetching drivers: https://api.openf1.org/v1/drivers?session_key=9979","logger":"openf1_de.fetch_bronze_session_results","filename":"fetch_bronze_session_results.py","lineno":120}
{"timestamp":"2026-06-25T10:44:16.471477Z","level":"info","event":"Fetching session results: https://api.openf1.org/v1/session_result?session_key=9964","logger":"openf1_de.fetch_bronze_session_results","filename":"fetch_bronze_session_results.py","lineno":113}
{"timestamp":"2026-06-25T10:44:17.078533Z","level":"info","event":"Fetching drivers: https://api.openf1.org/v1/drivers?session_key=9964","logger":"openf1_de.fetch_bronze_session_results","filename":"fetch_bronze_session_results.py","lineno":120}
{"timestamp":"2026-06-25T10:44:17.687487Z","level":"info","event":"Fetching session results: https://api.openf1.org/v1/session_result?session_key=9965","logger":"openf1_de.fetch_bronze_session_results","filename":"fetch_bronze_session_results.py","lineno":113}
{"timestamp":"2026-06-25T10:44:18.289709Z","level":"info","event":"Fetching drivers: https://api.openf1.org/v1/drivers?session_key=9965","logger":"openf1_de.fetch_bronze_session_results","filename":"fetch_bronze_session_results.py","lineno":120}
{"timestamp":"2026-06-25T10:44:18.880075Z","level":"info","event":"Fetching session results: https://api.openf1.org/v1/session_result?session_key=9966","logger":"openf1_de.fetch_bronze_session_results","filename":"fetch_bronze_session_results.py","lineno":113}
{"timestamp":"2026-06-25T10:44:19.518926Z","level":"error","event":"429: Waiting 40.5s until next minute...","logger":"openf1_de.fetch_bronze_session_results","filename":"fetch_bronze_session_results.py","lineno":56}
{"timestamp":"2026-06-25T10:45:00.674713Z","level":"info","event":"Fetching drivers: https://api.openf1.org/v1/drivers?session_key=9966","logger":"openf1_de.fetch_bronze_session_results","filename":"fetch_bronze_session_results.py","lineno":120}
{"timestamp":"2026-06-25T10:45:01.373406Z","level":"info","event":"Fetching session results: https://api.openf1.org/v1/session_result?session_key=9967","logger":"openf1_de.fetch_bronze_session_results","filename":"fetch_bronze_session_results.py","lineno":113}
{"timestamp":"2026-06-25T10:45:02.023182Z","level":"info","event":"Fetching drivers: https://api.openf1.org/v1/drivers?session_key=9967","logger":"openf1_de.fetch_bronze_session_results","filename":"fetch_bronze_session_results.py","lineno":120}
{"timestamp":"2026-06-25T10:45:02.667528Z","level":"info","event":"Fetching session results: https://api.openf1.org/v1/session_result?session_key=9971","logger":"openf1_de.fetch_bronze_session_results","filename":"fetch_bronze_session_results.py","lineno":113}
{"timestamp":"2026-06-25T10:45:03.271621Z","level":"info","event":"Fetching drivers: https://api.openf1.org/v1/drivers?session_key=9971","logger":"openf1_de.fetch_bronze_session_results","filename":"fetch_bronze_session_results.py","lineno":120}
{"timestamp":"2026-06-25T10:45:03.953183Z","level":"info","event":"Fetching session results: https://api.openf1.org/v1/session_result?session_key=9956","logger":"openf1_de.fetch_bronze_session_results","filename":"fetch_bronze_session_results.py","lineno":113}
{"timestamp":"2026-06-25T10:45:04.604240Z","level":"info","event":"Fetching drivers: https://api.openf1.org/v1/drivers?session_key=9956","logger":"openf1_de.fetch_bronze_session_results","filename":"fetch_bronze_session_results.py","lineno":120}
{"timestamp":"2026-06-25T10:45:05.269203Z","level":"info","event":"Fetching session results: https://api.openf1.org/v1/session_result?session_key=9957","logger":"openf1_de.fetch_bronze_session_results","filename":"fetch_bronze_session_results.py","lineno":113}
{"timestamp":"2026-06-25T10:45:05.979284Z","level":"info","event":"Fetching drivers: https://api.openf1.org/v1/drivers?session_key=9957","logger":"openf1_de.fetch_bronze_session_results","filename":"fetch_bronze_session_results.py","lineno":120}
{"timestamp":"2026-06-25T10:45:06.625879Z","level":"info","event":"Fetching session results: https://api.openf1.org/v1/session_result?session_key=9958","logger":"openf1_de.fetch_bronze_session_results","filename":"fetch_bronze_session_results.py","lineno":113}
{"timestamp":"2026-06-25T10:45:07.247457Z","level":"info","event":"Fetching drivers: https://api.openf1.org/v1/drivers?session_key=9958","logger":"openf1_de.fetch_bronze_session_results","filename":"fetch_bronze_session_results.py","lineno":120}
{"timestamp":"2026-06-25T10:45:07.933029Z","level":"info","event":"Fetching session results: https://api.openf1.org/v1/session_result?session_key=9959","logger":"openf1_de.fetch_bronze_session_results","filename":"fetch_bronze_session_results.py","lineno":113}
{"timestamp":"2026-06-25T10:45:08.642390Z","level":"info","event":"Fetching drivers: https://api.openf1.org/v1/drivers?session_key=9959","logger":"openf1_de.fetch_bronze_session_results","filename":"fetch_bronze_session_results.py","lineno":120}
{"timestamp":"2026-06-25T10:45:09.259784Z","level":"info","event":"Fetching session results: https://api.openf1.org/v1/session_result?session_key=9963","logger":"openf1_de.fetch_bronze_session_results","filename":"fetch_bronze_session_results.py","lineno":113}
{"timestamp":"2026-06-25T10:45:09.922418Z","level":"info","event":"Fetching drivers: https://api.openf1.org/v1/drivers?session_key=9963","logger":"openf1_de.fetch_bronze_session_results","filename":"fetch_bronze_session_results.py","lineno":120}
{"timestamp":"2026-06-25T10:45:10.543378Z","level":"info","event":"Fetching session results: https://api.openf1.org/v1/session_result?session_key=9948","logger":"openf1_de.fetch_bronze_session_results","filename":"fetch_bronze_session_results.py","lineno":113}
{"timestamp":"2026-06-25T10:45:11.143140Z","level":"info","event":"Fetching drivers: https://api.openf1.org/v1/drivers?session_key=9948","logger":"openf1_de.fetch_bronze_session_results","filename":"fetch_bronze_session_results.py","lineno":120}
{"timestamp":"2026-06-25T10:45:11.749545Z","level":"info","event":"Fetching session results: https://api.openf1.org/v1/session_result?session_key=9949","logger":"openf1_de.fetch_bronze_session_results","filename":"fetch_bronze_session_results.py","lineno":113}
{"timestamp":"2026-06-25T10:45:12.414165Z","level":"info","event":"Fetching drivers: https://api.openf1.org/v1/drivers?session_key=9949","logger":"openf1_de.fetch_bronze_session_results","filename":"fetch_bronze_session_results.py","lineno":120}
{"timestamp":"2026-06-25T10:45:13.082282Z","level":"info","event":"Fetching session results: https://api.openf1.org/v1/session_result?session_key=9950","logger":"openf1_de.fetch_bronze_session_results","filename":"fetch_bronze_session_results.py","lineno":113}
{"timestamp":"2026-06-25T10:45:13.727841Z","level":"info","event":"Fetching drivers: https://api.openf1.org/v1/drivers?session_key=9950","logger":"openf1_de.fetch_bronze_session_results","filename":"fetch_bronze_session_results.py","lineno":120}
{"timestamp":"2026-06-25T10:45:14.335795Z","level":"info","event":"Fetching session results: https://api.openf1.org/v1/session_result?session_key=9951","logger":"openf1_de.fetch_bronze_session_results","filename":"fetch_bronze_session_results.py","lineno":113}
{"timestamp":"2026-06-25T10:45:14.951467Z","level":"info","event":"Fetching drivers: https://api.openf1.org/v1/drivers?session_key=9951","logger":"openf1_de.fetch_bronze_session_results","filename":"fetch_bronze_session_results.py","lineno":120}
{"timestamp":"2026-06-25T10:45:15.579011Z","level":"info","event":"Fetching session results: https://api.openf1.org/v1/session_result?session_key=9955","logger":"openf1_de.fetch_bronze_session_results","filename":"fetch_bronze_session_results.py","lineno":113}
{"timestamp":"2026-06-25T10:45:16.186071Z","level":"info","event":"Fetching drivers: https://api.openf1.org/v1/drivers?session_key=9955","logger":"openf1_de.fetch_bronze_session_results","filename":"fetch_bronze_session_results.py","lineno":120}
{"timestamp":"2026-06-25T10:45:16.822961Z","level":"info","event":"Fetching session results: https://api.openf1.org/v1/session_result?session_key=9940","logger":"openf1_de.fetch_bronze_session_results","filename":"fetch_bronze_session_results.py","lineno":113}
{"timestamp":"2026-06-25T10:45:17.467417Z","level":"info","event":"Fetching drivers: https://api.openf1.org/v1/drivers?session_key=9940","logger":"openf1_de.fetch_bronze_session_results","filename":"fetch_bronze_session_results.py","lineno":120}
{"timestamp":"2026-06-25T10:45:18.116752Z","level":"info","event":"Fetching session results: https://api.openf1.org/v1/session_result?session_key=9941","logger":"openf1_de.fetch_bronze_session_results","filename":"fetch_bronze_session_results.py","lineno":113}
{"timestamp":"2026-06-25T10:45:18.711837Z","level":"info","event":"Fetching drivers: https://api.openf1.org/v1/drivers?session_key=9941","logger":"openf1_de.fetch_bronze_session_results","filename":"fetch_bronze_session_results.py","lineno":120}
{"timestamp":"2026-06-25T10:45:19.332659Z","level":"info","event":"Fetching session results: https://api.openf1.org/v1/session_result?session_key=9942","logger":"openf1_de.fetch_bronze_session_results","filename":"fetch_bronze_session_results.py","lineno":113}
{"timestamp":"2026-06-25T10:45:19.934309Z","level":"error","event":"429: Waiting 40.1s until next minute...","logger":"openf1_de.fetch_bronze_session_results","filename":"fetch_bronze_session_results.py","lineno":56}
{"timestamp":"2026-06-25T10:46:00.645180Z","level":"info","event":"Fetching drivers: https://api.openf1.org/v1/drivers?session_key=9942","logger":"openf1_de.fetch_bronze_session_results","filename":"fetch_bronze_session_results.py","lineno":120}
{"timestamp":"2026-06-25T10:46:01.280303Z","level":"info","event":"Fetching session results: https://api.openf1.org/v1/session_result?session_key=9943","logger":"openf1_de.fetch_bronze_session_results","filename":"fetch_bronze_session_results.py","lineno":113}
{"timestamp":"2026-06-25T10:46:01.873516Z","level":"info","event":"Fetching drivers: https://api.openf1.org/v1/drivers?session_key=9943","logger":"openf1_de.fetch_bronze_session_results","filename":"fetch_bronze_session_results.py","lineno":120}
{"timestamp":"2026-06-25T10:46:02.515136Z","level":"info","event":"Fetching session results: https://api.openf1.org/v1/session_result?session_key=9947","logger":"openf1_de.fetch_bronze_session_results","filename":"fetch_bronze_session_results.py","lineno":113}
{"timestamp":"2026-06-25T10:46:03.161063Z","level":"info","event":"Fetching drivers: https://api.openf1.org/v1/drivers?session_key=9947","logger":"openf1_de.fetch_bronze_session_results","filename":"fetch_bronze_session_results.py","lineno":120}
{"timestamp":"2026-06-25T10:46:03.776187Z","level":"info","event":"Fetching session results: https://api.openf1.org/v1/session_result?session_key=9929","logger":"openf1_de.fetch_bronze_session_results","filename":"fetch_bronze_session_results.py","lineno":113}
{"timestamp":"2026-06-25T10:46:04.395102Z","level":"info","event":"Fetching drivers: https://api.openf1.org/v1/drivers?session_key=9929","logger":"openf1_de.fetch_bronze_session_results","filename":"fetch_bronze_session_results.py","lineno":120}
{"timestamp":"2026-06-25T10:46:05.104764Z","level":"info","event":"Fetching session results: https://api.openf1.org/v1/session_result?session_key=9930","logger":"openf1_de.fetch_bronze_session_results","filename":"fetch_bronze_session_results.py","lineno":113}
{"timestamp":"2026-06-25T10:46:05.811247Z","level":"info","event":"Fetching drivers: https://api.openf1.org/v1/drivers?session_key=9930","logger":"openf1_de.fetch_bronze_session_results","filename":"fetch_bronze_session_results.py","lineno":120}
{"timestamp":"2026-06-25T10:46:06.478849Z","level":"info","event":"Fetching session results: https://api.openf1.org/v1/session_result?session_key=9934","logger":"openf1_de.fetch_bronze_session_results","filename":"fetch_bronze_session_results.py","lineno":113}
{"timestamp":"2026-06-25T10:46:07.087200Z","level":"info","event":"Fetching drivers: https://api.openf1.org/v1/drivers?session_key=9934","logger":"openf1_de.fetch_bronze_session_results","filename":"fetch_bronze_session_results.py","lineno":120}
{"timestamp":"2026-06-25T10:46:07.695669Z","level":"info","event":"Fetching session results: https://api.openf1.org/v1/session_result?session_key=9935","logger":"openf1_de.fetch_bronze_session_results","filename":"fetch_bronze_session_results.py","lineno":113}
{"timestamp":"2026-06-25T10:46:08.312834Z","level":"info","event":"Fetching drivers: https://api.openf1.org/v1/drivers?session_key=9935","logger":"openf1_de.fetch_bronze_session_results","filename":"fetch_bronze_session_results.py","lineno":120}
{"timestamp":"2026-06-25T10:46:08.988884Z","level":"info","event":"Fetching session results: https://api.openf1.org/v1/session_result?session_key=9939","logger":"openf1_de.fetch_bronze_session_results","filename":"fetch_bronze_session_results.py","lineno":113}
{"timestamp":"2026-06-25T10:46:09.655037Z","level":"info","event":"Fetching drivers: https://api.openf1.org/v1/drivers?session_key=9939","logger":"openf1_de.fetch_bronze_session_results","filename":"fetch_bronze_session_results.py","lineno":120}
{"timestamp":"2026-06-25T10:46:10.323864Z","level":"info","event":"Fetching session results: https://api.openf1.org/v1/session_result?session_key=9921","logger":"openf1_de.fetch_bronze_session_results","filename":"fetch_bronze_session_results.py","lineno":113}
{"timestamp":"2026-06-25T10:46:10.927248Z","level":"info","event":"Fetching drivers: https://api.openf1.org/v1/drivers?session_key=9921","logger":"openf1_de.fetch_bronze_session_results","filename":"fetch_bronze_session_results.py","lineno":120}
{"timestamp":"2026-06-25T10:46:11.579736Z","level":"info","event":"Fetching session results: https://api.openf1.org/v1/session_result?session_key=9922","logger":"openf1_de.fetch_bronze_session_results","filename":"fetch_bronze_session_results.py","lineno":113}
{"timestamp":"2026-06-25T10:46:12.183701Z","level":"info","event":"Fetching drivers: https://api.openf1.org/v1/drivers?session_key=9922","logger":"openf1_de.fetch_bronze_session_results","filename":"fetch_bronze_session_results.py","lineno":120}
{"timestamp":"2026-06-25T10:46:12.800117Z","level":"info","event":"Fetching session results: https://api.openf1.org/v1/session_result?session_key=9923","logger":"openf1_de.fetch_bronze_session_results","filename":"fetch_bronze_session_results.py","lineno":113}
{"timestamp":"2026-06-25T10:46:13.418254Z","level":"info","event":"Fetching drivers: https://api.openf1.org/v1/drivers?session_key=9923","logger":"openf1_de.fetch_bronze_session_results","filename":"fetch_bronze_session_results.py","lineno":120}
{"timestamp":"2026-06-25T10:46:14.012039Z","level":"info","event":"Fetching session results: https://api.openf1.org/v1/session_result?session_key=9924","logger":"openf1_de.fetch_bronze_session_results","filename":"fetch_bronze_session_results.py","lineno":113}
{"timestamp":"2026-06-25T10:46:14.667510Z","level":"info","event":"Fetching drivers: https://api.openf1.org/v1/drivers?session_key=9924","logger":"openf1_de.fetch_bronze_session_results","filename":"fetch_bronze_session_results.py","lineno":120}
{"timestamp":"2026-06-25T10:46:15.288534Z","level":"info","event":"Fetching session results: https://api.openf1.org/v1/session_result?session_key=9928","logger":"openf1_de.fetch_bronze_session_results","filename":"fetch_bronze_session_results.py","lineno":113}
{"timestamp":"2026-06-25T10:46:15.886359Z","level":"info","event":"Fetching drivers: https://api.openf1.org/v1/drivers?session_key=9928","logger":"openf1_de.fetch_bronze_session_results","filename":"fetch_bronze_session_results.py","lineno":120}
{"timestamp":"2026-06-25T10:46:16.651279Z","level":"info","event":"Fetching session results: https://api.openf1.org/v1/session_result?session_key=9913","logger":"openf1_de.fetch_bronze_session_results","filename":"fetch_bronze_session_results.py","lineno":113}
{"timestamp":"2026-06-25T10:46:17.258888Z","level":"info","event":"Fetching drivers: https://api.openf1.org/v1/drivers?session_key=9913","logger":"openf1_de.fetch_bronze_session_results","filename":"fetch_bronze_session_results.py","lineno":120}
{"timestamp":"2026-06-25T10:46:17.866521Z","level":"info","event":"Fetching session results: https://api.openf1.org/v1/session_result?session_key=9914","logger":"openf1_de.fetch_bronze_session_results","filename":"fetch_bronze_session_results.py","lineno":113}
{"timestamp":"2026-06-25T10:46:18.491724Z","level":"info","event":"Fetching drivers: https://api.openf1.org/v1/drivers?session_key=9914","logger":"openf1_de.fetch_bronze_session_results","filename":"fetch_bronze_session_results.py","lineno":120}
{"timestamp":"2026-06-25T10:46:19.193406Z","level":"info","event":"Fetching session results: https://api.openf1.org/v1/session_result?session_key=9915","logger":"openf1_de.fetch_bronze_session_results","filename":"fetch_bronze_session_results.py","lineno":113}
{"timestamp":"2026-06-25T10:46:19.795793Z","level":"error","event":"429: Waiting 40.2s until next minute...","logger":"openf1_de.fetch_bronze_session_results","filename":"fetch_bronze_session_results.py","lineno":56}
{"timestamp":"2026-06-25T10:47:00.625658Z","level":"info","event":"Fetching drivers: https://api.openf1.org/v1/drivers?session_key=9915","logger":"openf1_de.fetch_bronze_session_results","filename":"fetch_bronze_session_results.py","lineno":120}
{"timestamp":"2026-06-25T10:47:01.236994Z","level":"info","event":"Fetching session results: https://api.openf1.org/v1/session_result?session_key=9916","logger":"openf1_de.fetch_bronze_session_results","filename":"fetch_bronze_session_results.py","lineno":113}
{"timestamp":"2026-06-25T10:47:01.868766Z","level":"info","event":"Fetching drivers: https://api.openf1.org/v1/drivers?session_key=9916","logger":"openf1_de.fetch_bronze_session_results","filename":"fetch_bronze_session_results.py","lineno":120}
{"timestamp":"2026-06-25T10:47:02.484575Z","level":"info","event":"Fetching session results: https://api.openf1.org/v1/session_result?session_key=9920","logger":"openf1_de.fetch_bronze_session_results","filename":"fetch_bronze_session_results.py","lineno":113}
{"timestamp":"2026-06-25T10:47:03.090625Z","level":"info","event":"Fetching drivers: https://api.openf1.org/v1/drivers?session_key=9920","logger":"openf1_de.fetch_bronze_session_results","filename":"fetch_bronze_session_results.py","lineno":120}
{"timestamp":"2026-06-25T10:47:03.737727Z","level":"info","event":"Fetching session results: https://api.openf1.org/v1/session_result?session_key=9905","logger":"openf1_de.fetch_bronze_session_results","filename":"fetch_bronze_session_results.py","lineno":113}
{"timestamp":"2026-06-25T10:47:04.385969Z","level":"info","event":"Fetching drivers: https://api.openf1.org/v1/drivers?session_key=9905","logger":"openf1_de.fetch_bronze_session_results","filename":"fetch_bronze_session_results.py","lineno":120}
{"timestamp":"2026-06-25T10:47:04.998204Z","level":"info","event":"Fetching session results: https://api.openf1.org/v1/session_result?session_key=9906","logger":"openf1_de.fetch_bronze_session_results","filename":"fetch_bronze_session_results.py","lineno":113}
{"timestamp":"2026-06-25T10:47:05.612664Z","level":"info","event":"Fetching drivers: https://api.openf1.org/v1/drivers?session_key=9906","logger":"openf1_de.fetch_bronze_session_results","filename":"fetch_bronze_session_results.py","lineno":120}
{"timestamp":"2026-06-25T10:47:06.214523Z","level":"info","event":"Fetching session results: https://api.openf1.org/v1/session_result?session_key=9907","logger":"openf1_de.fetch_bronze_session_results","filename":"fetch_bronze_session_results.py","lineno":113}
{"timestamp":"2026-06-25T10:47:06.858347Z","level":"info","event":"Fetching drivers: https://api.openf1.org/v1/drivers?session_key=9907","logger":"openf1_de.fetch_bronze_session_results","filename":"fetch_bronze_session_results.py","lineno":120}
{"timestamp":"2026-06-25T10:47:07.483893Z","level":"info","event":"Fetching session results: https://api.openf1.org/v1/session_result?session_key=9908","logger":"openf1_de.fetch_bronze_session_results","filename":"fetch_bronze_session_results.py","lineno":113}
{"timestamp":"2026-06-25T10:47:08.140231Z","level":"info","event":"Fetching drivers: https://api.openf1.org/v1/drivers?session_key=9908","logger":"openf1_de.fetch_bronze_session_results","filename":"fetch_bronze_session_results.py","lineno":120}
{"timestamp":"2026-06-25T10:47:08.812986Z","level":"info","event":"Fetching session results: https://api.openf1.org/v1/session_result?session_key=9912","logger":"openf1_de.fetch_bronze_session_results","filename":"fetch_bronze_session_results.py","lineno":113}
{"timestamp":"2026-06-25T10:47:09.457236Z","level":"info","event":"Fetching drivers: https://api.openf1.org/v1/drivers?session_key=9912","logger":"openf1_de.fetch_bronze_session_results","filename":"fetch_bronze_session_results.py","lineno":120}
{"timestamp":"2026-06-25T10:47:10.114129Z","level":"info","event":"Fetching session results: https://api.openf1.org/v1/session_result?session_key=9897","logger":"openf1_de.fetch_bronze_session_results","filename":"fetch_bronze_session_results.py","lineno":113}
{"timestamp":"2026-06-25T10:47:10.759983Z","level":"info","event":"Fetching drivers: https://api.openf1.org/v1/drivers?session_key=9897","logger":"openf1_de.fetch_bronze_session_results","filename":"fetch_bronze_session_results.py","lineno":120}
{"timestamp":"2026-06-25T10:47:11.425270Z","level":"info","event":"Fetching session results: https://api.openf1.org/v1/session_result?session_key=9898","logger":"openf1_de.fetch_bronze_session_results","filename":"fetch_bronze_session_results.py","lineno":113}
{"timestamp":"2026-06-25T10:47:12.045122Z","level":"info","event":"Fetching drivers: https://api.openf1.org/v1/drivers?session_key=9898","logger":"openf1_de.fetch_bronze_session_results","filename":"fetch_bronze_session_results.py","lineno":120}
{"timestamp":"2026-06-25T10:47:12.701766Z","level":"info","event":"Fetching session results: https://api.openf1.org/v1/session_result?session_key=9899","logger":"openf1_de.fetch_bronze_session_results","filename":"fetch_bronze_session_results.py","lineno":113}
{"timestamp":"2026-06-25T10:47:13.346719Z","level":"info","event":"Fetching drivers: https://api.openf1.org/v1/drivers?session_key=9899","logger":"openf1_de.fetch_bronze_session_results","filename":"fetch_bronze_session_results.py","lineno":120}
{"timestamp":"2026-06-25T10:47:13.947277Z","level":"info","event":"Fetching session results: https://api.openf1.org/v1/session_result?session_key=9900","logger":"openf1_de.fetch_bronze_session_results","filename":"fetch_bronze_session_results.py","lineno":113}
{"timestamp":"2026-06-25T10:47:14.565396Z","level":"info","event":"Fetching drivers: https://api.openf1.org/v1/drivers?session_key=9900","logger":"openf1_de.fetch_bronze_session_results","filename":"fetch_bronze_session_results.py","lineno":120}
{"timestamp":"2026-06-25T10:47:15.224983Z","level":"info","event":"Fetching session results: https://api.openf1.org/v1/session_result?session_key=9904","logger":"openf1_de.fetch_bronze_session_results","filename":"fetch_bronze_session_results.py","lineno":113}
{"timestamp":"2026-06-25T10:47:15.829537Z","level":"info","event":"Fetching drivers: https://api.openf1.org/v1/drivers?session_key=9904","logger":"openf1_de.fetch_bronze_session_results","filename":"fetch_bronze_session_results.py","lineno":120}
{"timestamp":"2026-06-25T10:47:16.441243Z","level":"info","event":"Fetching session results: https://api.openf1.org/v1/session_result?session_key=9889","logger":"openf1_de.fetch_bronze_session_results","filename":"fetch_bronze_session_results.py","lineno":113}
{"timestamp":"2026-06-25T10:47:17.124150Z","level":"info","event":"Fetching drivers: https://api.openf1.org/v1/drivers?session_key=9889","logger":"openf1_de.fetch_bronze_session_results","filename":"fetch_bronze_session_results.py","lineno":120}
{"timestamp":"2026-06-25T10:47:17.729395Z","level":"info","event":"Fetching session results: https://api.openf1.org/v1/session_result?session_key=9890","logger":"openf1_de.fetch_bronze_session_results","filename":"fetch_bronze_session_results.py","lineno":113}
{"timestamp":"2026-06-25T10:47:18.334517Z","level":"info","event":"Fetching drivers: https://api.openf1.org/v1/drivers?session_key=9890","logger":"openf1_de.fetch_bronze_session_results","filename":"fetch_bronze_session_results.py","lineno":120}
{"timestamp":"2026-06-25T10:47:18.942191Z","level":"info","event":"Fetching session results: https://api.openf1.org/v1/session_result?session_key=9891","logger":"openf1_de.fetch_bronze_session_results","filename":"fetch_bronze_session_results.py","lineno":113}
{"timestamp":"2026-06-25T10:47:19.549139Z","level":"error","event":"429: Waiting 40.5s until next minute...","logger":"openf1_de.fetch_bronze_session_results","filename":"fetch_bronze_session_results.py","lineno":56}
{"timestamp":"2026-06-25T10:47:45.043154Z","level":"error","event":"Server indicated the task shouldn't be running anymore. Terminating process","detail":{"reason":"not_running","message":"TI is no longer in the running state and task should terminate","current_state":"failed"},"logger":"task"}
{"timestamp":"2026-06-25T10:47:50.063954Z","level":"error","event":"Task killed!","logger":"task"}
