{"timestamp":"2026-06-25T09:08:39.432543Z","level":"info","event":"DAG bundles loaded: dags-folder","logger":"airflow.dag_processing.bundles.manager.DagBundlesManager","filename":"manager.py","lineno":209}
{"timestamp":"2026-06-25T09:08:39.435382Z","level":"info","event":"Filling up the DagBag from /opt/airflow/dags/openf1_pipeline.py","logger":"airflow.dag_processing.dagbag.BundleDagBag","filename":"dagbag.py","lineno":469}
{"timestamp":"2026-06-25T09:08:43.189818Z","level":"warning","event":"The `airflow.operators.bash.BashOperator` attribute is deprecated. Please use `'airflow.providers.standard.operators.bash.BashOperator'`.","category":"UserWarning","filename":"/opt/airflow/dags/openf1_pipeline.py","lineno":5,"logger":"py.warnings"}
{"timestamp":"2026-06-25T09:08:43.190067Z","level":"warning","event":"The `airflow.operators.python.PythonOperator` attribute is deprecated. Please use `'airflow.providers.standard.operators.python.PythonOperator'`.","category":"UserWarning","filename":"/opt/airflow/dags/openf1_pipeline.py","lineno":6,"logger":"py.warnings"}
{"timestamp":"2026-06-25T09:08:43.350261Z","level":"info","event":"Tmp dir root location: /tmp","logger":"airflow.task.hooks.airflow.providers.standard.hooks.subprocess.SubprocessHook","filename":"subprocess.py","lineno":78}
{"timestamp":"2026-06-25T09:08:43.352505Z","level":"info","event":"Running command: ['/usr/bin/bash', '-c', 'cd /opt/airflow/dbt/openf1_raw && dbt clean --profiles-dir /opt/airflow/config && dbt run --select stg_meetings stg_sessions --profiles-dir /opt/airflow/config']","logger":"airflow.task.hooks.airflow.providers.standard.hooks.subprocess.SubprocessHook","filename":"subprocess.py","lineno":80}
{"timestamp":"2026-06-25T09:08:43.356936Z","level":"info","event":"Output:","logger":"airflow.task.hooks.airflow.providers.standard.hooks.subprocess.SubprocessHook","filename":"subprocess.py","lineno":92}
{"timestamp":"2026-06-25T09:08:46.239070Z","level":"info","event":"\u001b[0m09:08:46  Running with dbt=1.11.11","logger":"airflow.task.hooks.airflow.providers.standard.hooks.subprocess.SubprocessHook","filename":"subprocess.py","lineno":99}
{"timestamp":"2026-06-25T09:08:46.465734Z","level":"info","event":"\u001b[0m09:08:46  Checking /opt/airflow/dbt/openf1_raw/target/*","logger":"airflow.task.hooks.airflow.providers.standard.hooks.subprocess.SubprocessHook","filename":"subprocess.py","lineno":99}
{"timestamp":"2026-06-25T09:08:46.466387Z","level":"info","event":"\u001b[0m09:08:46  Cleaned /opt/airflow/dbt/openf1_raw/target/*","logger":"airflow.task.hooks.airflow.providers.standard.hooks.subprocess.SubprocessHook","filename":"subprocess.py","lineno":99}
{"timestamp":"2026-06-25T09:08:46.466785Z","level":"info","event":"\u001b[0m09:08:46  Checking /opt/airflow/dbt/openf1_raw/dbt_packages/*","logger":"airflow.task.hooks.airflow.providers.standard.hooks.subprocess.SubprocessHook","filename":"subprocess.py","lineno":99}
{"timestamp":"2026-06-25T09:08:46.467455Z","level":"info","event":"\u001b[0m09:08:46  Cleaned /opt/airflow/dbt/openf1_raw/dbt_packages/*","logger":"airflow.task.hooks.airflow.providers.standard.hooks.subprocess.SubprocessHook","filename":"subprocess.py","lineno":99}
{"timestamp":"2026-06-25T09:08:46.467916Z","level":"info","event":"\u001b[0m09:08:46  Finished cleaning all paths.","logger":"airflow.task.hooks.airflow.providers.standard.hooks.subprocess.SubprocessHook","filename":"subprocess.py","lineno":99}
{"timestamp":"2026-06-25T09:08:50.968682Z","level":"info","event":"\u001b[0m09:08:50  Running with dbt=1.11.11","logger":"airflow.task.hooks.airflow.providers.standard.hooks.subprocess.SubprocessHook","filename":"subprocess.py","lineno":99}
{"timestamp":"2026-06-25T09:08:52.588644Z","level":"info","event":"\u001b[0m09:08:52  Registered adapter: bigquery=1.11.1","logger":"airflow.task.hooks.airflow.providers.standard.hooks.subprocess.SubprocessHook","filename":"subprocess.py","lineno":99}
{"timestamp":"2026-06-25T09:08:55.114302Z","level":"info","event":"\u001b[0m09:08:55  Found 13 models, 2 data tests, 4 sources, 551 macros","logger":"airflow.task.hooks.airflow.providers.standard.hooks.subprocess.SubprocessHook","filename":"subprocess.py","lineno":99}
{"timestamp":"2026-06-25T09:08:55.121695Z","level":"info","event":"\u001b[0m09:08:55","logger":"airflow.task.hooks.airflow.providers.standard.hooks.subprocess.SubprocessHook","filename":"subprocess.py","lineno":99}
{"timestamp":"2026-06-25T09:08:55.123657Z","level":"info","event":"\u001b[0m09:08:55  Concurrency: 4 threads (target='dev')","logger":"airflow.task.hooks.airflow.providers.standard.hooks.subprocess.SubprocessHook","filename":"subprocess.py","lineno":99}
{"timestamp":"2026-06-25T09:08:55.125326Z","level":"info","event":"\u001b[0m09:08:55","logger":"airflow.task.hooks.airflow.providers.standard.hooks.subprocess.SubprocessHook","filename":"subprocess.py","lineno":99}
{"timestamp":"2026-06-25T09:08:56.472883Z","level":"info","event":"\u001b[0m09:08:56  2 of 2 START sql view model openf1_staging.stg_sessions ........................ [RUN]","logger":"airflow.task.hooks.airflow.providers.standard.hooks.subprocess.SubprocessHook","filename":"subprocess.py","lineno":99}
{"timestamp":"2026-06-25T09:08:56.474254Z","level":"info","event":"\u001b[0m09:08:56  1 of 2 START sql view model openf1_staging.stg_meetings ........................ [RUN]","logger":"airflow.task.hooks.airflow.providers.standard.hooks.subprocess.SubprocessHook","filename":"subprocess.py","lineno":99}
{"timestamp":"2026-06-25T09:08:57.909942Z","level":"info","event":"\u001b[0m09:08:57  2 of 2 OK created sql view model openf1_staging.stg_sessions ................... [\u001b[32mCREATE VIEW (0 processed)\u001b[0m in 1.43s]","logger":"airflow.task.hooks.airflow.providers.standard.hooks.subprocess.SubprocessHook","filename":"subprocess.py","lineno":99}
{"timestamp":"2026-06-25T09:08:59.180166Z","level":"info","event":"\u001b[0m09:08:59  1 of 2 OK created sql view model openf1_staging.stg_meetings ................... [\u001b[32mCREATE VIEW (0 processed)\u001b[0m in 2.70s]","logger":"airflow.task.hooks.airflow.providers.standard.hooks.subprocess.SubprocessHook","filename":"subprocess.py","lineno":99}
{"timestamp":"2026-06-25T09:08:59.226218Z","level":"info","event":"\u001b[0m09:08:59","logger":"airflow.task.hooks.airflow.providers.standard.hooks.subprocess.SubprocessHook","filename":"subprocess.py","lineno":99}
{"timestamp":"2026-06-25T09:08:59.227487Z","level":"info","event":"\u001b[0m09:08:59  Finished running 2 view models in 0 hours 0 minutes and 4.10 seconds (4.10s).","logger":"airflow.task.hooks.airflow.providers.standard.hooks.subprocess.SubprocessHook","filename":"subprocess.py","lineno":99}
{"timestamp":"2026-06-25T09:08:59.335254Z","level":"info","event":"\u001b[0m09:08:59","logger":"airflow.task.hooks.airflow.providers.standard.hooks.subprocess.SubprocessHook","filename":"subprocess.py","lineno":99}
{"timestamp":"2026-06-25T09:08:59.336744Z","level":"info","event":"\u001b[0m09:08:59  \u001b[32mCompleted successfully\u001b[0m","logger":"airflow.task.hooks.airflow.providers.standard.hooks.subprocess.SubprocessHook","filename":"subprocess.py","lineno":99}
{"timestamp":"2026-06-25T09:08:59.338100Z","level":"info","event":"\u001b[0m09:08:59","logger":"airflow.task.hooks.airflow.providers.standard.hooks.subprocess.SubprocessHook","filename":"subprocess.py","lineno":99}
{"timestamp":"2026-06-25T09:08:59.339248Z","level":"info","event":"\u001b[0m09:08:59  Done. PASS=2 WARN=0 ERROR=0 SKIP=0 NO-OP=0 TOTAL=2","logger":"airflow.task.hooks.airflow.providers.standard.hooks.subprocess.SubprocessHook","filename":"subprocess.py","lineno":99}
{"timestamp":"2026-06-25T09:09:01.134900Z","level":"info","event":"Command exited with return code 0","logger":"airflow.task.hooks.airflow.providers.standard.hooks.subprocess.SubprocessHook","filename":"subprocess.py","lineno":103}
{"timestamp":"2026-06-25T09:09:01.135771Z","level":"info","event":"Pushing xcom","ti":"RuntimeTaskInstance(id=UUID('019efe04-146c-7a1e-bd64-afa32dad1236'), task_id='dbt_run_staging_for_schedule', dag_id='01_openf1_fetch_once_per_season', run_id='manual__2026-06-25T09:01:16.370814+00:00', try_number=2, dag_version_id=UUID('019efe05-f78a-73eb-8190-92f18fe01096'), map_index=-1, hostname='a8882e48ba47', context_carrier={'traceparent': '00-b97991569add7fe2e388decb24e87160-cbd092a50b7494e1-01'}, task=<Task(BashOperator): dbt_run_staging_for_schedule>, bundle_instance=LocalDagBundle(name=dags-folder), max_tries=2, start_date=datetime.datetime(2026, 6, 25, 9, 8, 36, 393976, tzinfo=datetime.timezone.utc), end_date=None, state=<TaskInstanceState.RUNNING: 'running'>, is_mapped=False, rendered_map_index=None, sentry_integration='')","logger":"task","filename":"task_runner.py","lineno":1724}
