{"timestamp":"2026-05-30T10:29:26.596879Z","level":"info","event":"DAG bundles loaded: dags-folder","logger":"airflow.dag_processing.bundles.manager.DagBundlesManager","filename":"manager.py","lineno":209}
{"timestamp":"2026-05-30T10:29:26.598245Z","level":"info","event":"Filling up the DagBag from /opt/airflow/dags/openf1_dbt_staging.py","logger":"airflow.dag_processing.dagbag.BundleDagBag","filename":"dagbag.py","lineno":469}
{"timestamp":"2026-05-30T10:29:26.613778Z","level":"warning","event":"The `airflow.operators.bash.BashOperator` attribute is deprecated. Please use `'airflow.providers.standard.operators.bash.BashOperator'`.","category":"UserWarning","filename":"/opt/airflow/dags/openf1_dbt_staging.py","lineno":4,"logger":"py.warnings"}
{"timestamp":"2026-05-30T10:29:26.662107Z","level":"info","event":"Tmp dir root location: /tmp","logger":"airflow.task.hooks.airflow.providers.standard.hooks.subprocess.SubprocessHook","filename":"subprocess.py","lineno":78}
{"timestamp":"2026-05-30T10:29:26.662977Z","level":"info","event":"Running command: ['/usr/bin/bash', '-c', 'cd /opt/airflow/dbt/openf1_raw && dbt run --select staging --profiles-dir /opt/airflow/config']","logger":"airflow.task.hooks.airflow.providers.standard.hooks.subprocess.SubprocessHook","filename":"subprocess.py","lineno":80}
{"timestamp":"2026-05-30T10:29:26.663625Z","level":"info","event":"Output:","logger":"airflow.task.hooks.airflow.providers.standard.hooks.subprocess.SubprocessHook","filename":"subprocess.py","lineno":92}
{"timestamp":"2026-05-30T10:29:28.375044Z","level":"info","event":"\u001b[0m10:29:28  Running with dbt=1.11.11","logger":"airflow.task.hooks.airflow.providers.standard.hooks.subprocess.SubprocessHook","filename":"subprocess.py","lineno":99}
{"timestamp":"2026-05-30T10:29:31.007294Z","level":"info","event":"\u001b[0m10:29:31  Registered adapter: bigquery=1.11.1","logger":"airflow.task.hooks.airflow.providers.standard.hooks.subprocess.SubprocessHook","filename":"subprocess.py","lineno":99}
{"timestamp":"2026-05-30T10:29:31.272078Z","level":"info","event":"\u001b[0m10:29:31  Unable to do partial parsing because of a version mismatch","logger":"airflow.task.hooks.airflow.providers.standard.hooks.subprocess.SubprocessHook","filename":"subprocess.py","lineno":99}
{"timestamp":"2026-05-30T10:29:32.507500Z","level":"info","event":"\u001b[0m10:29:32  [\u001b[33mWARNING\u001b[0m]: Configuration paths exist in your dbt_project.yml file which do not apply to any resources.","logger":"airflow.task.hooks.airflow.providers.standard.hooks.subprocess.SubprocessHook","filename":"subprocess.py","lineno":99}
{"timestamp":"2026-05-30T10:29:32.507640Z","level":"info","event":"There are 1 unused configuration paths:","logger":"airflow.task.hooks.airflow.providers.standard.hooks.subprocess.SubprocessHook","filename":"subprocess.py","lineno":99}
{"timestamp":"2026-05-30T10:29:32.507690Z","level":"info","event":"- models.openf1_raw.example","logger":"airflow.task.hooks.airflow.providers.standard.hooks.subprocess.SubprocessHook","filename":"subprocess.py","lineno":99}
{"timestamp":"2026-05-30T10:29:32.784061Z","level":"info","event":"\u001b[0m10:29:32  Found 2 models, 2 data tests, 2 sources, 549 macros","logger":"airflow.task.hooks.airflow.providers.standard.hooks.subprocess.SubprocessHook","filename":"subprocess.py","lineno":99}
{"timestamp":"2026-05-30T10:29:32.786682Z","level":"info","event":"\u001b[0m10:29:32","logger":"airflow.task.hooks.airflow.providers.standard.hooks.subprocess.SubprocessHook","filename":"subprocess.py","lineno":99}
{"timestamp":"2026-05-30T10:29:32.787153Z","level":"info","event":"\u001b[0m10:29:32  Concurrency: 1 threads (target='dev')","logger":"airflow.task.hooks.airflow.providers.standard.hooks.subprocess.SubprocessHook","filename":"subprocess.py","lineno":99}
{"timestamp":"2026-05-30T10:29:32.787625Z","level":"info","event":"\u001b[0m10:29:32","logger":"airflow.task.hooks.airflow.providers.standard.hooks.subprocess.SubprocessHook","filename":"subprocess.py","lineno":99}
{"timestamp":"2026-05-30T10:29:34.207069Z","level":"info","event":"\u001b[0m10:29:34  1 of 2 START sql view model openf1_staging.stg_meetings ........................ [RUN]","logger":"airflow.task.hooks.airflow.providers.standard.hooks.subprocess.SubprocessHook","filename":"subprocess.py","lineno":99}
{"timestamp":"2026-05-30T10:29:37.158809Z","level":"info","event":"\u001b[0m10:29:37  1 of 2 OK created sql view model openf1_staging.stg_meetings ................... [\u001b[32mCREATE VIEW (0 processed)\u001b[0m in 2.95s]","logger":"airflow.task.hooks.airflow.providers.standard.hooks.subprocess.SubprocessHook","filename":"subprocess.py","lineno":99}
{"timestamp":"2026-05-30T10:29:37.160427Z","level":"info","event":"\u001b[0m10:29:37  2 of 2 START sql view model openf1_staging.stg_sessions ........................ [RUN]","logger":"airflow.task.hooks.airflow.providers.standard.hooks.subprocess.SubprocessHook","filename":"subprocess.py","lineno":99}
{"timestamp":"2026-05-30T10:29:37.958725Z","level":"info","event":"\u001b[0m10:29:37  2 of 2 OK created sql view model openf1_staging.stg_sessions ................... [\u001b[32mCREATE VIEW (0 processed)\u001b[0m in 0.80s]","logger":"airflow.task.hooks.airflow.providers.standard.hooks.subprocess.SubprocessHook","filename":"subprocess.py","lineno":99}
{"timestamp":"2026-05-30T10:29:38.004479Z","level":"info","event":"\u001b[0m10:29:38","logger":"airflow.task.hooks.airflow.providers.standard.hooks.subprocess.SubprocessHook","filename":"subprocess.py","lineno":99}
{"timestamp":"2026-05-30T10:29:38.005015Z","level":"info","event":"\u001b[0m10:29:38  Finished running 2 view models in 0 hours 0 minutes and 5.22 seconds (5.22s).","logger":"airflow.task.hooks.airflow.providers.standard.hooks.subprocess.SubprocessHook","filename":"subprocess.py","lineno":99}
{"timestamp":"2026-05-30T10:29:38.083565Z","level":"info","event":"\u001b[0m10:29:38","logger":"airflow.task.hooks.airflow.providers.standard.hooks.subprocess.SubprocessHook","filename":"subprocess.py","lineno":99}
{"timestamp":"2026-05-30T10:29:38.084093Z","level":"info","event":"\u001b[0m10:29:38  \u001b[32mCompleted successfully\u001b[0m","logger":"airflow.task.hooks.airflow.providers.standard.hooks.subprocess.SubprocessHook","filename":"subprocess.py","lineno":99}
{"timestamp":"2026-05-30T10:29:38.084568Z","level":"info","event":"\u001b[0m10:29:38","logger":"airflow.task.hooks.airflow.providers.standard.hooks.subprocess.SubprocessHook","filename":"subprocess.py","lineno":99}
{"timestamp":"2026-05-30T10:29:38.085121Z","level":"info","event":"\u001b[0m10:29:38  Done. PASS=2 WARN=0 ERROR=0 SKIP=0 NO-OP=0 TOTAL=2","logger":"airflow.task.hooks.airflow.providers.standard.hooks.subprocess.SubprocessHook","filename":"subprocess.py","lineno":99}
{"timestamp":"2026-05-30T10:29:39.845541Z","level":"info","event":"Command exited with return code 0","logger":"airflow.task.hooks.airflow.providers.standard.hooks.subprocess.SubprocessHook","filename":"subprocess.py","lineno":103}
{"timestamp":"2026-05-30T10:29:39.846109Z","level":"info","event":"Pushing xcom","ti":"RuntimeTaskInstance(id=UUID('019e7867-e351-7ae5-a594-6fcecec447a3'), task_id='dbt_run_staging', dag_id='openf1_dbt_staging', run_id='manual__2026-05-30T10:20:44.639634+00:00', try_number=2, dag_version_id=UUID('019e786c-3f74-73d1-b532-f48230b15a95'), map_index=-1, hostname='7219a22c9175', context_carrier={'traceparent': '00-deb83ac25b8fea1d6b5f5ffa72c40396-2861b7994c64c3f6-01'}, task=<Task(BashOperator): dbt_run_staging>, bundle_instance=LocalDagBundle(name=dags-folder), max_tries=2, start_date=datetime.datetime(2026, 5, 30, 10, 29, 24, 722538, tzinfo=datetime.timezone.utc), end_date=None, state=<TaskInstanceState.RUNNING: 'running'>, is_mapped=False, rendered_map_index=None, sentry_integration='')","logger":"task","filename":"task_runner.py","lineno":1724}
