{"timestamp":"2026-06-19T09:19:02.743789Z","level":"info","event":"DAG bundles loaded: dags-folder","logger":"airflow.dag_processing.bundles.manager.DagBundlesManager","filename":"manager.py","lineno":209}
{"timestamp":"2026-06-19T09:19:02.745088Z","level":"info","event":"Filling up the DagBag from /opt/airflow/dags/openf1_dbt_session_results.py","logger":"airflow.dag_processing.dagbag.BundleDagBag","filename":"dagbag.py","lineno":469}
{"timestamp":"2026-06-19T09:19:03.344030Z","level":"warning","event":"The `airflow.operators.bash.BashOperator` attribute is deprecated. Please use `'airflow.providers.standard.operators.bash.BashOperator'`.","category":"UserWarning","filename":"/opt/airflow/dags/openf1_dbt_session_results.py","lineno":4,"logger":"py.warnings"}
{"timestamp":"2026-06-19T09:19:03.366911Z","level":"info","event":"Tmp dir root location: /tmp","logger":"airflow.task.hooks.airflow.providers.standard.hooks.subprocess.SubprocessHook","filename":"subprocess.py","lineno":78}
{"timestamp":"2026-06-19T09:19:03.367895Z","level":"info","event":"Running command: ['/usr/bin/bash', '-c', 'cd /opt/airflow/dbt/openf1_raw && dbt run --select stg_session_results_race stg_driver_standings stg_session_results_qualifying stg_session_results_fp --profiles-dir /opt/airflow/config ']","logger":"airflow.task.hooks.airflow.providers.standard.hooks.subprocess.SubprocessHook","filename":"subprocess.py","lineno":80}
{"timestamp":"2026-06-19T09:19:03.368726Z","level":"info","event":"Output:","logger":"airflow.task.hooks.airflow.providers.standard.hooks.subprocess.SubprocessHook","filename":"subprocess.py","lineno":92}
{"timestamp":"2026-06-19T09:19:04.630239Z","level":"info","event":"\u001b[0m09:19:04  Running with dbt=1.11.11","logger":"airflow.task.hooks.airflow.providers.standard.hooks.subprocess.SubprocessHook","filename":"subprocess.py","lineno":99}
{"timestamp":"2026-06-19T09:19:05.478780Z","level":"info","event":"\u001b[0m09:19:05  Registered adapter: bigquery=1.11.1","logger":"airflow.task.hooks.airflow.providers.standard.hooks.subprocess.SubprocessHook","filename":"subprocess.py","lineno":99}
{"timestamp":"2026-06-19T09:19:05.996621Z","level":"info","event":"\u001b[0m09:19:05  Found 13 models, 2 data tests, 4 sources, 551 macros","logger":"airflow.task.hooks.airflow.providers.standard.hooks.subprocess.SubprocessHook","filename":"subprocess.py","lineno":99}
{"timestamp":"2026-06-19T09:19:05.999683Z","level":"info","event":"\u001b[0m09:19:05","logger":"airflow.task.hooks.airflow.providers.standard.hooks.subprocess.SubprocessHook","filename":"subprocess.py","lineno":99}
{"timestamp":"2026-06-19T09:19:06.000163Z","level":"info","event":"\u001b[0m09:19:06  Concurrency: 1 threads (target='dev')","logger":"airflow.task.hooks.airflow.providers.standard.hooks.subprocess.SubprocessHook","filename":"subprocess.py","lineno":99}
{"timestamp":"2026-06-19T09:19:06.000704Z","level":"info","event":"\u001b[0m09:19:06","logger":"airflow.task.hooks.airflow.providers.standard.hooks.subprocess.SubprocessHook","filename":"subprocess.py","lineno":99}
{"timestamp":"2026-06-19T09:19:07.266753Z","level":"info","event":"\u001b[0m09:19:07  1 of 4 START sql view model openf1_staging.stg_session_results_fp .............. [RUN]","logger":"airflow.task.hooks.airflow.providers.standard.hooks.subprocess.SubprocessHook","filename":"subprocess.py","lineno":99}
{"timestamp":"2026-06-19T09:19:08.352987Z","level":"info","event":"\u001b[0m09:19:08  1 of 4 OK created sql view model openf1_staging.stg_session_results_fp ......... [\u001b[32mCREATE VIEW (0 processed)\u001b[0m in 1.08s]","logger":"airflow.task.hooks.airflow.providers.standard.hooks.subprocess.SubprocessHook","filename":"subprocess.py","lineno":99}
{"timestamp":"2026-06-19T09:19:08.354961Z","level":"info","event":"\u001b[0m09:19:08  2 of 4 START sql view model openf1_staging.stg_session_results_qualifying ...... [RUN]","logger":"airflow.task.hooks.airflow.providers.standard.hooks.subprocess.SubprocessHook","filename":"subprocess.py","lineno":99}
{"timestamp":"2026-06-19T09:19:09.008751Z","level":"info","event":"\u001b[0m09:19:09  2 of 4 OK created sql view model openf1_staging.stg_session_results_qualifying . [\u001b[32mCREATE VIEW (0 processed)\u001b[0m in 0.65s]","logger":"airflow.task.hooks.airflow.providers.standard.hooks.subprocess.SubprocessHook","filename":"subprocess.py","lineno":99}
{"timestamp":"2026-06-19T09:19:09.013972Z","level":"info","event":"\u001b[0m09:19:09  3 of 4 START sql view model openf1_staging.stg_session_results_race ............ [RUN]","logger":"airflow.task.hooks.airflow.providers.standard.hooks.subprocess.SubprocessHook","filename":"subprocess.py","lineno":99}
{"timestamp":"2026-06-19T09:19:09.677988Z","level":"info","event":"\u001b[0m09:19:09  3 of 4 OK created sql view model openf1_staging.stg_session_results_race ....... [\u001b[32mCREATE VIEW (0 processed)\u001b[0m in 0.66s]","logger":"airflow.task.hooks.airflow.providers.standard.hooks.subprocess.SubprocessHook","filename":"subprocess.py","lineno":99}
{"timestamp":"2026-06-19T09:19:09.680558Z","level":"info","event":"\u001b[0m09:19:09  4 of 4 START sql view model openf1_staging.stg_driver_standings ................ [RUN]","logger":"airflow.task.hooks.airflow.providers.standard.hooks.subprocess.SubprocessHook","filename":"subprocess.py","lineno":99}
{"timestamp":"2026-06-19T09:19:13.313831Z","level":"info","event":"\u001b[0m09:19:13  4 of 4 OK created sql view model openf1_staging.stg_driver_standings ........... [\u001b[32mCREATE VIEW (0 processed)\u001b[0m in 3.63s]","logger":"airflow.task.hooks.airflow.providers.standard.hooks.subprocess.SubprocessHook","filename":"subprocess.py","lineno":99}
{"timestamp":"2026-06-19T09:19:13.346119Z","level":"info","event":"\u001b[0m09:19:13","logger":"airflow.task.hooks.airflow.providers.standard.hooks.subprocess.SubprocessHook","filename":"subprocess.py","lineno":99}
{"timestamp":"2026-06-19T09:19:13.346653Z","level":"info","event":"\u001b[0m09:19:13  Finished running 4 view models in 0 hours 0 minutes and 7.34 seconds (7.34s).","logger":"airflow.task.hooks.airflow.providers.standard.hooks.subprocess.SubprocessHook","filename":"subprocess.py","lineno":99}
{"timestamp":"2026-06-19T09:19:13.398651Z","level":"info","event":"\u001b[0m09:19:13","logger":"airflow.task.hooks.airflow.providers.standard.hooks.subprocess.SubprocessHook","filename":"subprocess.py","lineno":99}
{"timestamp":"2026-06-19T09:19:13.399129Z","level":"info","event":"\u001b[0m09:19:13  \u001b[32mCompleted successfully\u001b[0m","logger":"airflow.task.hooks.airflow.providers.standard.hooks.subprocess.SubprocessHook","filename":"subprocess.py","lineno":99}
{"timestamp":"2026-06-19T09:19:13.399568Z","level":"info","event":"\u001b[0m09:19:13","logger":"airflow.task.hooks.airflow.providers.standard.hooks.subprocess.SubprocessHook","filename":"subprocess.py","lineno":99}
{"timestamp":"2026-06-19T09:19:13.400043Z","level":"info","event":"\u001b[0m09:19:13  Done. PASS=4 WARN=0 ERROR=0 SKIP=0 NO-OP=0 TOTAL=4","logger":"airflow.task.hooks.airflow.providers.standard.hooks.subprocess.SubprocessHook","filename":"subprocess.py","lineno":99}
{"timestamp":"2026-06-19T09:19:14.952129Z","level":"info","event":"Command exited with return code 0","logger":"airflow.task.hooks.airflow.providers.standard.hooks.subprocess.SubprocessHook","filename":"subprocess.py","lineno":103}
{"timestamp":"2026-06-19T09:19:14.952819Z","level":"info","event":"Pushing xcom","ti":"RuntimeTaskInstance(id=UUID('019edf2d-31d7-75c0-8cbe-f03fd8353785'), task_id='dbt_run_session_results', dag_id='openf1_dbt_session_results', run_id='manual__2026-06-19T09:19:01.575973+00:00', try_number=1, dag_version_id=UUID('019edf11-0a47-7b7c-8f16-c59b36d5bab1'), map_index=-1, hostname='595f58dcd12d', context_carrier={'traceparent': '00-a3c25c76ca70111c81dacfe8c755419a-91e67324fd6be0a7-01'}, task=<Task(BashOperator): dbt_run_session_results>, bundle_instance=LocalDagBundle(name=dags-folder), max_tries=2, start_date=datetime.datetime(2026, 6, 19, 9, 19, 2, 715472, tzinfo=datetime.timezone.utc), end_date=None, state=<TaskInstanceState.RUNNING: 'running'>, is_mapped=False, rendered_map_index=None, sentry_integration='')","logger":"task","filename":"task_runner.py","lineno":1724}
