{"timestamp":"2026-05-30T12:09:36.262286Z","level":"info","event":"DAG bundles loaded: dags-folder","logger":"airflow.dag_processing.bundles.manager.DagBundlesManager","filename":"manager.py","lineno":209}
{"timestamp":"2026-05-30T12:09:36.263890Z","level":"info","event":"Filling up the DagBag from /opt/airflow/dags/openf1_dbt_mart.py","logger":"airflow.dag_processing.dagbag.BundleDagBag","filename":"dagbag.py","lineno":469}
{"timestamp":"2026-05-30T12:09:38.260520Z","level":"warning","event":"The `airflow.operators.bash.BashOperator` attribute is deprecated. Please use `'airflow.providers.standard.operators.bash.BashOperator'`.","category":"UserWarning","filename":"/opt/airflow/dags/openf1_dbt_mart.py","lineno":4,"logger":"py.warnings"}
{"timestamp":"2026-05-30T12:09:38.293704Z","level":"info","event":"Tmp dir root location: /tmp","logger":"airflow.task.hooks.airflow.providers.standard.hooks.subprocess.SubprocessHook","filename":"subprocess.py","lineno":78}
{"timestamp":"2026-05-30T12:09:38.294471Z","level":"info","event":"Running command: ['/usr/bin/bash', '-c', 'cd /opt/airflow/dbt/openf1_raw && dbt run --select marts --profiles-dir /opt/airflow/config']","logger":"airflow.task.hooks.airflow.providers.standard.hooks.subprocess.SubprocessHook","filename":"subprocess.py","lineno":80}
{"timestamp":"2026-05-30T12:09:38.295045Z","level":"info","event":"Output:","logger":"airflow.task.hooks.airflow.providers.standard.hooks.subprocess.SubprocessHook","filename":"subprocess.py","lineno":92}
{"timestamp":"2026-05-30T12:09:39.770924Z","level":"info","event":"\u001b[0m12:09:39  Running with dbt=1.11.11","logger":"airflow.task.hooks.airflow.providers.standard.hooks.subprocess.SubprocessHook","filename":"subprocess.py","lineno":99}
{"timestamp":"2026-05-30T12:09:40.920160Z","level":"info","event":"\u001b[0m12:09:40  Registered adapter: bigquery=1.11.1","logger":"airflow.task.hooks.airflow.providers.standard.hooks.subprocess.SubprocessHook","filename":"subprocess.py","lineno":99}
{"timestamp":"2026-05-30T12:09:41.382253Z","level":"info","event":"\u001b[0m12:09:41  Found 3 models, 2 data tests, 2 sources, 550 macros","logger":"airflow.task.hooks.airflow.providers.standard.hooks.subprocess.SubprocessHook","filename":"subprocess.py","lineno":99}
{"timestamp":"2026-05-30T12:09:41.384125Z","level":"info","event":"\u001b[0m12:09:41","logger":"airflow.task.hooks.airflow.providers.standard.hooks.subprocess.SubprocessHook","filename":"subprocess.py","lineno":99}
{"timestamp":"2026-05-30T12:09:41.385240Z","level":"info","event":"\u001b[0m12:09:41  Concurrency: 1 threads (target='dev')","logger":"airflow.task.hooks.airflow.providers.standard.hooks.subprocess.SubprocessHook","filename":"subprocess.py","lineno":99}
{"timestamp":"2026-05-30T12:09:41.385727Z","level":"info","event":"\u001b[0m12:09:41","logger":"airflow.task.hooks.airflow.providers.standard.hooks.subprocess.SubprocessHook","filename":"subprocess.py","lineno":99}
{"timestamp":"2026-05-30T12:09:43.432669Z","level":"info","event":"\u001b[0m12:09:43  1 of 1 START sql table model openf1_marts.mart_schedule ........................ [RUN]","logger":"airflow.task.hooks.airflow.providers.standard.hooks.subprocess.SubprocessHook","filename":"subprocess.py","lineno":99}
{"timestamp":"2026-05-30T12:09:46.976713Z","level":"info","event":"\u001b[0m12:09:46  1 of 1 OK created sql table model openf1_marts.mart_schedule ................... [\u001b[32mCREATE TABLE (126.0 rows, 29.2 KiB processed)\u001b[0m in 3.54s]","logger":"airflow.task.hooks.airflow.providers.standard.hooks.subprocess.SubprocessHook","filename":"subprocess.py","lineno":99}
{"timestamp":"2026-05-30T12:09:47.009943Z","level":"info","event":"\u001b[0m12:09:47","logger":"airflow.task.hooks.airflow.providers.standard.hooks.subprocess.SubprocessHook","filename":"subprocess.py","lineno":99}
{"timestamp":"2026-05-30T12:09:47.010407Z","level":"info","event":"\u001b[0m12:09:47  Finished running 1 table model in 0 hours 0 minutes and 5.62 seconds (5.62s).","logger":"airflow.task.hooks.airflow.providers.standard.hooks.subprocess.SubprocessHook","filename":"subprocess.py","lineno":99}
{"timestamp":"2026-05-30T12:09:47.054664Z","level":"info","event":"\u001b[0m12:09:47","logger":"airflow.task.hooks.airflow.providers.standard.hooks.subprocess.SubprocessHook","filename":"subprocess.py","lineno":99}
{"timestamp":"2026-05-30T12:09:47.055154Z","level":"info","event":"\u001b[0m12:09:47  \u001b[32mCompleted successfully\u001b[0m","logger":"airflow.task.hooks.airflow.providers.standard.hooks.subprocess.SubprocessHook","filename":"subprocess.py","lineno":99}
{"timestamp":"2026-05-30T12:09:47.055748Z","level":"info","event":"\u001b[0m12:09:47","logger":"airflow.task.hooks.airflow.providers.standard.hooks.subprocess.SubprocessHook","filename":"subprocess.py","lineno":99}
{"timestamp":"2026-05-30T12:09:47.056214Z","level":"info","event":"\u001b[0m12:09:47  Done. PASS=1 WARN=0 ERROR=0 SKIP=0 NO-OP=0 TOTAL=1","logger":"airflow.task.hooks.airflow.providers.standard.hooks.subprocess.SubprocessHook","filename":"subprocess.py","lineno":99}
{"timestamp":"2026-05-30T12:09:48.885855Z","level":"info","event":"Command exited with return code 0","logger":"airflow.task.hooks.airflow.providers.standard.hooks.subprocess.SubprocessHook","filename":"subprocess.py","lineno":103}
{"timestamp":"2026-05-30T12:09:48.887604Z","level":"info","event":"Pushing xcom","ti":"RuntimeTaskInstance(id=UUID('019e78ca-2083-724e-a149-677d37c8d265'), task_id='dbt_run_staging', dag_id='openf1_dbt_mart', run_id='manual__2026-05-30T12:09:33.039761+00:00', try_number=1, dag_version_id=UUID('019e78c9-f0b7-729e-a487-fea9b3a95f69'), map_index=-1, hostname='c92f6cf8acbf', context_carrier={'traceparent': '00-083472ecf305841089de22010bce1ccd-f8e8a3a4ac9d96fb-01'}, task=<Task(BashOperator): dbt_run_staging>, bundle_instance=LocalDagBundle(name=dags-folder), max_tries=2, start_date=datetime.datetime(2026, 5, 30, 12, 9, 34, 146420, tzinfo=datetime.timezone.utc), end_date=None, state=<TaskInstanceState.RUNNING: 'running'>, is_mapped=False, rendered_map_index=None, sentry_integration='')","logger":"task","filename":"task_runner.py","lineno":1724}
