{"timestamp":"2026-06-25T10:48:04.432016Z","level":"info","event":"DAG bundles loaded: dags-folder","logger":"airflow.dag_processing.bundles.manager.DagBundlesManager","filename":"manager.py","lineno":209}
{"timestamp":"2026-06-25T10:48:04.434214Z","level":"info","event":"Filling up the DagBag from /opt/airflow/dags/openf1_session_results.py","logger":"airflow.dag_processing.dagbag.BundleDagBag","filename":"dagbag.py","lineno":469}
{"timestamp":"2026-06-25T10:48:05.325756Z","level":"warning","event":"The `airflow.operators.python.PythonOperator` attribute is deprecated. Please use `'airflow.providers.standard.operators.python.PythonOperator'`.","category":"UserWarning","filename":"/opt/airflow/dags/openf1_session_results.py","lineno":3,"logger":"py.warnings"}
{"timestamp":"2026-06-25T10:48:05.347410Z","level":"info","event":"Init Bigquery Client","logger":"openf1_de.fetch_bronze_session_results","filename":"fetch_bronze_session_results.py","lineno":92}
{"timestamp":"2026-06-25T10:48:05.387774Z","level":"info","event":"Fetch stg_sessions","logger":"openf1_de.fetch_bronze_session_results","filename":"fetch_bronze_session_results.py","lineno":95}
{"timestamp":"2026-06-25T10:48:07.627753Z","level":"info","event":"Using columns ['session_key', 'date_start', 'session_type', 'session_name', 'year'] for sessions before 2026-06-25 10:48:07.627506+00:00","logger":"openf1_de.fetch_bronze_session_results","filename":"fetch_bronze_session_results.py","lineno":100}
{"timestamp":"2026-06-25T10:48:07.631090Z","level":"info","event":"Fetching session results and drivers per session","logger":"openf1_de.fetch_bronze_session_results","filename":"fetch_bronze_session_results.py","lineno":107}
{"timestamp":"2026-06-25T10:48:07.634227Z","level":"info","event":"Fetching session results: https://api.openf1.org/v1/session_result?session_key=9683","logger":"openf1_de.fetch_bronze_session_results","filename":"fetch_bronze_session_results.py","lineno":113}
{"timestamp":"2026-06-25T10:48:08.365454Z","level":"info","event":"Fetching drivers: https://api.openf1.org/v1/drivers?session_key=9683","logger":"openf1_de.fetch_bronze_session_results","filename":"fetch_bronze_session_results.py","lineno":120}
{"timestamp":"2026-06-25T10:48:08.958931Z","level":"info","event":"Fetching session results: https://api.openf1.org/v1/session_result?session_key=9684","logger":"openf1_de.fetch_bronze_session_results","filename":"fetch_bronze_session_results.py","lineno":113}
{"timestamp":"2026-06-25T10:48:09.614651Z","level":"info","event":"Fetching drivers: https://api.openf1.org/v1/drivers?session_key=9684","logger":"openf1_de.fetch_bronze_session_results","filename":"fetch_bronze_session_results.py","lineno":120}
{"timestamp":"2026-06-25T10:48:10.271631Z","level":"info","event":"Fetching session results: https://api.openf1.org/v1/session_result?session_key=9685","logger":"openf1_de.fetch_bronze_session_results","filename":"fetch_bronze_session_results.py","lineno":113}
{"timestamp":"2026-06-25T10:48:10.878905Z","level":"info","event":"Fetching drivers: https://api.openf1.org/v1/drivers?session_key=9685","logger":"openf1_de.fetch_bronze_session_results","filename":"fetch_bronze_session_results.py","lineno":120}
{"timestamp":"2026-06-25T10:48:11.532737Z","level":"info","event":"Fetching session results: https://api.openf1.org/v1/session_result?session_key=9686","logger":"openf1_de.fetch_bronze_session_results","filename":"fetch_bronze_session_results.py","lineno":113}
{"timestamp":"2026-06-25T10:48:12.175431Z","level":"info","event":"Fetching drivers: https://api.openf1.org/v1/drivers?session_key=9686","logger":"openf1_de.fetch_bronze_session_results","filename":"fetch_bronze_session_results.py","lineno":120}
{"timestamp":"2026-06-25T10:48:12.770798Z","level":"info","event":"Fetching session results: https://api.openf1.org/v1/session_result?session_key=9687","logger":"openf1_de.fetch_bronze_session_results","filename":"fetch_bronze_session_results.py","lineno":113}
{"timestamp":"2026-06-25T10:48:13.447847Z","level":"info","event":"Fetching drivers: https://api.openf1.org/v1/drivers?session_key=9687","logger":"openf1_de.fetch_bronze_session_results","filename":"fetch_bronze_session_results.py","lineno":120}
{"timestamp":"2026-06-25T10:48:14.131528Z","level":"info","event":"Fetching session results: https://api.openf1.org/v1/session_result?session_key=9688","logger":"openf1_de.fetch_bronze_session_results","filename":"fetch_bronze_session_results.py","lineno":113}
{"timestamp":"2026-06-25T10:48:14.752405Z","level":"info","event":"Fetching drivers: https://api.openf1.org/v1/drivers?session_key=9688","logger":"openf1_de.fetch_bronze_session_results","filename":"fetch_bronze_session_results.py","lineno":120}
{"timestamp":"2026-06-25T10:48:15.369460Z","level":"info","event":"Fetching session results: https://api.openf1.org/v1/session_result?session_key=9689","logger":"openf1_de.fetch_bronze_session_results","filename":"fetch_bronze_session_results.py","lineno":113}
{"timestamp":"2026-06-25T10:48:15.999610Z","level":"info","event":"Fetching drivers: https://api.openf1.org/v1/drivers?session_key=9689","logger":"openf1_de.fetch_bronze_session_results","filename":"fetch_bronze_session_results.py","lineno":120}
{"timestamp":"2026-06-25T10:48:16.595115Z","level":"info","event":"Fetching session results: https://api.openf1.org/v1/session_result?session_key=9693","logger":"openf1_de.fetch_bronze_session_results","filename":"fetch_bronze_session_results.py","lineno":113}
{"timestamp":"2026-06-25T10:48:17.223824Z","level":"info","event":"Fetching drivers: https://api.openf1.org/v1/drivers?session_key=9693","logger":"openf1_de.fetch_bronze_session_results","filename":"fetch_bronze_session_results.py","lineno":120}
{"timestamp":"2026-06-25T10:48:17.834448Z","level":"info","event":"Fetching session results: https://api.openf1.org/v1/session_result?session_key=9988","logger":"openf1_de.fetch_bronze_session_results","filename":"fetch_bronze_session_results.py","lineno":113}
{"timestamp":"2026-06-25T10:48:18.483205Z","level":"info","event":"Fetching drivers: https://api.openf1.org/v1/drivers?session_key=9988","logger":"openf1_de.fetch_bronze_session_results","filename":"fetch_bronze_session_results.py","lineno":120}
{"timestamp":"2026-06-25T10:48:19.086762Z","level":"info","event":"Fetching session results: https://api.openf1.org/v1/session_result?session_key=9989","logger":"openf1_de.fetch_bronze_session_results","filename":"fetch_bronze_session_results.py","lineno":113}
{"timestamp":"2026-06-25T10:48:19.725475Z","level":"info","event":"Fetching drivers: https://api.openf1.org/v1/drivers?session_key=9989","logger":"openf1_de.fetch_bronze_session_results","filename":"fetch_bronze_session_results.py","lineno":120}
{"timestamp":"2026-06-25T10:48:20.327172Z","level":"info","event":"Fetching session results: https://api.openf1.org/v1/session_result?session_key=9993","logger":"openf1_de.fetch_bronze_session_results","filename":"fetch_bronze_session_results.py","lineno":113}
{"timestamp":"2026-06-25T10:48:20.932173Z","level":"info","event":"Fetching drivers: https://api.openf1.org/v1/drivers?session_key=9993","logger":"openf1_de.fetch_bronze_session_results","filename":"fetch_bronze_session_results.py","lineno":120}
{"timestamp":"2026-06-25T10:48:21.535006Z","level":"info","event":"Fetching session results: https://api.openf1.org/v1/session_result?session_key=9994","logger":"openf1_de.fetch_bronze_session_results","filename":"fetch_bronze_session_results.py","lineno":113}
{"timestamp":"2026-06-25T10:48:22.195179Z","level":"info","event":"Fetching drivers: https://api.openf1.org/v1/drivers?session_key=9994","logger":"openf1_de.fetch_bronze_session_results","filename":"fetch_bronze_session_results.py","lineno":120}
{"timestamp":"2026-06-25T10:48:22.789307Z","level":"info","event":"Fetching session results: https://api.openf1.org/v1/session_result?session_key=9998","logger":"openf1_de.fetch_bronze_session_results","filename":"fetch_bronze_session_results.py","lineno":113}
{"timestamp":"2026-06-25T10:48:23.436584Z","level":"info","event":"Fetching drivers: https://api.openf1.org/v1/drivers?session_key=9998","logger":"openf1_de.fetch_bronze_session_results","filename":"fetch_bronze_session_results.py","lineno":120}
{"timestamp":"2026-06-25T10:48:24.096878Z","level":"info","event":"Fetching session results: https://api.openf1.org/v1/session_result?session_key=9999","logger":"openf1_de.fetch_bronze_session_results","filename":"fetch_bronze_session_results.py","lineno":113}
{"timestamp":"2026-06-25T10:48:24.714341Z","level":"info","event":"Fetching drivers: https://api.openf1.org/v1/drivers?session_key=9999","logger":"openf1_de.fetch_bronze_session_results","filename":"fetch_bronze_session_results.py","lineno":120}
{"timestamp":"2026-06-25T10:48:25.380654Z","level":"info","event":"Fetching session results: https://api.openf1.org/v1/session_result?session_key=10000","logger":"openf1_de.fetch_bronze_session_results","filename":"fetch_bronze_session_results.py","lineno":113}
{"timestamp":"2026-06-25T10:48:25.975435Z","level":"info","event":"Fetching drivers: https://api.openf1.org/v1/drivers?session_key=10000","logger":"openf1_de.fetch_bronze_session_results","filename":"fetch_bronze_session_results.py","lineno":120}
{"timestamp":"2026-06-25T10:48:26.615964Z","level":"info","event":"Fetching session results: https://api.openf1.org/v1/session_result?session_key=10001","logger":"openf1_de.fetch_bronze_session_results","filename":"fetch_bronze_session_results.py","lineno":113}
{"timestamp":"2026-06-25T10:48:27.219879Z","level":"error","event":"429: Waiting 32.8s until next minute...","logger":"openf1_de.fetch_bronze_session_results","filename":"fetch_bronze_session_results.py","lineno":56}
{"timestamp":"2026-06-25T10:49:00.610028Z","level":"info","event":"Fetching drivers: https://api.openf1.org/v1/drivers?session_key=10001","logger":"openf1_de.fetch_bronze_session_results","filename":"fetch_bronze_session_results.py","lineno":120}
{"timestamp":"2026-06-25T10:49:01.251547Z","level":"info","event":"Fetching session results: https://api.openf1.org/v1/session_result?session_key=10002","logger":"openf1_de.fetch_bronze_session_results","filename":"fetch_bronze_session_results.py","lineno":113}
{"timestamp":"2026-06-25T10:49:01.949866Z","level":"info","event":"Fetching drivers: https://api.openf1.org/v1/drivers?session_key=10002","logger":"openf1_de.fetch_bronze_session_results","filename":"fetch_bronze_session_results.py","lineno":120}
{"timestamp":"2026-06-25T10:49:02.591677Z","level":"info","event":"Fetching session results: https://api.openf1.org/v1/session_result?session_key=10006","logger":"openf1_de.fetch_bronze_session_results","filename":"fetch_bronze_session_results.py","lineno":113}
{"timestamp":"2026-06-25T10:49:03.240013Z","level":"info","event":"Fetching drivers: https://api.openf1.org/v1/drivers?session_key=10006","logger":"openf1_de.fetch_bronze_session_results","filename":"fetch_bronze_session_results.py","lineno":120}
{"timestamp":"2026-06-25T10:49:03.855718Z","level":"info","event":"Fetching session results: https://api.openf1.org/v1/session_result?session_key=10007","logger":"openf1_de.fetch_bronze_session_results","filename":"fetch_bronze_session_results.py","lineno":113}
{"timestamp":"2026-06-25T10:49:04.537863Z","level":"info","event":"Fetching drivers: https://api.openf1.org/v1/drivers?session_key=10007","logger":"openf1_de.fetch_bronze_session_results","filename":"fetch_bronze_session_results.py","lineno":120}
{"timestamp":"2026-06-25T10:49:05.183013Z","level":"info","event":"Fetching session results: https://api.openf1.org/v1/session_result?session_key=10008","logger":"openf1_de.fetch_bronze_session_results","filename":"fetch_bronze_session_results.py","lineno":113}
{"timestamp":"2026-06-25T10:49:05.831949Z","level":"info","event":"Fetching drivers: https://api.openf1.org/v1/drivers?session_key=10008","logger":"openf1_de.fetch_bronze_session_results","filename":"fetch_bronze_session_results.py","lineno":120}
{"timestamp":"2026-06-25T10:49:06.507375Z","level":"info","event":"Fetching session results: https://api.openf1.org/v1/session_result?session_key=10009","logger":"openf1_de.fetch_bronze_session_results","filename":"fetch_bronze_session_results.py","lineno":113}
{"timestamp":"2026-06-25T10:49:07.173145Z","level":"info","event":"Fetching drivers: https://api.openf1.org/v1/drivers?session_key=10009","logger":"openf1_de.fetch_bronze_session_results","filename":"fetch_bronze_session_results.py","lineno":120}
{"timestamp":"2026-06-25T10:49:07.815745Z","level":"info","event":"Fetching session results: https://api.openf1.org/v1/session_result?session_key=10010","logger":"openf1_de.fetch_bronze_session_results","filename":"fetch_bronze_session_results.py","lineno":113}
{"timestamp":"2026-06-25T10:49:08.467396Z","level":"info","event":"Fetching drivers: https://api.openf1.org/v1/drivers?session_key=10010","logger":"openf1_de.fetch_bronze_session_results","filename":"fetch_bronze_session_results.py","lineno":120}
{"timestamp":"2026-06-25T10:49:09.111899Z","level":"info","event":"Fetching session results: https://api.openf1.org/v1/session_result?session_key=10014","logger":"openf1_de.fetch_bronze_session_results","filename":"fetch_bronze_session_results.py","lineno":113}
{"timestamp":"2026-06-25T10:49:09.732328Z","level":"info","event":"Fetching drivers: https://api.openf1.org/v1/drivers?session_key=10014","logger":"openf1_de.fetch_bronze_session_results","filename":"fetch_bronze_session_results.py","lineno":120}
{"timestamp":"2026-06-25T10:49:10.353868Z","level":"info","event":"Fetching session results: https://api.openf1.org/v1/session_result?session_key=10015","logger":"openf1_de.fetch_bronze_session_results","filename":"fetch_bronze_session_results.py","lineno":113}
{"timestamp":"2026-06-25T10:49:11.038230Z","level":"info","event":"Fetching drivers: https://api.openf1.org/v1/drivers?session_key=10015","logger":"openf1_de.fetch_bronze_session_results","filename":"fetch_bronze_session_results.py","lineno":120}
{"timestamp":"2026-06-25T10:49:11.642853Z","level":"info","event":"Fetching session results: https://api.openf1.org/v1/session_result?session_key=10016","logger":"openf1_de.fetch_bronze_session_results","filename":"fetch_bronze_session_results.py","lineno":113}
{"timestamp":"2026-06-25T10:49:12.245064Z","level":"info","event":"Fetching drivers: https://api.openf1.org/v1/drivers?session_key=10016","logger":"openf1_de.fetch_bronze_session_results","filename":"fetch_bronze_session_results.py","lineno":120}
{"timestamp":"2026-06-25T10:49:12.945010Z","level":"info","event":"Fetching session results: https://api.openf1.org/v1/session_result?session_key=10017","logger":"openf1_de.fetch_bronze_session_results","filename":"fetch_bronze_session_results.py","lineno":113}
{"timestamp":"2026-06-25T10:49:13.561446Z","level":"info","event":"Fetching drivers: https://api.openf1.org/v1/drivers?session_key=10017","logger":"openf1_de.fetch_bronze_session_results","filename":"fetch_bronze_session_results.py","lineno":120}
{"timestamp":"2026-06-25T10:49:14.237565Z","level":"info","event":"Fetching session results: https://api.openf1.org/v1/session_result?session_key=10018","logger":"openf1_de.fetch_bronze_session_results","filename":"fetch_bronze_session_results.py","lineno":113}
{"timestamp":"2026-06-25T10:49:14.899169Z","level":"info","event":"Fetching drivers: https://api.openf1.org/v1/drivers?session_key=10018","logger":"openf1_de.fetch_bronze_session_results","filename":"fetch_bronze_session_results.py","lineno":120}
{"timestamp":"2026-06-25T10:49:15.509815Z","level":"info","event":"Fetching session results: https://api.openf1.org/v1/session_result?session_key=10022","logger":"openf1_de.fetch_bronze_session_results","filename":"fetch_bronze_session_results.py","lineno":113}
{"timestamp":"2026-06-25T10:49:16.109878Z","level":"info","event":"Fetching drivers: https://api.openf1.org/v1/drivers?session_key=10022","logger":"openf1_de.fetch_bronze_session_results","filename":"fetch_bronze_session_results.py","lineno":120}
{"timestamp":"2026-06-25T10:49:16.702143Z","level":"info","event":"Fetching session results: https://api.openf1.org/v1/session_result?session_key=10023","logger":"openf1_de.fetch_bronze_session_results","filename":"fetch_bronze_session_results.py","lineno":113}
{"timestamp":"2026-06-25T10:49:17.307307Z","level":"info","event":"Fetching drivers: https://api.openf1.org/v1/drivers?session_key=10023","logger":"openf1_de.fetch_bronze_session_results","filename":"fetch_bronze_session_results.py","lineno":120}
{"timestamp":"2026-06-25T10:49:17.915608Z","level":"info","event":"Fetching session results: https://api.openf1.org/v1/session_result?session_key=10024","logger":"openf1_de.fetch_bronze_session_results","filename":"fetch_bronze_session_results.py","lineno":113}
{"timestamp":"2026-06-25T10:49:18.578902Z","level":"info","event":"Fetching drivers: https://api.openf1.org/v1/drivers?session_key=10024","logger":"openf1_de.fetch_bronze_session_results","filename":"fetch_bronze_session_results.py","lineno":120}
{"timestamp":"2026-06-25T10:49:19.231844Z","level":"info","event":"Fetching session results: https://api.openf1.org/v1/session_result?session_key=10028","logger":"openf1_de.fetch_bronze_session_results","filename":"fetch_bronze_session_results.py","lineno":113}
{"timestamp":"2026-06-25T10:49:19.869550Z","level":"error","event":"429: Waiting 40.1s until next minute...","logger":"openf1_de.fetch_bronze_session_results","filename":"fetch_bronze_session_results.py","lineno":56}
{"timestamp":"2026-06-25T10:50:00.663309Z","level":"info","event":"Fetching drivers: https://api.openf1.org/v1/drivers?session_key=10028","logger":"openf1_de.fetch_bronze_session_results","filename":"fetch_bronze_session_results.py","lineno":120}
{"timestamp":"2026-06-25T10:50:01.284989Z","level":"info","event":"Fetching session results: https://api.openf1.org/v1/session_result?session_key=10029","logger":"openf1_de.fetch_bronze_session_results","filename":"fetch_bronze_session_results.py","lineno":113}
{"timestamp":"2026-06-25T10:50:01.926642Z","level":"info","event":"Fetching drivers: https://api.openf1.org/v1/drivers?session_key=10029","logger":"openf1_de.fetch_bronze_session_results","filename":"fetch_bronze_session_results.py","lineno":120}
{"timestamp":"2026-06-25T10:50:02.556239Z","level":"info","event":"Fetching session results: https://api.openf1.org/v1/session_result?session_key=10033","logger":"openf1_de.fetch_bronze_session_results","filename":"fetch_bronze_session_results.py","lineno":113}
{"timestamp":"2026-06-25T10:50:03.151984Z","level":"info","event":"Fetching drivers: https://api.openf1.org/v1/drivers?session_key=10033","logger":"openf1_de.fetch_bronze_session_results","filename":"fetch_bronze_session_results.py","lineno":120}
{"timestamp":"2026-06-25T10:50:03.779909Z","level":"info","event":"Fetching session results: https://api.openf1.org/v1/session_result?session_key=9980","logger":"openf1_de.fetch_bronze_session_results","filename":"fetch_bronze_session_results.py","lineno":113}
{"timestamp":"2026-06-25T10:50:04.372156Z","level":"info","event":"Fetching drivers: https://api.openf1.org/v1/drivers?session_key=9980","logger":"openf1_de.fetch_bronze_session_results","filename":"fetch_bronze_session_results.py","lineno":120}
{"timestamp":"2026-06-25T10:50:04.973465Z","level":"info","event":"Fetching session results: https://api.openf1.org/v1/session_result?session_key=9981","logger":"openf1_de.fetch_bronze_session_results","filename":"fetch_bronze_session_results.py","lineno":113}
{"timestamp":"2026-06-25T10:50:05.611508Z","level":"info","event":"Fetching drivers: https://api.openf1.org/v1/drivers?session_key=9981","logger":"openf1_de.fetch_bronze_session_results","filename":"fetch_bronze_session_results.py","lineno":120}
{"timestamp":"2026-06-25T10:50:06.307939Z","level":"info","event":"Fetching session results: https://api.openf1.org/v1/session_result?session_key=9982","logger":"openf1_de.fetch_bronze_session_results","filename":"fetch_bronze_session_results.py","lineno":113}
{"timestamp":"2026-06-25T10:50:06.953396Z","level":"info","event":"Fetching drivers: https://api.openf1.org/v1/drivers?session_key=9982","logger":"openf1_de.fetch_bronze_session_results","filename":"fetch_bronze_session_results.py","lineno":120}
{"timestamp":"2026-06-25T10:50:07.577232Z","level":"info","event":"Fetching session results: https://api.openf1.org/v1/session_result?session_key=9983","logger":"openf1_de.fetch_bronze_session_results","filename":"fetch_bronze_session_results.py","lineno":113}
{"timestamp":"2026-06-25T10:50:08.194518Z","level":"info","event":"Fetching drivers: https://api.openf1.org/v1/drivers?session_key=9983","logger":"openf1_de.fetch_bronze_session_results","filename":"fetch_bronze_session_results.py","lineno":120}
{"timestamp":"2026-06-25T10:50:08.899873Z","level":"info","event":"Fetching session results: https://api.openf1.org/v1/session_result?session_key=9987","logger":"openf1_de.fetch_bronze_session_results","filename":"fetch_bronze_session_results.py","lineno":113}
{"timestamp":"2026-06-25T10:50:09.564041Z","level":"info","event":"Fetching drivers: https://api.openf1.org/v1/drivers?session_key=9987","logger":"openf1_de.fetch_bronze_session_results","filename":"fetch_bronze_session_results.py","lineno":120}
{"timestamp":"2026-06-25T10:50:10.174852Z","level":"info","event":"Fetching session results: https://api.openf1.org/v1/session_result?session_key=9972","logger":"openf1_de.fetch_bronze_session_results","filename":"fetch_bronze_session_results.py","lineno":113}
{"timestamp":"2026-06-25T10:50:10.793650Z","level":"info","event":"Fetching drivers: https://api.openf1.org/v1/drivers?session_key=9972","logger":"openf1_de.fetch_bronze_session_results","filename":"fetch_bronze_session_results.py","lineno":120}
{"timestamp":"2026-06-25T10:50:11.473027Z","level":"info","event":"Fetching session results: https://api.openf1.org/v1/session_result?session_key=9973","logger":"openf1_de.fetch_bronze_session_results","filename":"fetch_bronze_session_results.py","lineno":113}
{"timestamp":"2026-06-25T10:50:12.134301Z","level":"info","event":"Fetching drivers: https://api.openf1.org/v1/drivers?session_key=9973","logger":"openf1_de.fetch_bronze_session_results","filename":"fetch_bronze_session_results.py","lineno":120}
{"timestamp":"2026-06-25T10:50:12.770047Z","level":"info","event":"Fetching session results: https://api.openf1.org/v1/session_result?session_key=9974","logger":"openf1_de.fetch_bronze_session_results","filename":"fetch_bronze_session_results.py","lineno":113}
{"timestamp":"2026-06-25T10:50:13.384409Z","level":"info","event":"Fetching drivers: https://api.openf1.org/v1/drivers?session_key=9974","logger":"openf1_de.fetch_bronze_session_results","filename":"fetch_bronze_session_results.py","lineno":120}
{"timestamp":"2026-06-25T10:50:13.990150Z","level":"info","event":"Fetching session results: https://api.openf1.org/v1/session_result?session_key=9975","logger":"openf1_de.fetch_bronze_session_results","filename":"fetch_bronze_session_results.py","lineno":113}
{"timestamp":"2026-06-25T10:50:14.601590Z","level":"info","event":"Fetching drivers: https://api.openf1.org/v1/drivers?session_key=9975","logger":"openf1_de.fetch_bronze_session_results","filename":"fetch_bronze_session_results.py","lineno":120}
{"timestamp":"2026-06-25T10:50:15.215342Z","level":"info","event":"Fetching session results: https://api.openf1.org/v1/session_result?session_key=9979","logger":"openf1_de.fetch_bronze_session_results","filename":"fetch_bronze_session_results.py","lineno":113}
{"timestamp":"2026-06-25T10:50:15.906475Z","level":"info","event":"Fetching drivers: https://api.openf1.org/v1/drivers?session_key=9979","logger":"openf1_de.fetch_bronze_session_results","filename":"fetch_bronze_session_results.py","lineno":120}
{"timestamp":"2026-06-25T10:50:16.564308Z","level":"info","event":"Fetching session results: https://api.openf1.org/v1/session_result?session_key=9964","logger":"openf1_de.fetch_bronze_session_results","filename":"fetch_bronze_session_results.py","lineno":113}
{"timestamp":"2026-06-25T10:50:17.171738Z","level":"info","event":"Fetching drivers: https://api.openf1.org/v1/drivers?session_key=9964","logger":"openf1_de.fetch_bronze_session_results","filename":"fetch_bronze_session_results.py","lineno":120}
{"timestamp":"2026-06-25T10:50:17.806863Z","level":"info","event":"Fetching session results: https://api.openf1.org/v1/session_result?session_key=9965","logger":"openf1_de.fetch_bronze_session_results","filename":"fetch_bronze_session_results.py","lineno":113}
{"timestamp":"2026-06-25T10:50:18.447382Z","level":"info","event":"Fetching drivers: https://api.openf1.org/v1/drivers?session_key=9965","logger":"openf1_de.fetch_bronze_session_results","filename":"fetch_bronze_session_results.py","lineno":120}
{"timestamp":"2026-06-25T10:50:19.062010Z","level":"info","event":"Fetching session results: https://api.openf1.org/v1/session_result?session_key=9966","logger":"openf1_de.fetch_bronze_session_results","filename":"fetch_bronze_session_results.py","lineno":113}
{"timestamp":"2026-06-25T10:50:19.673786Z","level":"error","event":"429: Waiting 40.3s until next minute...","logger":"openf1_de.fetch_bronze_session_results","filename":"fetch_bronze_session_results.py","lineno":56}
{"timestamp":"2026-06-25T10:51:00.712344Z","level":"info","event":"Fetching drivers: https://api.openf1.org/v1/drivers?session_key=9966","logger":"openf1_de.fetch_bronze_session_results","filename":"fetch_bronze_session_results.py","lineno":120}
{"timestamp":"2026-06-25T10:51:01.328726Z","level":"info","event":"Fetching session results: https://api.openf1.org/v1/session_result?session_key=9967","logger":"openf1_de.fetch_bronze_session_results","filename":"fetch_bronze_session_results.py","lineno":113}
{"timestamp":"2026-06-25T10:51:01.998648Z","level":"info","event":"Fetching drivers: https://api.openf1.org/v1/drivers?session_key=9967","logger":"openf1_de.fetch_bronze_session_results","filename":"fetch_bronze_session_results.py","lineno":120}
{"timestamp":"2026-06-25T10:51:02.643488Z","level":"info","event":"Fetching session results: https://api.openf1.org/v1/session_result?session_key=9971","logger":"openf1_de.fetch_bronze_session_results","filename":"fetch_bronze_session_results.py","lineno":113}
{"timestamp":"2026-06-25T10:51:03.299865Z","level":"info","event":"Fetching drivers: https://api.openf1.org/v1/drivers?session_key=9971","logger":"openf1_de.fetch_bronze_session_results","filename":"fetch_bronze_session_results.py","lineno":120}
{"timestamp":"2026-06-25T10:51:03.950291Z","level":"info","event":"Fetching session results: https://api.openf1.org/v1/session_result?session_key=9956","logger":"openf1_de.fetch_bronze_session_results","filename":"fetch_bronze_session_results.py","lineno":113}
{"timestamp":"2026-06-25T10:51:04.568615Z","level":"info","event":"Fetching drivers: https://api.openf1.org/v1/drivers?session_key=9956","logger":"openf1_de.fetch_bronze_session_results","filename":"fetch_bronze_session_results.py","lineno":120}
{"timestamp":"2026-06-25T10:51:05.226291Z","level":"info","event":"Fetching session results: https://api.openf1.org/v1/session_result?session_key=9957","logger":"openf1_de.fetch_bronze_session_results","filename":"fetch_bronze_session_results.py","lineno":113}
{"timestamp":"2026-06-25T10:51:05.870669Z","level":"info","event":"Fetching drivers: https://api.openf1.org/v1/drivers?session_key=9957","logger":"openf1_de.fetch_bronze_session_results","filename":"fetch_bronze_session_results.py","lineno":120}
{"timestamp":"2026-06-25T10:51:06.536856Z","level":"info","event":"Fetching session results: https://api.openf1.org/v1/session_result?session_key=9958","logger":"openf1_de.fetch_bronze_session_results","filename":"fetch_bronze_session_results.py","lineno":113}
{"timestamp":"2026-06-25T10:51:07.141932Z","level":"info","event":"Fetching drivers: https://api.openf1.org/v1/drivers?session_key=9958","logger":"openf1_de.fetch_bronze_session_results","filename":"fetch_bronze_session_results.py","lineno":120}
{"timestamp":"2026-06-25T10:51:07.735421Z","level":"info","event":"Fetching session results: https://api.openf1.org/v1/session_result?session_key=9959","logger":"openf1_de.fetch_bronze_session_results","filename":"fetch_bronze_session_results.py","lineno":113}
{"timestamp":"2026-06-25T10:51:08.396158Z","level":"info","event":"Fetching drivers: https://api.openf1.org/v1/drivers?session_key=9959","logger":"openf1_de.fetch_bronze_session_results","filename":"fetch_bronze_session_results.py","lineno":120}
{"timestamp":"2026-06-25T10:51:09.027689Z","level":"info","event":"Fetching session results: https://api.openf1.org/v1/session_result?session_key=9963","logger":"openf1_de.fetch_bronze_session_results","filename":"fetch_bronze_session_results.py","lineno":113}
{"timestamp":"2026-06-25T10:51:09.678634Z","level":"info","event":"Fetching drivers: https://api.openf1.org/v1/drivers?session_key=9963","logger":"openf1_de.fetch_bronze_session_results","filename":"fetch_bronze_session_results.py","lineno":120}
{"timestamp":"2026-06-25T10:51:10.286368Z","level":"info","event":"Fetching session results: https://api.openf1.org/v1/session_result?session_key=9948","logger":"openf1_de.fetch_bronze_session_results","filename":"fetch_bronze_session_results.py","lineno":113}
{"timestamp":"2026-06-25T10:51:10.896668Z","level":"info","event":"Fetching drivers: https://api.openf1.org/v1/drivers?session_key=9948","logger":"openf1_de.fetch_bronze_session_results","filename":"fetch_bronze_session_results.py","lineno":120}
{"timestamp":"2026-06-25T10:51:11.589045Z","level":"info","event":"Fetching session results: https://api.openf1.org/v1/session_result?session_key=9949","logger":"openf1_de.fetch_bronze_session_results","filename":"fetch_bronze_session_results.py","lineno":113}
{"timestamp":"2026-06-25T10:51:12.196073Z","level":"info","event":"Fetching drivers: https://api.openf1.org/v1/drivers?session_key=9949","logger":"openf1_de.fetch_bronze_session_results","filename":"fetch_bronze_session_results.py","lineno":120}
{"timestamp":"2026-06-25T10:51:12.805121Z","level":"info","event":"Fetching session results: https://api.openf1.org/v1/session_result?session_key=9950","logger":"openf1_de.fetch_bronze_session_results","filename":"fetch_bronze_session_results.py","lineno":113}
{"timestamp":"2026-06-25T10:51:13.419733Z","level":"info","event":"Fetching drivers: https://api.openf1.org/v1/drivers?session_key=9950","logger":"openf1_de.fetch_bronze_session_results","filename":"fetch_bronze_session_results.py","lineno":120}
{"timestamp":"2026-06-25T10:51:14.099888Z","level":"info","event":"Fetching session results: https://api.openf1.org/v1/session_result?session_key=9951","logger":"openf1_de.fetch_bronze_session_results","filename":"fetch_bronze_session_results.py","lineno":113}
{"timestamp":"2026-06-25T10:51:14.709706Z","level":"info","event":"Fetching drivers: https://api.openf1.org/v1/drivers?session_key=9951","logger":"openf1_de.fetch_bronze_session_results","filename":"fetch_bronze_session_results.py","lineno":120}
{"timestamp":"2026-06-25T10:51:15.325470Z","level":"info","event":"Fetching session results: https://api.openf1.org/v1/session_result?session_key=9955","logger":"openf1_de.fetch_bronze_session_results","filename":"fetch_bronze_session_results.py","lineno":113}
{"timestamp":"2026-06-25T10:51:15.985616Z","level":"info","event":"Fetching drivers: https://api.openf1.org/v1/drivers?session_key=9955","logger":"openf1_de.fetch_bronze_session_results","filename":"fetch_bronze_session_results.py","lineno":120}
{"timestamp":"2026-06-25T10:51:16.634692Z","level":"info","event":"Fetching session results: https://api.openf1.org/v1/session_result?session_key=9940","logger":"openf1_de.fetch_bronze_session_results","filename":"fetch_bronze_session_results.py","lineno":113}
{"timestamp":"2026-06-25T10:51:17.238118Z","level":"info","event":"Fetching drivers: https://api.openf1.org/v1/drivers?session_key=9940","logger":"openf1_de.fetch_bronze_session_results","filename":"fetch_bronze_session_results.py","lineno":120}
{"timestamp":"2026-06-25T10:51:17.903881Z","level":"info","event":"Fetching session results: https://api.openf1.org/v1/session_result?session_key=9941","logger":"openf1_de.fetch_bronze_session_results","filename":"fetch_bronze_session_results.py","lineno":113}
{"timestamp":"2026-06-25T10:51:18.545247Z","level":"info","event":"Fetching drivers: https://api.openf1.org/v1/drivers?session_key=9941","logger":"openf1_de.fetch_bronze_session_results","filename":"fetch_bronze_session_results.py","lineno":120}
{"timestamp":"2026-06-25T10:51:19.248107Z","level":"info","event":"Fetching session results: https://api.openf1.org/v1/session_result?session_key=9942","logger":"openf1_de.fetch_bronze_session_results","filename":"fetch_bronze_session_results.py","lineno":113}
{"timestamp":"2026-06-25T10:51:19.833338Z","level":"error","event":"429: Waiting 40.2s until next minute...","logger":"openf1_de.fetch_bronze_session_results","filename":"fetch_bronze_session_results.py","lineno":56}
{"timestamp":"2026-06-25T10:52:00.648799Z","level":"info","event":"Fetching drivers: https://api.openf1.org/v1/drivers?session_key=9942","logger":"openf1_de.fetch_bronze_session_results","filename":"fetch_bronze_session_results.py","lineno":120}
{"timestamp":"2026-06-25T10:52:01.277420Z","level":"info","event":"Fetching session results: https://api.openf1.org/v1/session_result?session_key=9943","logger":"openf1_de.fetch_bronze_session_results","filename":"fetch_bronze_session_results.py","lineno":113}
{"timestamp":"2026-06-25T10:52:01.884147Z","level":"info","event":"Fetching drivers: https://api.openf1.org/v1/drivers?session_key=9943","logger":"openf1_de.fetch_bronze_session_results","filename":"fetch_bronze_session_results.py","lineno":120}
{"timestamp":"2026-06-25T10:52:02.491728Z","level":"info","event":"Fetching session results: https://api.openf1.org/v1/session_result?session_key=9947","logger":"openf1_de.fetch_bronze_session_results","filename":"fetch_bronze_session_results.py","lineno":113}
{"timestamp":"2026-06-25T10:52:03.100066Z","level":"info","event":"Fetching drivers: https://api.openf1.org/v1/drivers?session_key=9947","logger":"openf1_de.fetch_bronze_session_results","filename":"fetch_bronze_session_results.py","lineno":120}
{"timestamp":"2026-06-25T10:52:03.743892Z","level":"info","event":"Fetching session results: https://api.openf1.org/v1/session_result?session_key=9929","logger":"openf1_de.fetch_bronze_session_results","filename":"fetch_bronze_session_results.py","lineno":113}
{"timestamp":"2026-06-25T10:52:04.396641Z","level":"info","event":"Fetching drivers: https://api.openf1.org/v1/drivers?session_key=9929","logger":"openf1_de.fetch_bronze_session_results","filename":"fetch_bronze_session_results.py","lineno":120}
{"timestamp":"2026-06-25T10:52:05.068763Z","level":"info","event":"Fetching session results: https://api.openf1.org/v1/session_result?session_key=9930","logger":"openf1_de.fetch_bronze_session_results","filename":"fetch_bronze_session_results.py","lineno":113}
{"timestamp":"2026-06-25T10:52:05.718256Z","level":"info","event":"Fetching drivers: https://api.openf1.org/v1/drivers?session_key=9930","logger":"openf1_de.fetch_bronze_session_results","filename":"fetch_bronze_session_results.py","lineno":120}
{"timestamp":"2026-06-25T10:52:06.313745Z","level":"info","event":"Fetching session results: https://api.openf1.org/v1/session_result?session_key=9934","logger":"openf1_de.fetch_bronze_session_results","filename":"fetch_bronze_session_results.py","lineno":113}
{"timestamp":"2026-06-25T10:52:06.907776Z","level":"info","event":"Fetching drivers: https://api.openf1.org/v1/drivers?session_key=9934","logger":"openf1_de.fetch_bronze_session_results","filename":"fetch_bronze_session_results.py","lineno":120}
{"timestamp":"2026-06-25T10:52:07.513964Z","level":"info","event":"Fetching session results: https://api.openf1.org/v1/session_result?session_key=9935","logger":"openf1_de.fetch_bronze_session_results","filename":"fetch_bronze_session_results.py","lineno":113}
{"timestamp":"2026-06-25T10:52:08.153886Z","level":"info","event":"Fetching drivers: https://api.openf1.org/v1/drivers?session_key=9935","logger":"openf1_de.fetch_bronze_session_results","filename":"fetch_bronze_session_results.py","lineno":120}
{"timestamp":"2026-06-25T10:52:08.771565Z","level":"info","event":"Fetching session results: https://api.openf1.org/v1/session_result?session_key=9939","logger":"openf1_de.fetch_bronze_session_results","filename":"fetch_bronze_session_results.py","lineno":113}
{"timestamp":"2026-06-25T10:52:09.379518Z","level":"info","event":"Fetching drivers: https://api.openf1.org/v1/drivers?session_key=9939","logger":"openf1_de.fetch_bronze_session_results","filename":"fetch_bronze_session_results.py","lineno":120}
{"timestamp":"2026-06-25T10:52:10.076864Z","level":"info","event":"Fetching session results: https://api.openf1.org/v1/session_result?session_key=9921","logger":"openf1_de.fetch_bronze_session_results","filename":"fetch_bronze_session_results.py","lineno":113}
{"timestamp":"2026-06-25T10:52:10.686389Z","level":"info","event":"Fetching drivers: https://api.openf1.org/v1/drivers?session_key=9921","logger":"openf1_de.fetch_bronze_session_results","filename":"fetch_bronze_session_results.py","lineno":120}
{"timestamp":"2026-06-25T10:52:11.347296Z","level":"info","event":"Fetching session results: https://api.openf1.org/v1/session_result?session_key=9922","logger":"openf1_de.fetch_bronze_session_results","filename":"fetch_bronze_session_results.py","lineno":113}
{"timestamp":"2026-06-25T10:52:12.013625Z","level":"info","event":"Fetching drivers: https://api.openf1.org/v1/drivers?session_key=9922","logger":"openf1_de.fetch_bronze_session_results","filename":"fetch_bronze_session_results.py","lineno":120}
{"timestamp":"2026-06-25T10:52:12.669103Z","level":"info","event":"Fetching session results: https://api.openf1.org/v1/session_result?session_key=9923","logger":"openf1_de.fetch_bronze_session_results","filename":"fetch_bronze_session_results.py","lineno":113}
{"timestamp":"2026-06-25T10:52:13.289525Z","level":"info","event":"Fetching drivers: https://api.openf1.org/v1/drivers?session_key=9923","logger":"openf1_de.fetch_bronze_session_results","filename":"fetch_bronze_session_results.py","lineno":120}
{"timestamp":"2026-06-25T10:52:13.896391Z","level":"info","event":"Fetching session results: https://api.openf1.org/v1/session_result?session_key=9924","logger":"openf1_de.fetch_bronze_session_results","filename":"fetch_bronze_session_results.py","lineno":113}
{"timestamp":"2026-06-25T10:52:14.500422Z","level":"info","event":"Fetching drivers: https://api.openf1.org/v1/drivers?session_key=9924","logger":"openf1_de.fetch_bronze_session_results","filename":"fetch_bronze_session_results.py","lineno":120}
{"timestamp":"2026-06-25T10:52:15.158678Z","level":"info","event":"Fetching session results: https://api.openf1.org/v1/session_result?session_key=9928","logger":"openf1_de.fetch_bronze_session_results","filename":"fetch_bronze_session_results.py","lineno":113}
{"timestamp":"2026-06-25T10:52:15.858208Z","level":"info","event":"Fetching drivers: https://api.openf1.org/v1/drivers?session_key=9928","logger":"openf1_de.fetch_bronze_session_results","filename":"fetch_bronze_session_results.py","lineno":120}
{"timestamp":"2026-06-25T10:52:16.454831Z","level":"info","event":"Fetching session results: https://api.openf1.org/v1/session_result?session_key=9913","logger":"openf1_de.fetch_bronze_session_results","filename":"fetch_bronze_session_results.py","lineno":113}
{"timestamp":"2026-06-25T10:52:17.049761Z","level":"info","event":"Fetching drivers: https://api.openf1.org/v1/drivers?session_key=9913","logger":"openf1_de.fetch_bronze_session_results","filename":"fetch_bronze_session_results.py","lineno":120}
{"timestamp":"2026-06-25T10:52:17.692190Z","level":"info","event":"Fetching session results: https://api.openf1.org/v1/session_result?session_key=9914","logger":"openf1_de.fetch_bronze_session_results","filename":"fetch_bronze_session_results.py","lineno":113}
{"timestamp":"2026-06-25T10:52:18.296833Z","level":"info","event":"Fetching drivers: https://api.openf1.org/v1/drivers?session_key=9914","logger":"openf1_de.fetch_bronze_session_results","filename":"fetch_bronze_session_results.py","lineno":120}
{"timestamp":"2026-06-25T10:52:18.992515Z","level":"info","event":"Fetching session results: https://api.openf1.org/v1/session_result?session_key=9915","logger":"openf1_de.fetch_bronze_session_results","filename":"fetch_bronze_session_results.py","lineno":113}
{"timestamp":"2026-06-25T10:52:19.620230Z","level":"error","event":"429: Waiting 40.4s until next minute...","logger":"openf1_de.fetch_bronze_session_results","filename":"fetch_bronze_session_results.py","lineno":56}
{"timestamp":"2026-06-25T10:53:00.607906Z","level":"info","event":"Fetching drivers: https://api.openf1.org/v1/drivers?session_key=9915","logger":"openf1_de.fetch_bronze_session_results","filename":"fetch_bronze_session_results.py","lineno":120}
{"timestamp":"2026-06-25T10:53:01.269662Z","level":"info","event":"Fetching session results: https://api.openf1.org/v1/session_result?session_key=9916","logger":"openf1_de.fetch_bronze_session_results","filename":"fetch_bronze_session_results.py","lineno":113}
{"timestamp":"2026-06-25T10:53:01.917987Z","level":"info","event":"Fetching drivers: https://api.openf1.org/v1/drivers?session_key=9916","logger":"openf1_de.fetch_bronze_session_results","filename":"fetch_bronze_session_results.py","lineno":120}
{"timestamp":"2026-06-25T10:53:02.571533Z","level":"info","event":"Fetching session results: https://api.openf1.org/v1/session_result?session_key=9920","logger":"openf1_de.fetch_bronze_session_results","filename":"fetch_bronze_session_results.py","lineno":113}
{"timestamp":"2026-06-25T10:53:03.272475Z","level":"info","event":"Fetching drivers: https://api.openf1.org/v1/drivers?session_key=9920","logger":"openf1_de.fetch_bronze_session_results","filename":"fetch_bronze_session_results.py","lineno":120}
{"timestamp":"2026-06-25T10:53:03.928752Z","level":"info","event":"Fetching session results: https://api.openf1.org/v1/session_result?session_key=9905","logger":"openf1_de.fetch_bronze_session_results","filename":"fetch_bronze_session_results.py","lineno":113}
{"timestamp":"2026-06-25T10:53:04.606834Z","level":"info","event":"Fetching drivers: https://api.openf1.org/v1/drivers?session_key=9905","logger":"openf1_de.fetch_bronze_session_results","filename":"fetch_bronze_session_results.py","lineno":120}
{"timestamp":"2026-06-25T10:53:05.228098Z","level":"info","event":"Fetching session results: https://api.openf1.org/v1/session_result?session_key=9906","logger":"openf1_de.fetch_bronze_session_results","filename":"fetch_bronze_session_results.py","lineno":113}
{"timestamp":"2026-06-25T10:53:05.865362Z","level":"info","event":"Fetching drivers: https://api.openf1.org/v1/drivers?session_key=9906","logger":"openf1_de.fetch_bronze_session_results","filename":"fetch_bronze_session_results.py","lineno":120}
{"timestamp":"2026-06-25T10:53:06.520718Z","level":"info","event":"Fetching session results: https://api.openf1.org/v1/session_result?session_key=9907","logger":"openf1_de.fetch_bronze_session_results","filename":"fetch_bronze_session_results.py","lineno":113}
{"timestamp":"2026-06-25T10:53:07.139935Z","level":"info","event":"Fetching drivers: https://api.openf1.org/v1/drivers?session_key=9907","logger":"openf1_de.fetch_bronze_session_results","filename":"fetch_bronze_session_results.py","lineno":120}
{"timestamp":"2026-06-25T10:53:07.747557Z","level":"info","event":"Fetching session results: https://api.openf1.org/v1/session_result?session_key=9908","logger":"openf1_de.fetch_bronze_session_results","filename":"fetch_bronze_session_results.py","lineno":113}
{"timestamp":"2026-06-25T10:53:08.430751Z","level":"info","event":"Fetching drivers: https://api.openf1.org/v1/drivers?session_key=9908","logger":"openf1_de.fetch_bronze_session_results","filename":"fetch_bronze_session_results.py","lineno":120}
{"timestamp":"2026-06-25T10:53:09.121804Z","level":"info","event":"Fetching session results: https://api.openf1.org/v1/session_result?session_key=9912","logger":"openf1_de.fetch_bronze_session_results","filename":"fetch_bronze_session_results.py","lineno":113}
{"timestamp":"2026-06-25T10:53:09.720235Z","level":"info","event":"Fetching drivers: https://api.openf1.org/v1/drivers?session_key=9912","logger":"openf1_de.fetch_bronze_session_results","filename":"fetch_bronze_session_results.py","lineno":120}
{"timestamp":"2026-06-25T10:53:10.343715Z","level":"info","event":"Fetching session results: https://api.openf1.org/v1/session_result?session_key=9897","logger":"openf1_de.fetch_bronze_session_results","filename":"fetch_bronze_session_results.py","lineno":113}
{"timestamp":"2026-06-25T10:53:10.978018Z","level":"info","event":"Fetching drivers: https://api.openf1.org/v1/drivers?session_key=9897","logger":"openf1_de.fetch_bronze_session_results","filename":"fetch_bronze_session_results.py","lineno":120}
{"timestamp":"2026-06-25T10:53:11.587095Z","level":"info","event":"Fetching session results: https://api.openf1.org/v1/session_result?session_key=9898","logger":"openf1_de.fetch_bronze_session_results","filename":"fetch_bronze_session_results.py","lineno":113}
{"timestamp":"2026-06-25T10:53:12.243363Z","level":"info","event":"Fetching drivers: https://api.openf1.org/v1/drivers?session_key=9898","logger":"openf1_de.fetch_bronze_session_results","filename":"fetch_bronze_session_results.py","lineno":120}
{"timestamp":"2026-06-25T10:53:12.897834Z","level":"info","event":"Fetching session results: https://api.openf1.org/v1/session_result?session_key=9899","logger":"openf1_de.fetch_bronze_session_results","filename":"fetch_bronze_session_results.py","lineno":113}
{"timestamp":"2026-06-25T10:53:13.538616Z","level":"info","event":"Fetching drivers: https://api.openf1.org/v1/drivers?session_key=9899","logger":"openf1_de.fetch_bronze_session_results","filename":"fetch_bronze_session_results.py","lineno":120}
{"timestamp":"2026-06-25T10:53:14.181219Z","level":"info","event":"Fetching session results: https://api.openf1.org/v1/session_result?session_key=9900","logger":"openf1_de.fetch_bronze_session_results","filename":"fetch_bronze_session_results.py","lineno":113}
{"timestamp":"2026-06-25T10:53:14.792152Z","level":"info","event":"Fetching drivers: https://api.openf1.org/v1/drivers?session_key=9900","logger":"openf1_de.fetch_bronze_session_results","filename":"fetch_bronze_session_results.py","lineno":120}
{"timestamp":"2026-06-25T10:53:15.408061Z","level":"info","event":"Fetching session results: https://api.openf1.org/v1/session_result?session_key=9904","logger":"openf1_de.fetch_bronze_session_results","filename":"fetch_bronze_session_results.py","lineno":113}
{"timestamp":"2026-06-25T10:53:16.071217Z","level":"info","event":"Fetching drivers: https://api.openf1.org/v1/drivers?session_key=9904","logger":"openf1_de.fetch_bronze_session_results","filename":"fetch_bronze_session_results.py","lineno":120}
{"timestamp":"2026-06-25T10:53:16.688743Z","level":"info","event":"Fetching session results: https://api.openf1.org/v1/session_result?session_key=9889","logger":"openf1_de.fetch_bronze_session_results","filename":"fetch_bronze_session_results.py","lineno":113}
{"timestamp":"2026-06-25T10:53:17.281862Z","level":"info","event":"Fetching drivers: https://api.openf1.org/v1/drivers?session_key=9889","logger":"openf1_de.fetch_bronze_session_results","filename":"fetch_bronze_session_results.py","lineno":120}
{"timestamp":"2026-06-25T10:53:17.923324Z","level":"info","event":"Fetching session results: https://api.openf1.org/v1/session_result?session_key=9890","logger":"openf1_de.fetch_bronze_session_results","filename":"fetch_bronze_session_results.py","lineno":113}
{"timestamp":"2026-06-25T10:53:18.563775Z","level":"info","event":"Fetching drivers: https://api.openf1.org/v1/drivers?session_key=9890","logger":"openf1_de.fetch_bronze_session_results","filename":"fetch_bronze_session_results.py","lineno":120}
{"timestamp":"2026-06-25T10:53:19.166868Z","level":"info","event":"Fetching session results: https://api.openf1.org/v1/session_result?session_key=9891","logger":"openf1_de.fetch_bronze_session_results","filename":"fetch_bronze_session_results.py","lineno":113}
{"timestamp":"2026-06-25T10:53:19.767371Z","level":"error","event":"429: Waiting 40.2s until next minute...","logger":"openf1_de.fetch_bronze_session_results","filename":"fetch_bronze_session_results.py","lineno":56}
{"timestamp":"2026-06-25T10:54:00.610818Z","level":"info","event":"Fetching drivers: https://api.openf1.org/v1/drivers?session_key=9891","logger":"openf1_de.fetch_bronze_session_results","filename":"fetch_bronze_session_results.py","lineno":120}
{"timestamp":"2026-06-25T10:54:01.270845Z","level":"info","event":"Fetching session results: https://api.openf1.org/v1/session_result?session_key=9892","logger":"openf1_de.fetch_bronze_session_results","filename":"fetch_bronze_session_results.py","lineno":113}
{"timestamp":"2026-06-25T10:54:01.866758Z","level":"info","event":"Fetching drivers: https://api.openf1.org/v1/drivers?session_key=9892","logger":"openf1_de.fetch_bronze_session_results","filename":"fetch_bronze_session_results.py","lineno":120}
{"timestamp":"2026-06-25T10:54:02.471993Z","level":"info","event":"Fetching session results: https://api.openf1.org/v1/session_result?session_key=9896","logger":"openf1_de.fetch_bronze_session_results","filename":"fetch_bronze_session_results.py","lineno":113}
{"timestamp":"2026-06-25T10:54:03.066198Z","level":"info","event":"Fetching drivers: https://api.openf1.org/v1/drivers?session_key=9896","logger":"openf1_de.fetch_bronze_session_results","filename":"fetch_bronze_session_results.py","lineno":120}
{"timestamp":"2026-06-25T10:54:03.699036Z","level":"info","event":"Fetching session results: https://api.openf1.org/v1/session_result?session_key=9878","logger":"openf1_de.fetch_bronze_session_results","filename":"fetch_bronze_session_results.py","lineno":113}
{"timestamp":"2026-06-25T10:54:04.328968Z","level":"info","event":"Fetching drivers: https://api.openf1.org/v1/drivers?session_key=9878","logger":"openf1_de.fetch_bronze_session_results","filename":"fetch_bronze_session_results.py","lineno":120}
{"timestamp":"2026-06-25T10:54:04.960026Z","level":"info","event":"Fetching session results: https://api.openf1.org/v1/session_result?session_key=9879","logger":"openf1_de.fetch_bronze_session_results","filename":"fetch_bronze_session_results.py","lineno":113}
{"timestamp":"2026-06-25T10:54:05.656607Z","level":"info","event":"Fetching drivers: https://api.openf1.org/v1/drivers?session_key=9879","logger":"openf1_de.fetch_bronze_session_results","filename":"fetch_bronze_session_results.py","lineno":120}
{"timestamp":"2026-06-25T10:54:06.302537Z","level":"info","event":"Fetching session results: https://api.openf1.org/v1/session_result?session_key=9883","logger":"openf1_de.fetch_bronze_session_results","filename":"fetch_bronze_session_results.py","lineno":113}
{"timestamp":"2026-06-25T10:54:06.918578Z","level":"info","event":"Fetching drivers: https://api.openf1.org/v1/drivers?session_key=9883","logger":"openf1_de.fetch_bronze_session_results","filename":"fetch_bronze_session_results.py","lineno":120}
{"timestamp":"2026-06-25T10:54:07.539532Z","level":"info","event":"Fetching session results: https://api.openf1.org/v1/session_result?session_key=9884","logger":"openf1_de.fetch_bronze_session_results","filename":"fetch_bronze_session_results.py","lineno":113}
{"timestamp":"2026-06-25T10:54:08.241141Z","level":"info","event":"Fetching drivers: https://api.openf1.org/v1/drivers?session_key=9884","logger":"openf1_de.fetch_bronze_session_results","filename":"fetch_bronze_session_results.py","lineno":120}
{"timestamp":"2026-06-25T10:54:08.909008Z","level":"info","event":"Fetching session results: https://api.openf1.org/v1/session_result?session_key=9888","logger":"openf1_de.fetch_bronze_session_results","filename":"fetch_bronze_session_results.py","lineno":113}
{"timestamp":"2026-06-25T10:54:09.513840Z","level":"info","event":"Fetching drivers: https://api.openf1.org/v1/drivers?session_key=9888","logger":"openf1_de.fetch_bronze_session_results","filename":"fetch_bronze_session_results.py","lineno":120}
{"timestamp":"2026-06-25T10:54:10.124134Z","level":"info","event":"Fetching session results: https://api.openf1.org/v1/session_result?session_key=9870","logger":"openf1_de.fetch_bronze_session_results","filename":"fetch_bronze_session_results.py","lineno":113}
{"timestamp":"2026-06-25T10:54:10.741980Z","level":"info","event":"Fetching drivers: https://api.openf1.org/v1/drivers?session_key=9870","logger":"openf1_de.fetch_bronze_session_results","filename":"fetch_bronze_session_results.py","lineno":120}
{"timestamp":"2026-06-25T10:54:11.419628Z","level":"info","event":"Fetching session results: https://api.openf1.org/v1/session_result?session_key=9871","logger":"openf1_de.fetch_bronze_session_results","filename":"fetch_bronze_session_results.py","lineno":113}
{"timestamp":"2026-06-25T10:54:12.079100Z","level":"info","event":"Fetching drivers: https://api.openf1.org/v1/drivers?session_key=9871","logger":"openf1_de.fetch_bronze_session_results","filename":"fetch_bronze_session_results.py","lineno":120}
{"timestamp":"2026-06-25T10:54:12.742403Z","level":"info","event":"Fetching session results: https://api.openf1.org/v1/session_result?session_key=9872","logger":"openf1_de.fetch_bronze_session_results","filename":"fetch_bronze_session_results.py","lineno":113}
{"timestamp":"2026-06-25T10:54:13.376073Z","level":"info","event":"Fetching drivers: https://api.openf1.org/v1/drivers?session_key=9872","logger":"openf1_de.fetch_bronze_session_results","filename":"fetch_bronze_session_results.py","lineno":120}
{"timestamp":"2026-06-25T10:54:13.970044Z","level":"info","event":"Fetching session results: https://api.openf1.org/v1/session_result?session_key=9873","logger":"openf1_de.fetch_bronze_session_results","filename":"fetch_bronze_session_results.py","lineno":113}
{"timestamp":"2026-06-25T10:54:14.630018Z","level":"info","event":"Fetching drivers: https://api.openf1.org/v1/drivers?session_key=9873","logger":"openf1_de.fetch_bronze_session_results","filename":"fetch_bronze_session_results.py","lineno":120}
{"timestamp":"2026-06-25T10:54:15.241262Z","level":"info","event":"Fetching session results: https://api.openf1.org/v1/session_result?session_key=9877","logger":"openf1_de.fetch_bronze_session_results","filename":"fetch_bronze_session_results.py","lineno":113}
{"timestamp":"2026-06-25T10:54:15.854858Z","level":"info","event":"Fetching drivers: https://api.openf1.org/v1/drivers?session_key=9877","logger":"openf1_de.fetch_bronze_session_results","filename":"fetch_bronze_session_results.py","lineno":120}
{"timestamp":"2026-06-25T10:54:16.517469Z","level":"info","event":"Fetching session results: https://api.openf1.org/v1/session_result?session_key=9859","logger":"openf1_de.fetch_bronze_session_results","filename":"fetch_bronze_session_results.py","lineno":113}
{"timestamp":"2026-06-25T10:54:17.134209Z","level":"info","event":"Fetching drivers: https://api.openf1.org/v1/drivers?session_key=9859","logger":"openf1_de.fetch_bronze_session_results","filename":"fetch_bronze_session_results.py","lineno":120}
{"timestamp":"2026-06-25T10:54:17.738616Z","level":"info","event":"Fetching session results: https://api.openf1.org/v1/session_result?session_key=9860","logger":"openf1_de.fetch_bronze_session_results","filename":"fetch_bronze_session_results.py","lineno":113}
{"timestamp":"2026-06-25T10:54:18.345230Z","level":"info","event":"Fetching drivers: https://api.openf1.org/v1/drivers?session_key=9860","logger":"openf1_de.fetch_bronze_session_results","filename":"fetch_bronze_session_results.py","lineno":120}
{"timestamp":"2026-06-25T10:54:18.938724Z","level":"info","event":"Fetching session results: https://api.openf1.org/v1/session_result?session_key=9864","logger":"openf1_de.fetch_bronze_session_results","filename":"fetch_bronze_session_results.py","lineno":113}
{"timestamp":"2026-06-25T10:54:19.538003Z","level":"error","event":"429: Waiting 40.5s until next minute...","logger":"openf1_de.fetch_bronze_session_results","filename":"fetch_bronze_session_results.py","lineno":56}
{"timestamp":"2026-06-25T10:55:00.609480Z","level":"info","event":"Fetching drivers: https://api.openf1.org/v1/drivers?session_key=9864","logger":"openf1_de.fetch_bronze_session_results","filename":"fetch_bronze_session_results.py","lineno":120}
{"timestamp":"2026-06-25T10:55:01.213905Z","level":"info","event":"Fetching session results: https://api.openf1.org/v1/session_result?session_key=9865","logger":"openf1_de.fetch_bronze_session_results","filename":"fetch_bronze_session_results.py","lineno":113}
{"timestamp":"2026-06-25T10:55:01.861651Z","level":"info","event":"Fetching drivers: https://api.openf1.org/v1/drivers?session_key=9865","logger":"openf1_de.fetch_bronze_session_results","filename":"fetch_bronze_session_results.py","lineno":120}
{"timestamp":"2026-06-25T10:55:02.513893Z","level":"info","event":"Fetching session results: https://api.openf1.org/v1/session_result?session_key=9869","logger":"openf1_de.fetch_bronze_session_results","filename":"fetch_bronze_session_results.py","lineno":113}
{"timestamp":"2026-06-25T10:55:03.159553Z","level":"info","event":"Fetching drivers: https://api.openf1.org/v1/drivers?session_key=9869","logger":"openf1_de.fetch_bronze_session_results","filename":"fetch_bronze_session_results.py","lineno":120}
{"timestamp":"2026-06-25T10:55:03.806447Z","level":"info","event":"Fetching session results: https://api.openf1.org/v1/session_result?session_key=9851","logger":"openf1_de.fetch_bronze_session_results","filename":"fetch_bronze_session_results.py","lineno":113}
{"timestamp":"2026-06-25T10:55:04.416723Z","level":"info","event":"Fetching drivers: https://api.openf1.org/v1/drivers?session_key=9851","logger":"openf1_de.fetch_bronze_session_results","filename":"fetch_bronze_session_results.py","lineno":120}
{"timestamp":"2026-06-25T10:55:05.077077Z","level":"info","event":"Fetching session results: https://api.openf1.org/v1/session_result?session_key=9852","logger":"openf1_de.fetch_bronze_session_results","filename":"fetch_bronze_session_results.py","lineno":113}
{"timestamp":"2026-06-25T10:55:05.736877Z","level":"info","event":"Fetching drivers: https://api.openf1.org/v1/drivers?session_key=9852","logger":"openf1_de.fetch_bronze_session_results","filename":"fetch_bronze_session_results.py","lineno":120}
{"timestamp":"2026-06-25T10:55:06.393207Z","level":"info","event":"Fetching session results: https://api.openf1.org/v1/session_result?session_key=9853","logger":"openf1_de.fetch_bronze_session_results","filename":"fetch_bronze_session_results.py","lineno":113}
{"timestamp":"2026-06-25T10:55:07.036055Z","level":"info","event":"Fetching drivers: https://api.openf1.org/v1/drivers?session_key=9853","logger":"openf1_de.fetch_bronze_session_results","filename":"fetch_bronze_session_results.py","lineno":120}
{"timestamp":"2026-06-25T10:55:07.701929Z","level":"info","event":"Fetching session results: https://api.openf1.org/v1/session_result?session_key=9854","logger":"openf1_de.fetch_bronze_session_results","filename":"fetch_bronze_session_results.py","lineno":113}
{"timestamp":"2026-06-25T10:55:08.306087Z","level":"info","event":"Fetching drivers: https://api.openf1.org/v1/drivers?session_key=9854","logger":"openf1_de.fetch_bronze_session_results","filename":"fetch_bronze_session_results.py","lineno":120}
{"timestamp":"2026-06-25T10:55:08.901380Z","level":"info","event":"Fetching session results: https://api.openf1.org/v1/session_result?session_key=9858","logger":"openf1_de.fetch_bronze_session_results","filename":"fetch_bronze_session_results.py","lineno":113}
{"timestamp":"2026-06-25T10:55:09.572476Z","level":"info","event":"Fetching drivers: https://api.openf1.org/v1/drivers?session_key=9858","logger":"openf1_de.fetch_bronze_session_results","filename":"fetch_bronze_session_results.py","lineno":120}
{"timestamp":"2026-06-25T10:55:10.190429Z","level":"info","event":"Fetching session results: https://api.openf1.org/v1/session_result?session_key=9840","logger":"openf1_de.fetch_bronze_session_results","filename":"fetch_bronze_session_results.py","lineno":113}
{"timestamp":"2026-06-25T10:55:10.802300Z","level":"info","event":"Fetching drivers: https://api.openf1.org/v1/drivers?session_key=9840","logger":"openf1_de.fetch_bronze_session_results","filename":"fetch_bronze_session_results.py","lineno":120}
{"timestamp":"2026-06-25T10:55:11.413002Z","level":"info","event":"Fetching session results: https://api.openf1.org/v1/session_result?session_key=9841","logger":"openf1_de.fetch_bronze_session_results","filename":"fetch_bronze_session_results.py","lineno":113}
{"timestamp":"2026-06-25T10:55:12.017979Z","level":"info","event":"Fetching drivers: https://api.openf1.org/v1/drivers?session_key=9841","logger":"openf1_de.fetch_bronze_session_results","filename":"fetch_bronze_session_results.py","lineno":120}
{"timestamp":"2026-06-25T10:55:12.651303Z","level":"info","event":"Fetching session results: https://api.openf1.org/v1/session_result?session_key=9845","logger":"openf1_de.fetch_bronze_session_results","filename":"fetch_bronze_session_results.py","lineno":113}
{"timestamp":"2026-06-25T10:55:13.307324Z","level":"info","event":"Fetching drivers: https://api.openf1.org/v1/drivers?session_key=9845","logger":"openf1_de.fetch_bronze_session_results","filename":"fetch_bronze_session_results.py","lineno":120}
{"timestamp":"2026-06-25T10:55:13.959314Z","level":"info","event":"Fetching session results: https://api.openf1.org/v1/session_result?session_key=9846","logger":"openf1_de.fetch_bronze_session_results","filename":"fetch_bronze_session_results.py","lineno":113}
{"timestamp":"2026-06-25T10:55:14.686341Z","level":"info","event":"Fetching drivers: https://api.openf1.org/v1/drivers?session_key=9846","logger":"openf1_de.fetch_bronze_session_results","filename":"fetch_bronze_session_results.py","lineno":120}
{"timestamp":"2026-06-25T10:55:15.327630Z","level":"info","event":"Fetching session results: https://api.openf1.org/v1/session_result?session_key=9850","logger":"openf1_de.fetch_bronze_session_results","filename":"fetch_bronze_session_results.py","lineno":113}
{"timestamp":"2026-06-25T10:55:15.944073Z","level":"info","event":"Fetching drivers: https://api.openf1.org/v1/drivers?session_key=9850","logger":"openf1_de.fetch_bronze_session_results","filename":"fetch_bronze_session_results.py","lineno":120}
{"timestamp":"2026-06-25T10:55:16.630426Z","level":"info","event":"Fetching session results: https://api.openf1.org/v1/session_result?session_key=9832","logger":"openf1_de.fetch_bronze_session_results","filename":"fetch_bronze_session_results.py","lineno":113}
{"timestamp":"2026-06-25T10:55:17.223723Z","level":"info","event":"Fetching drivers: https://api.openf1.org/v1/drivers?session_key=9832","logger":"openf1_de.fetch_bronze_session_results","filename":"fetch_bronze_session_results.py","lineno":120}
{"timestamp":"2026-06-25T10:55:17.820679Z","level":"info","event":"Fetching session results: https://api.openf1.org/v1/session_result?session_key=9833","logger":"openf1_de.fetch_bronze_session_results","filename":"fetch_bronze_session_results.py","lineno":113}
{"timestamp":"2026-06-25T10:55:18.475539Z","level":"info","event":"Fetching drivers: https://api.openf1.org/v1/drivers?session_key=9833","logger":"openf1_de.fetch_bronze_session_results","filename":"fetch_bronze_session_results.py","lineno":120}
{"timestamp":"2026-06-25T10:55:19.124690Z","level":"info","event":"Fetching session results: https://api.openf1.org/v1/session_result?session_key=9834","logger":"openf1_de.fetch_bronze_session_results","filename":"fetch_bronze_session_results.py","lineno":113}
{"timestamp":"2026-06-25T10:55:19.725509Z","level":"error","event":"429: Waiting 40.3s until next minute...","logger":"openf1_de.fetch_bronze_session_results","filename":"fetch_bronze_session_results.py","lineno":56}
{"timestamp":"2026-06-25T10:56:00.671137Z","level":"info","event":"Fetching drivers: https://api.openf1.org/v1/drivers?session_key=9834","logger":"openf1_de.fetch_bronze_session_results","filename":"fetch_bronze_session_results.py","lineno":120}
{"timestamp":"2026-06-25T10:56:01.303553Z","level":"info","event":"Fetching session results: https://api.openf1.org/v1/session_result?session_key=9835","logger":"openf1_de.fetch_bronze_session_results","filename":"fetch_bronze_session_results.py","lineno":113}
{"timestamp":"2026-06-25T10:56:01.897095Z","level":"info","event":"Fetching drivers: https://api.openf1.org/v1/drivers?session_key=9835","logger":"openf1_de.fetch_bronze_session_results","filename":"fetch_bronze_session_results.py","lineno":120}
{"timestamp":"2026-06-25T10:56:02.503967Z","level":"info","event":"Fetching session results: https://api.openf1.org/v1/session_result?session_key=9839","logger":"openf1_de.fetch_bronze_session_results","filename":"fetch_bronze_session_results.py","lineno":113}
{"timestamp":"2026-06-25T10:56:03.099827Z","level":"info","event":"Fetching drivers: https://api.openf1.org/v1/drivers?session_key=9839","logger":"openf1_de.fetch_bronze_session_results","filename":"fetch_bronze_session_results.py","lineno":120}
{"timestamp":"2026-06-25T10:56:03.728321Z","level":"info","event":"Concatenating session results","logger":"openf1_de.fetch_bronze_session_results","filename":"fetch_bronze_session_results.py","lineno":131}
{"timestamp":"2026-06-25T10:56:03.778280Z","level":"info","event":"Concatenating drivers","logger":"openf1_de.fetch_bronze_session_results","filename":"fetch_bronze_session_results.py","lineno":139}
{"timestamp":"2026-06-25T10:56:03.787194Z","level":"info","event":"Uploading session results to GCS: bronze/session_results/2025.parquet","logger":"openf1_de.fetch_bronze_session_results","filename":"fetch_bronze_session_results.py","lineno":144}
{"timestamp":"2026-06-25T10:56:04.422693Z","level":"info","event":"Without local save Cannot save file into a non-existent directory: '../../data/bronze/session_results'","logger":"openf1_de.fetch_bronze_session_results","filename":"fetch_bronze_session_results.py","lineno":87}
{"timestamp":"2026-06-25T10:56:04.423068Z","level":"info","event":"Uploading drivers to GCS: bronze/drivers/2025.parquet","logger":"openf1_de.fetch_bronze_session_results","filename":"fetch_bronze_session_results.py","lineno":147}
{"timestamp":"2026-06-25T10:56:04.993033Z","level":"info","event":"Without local save Cannot save file into a non-existent directory: '../../data/bronze/drivers'","logger":"openf1_de.fetch_bronze_session_results","filename":"fetch_bronze_session_results.py","lineno":87}
{"timestamp":"2026-06-25T10:56:05.006250Z","level":"info","event":"Done. Returned value was: None","logger":"airflow.task.operators.airflow.providers.standard.operators.python.PythonOperator","filename":"python.py","lineno":229}
