{"timestamp":"2026-06-27T07:06:05.841809Z","level":"info","event":"DAG bundles loaded: dags-folder","logger":"airflow.dag_processing.bundles.manager.DagBundlesManager","filename":"manager.py","lineno":209}
{"timestamp":"2026-06-27T07:06:05.844988Z","level":"info","event":"Filling up the DagBag from /opt/airflow/dags/openf1_session_results.py","logger":"airflow.dag_processing.dagbag.BundleDagBag","filename":"dagbag.py","lineno":469}
{"timestamp":"2026-06-27T07:06:07.147194Z","level":"warning","event":"The `airflow.operators.python.PythonOperator` attribute is deprecated. Please use `'airflow.providers.standard.operators.python.PythonOperator'`.","category":"UserWarning","filename":"/opt/airflow/dags/openf1_session_results.py","lineno":3,"logger":"py.warnings"}
{"timestamp":"2026-06-27T07:06:07.147486Z","level":"warning","event":"The `airflow.operators.bash.BashOperator` attribute is deprecated. Please use `'airflow.providers.standard.operators.bash.BashOperator'`.","category":"UserWarning","filename":"/opt/airflow/dags/openf1_session_results.py","lineno":4,"logger":"py.warnings"}
{"timestamp":"2026-06-27T07:06:07.192059Z","level":"info","event":"Init Bigquery Client","logger":"openf1_de.fetch_bronze_session_results","filename":"fetch_bronze_session_results.py","lineno":92}
{"timestamp":"2026-06-27T07:06:07.243666Z","level":"info","event":"Fetch stg_sessions","logger":"openf1_de.fetch_bronze_session_results","filename":"fetch_bronze_session_results.py","lineno":95}
{"timestamp":"2026-06-27T07:06:11.382884Z","level":"info","event":"Using columns ['session_key', 'date_start', 'session_type', 'session_name', 'year'] for sessions before 2026-06-27 07:06:11.382619+00:00","logger":"openf1_de.fetch_bronze_session_results","filename":"fetch_bronze_session_results.py","lineno":100}
{"timestamp":"2026-06-27T07:06:11.388116Z","level":"info","event":"Fetching session results and drivers per session","logger":"openf1_de.fetch_bronze_session_results","filename":"fetch_bronze_session_results.py","lineno":107}
{"timestamp":"2026-06-27T07:06:11.391100Z","level":"info","event":"Fetching session results: https://api.openf1.org/v1/session_result?session_key=11465","logger":"openf1_de.fetch_bronze_session_results","filename":"fetch_bronze_session_results.py","lineno":113}
{"timestamp":"2026-06-27T07:06:12.047419Z","level":"info","event":"Fetching drivers: https://api.openf1.org/v1/drivers?session_key=11465","logger":"openf1_de.fetch_bronze_session_results","filename":"fetch_bronze_session_results.py","lineno":120}
{"timestamp":"2026-06-27T07:06:12.851276Z","level":"info","event":"Fetching session results: https://api.openf1.org/v1/session_result?session_key=11466","logger":"openf1_de.fetch_bronze_session_results","filename":"fetch_bronze_session_results.py","lineno":113}
{"timestamp":"2026-06-27T07:06:13.451111Z","level":"info","event":"Fetching drivers: https://api.openf1.org/v1/drivers?session_key=11466","logger":"openf1_de.fetch_bronze_session_results","filename":"fetch_bronze_session_results.py","lineno":120}
{"timestamp":"2026-06-27T07:06:14.094109Z","level":"info","event":"Fetching session results: https://api.openf1.org/v1/session_result?session_key=11467","logger":"openf1_de.fetch_bronze_session_results","filename":"fetch_bronze_session_results.py","lineno":113}
{"timestamp":"2026-06-27T07:06:14.686601Z","level":"info","event":"Fetching drivers: https://api.openf1.org/v1/drivers?session_key=11467","logger":"openf1_de.fetch_bronze_session_results","filename":"fetch_bronze_session_results.py","lineno":120}
{"timestamp":"2026-06-27T07:06:15.292430Z","level":"info","event":"Fetching session results: https://api.openf1.org/v1/session_result?session_key=11470","logger":"openf1_de.fetch_bronze_session_results","filename":"fetch_bronze_session_results.py","lineno":113}
{"timestamp":"2026-06-27T07:06:15.932433Z","level":"info","event":"Fetching drivers: https://api.openf1.org/v1/drivers?session_key=11470","logger":"openf1_de.fetch_bronze_session_results","filename":"fetch_bronze_session_results.py","lineno":120}
{"timestamp":"2026-06-27T07:06:16.582464Z","level":"info","event":"Fetching session results: https://api.openf1.org/v1/session_result?session_key=11469","logger":"openf1_de.fetch_bronze_session_results","filename":"fetch_bronze_session_results.py","lineno":113}
{"timestamp":"2026-06-27T07:06:17.305220Z","level":"info","event":"Fetching drivers: https://api.openf1.org/v1/drivers?session_key=11469","logger":"openf1_de.fetch_bronze_session_results","filename":"fetch_bronze_session_results.py","lineno":120}
{"timestamp":"2026-06-27T07:06:17.916187Z","level":"info","event":"Fetching session results: https://api.openf1.org/v1/session_result?session_key=11468","logger":"openf1_de.fetch_bronze_session_results","filename":"fetch_bronze_session_results.py","lineno":113}
{"timestamp":"2026-06-27T07:06:18.555565Z","level":"info","event":"Fetching drivers: https://api.openf1.org/v1/drivers?session_key=11468","logger":"openf1_de.fetch_bronze_session_results","filename":"fetch_bronze_session_results.py","lineno":120}
{"timestamp":"2026-06-27T07:06:19.236236Z","level":"info","event":"Fetching session results: https://api.openf1.org/v1/session_result?session_key=11227","logger":"openf1_de.fetch_bronze_session_results","filename":"fetch_bronze_session_results.py","lineno":113}
{"timestamp":"2026-06-27T07:06:19.927883Z","level":"info","event":"Fetching drivers: https://api.openf1.org/v1/drivers?session_key=11227","logger":"openf1_de.fetch_bronze_session_results","filename":"fetch_bronze_session_results.py","lineno":120}
{"timestamp":"2026-06-27T07:06:20.533440Z","level":"info","event":"Fetching session results: https://api.openf1.org/v1/session_result?session_key=11228","logger":"openf1_de.fetch_bronze_session_results","filename":"fetch_bronze_session_results.py","lineno":113}
{"timestamp":"2026-06-27T07:06:21.167477Z","level":"info","event":"Fetching drivers: https://api.openf1.org/v1/drivers?session_key=11228","logger":"openf1_de.fetch_bronze_session_results","filename":"fetch_bronze_session_results.py","lineno":120}
{"timestamp":"2026-06-27T07:06:21.767046Z","level":"info","event":"Fetching session results: https://api.openf1.org/v1/session_result?session_key=11229","logger":"openf1_de.fetch_bronze_session_results","filename":"fetch_bronze_session_results.py","lineno":113}
{"timestamp":"2026-06-27T07:06:22.462465Z","level":"info","event":"Fetching drivers: https://api.openf1.org/v1/drivers?session_key=11229","logger":"openf1_de.fetch_bronze_session_results","filename":"fetch_bronze_session_results.py","lineno":120}
{"timestamp":"2026-06-27T07:06:23.081697Z","level":"info","event":"Fetching session results: https://api.openf1.org/v1/session_result?session_key=11230","logger":"openf1_de.fetch_bronze_session_results","filename":"fetch_bronze_session_results.py","lineno":113}
{"timestamp":"2026-06-27T07:06:23.701030Z","level":"info","event":"Fetching drivers: https://api.openf1.org/v1/drivers?session_key=11230","logger":"openf1_de.fetch_bronze_session_results","filename":"fetch_bronze_session_results.py","lineno":120}
{"timestamp":"2026-06-27T07:06:24.295159Z","level":"info","event":"Fetching session results: https://api.openf1.org/v1/session_result?session_key=11234","logger":"openf1_de.fetch_bronze_session_results","filename":"fetch_bronze_session_results.py","lineno":113}
{"timestamp":"2026-06-27T07:06:24.942475Z","level":"info","event":"Fetching drivers: https://api.openf1.org/v1/drivers?session_key=11234","logger":"openf1_de.fetch_bronze_session_results","filename":"fetch_bronze_session_results.py","lineno":120}
{"timestamp":"2026-06-27T07:06:25.543813Z","level":"info","event":"Fetching session results: https://api.openf1.org/v1/session_result?session_key=11235","logger":"openf1_de.fetch_bronze_session_results","filename":"fetch_bronze_session_results.py","lineno":113}
{"timestamp":"2026-06-27T07:06:26.159020Z","level":"info","event":"Fetching drivers: https://api.openf1.org/v1/drivers?session_key=11235","logger":"openf1_de.fetch_bronze_session_results","filename":"fetch_bronze_session_results.py","lineno":120}
{"timestamp":"2026-06-27T07:06:26.774798Z","level":"info","event":"Fetching session results: https://api.openf1.org/v1/session_result?session_key=11236","logger":"openf1_de.fetch_bronze_session_results","filename":"fetch_bronze_session_results.py","lineno":113}
{"timestamp":"2026-06-27T07:06:27.416468Z","level":"info","event":"Fetching drivers: https://api.openf1.org/v1/drivers?session_key=11236","logger":"openf1_de.fetch_bronze_session_results","filename":"fetch_bronze_session_results.py","lineno":120}
{"timestamp":"2026-06-27T07:06:28.058569Z","level":"info","event":"Fetching session results: https://api.openf1.org/v1/session_result?session_key=11240","logger":"openf1_de.fetch_bronze_session_results","filename":"fetch_bronze_session_results.py","lineno":113}
{"timestamp":"2026-06-27T07:06:28.707351Z","level":"info","event":"Fetching drivers: https://api.openf1.org/v1/drivers?session_key=11240","logger":"openf1_de.fetch_bronze_session_results","filename":"fetch_bronze_session_results.py","lineno":120}
{"timestamp":"2026-06-27T07:06:29.489494Z","level":"info","event":"Fetching session results: https://api.openf1.org/v1/session_result?session_key=11241","logger":"openf1_de.fetch_bronze_session_results","filename":"fetch_bronze_session_results.py","lineno":113}
{"timestamp":"2026-06-27T07:06:30.140941Z","level":"info","event":"Fetching drivers: https://api.openf1.org/v1/drivers?session_key=11241","logger":"openf1_de.fetch_bronze_session_results","filename":"fetch_bronze_session_results.py","lineno":120}
{"timestamp":"2026-06-27T07:06:30.899420Z","level":"info","event":"Fetching session results: https://api.openf1.org/v1/session_result?session_key=11245","logger":"openf1_de.fetch_bronze_session_results","filename":"fetch_bronze_session_results.py","lineno":113}
{"timestamp":"2026-06-27T07:06:31.508386Z","level":"error","event":"429: Waiting 28.5s until next minute...","logger":"openf1_de.fetch_bronze_session_results","filename":"fetch_bronze_session_results.py","lineno":56}
{"timestamp":"2026-06-27T07:07:00.660609Z","level":"info","event":"Fetching drivers: https://api.openf1.org/v1/drivers?session_key=11245","logger":"openf1_de.fetch_bronze_session_results","filename":"fetch_bronze_session_results.py","lineno":120}
{"timestamp":"2026-06-27T07:07:01.361886Z","level":"info","event":"Fetching session results: https://api.openf1.org/v1/session_result?session_key=11246","logger":"openf1_de.fetch_bronze_session_results","filename":"fetch_bronze_session_results.py","lineno":113}
{"timestamp":"2026-06-27T07:07:02.038222Z","level":"info","event":"Fetching drivers: https://api.openf1.org/v1/drivers?session_key=11246","logger":"openf1_de.fetch_bronze_session_results","filename":"fetch_bronze_session_results.py","lineno":120}
{"timestamp":"2026-06-27T07:07:02.663558Z","level":"info","event":"Fetching session results: https://api.openf1.org/v1/session_result?session_key=11247","logger":"openf1_de.fetch_bronze_session_results","filename":"fetch_bronze_session_results.py","lineno":113}
{"timestamp":"2026-06-27T07:07:03.270035Z","level":"info","event":"Fetching drivers: https://api.openf1.org/v1/drivers?session_key=11247","logger":"openf1_de.fetch_bronze_session_results","filename":"fetch_bronze_session_results.py","lineno":120}
{"timestamp":"2026-06-27T07:07:03.958686Z","level":"info","event":"Fetching session results: https://api.openf1.org/v1/session_result?session_key=11248","logger":"openf1_de.fetch_bronze_session_results","filename":"fetch_bronze_session_results.py","lineno":113}
{"timestamp":"2026-06-27T07:07:04.564092Z","level":"info","event":"Fetching drivers: https://api.openf1.org/v1/drivers?session_key=11248","logger":"openf1_de.fetch_bronze_session_results","filename":"fetch_bronze_session_results.py","lineno":120}
{"timestamp":"2026-06-27T07:07:05.156185Z","level":"info","event":"Fetching session results: https://api.openf1.org/v1/session_result?session_key=11249","logger":"openf1_de.fetch_bronze_session_results","filename":"fetch_bronze_session_results.py","lineno":113}
{"timestamp":"2026-06-27T07:07:05.769263Z","level":"info","event":"Fetching drivers: https://api.openf1.org/v1/drivers?session_key=11249","logger":"openf1_de.fetch_bronze_session_results","filename":"fetch_bronze_session_results.py","lineno":120}
{"timestamp":"2026-06-27T07:07:06.364503Z","level":"info","event":"Fetching session results: https://api.openf1.org/v1/session_result?session_key=11253","logger":"openf1_de.fetch_bronze_session_results","filename":"fetch_bronze_session_results.py","lineno":113}
{"timestamp":"2026-06-27T07:07:07.014853Z","level":"info","event":"Fetching drivers: https://api.openf1.org/v1/drivers?session_key=11253","logger":"openf1_de.fetch_bronze_session_results","filename":"fetch_bronze_session_results.py","lineno":120}
{"timestamp":"2026-06-27T07:07:07.671859Z","level":"info","event":"Fetching session results: https://api.openf1.org/v1/session_result?session_key=11254","logger":"openf1_de.fetch_bronze_session_results","filename":"fetch_bronze_session_results.py","lineno":113}
{"timestamp":"2026-06-27T07:07:08.267764Z","level":"error","event":"404: Not found for https://api.openf1.org/v1/session_result?session_key=11254","logger":"openf1_de.fetch_bronze_session_results","filename":"fetch_bronze_session_results.py","lineno":60}
{"timestamp":"2026-06-27T07:07:08.268192Z","level":"info","event":"Fetching drivers: https://api.openf1.org/v1/drivers?session_key=11254","logger":"openf1_de.fetch_bronze_session_results","filename":"fetch_bronze_session_results.py","lineno":120}
{"timestamp":"2026-06-27T07:07:08.921963Z","level":"info","event":"Fetching session results: https://api.openf1.org/v1/session_result?session_key=11255","logger":"openf1_de.fetch_bronze_session_results","filename":"fetch_bronze_session_results.py","lineno":113}
{"timestamp":"2026-06-27T07:07:09.522173Z","level":"error","event":"404: Not found for https://api.openf1.org/v1/session_result?session_key=11255","logger":"openf1_de.fetch_bronze_session_results","filename":"fetch_bronze_session_results.py","lineno":60}
{"timestamp":"2026-06-27T07:07:09.522571Z","level":"info","event":"Fetching drivers: https://api.openf1.org/v1/drivers?session_key=11255","logger":"openf1_de.fetch_bronze_session_results","filename":"fetch_bronze_session_results.py","lineno":120}
{"timestamp":"2026-06-27T07:07:10.178989Z","level":"info","event":"Fetching session results: https://api.openf1.org/v1/session_result?session_key=11256","logger":"openf1_de.fetch_bronze_session_results","filename":"fetch_bronze_session_results.py","lineno":113}
{"timestamp":"2026-06-27T07:07:10.799010Z","level":"error","event":"404: Not found for https://api.openf1.org/v1/session_result?session_key=11256","logger":"openf1_de.fetch_bronze_session_results","filename":"fetch_bronze_session_results.py","lineno":60}
{"timestamp":"2026-06-27T07:07:10.799758Z","level":"info","event":"Fetching drivers: https://api.openf1.org/v1/drivers?session_key=11256","logger":"openf1_de.fetch_bronze_session_results","filename":"fetch_bronze_session_results.py","lineno":120}
{"timestamp":"2026-06-27T07:07:11.488594Z","level":"info","event":"Fetching session results: https://api.openf1.org/v1/session_result?session_key=11257","logger":"openf1_de.fetch_bronze_session_results","filename":"fetch_bronze_session_results.py","lineno":113}
{"timestamp":"2026-06-27T07:07:12.147871Z","level":"error","event":"404: Not found for https://api.openf1.org/v1/session_result?session_key=11257","logger":"openf1_de.fetch_bronze_session_results","filename":"fetch_bronze_session_results.py","lineno":60}
{"timestamp":"2026-06-27T07:07:12.148308Z","level":"info","event":"Fetching drivers: https://api.openf1.org/v1/drivers?session_key=11257","logger":"openf1_de.fetch_bronze_session_results","filename":"fetch_bronze_session_results.py","lineno":120}
{"timestamp":"2026-06-27T07:07:12.742384Z","level":"info","event":"Fetching session results: https://api.openf1.org/v1/session_result?session_key=11261","logger":"openf1_de.fetch_bronze_session_results","filename":"fetch_bronze_session_results.py","lineno":113}
{"timestamp":"2026-06-27T07:07:13.354128Z","level":"error","event":"404: Not found for https://api.openf1.org/v1/session_result?session_key=11261","logger":"openf1_de.fetch_bronze_session_results","filename":"fetch_bronze_session_results.py","lineno":60}
{"timestamp":"2026-06-27T07:07:13.354472Z","level":"info","event":"Fetching drivers: https://api.openf1.org/v1/drivers?session_key=11261","logger":"openf1_de.fetch_bronze_session_results","filename":"fetch_bronze_session_results.py","lineno":120}
{"timestamp":"2026-06-27T07:07:13.974811Z","level":"info","event":"Fetching session results: https://api.openf1.org/v1/session_result?session_key=11262","logger":"openf1_de.fetch_bronze_session_results","filename":"fetch_bronze_session_results.py","lineno":113}
{"timestamp":"2026-06-27T07:07:14.644572Z","level":"error","event":"404: Not found for https://api.openf1.org/v1/session_result?session_key=11262","logger":"openf1_de.fetch_bronze_session_results","filename":"fetch_bronze_session_results.py","lineno":60}
{"timestamp":"2026-06-27T07:07:14.645004Z","level":"info","event":"Fetching drivers: https://api.openf1.org/v1/drivers?session_key=11262","logger":"openf1_de.fetch_bronze_session_results","filename":"fetch_bronze_session_results.py","lineno":120}
{"timestamp":"2026-06-27T07:07:15.282612Z","level":"info","event":"Fetching session results: https://api.openf1.org/v1/session_result?session_key=11263","logger":"openf1_de.fetch_bronze_session_results","filename":"fetch_bronze_session_results.py","lineno":113}
{"timestamp":"2026-06-27T07:07:15.897634Z","level":"error","event":"404: Not found for https://api.openf1.org/v1/session_result?session_key=11263","logger":"openf1_de.fetch_bronze_session_results","filename":"fetch_bronze_session_results.py","lineno":60}
{"timestamp":"2026-06-27T07:07:15.898061Z","level":"info","event":"Fetching drivers: https://api.openf1.org/v1/drivers?session_key=11263","logger":"openf1_de.fetch_bronze_session_results","filename":"fetch_bronze_session_results.py","lineno":120}
{"timestamp":"2026-06-27T07:07:16.489943Z","level":"info","event":"Fetching session results: https://api.openf1.org/v1/session_result?session_key=11264","logger":"openf1_de.fetch_bronze_session_results","filename":"fetch_bronze_session_results.py","lineno":113}
{"timestamp":"2026-06-27T07:07:17.102691Z","level":"error","event":"404: Not found for https://api.openf1.org/v1/session_result?session_key=11264","logger":"openf1_de.fetch_bronze_session_results","filename":"fetch_bronze_session_results.py","lineno":60}
{"timestamp":"2026-06-27T07:07:17.103607Z","level":"info","event":"Fetching drivers: https://api.openf1.org/v1/drivers?session_key=11264","logger":"openf1_de.fetch_bronze_session_results","filename":"fetch_bronze_session_results.py","lineno":120}
{"timestamp":"2026-06-27T07:07:17.741487Z","level":"info","event":"Fetching session results: https://api.openf1.org/v1/session_result?session_key=11265","logger":"openf1_de.fetch_bronze_session_results","filename":"fetch_bronze_session_results.py","lineno":113}
{"timestamp":"2026-06-27T07:07:18.354530Z","level":"error","event":"404: Not found for https://api.openf1.org/v1/session_result?session_key=11265","logger":"openf1_de.fetch_bronze_session_results","filename":"fetch_bronze_session_results.py","lineno":60}
{"timestamp":"2026-06-27T07:07:18.355150Z","level":"info","event":"Fetching drivers: https://api.openf1.org/v1/drivers?session_key=11265","logger":"openf1_de.fetch_bronze_session_results","filename":"fetch_bronze_session_results.py","lineno":120}
{"timestamp":"2026-06-27T07:07:19.003100Z","level":"info","event":"Fetching session results: https://api.openf1.org/v1/session_result?session_key=11269","logger":"openf1_de.fetch_bronze_session_results","filename":"fetch_bronze_session_results.py","lineno":113}
{"timestamp":"2026-06-27T07:07:19.651117Z","level":"error","event":"429: Waiting 40.3s until next minute...","logger":"openf1_de.fetch_bronze_session_results","filename":"fetch_bronze_session_results.py","lineno":56}
{"timestamp":"2026-06-27T07:08:00.662133Z","level":"error","event":"404: Not found for https://api.openf1.org/v1/session_result?session_key=11269","logger":"openf1_de.fetch_bronze_session_results","filename":"fetch_bronze_session_results.py","lineno":60}
{"timestamp":"2026-06-27T07:08:00.662818Z","level":"info","event":"Fetching drivers: https://api.openf1.org/v1/drivers?session_key=11269","logger":"openf1_de.fetch_bronze_session_results","filename":"fetch_bronze_session_results.py","lineno":120}
{"timestamp":"2026-06-27T07:08:01.385758Z","level":"info","event":"Fetching session results: https://api.openf1.org/v1/session_result?session_key=11270","logger":"openf1_de.fetch_bronze_session_results","filename":"fetch_bronze_session_results.py","lineno":113}
{"timestamp":"2026-06-27T07:08:02.052291Z","level":"info","event":"Fetching drivers: https://api.openf1.org/v1/drivers?session_key=11270","logger":"openf1_de.fetch_bronze_session_results","filename":"fetch_bronze_session_results.py","lineno":120}
{"timestamp":"2026-06-27T07:08:02.659706Z","level":"info","event":"Fetching session results: https://api.openf1.org/v1/session_result?session_key=11271","logger":"openf1_de.fetch_bronze_session_results","filename":"fetch_bronze_session_results.py","lineno":113}
{"timestamp":"2026-06-27T07:08:03.268349Z","level":"info","event":"Fetching drivers: https://api.openf1.org/v1/drivers?session_key=11271","logger":"openf1_de.fetch_bronze_session_results","filename":"fetch_bronze_session_results.py","lineno":120}
{"timestamp":"2026-06-27T07:08:03.919637Z","level":"info","event":"Fetching session results: https://api.openf1.org/v1/session_result?session_key=11275","logger":"openf1_de.fetch_bronze_session_results","filename":"fetch_bronze_session_results.py","lineno":113}
{"timestamp":"2026-06-27T07:08:04.520809Z","level":"info","event":"Fetching drivers: https://api.openf1.org/v1/drivers?session_key=11275","logger":"openf1_de.fetch_bronze_session_results","filename":"fetch_bronze_session_results.py","lineno":120}
{"timestamp":"2026-06-27T07:08:05.152370Z","level":"info","event":"Fetching session results: https://api.openf1.org/v1/session_result?session_key=11276","logger":"openf1_de.fetch_bronze_session_results","filename":"fetch_bronze_session_results.py","lineno":113}
{"timestamp":"2026-06-27T07:08:05.819675Z","level":"info","event":"Fetching drivers: https://api.openf1.org/v1/drivers?session_key=11276","logger":"openf1_de.fetch_bronze_session_results","filename":"fetch_bronze_session_results.py","lineno":120}
{"timestamp":"2026-06-27T07:08:06.462403Z","level":"info","event":"Fetching session results: https://api.openf1.org/v1/session_result?session_key=11280","logger":"openf1_de.fetch_bronze_session_results","filename":"fetch_bronze_session_results.py","lineno":113}
{"timestamp":"2026-06-27T07:08:07.104444Z","level":"info","event":"Fetching drivers: https://api.openf1.org/v1/drivers?session_key=11280","logger":"openf1_de.fetch_bronze_session_results","filename":"fetch_bronze_session_results.py","lineno":120}
{"timestamp":"2026-06-27T07:08:07.758254Z","level":"info","event":"Fetching session results: https://api.openf1.org/v1/session_result?session_key=11281","logger":"openf1_de.fetch_bronze_session_results","filename":"fetch_bronze_session_results.py","lineno":113}
{"timestamp":"2026-06-27T07:08:08.393202Z","level":"info","event":"Fetching drivers: https://api.openf1.org/v1/drivers?session_key=11281","logger":"openf1_de.fetch_bronze_session_results","filename":"fetch_bronze_session_results.py","lineno":120}
{"timestamp":"2026-06-27T07:08:09.024251Z","level":"info","event":"Fetching session results: https://api.openf1.org/v1/session_result?session_key=11282","logger":"openf1_de.fetch_bronze_session_results","filename":"fetch_bronze_session_results.py","lineno":113}
{"timestamp":"2026-06-27T07:08:09.626700Z","level":"info","event":"Fetching drivers: https://api.openf1.org/v1/drivers?session_key=11282","logger":"openf1_de.fetch_bronze_session_results","filename":"fetch_bronze_session_results.py","lineno":120}
{"timestamp":"2026-06-27T07:08:10.270413Z","level":"info","event":"Fetching session results: https://api.openf1.org/v1/session_result?session_key=11286","logger":"openf1_de.fetch_bronze_session_results","filename":"fetch_bronze_session_results.py","lineno":113}
{"timestamp":"2026-06-27T07:08:10.921582Z","level":"info","event":"Fetching drivers: https://api.openf1.org/v1/drivers?session_key=11286","logger":"openf1_de.fetch_bronze_session_results","filename":"fetch_bronze_session_results.py","lineno":120}
{"timestamp":"2026-06-27T07:08:11.563347Z","level":"info","event":"Fetching session results: https://api.openf1.org/v1/session_result?session_key=11287","logger":"openf1_de.fetch_bronze_session_results","filename":"fetch_bronze_session_results.py","lineno":113}
{"timestamp":"2026-06-27T07:08:12.170654Z","level":"info","event":"Fetching drivers: https://api.openf1.org/v1/drivers?session_key=11287","logger":"openf1_de.fetch_bronze_session_results","filename":"fetch_bronze_session_results.py","lineno":120}
{"timestamp":"2026-06-27T07:08:12.763347Z","level":"info","event":"Fetching session results: https://api.openf1.org/v1/session_result?session_key=11291","logger":"openf1_de.fetch_bronze_session_results","filename":"fetch_bronze_session_results.py","lineno":113}
{"timestamp":"2026-06-27T07:08:13.366872Z","level":"info","event":"Fetching drivers: https://api.openf1.org/v1/drivers?session_key=11291","logger":"openf1_de.fetch_bronze_session_results","filename":"fetch_bronze_session_results.py","lineno":120}
{"timestamp":"2026-06-27T07:08:14.027893Z","level":"info","event":"Fetching session results: https://api.openf1.org/v1/session_result?session_key=11292","logger":"openf1_de.fetch_bronze_session_results","filename":"fetch_bronze_session_results.py","lineno":113}
{"timestamp":"2026-06-27T07:08:14.700693Z","level":"info","event":"Fetching drivers: https://api.openf1.org/v1/drivers?session_key=11292","logger":"openf1_de.fetch_bronze_session_results","filename":"fetch_bronze_session_results.py","lineno":120}
{"timestamp":"2026-06-27T07:08:15.295841Z","level":"info","event":"Fetching session results: https://api.openf1.org/v1/session_result?session_key=11293","logger":"openf1_de.fetch_bronze_session_results","filename":"fetch_bronze_session_results.py","lineno":113}
{"timestamp":"2026-06-27T07:08:15.934852Z","level":"info","event":"Fetching drivers: https://api.openf1.org/v1/drivers?session_key=11293","logger":"openf1_de.fetch_bronze_session_results","filename":"fetch_bronze_session_results.py","lineno":120}
{"timestamp":"2026-06-27T07:08:16.566156Z","level":"info","event":"Fetching session results: https://api.openf1.org/v1/session_result?session_key=11294","logger":"openf1_de.fetch_bronze_session_results","filename":"fetch_bronze_session_results.py","lineno":113}
{"timestamp":"2026-06-27T07:08:17.170856Z","level":"info","event":"Fetching drivers: https://api.openf1.org/v1/drivers?session_key=11294","logger":"openf1_de.fetch_bronze_session_results","filename":"fetch_bronze_session_results.py","lineno":120}
{"timestamp":"2026-06-27T07:08:17.772518Z","level":"info","event":"Fetching session results: https://api.openf1.org/v1/session_result?session_key=11295","logger":"openf1_de.fetch_bronze_session_results","filename":"fetch_bronze_session_results.py","lineno":113}
{"timestamp":"2026-06-27T07:08:18.452398Z","level":"info","event":"Fetching drivers: https://api.openf1.org/v1/drivers?session_key=11295","logger":"openf1_de.fetch_bronze_session_results","filename":"fetch_bronze_session_results.py","lineno":120}
{"timestamp":"2026-06-27T07:08:19.058318Z","level":"info","event":"Fetching session results: https://api.openf1.org/v1/session_result?session_key=11299","logger":"openf1_de.fetch_bronze_session_results","filename":"fetch_bronze_session_results.py","lineno":113}
{"timestamp":"2026-06-27T07:08:19.665023Z","level":"error","event":"429: Waiting 40.3s until next minute...","logger":"openf1_de.fetch_bronze_session_results","filename":"fetch_bronze_session_results.py","lineno":56}
{"timestamp":"2026-06-27T07:09:00.679897Z","level":"info","event":"Fetching drivers: https://api.openf1.org/v1/drivers?session_key=11299","logger":"openf1_de.fetch_bronze_session_results","filename":"fetch_bronze_session_results.py","lineno":120}
{"timestamp":"2026-06-27T07:09:01.343495Z","level":"info","event":"Fetching session results: https://api.openf1.org/v1/session_result?session_key=11300","logger":"openf1_de.fetch_bronze_session_results","filename":"fetch_bronze_session_results.py","lineno":113}
{"timestamp":"2026-06-27T07:09:01.947474Z","level":"info","event":"Fetching drivers: https://api.openf1.org/v1/drivers?session_key=11300","logger":"openf1_de.fetch_bronze_session_results","filename":"fetch_bronze_session_results.py","lineno":120}
{"timestamp":"2026-06-27T07:09:02.600490Z","level":"info","event":"Fetching session results: https://api.openf1.org/v1/session_result?session_key=11301","logger":"openf1_de.fetch_bronze_session_results","filename":"fetch_bronze_session_results.py","lineno":113}
{"timestamp":"2026-06-27T07:09:03.282729Z","level":"info","event":"Fetching drivers: https://api.openf1.org/v1/drivers?session_key=11301","logger":"openf1_de.fetch_bronze_session_results","filename":"fetch_bronze_session_results.py","lineno":120}
{"timestamp":"2026-06-27T07:09:03.897163Z","level":"info","event":"Fetching session results: https://api.openf1.org/v1/session_result?session_key=11302","logger":"openf1_de.fetch_bronze_session_results","filename":"fetch_bronze_session_results.py","lineno":113}
{"timestamp":"2026-06-27T07:09:04.550112Z","level":"info","event":"Fetching drivers: https://api.openf1.org/v1/drivers?session_key=11302","logger":"openf1_de.fetch_bronze_session_results","filename":"fetch_bronze_session_results.py","lineno":120}
{"timestamp":"2026-06-27T07:09:05.234150Z","level":"info","event":"Fetching session results: https://api.openf1.org/v1/session_result?session_key=11303","logger":"openf1_de.fetch_bronze_session_results","filename":"fetch_bronze_session_results.py","lineno":113}
{"timestamp":"2026-06-27T07:09:05.961966Z","level":"info","event":"Fetching drivers: https://api.openf1.org/v1/drivers?session_key=11303","logger":"openf1_de.fetch_bronze_session_results","filename":"fetch_bronze_session_results.py","lineno":120}
{"timestamp":"2026-06-27T07:09:06.647950Z","level":"info","event":"Fetching session results: https://api.openf1.org/v1/session_result?session_key=11307","logger":"openf1_de.fetch_bronze_session_results","filename":"fetch_bronze_session_results.py","lineno":113}
{"timestamp":"2026-06-27T07:09:07.251092Z","level":"info","event":"Fetching drivers: https://api.openf1.org/v1/drivers?session_key=11307","logger":"openf1_de.fetch_bronze_session_results","filename":"fetch_bronze_session_results.py","lineno":120}
{"timestamp":"2026-06-27T07:09:07.956485Z","level":"info","event":"Fetching session results: https://api.openf1.org/v1/session_result?session_key=11308","logger":"openf1_de.fetch_bronze_session_results","filename":"fetch_bronze_session_results.py","lineno":113}
{"timestamp":"2026-06-27T07:09:08.585116Z","level":"info","event":"Fetching drivers: https://api.openf1.org/v1/drivers?session_key=11308","logger":"openf1_de.fetch_bronze_session_results","filename":"fetch_bronze_session_results.py","lineno":120}
{"timestamp":"2026-06-27T07:09:09.225131Z","level":"info","event":"Fetching session results: https://api.openf1.org/v1/session_result?session_key=11309","logger":"openf1_de.fetch_bronze_session_results","filename":"fetch_bronze_session_results.py","lineno":113}
{"timestamp":"2026-06-27T07:09:09.918609Z","level":"info","event":"Fetching drivers: https://api.openf1.org/v1/drivers?session_key=11309","logger":"openf1_de.fetch_bronze_session_results","filename":"fetch_bronze_session_results.py","lineno":120}
{"timestamp":"2026-06-27T07:09:10.553815Z","level":"info","event":"Concatenating session results","logger":"openf1_de.fetch_bronze_session_results","filename":"fetch_bronze_session_results.py","lineno":131}
{"timestamp":"2026-06-27T07:09:10.572216Z","level":"info","event":"Concatenating drivers","logger":"openf1_de.fetch_bronze_session_results","filename":"fetch_bronze_session_results.py","lineno":139}
{"timestamp":"2026-06-27T07:09:10.576236Z","level":"info","event":"Uploading session results to GCS: bronze/session_results/2026.parquet","logger":"openf1_de.fetch_bronze_session_results","filename":"fetch_bronze_session_results.py","lineno":144}
{"timestamp":"2026-06-27T07:09:11.326471Z","level":"info","event":"Without local save Cannot save file into a non-existent directory: '../../data/bronze/session_results'","logger":"openf1_de.fetch_bronze_session_results","filename":"fetch_bronze_session_results.py","lineno":87}
{"timestamp":"2026-06-27T07:09:11.326977Z","level":"info","event":"Uploading drivers to GCS: bronze/drivers/2026.parquet","logger":"openf1_de.fetch_bronze_session_results","filename":"fetch_bronze_session_results.py","lineno":147}
{"timestamp":"2026-06-27T07:09:12.005684Z","level":"info","event":"Without local save Cannot save file into a non-existent directory: '../../data/bronze/drivers'","logger":"openf1_de.fetch_bronze_session_results","filename":"fetch_bronze_session_results.py","lineno":87}
{"timestamp":"2026-06-27T07:09:12.008723Z","level":"info","event":"Done. Returned value was: None","logger":"airflow.task.operators.airflow.providers.standard.operators.python.PythonOperator","filename":"python.py","lineno":229}
