{"timestamp":"2026-06-27T07:03:48.527335Z","level":"info","event":"DAG bundles loaded: dags-folder","logger":"airflow.dag_processing.bundles.manager.DagBundlesManager","filename":"manager.py","lineno":209}
{"timestamp":"2026-06-27T07:03:48.529326Z","level":"info","event":"Filling up the DagBag from /opt/airflow/dags/openf1_schedule.py","logger":"airflow.dag_processing.dagbag.BundleDagBag","filename":"dagbag.py","lineno":469}
{"timestamp":"2026-06-27T07:03:49.317233Z","level":"warning","event":"The `airflow.operators.bash.BashOperator` attribute is deprecated. Please use `'airflow.providers.standard.operators.bash.BashOperator'`.","category":"UserWarning","filename":"/opt/airflow/dags/openf1_schedule.py","lineno":5,"logger":"py.warnings"}
{"timestamp":"2026-06-27T07:03:49.317430Z","level":"warning","event":"The `airflow.operators.python.PythonOperator` attribute is deprecated. Please use `'airflow.providers.standard.operators.python.PythonOperator'`.","category":"UserWarning","filename":"/opt/airflow/dags/openf1_schedule.py","lineno":6,"logger":"py.warnings"}
{"timestamp":"2026-06-27T07:03:49.341015Z","level":"info","event":"Tmp dir root location: /tmp","logger":"airflow.task.hooks.airflow.providers.standard.hooks.subprocess.SubprocessHook","filename":"subprocess.py","lineno":78}
{"timestamp":"2026-06-27T07:03:49.342169Z","level":"info","event":"Running command: ['/usr/bin/bash', '-c', 'cd /opt/airflow/dbt/openf1_raw && dbt clean --profiles-dir /opt/airflow/config && dbt run --select stg_meetings stg_sessions --profiles-dir /opt/airflow/config']","logger":"airflow.task.hooks.airflow.providers.standard.hooks.subprocess.SubprocessHook","filename":"subprocess.py","lineno":80}
{"timestamp":"2026-06-27T07:03:49.343067Z","level":"info","event":"Output:","logger":"airflow.task.hooks.airflow.providers.standard.hooks.subprocess.SubprocessHook","filename":"subprocess.py","lineno":92}
{"timestamp":"2026-06-27T07:03:52.162135Z","level":"info","event":"\u001b[0m07:03:52  Running with dbt=1.11.11","logger":"airflow.task.hooks.airflow.providers.standard.hooks.subprocess.SubprocessHook","filename":"subprocess.py","lineno":99}
{"timestamp":"2026-06-27T07:03:52.465375Z","level":"info","event":"\u001b[0m07:03:52  Checking /opt/airflow/dbt/openf1_raw/target/*","logger":"airflow.task.hooks.airflow.providers.standard.hooks.subprocess.SubprocessHook","filename":"subprocess.py","lineno":99}
{"timestamp":"2026-06-27T07:03:52.520422Z","level":"info","event":"\u001b[0m07:03:52  Cleaned /opt/airflow/dbt/openf1_raw/target/*","logger":"airflow.task.hooks.airflow.providers.standard.hooks.subprocess.SubprocessHook","filename":"subprocess.py","lineno":99}
{"timestamp":"2026-06-27T07:03:52.520685Z","level":"info","event":"\u001b[0m07:03:52  Checking /opt/airflow/dbt/openf1_raw/dbt_packages/*","logger":"airflow.task.hooks.airflow.providers.standard.hooks.subprocess.SubprocessHook","filename":"subprocess.py","lineno":99}
{"timestamp":"2026-06-27T07:03:52.521359Z","level":"info","event":"\u001b[0m07:03:52  Cleaned /opt/airflow/dbt/openf1_raw/dbt_packages/*","logger":"airflow.task.hooks.airflow.providers.standard.hooks.subprocess.SubprocessHook","filename":"subprocess.py","lineno":99}
{"timestamp":"2026-06-27T07:03:52.521750Z","level":"info","event":"\u001b[0m07:03:52  Finished cleaning all paths.","logger":"airflow.task.hooks.airflow.providers.standard.hooks.subprocess.SubprocessHook","filename":"subprocess.py","lineno":99}
{"timestamp":"2026-06-27T07:03:56.422725Z","level":"info","event":"\u001b[0m07:03:56  Running with dbt=1.11.11","logger":"airflow.task.hooks.airflow.providers.standard.hooks.subprocess.SubprocessHook","filename":"subprocess.py","lineno":99}
{"timestamp":"2026-06-27T07:03:58.018246Z","level":"info","event":"\u001b[0m07:03:58  Registered adapter: bigquery=1.11.1","logger":"airflow.task.hooks.airflow.providers.standard.hooks.subprocess.SubprocessHook","filename":"subprocess.py","lineno":99}
{"timestamp":"2026-06-27T07:04:01.600455Z","level":"info","event":"\u001b[0m07:04:01  Found 13 models, 2 data tests, 4 sources, 551 macros","logger":"airflow.task.hooks.airflow.providers.standard.hooks.subprocess.SubprocessHook","filename":"subprocess.py","lineno":99}
{"timestamp":"2026-06-27T07:04:01.606700Z","level":"info","event":"\u001b[0m07:04:01","logger":"airflow.task.hooks.airflow.providers.standard.hooks.subprocess.SubprocessHook","filename":"subprocess.py","lineno":99}
{"timestamp":"2026-06-27T07:04:01.608377Z","level":"info","event":"\u001b[0m07:04:01  Concurrency: 4 threads (target='dev')","logger":"airflow.task.hooks.airflow.providers.standard.hooks.subprocess.SubprocessHook","filename":"subprocess.py","lineno":99}
{"timestamp":"2026-06-27T07:04:01.609766Z","level":"info","event":"\u001b[0m07:04:01","logger":"airflow.task.hooks.airflow.providers.standard.hooks.subprocess.SubprocessHook","filename":"subprocess.py","lineno":99}
{"timestamp":"2026-06-27T07:04:03.070885Z","level":"info","event":"\u001b[0m07:04:03  2 of 2 START sql view model openf1_staging.stg_sessions ........................ [RUN]","logger":"airflow.task.hooks.airflow.providers.standard.hooks.subprocess.SubprocessHook","filename":"subprocess.py","lineno":99}
{"timestamp":"2026-06-27T07:04:03.072799Z","level":"info","event":"\u001b[0m07:04:03  1 of 2 START sql view model openf1_staging.stg_meetings ........................ [RUN]","logger":"airflow.task.hooks.airflow.providers.standard.hooks.subprocess.SubprocessHook","filename":"subprocess.py","lineno":99}
{"timestamp":"2026-06-27T07:04:04.544071Z","level":"info","event":"\u001b[0m07:04:04  1 of 2 OK created sql view model openf1_staging.stg_meetings ................... [\u001b[32mCREATE VIEW (0 processed)\u001b[0m in 1.45s]","logger":"airflow.task.hooks.airflow.providers.standard.hooks.subprocess.SubprocessHook","filename":"subprocess.py","lineno":99}
{"timestamp":"2026-06-27T07:04:05.953196Z","level":"info","event":"\u001b[0m07:04:05  2 of 2 OK created sql view model openf1_staging.stg_sessions ................... [\u001b[32mCREATE VIEW (0 processed)\u001b[0m in 2.88s]","logger":"airflow.task.hooks.airflow.providers.standard.hooks.subprocess.SubprocessHook","filename":"subprocess.py","lineno":99}
{"timestamp":"2026-06-27T07:04:06.001194Z","level":"info","event":"\u001b[0m07:04:06","logger":"airflow.task.hooks.airflow.providers.standard.hooks.subprocess.SubprocessHook","filename":"subprocess.py","lineno":99}
{"timestamp":"2026-06-27T07:04:06.002459Z","level":"info","event":"\u001b[0m07:04:06  Finished running 2 view models in 0 hours 0 minutes and 4.39 seconds (4.39s).","logger":"airflow.task.hooks.airflow.providers.standard.hooks.subprocess.SubprocessHook","filename":"subprocess.py","lineno":99}
{"timestamp":"2026-06-27T07:04:06.111484Z","level":"info","event":"\u001b[0m07:04:06","logger":"airflow.task.hooks.airflow.providers.standard.hooks.subprocess.SubprocessHook","filename":"subprocess.py","lineno":99}
{"timestamp":"2026-06-27T07:04:06.113430Z","level":"info","event":"\u001b[0m07:04:06  \u001b[32mCompleted successfully\u001b[0m","logger":"airflow.task.hooks.airflow.providers.standard.hooks.subprocess.SubprocessHook","filename":"subprocess.py","lineno":99}
{"timestamp":"2026-06-27T07:04:06.115252Z","level":"info","event":"\u001b[0m07:04:06","logger":"airflow.task.hooks.airflow.providers.standard.hooks.subprocess.SubprocessHook","filename":"subprocess.py","lineno":99}
{"timestamp":"2026-06-27T07:04:06.116842Z","level":"info","event":"\u001b[0m07:04:06  Done. PASS=2 WARN=0 ERROR=0 SKIP=0 NO-OP=0 TOTAL=2","logger":"airflow.task.hooks.airflow.providers.standard.hooks.subprocess.SubprocessHook","filename":"subprocess.py","lineno":99}
{"timestamp":"2026-06-27T07:04:07.747925Z","level":"info","event":"Command exited with return code 0","logger":"airflow.task.hooks.airflow.providers.standard.hooks.subprocess.SubprocessHook","filename":"subprocess.py","lineno":103}
{"timestamp":"2026-06-27T07:04:07.749255Z","level":"info","event":"Pushing xcom","ti":"RuntimeTaskInstance(id=UUID('019f07e3-eef2-7a47-824b-cd7439575a22'), task_id='dbt_run_staging_for_schedule', dag_id='01_openf1_fetch_once_per_season', run_id='scheduled__2026-06-27T00:00:00+00:00', try_number=1, dag_version_id=UUID('019efe4e-48b8-79c1-b59e-f003e8e3123a'), map_index=-1, hostname='57434fd533db', context_carrier={'traceparent': '00-deaf54bd3f03e8c76b7399fb4fb2d893-9a6cc5bfa604a415-01'}, task=<Task(BashOperator): dbt_run_staging_for_schedule>, bundle_instance=LocalDagBundle(name=dags-folder), max_tries=2, start_date=datetime.datetime(2026, 6, 27, 7, 3, 48, 496052, tzinfo=datetime.timezone.utc), end_date=None, state=<TaskInstanceState.RUNNING: 'running'>, is_mapped=False, rendered_map_index=None, sentry_integration='')","logger":"task","filename":"task_runner.py","lineno":1724}
