{"timestamp":"2026-06-06T12:42:31.710451Z","level":"info","event":"DAG bundles loaded: dags-folder","logger":"airflow.dag_processing.bundles.manager.DagBundlesManager","filename":"manager.py","lineno":209}
{"timestamp":"2026-06-06T12:42:31.712759Z","level":"info","event":"Filling up the DagBag from /opt/airflow/dags/openf1_session_results_bronze.py","logger":"airflow.dag_processing.dagbag.BundleDagBag","filename":"dagbag.py","lineno":469}
{"timestamp":"2026-06-06T12:42:32.171109Z","level":"warning","event":"The `airflow.operators.python.PythonOperator` attribute is deprecated. Please use `'airflow.providers.standard.operators.python.PythonOperator'`.","category":"UserWarning","filename":"/opt/airflow/dags/openf1_session_results_bronze.py","lineno":3,"logger":"py.warnings"}
{"timestamp":"2026-06-06T12:42:32.191821Z","level":"info","event":"Init Bigquery Client","logger":"openf1_de.fetch_bronze_session_results","filename":"fetch_bronze_session_results.py","lineno":63}
{"timestamp":"2026-06-06T12:42:32.229463Z","level":"info","event":"Fetch stg_sessions","logger":"openf1_de.fetch_bronze_session_results","filename":"fetch_bronze_session_results.py","lineno":65}
{"timestamp":"2026-06-06T12:42:34.404593Z","level":"info","event":"Using the only necessary tables columns: ['session_key', 'date_start', 'session_type', 'session_name', 'year'] and before 2026-06-06 12:42:34.404461+00:00","logger":"openf1_de.fetch_bronze_session_results","filename":"fetch_bronze_session_results.py","lineno":74}
{"timestamp":"2026-06-06T12:42:34.406692Z","level":"info","event":"Fetching the Session Results","logger":"openf1_de.fetch_bronze_session_results","filename":"fetch_bronze_session_results.py","lineno":80}
{"timestamp":"2026-06-06T12:42:34.407423Z","level":"info","event":"Skip cached session_key: 11465","logger":"task.stdout"}
{"timestamp":"2026-06-06T12:42:34.407655Z","level":"info","event":"Skip cached session_key: 11466","logger":"task.stdout"}
{"timestamp":"2026-06-06T12:42:34.407854Z","level":"info","event":"Skip cached session_key: 11467","logger":"task.stdout"}
{"timestamp":"2026-06-06T12:42:34.408041Z","level":"info","event":"Skip cached session_key: 11470","logger":"task.stdout"}
{"timestamp":"2026-06-06T12:42:34.408227Z","level":"info","event":"Skip cached session_key: 11469","logger":"task.stdout"}
{"timestamp":"2026-06-06T12:42:34.408438Z","level":"info","event":"Skip cached session_key: 11468","logger":"task.stdout"}
{"timestamp":"2026-06-06T12:42:34.408630Z","level":"info","event":"Skip cached session_key: 11227","logger":"task.stdout"}
{"timestamp":"2026-06-06T12:42:34.408830Z","level":"info","event":"Skip cached session_key: 11228","logger":"task.stdout"}
{"timestamp":"2026-06-06T12:42:34.409021Z","level":"info","event":"Skip cached session_key: 11229","logger":"task.stdout"}
{"timestamp":"2026-06-06T12:42:34.409232Z","level":"info","event":"Skip cached session_key: 11230","logger":"task.stdout"}
{"timestamp":"2026-06-06T12:42:34.409474Z","level":"info","event":"Skip cached session_key: 11234","logger":"task.stdout"}
{"timestamp":"2026-06-06T12:42:34.409673Z","level":"info","event":"Skip cached session_key: 11235","logger":"task.stdout"}
{"timestamp":"2026-06-06T12:42:34.409889Z","level":"info","event":"Skip cached session_key: 11236","logger":"task.stdout"}
{"timestamp":"2026-06-06T12:42:34.410084Z","level":"info","event":"Skip cached session_key: 11240","logger":"task.stdout"}
{"timestamp":"2026-06-06T12:42:34.410278Z","level":"info","event":"Skip cached session_key: 11241","logger":"task.stdout"}
{"timestamp":"2026-06-06T12:42:34.410463Z","level":"info","event":"Skip cached session_key: 11245","logger":"task.stdout"}
{"timestamp":"2026-06-06T12:42:34.410637Z","level":"info","event":"Skip cached session_key: 11246","logger":"task.stdout"}
{"timestamp":"2026-06-06T12:42:34.410814Z","level":"info","event":"Skip cached session_key: 11247","logger":"task.stdout"}
{"timestamp":"2026-06-06T12:42:34.410998Z","level":"info","event":"Skip cached session_key: 11248","logger":"task.stdout"}
{"timestamp":"2026-06-06T12:42:34.411170Z","level":"info","event":"Skip cached session_key: 11249","logger":"task.stdout"}
{"timestamp":"2026-06-06T12:42:34.411417Z","level":"info","event":"Skip cached session_key: 11253","logger":"task.stdout"}
{"timestamp":"2026-06-06T12:42:34.407202Z","level":"info","event":"Fetching for url: https://api.openf1.org/v1/session_result?session_key=11254","logger":"openf1_de.fetch_bronze_session_results","filename":"fetch_bronze_session_results.py","lineno":94}
{"timestamp":"2026-06-06T12:42:34.961855Z","level":"error","event":"404: Not found for https://api.openf1.org/v1/session_result?session_key=11254","logger":"openf1_de.fetch_bronze_session_results","filename":"fetch_bronze_session_results.py","lineno":111}
{"timestamp":"2026-06-06T12:42:34.962514Z","level":"info","event":"Fetching for url: https://api.openf1.org/v1/session_result?session_key=11255","logger":"openf1_de.fetch_bronze_session_results","filename":"fetch_bronze_session_results.py","lineno":94}
{"timestamp":"2026-06-06T12:42:35.475870Z","level":"error","event":"404: Not found for https://api.openf1.org/v1/session_result?session_key=11255","logger":"openf1_de.fetch_bronze_session_results","filename":"fetch_bronze_session_results.py","lineno":111}
{"timestamp":"2026-06-06T12:42:35.476193Z","level":"info","event":"Fetching for url: https://api.openf1.org/v1/session_result?session_key=11256","logger":"openf1_de.fetch_bronze_session_results","filename":"fetch_bronze_session_results.py","lineno":94}
{"timestamp":"2026-06-06T12:42:35.988047Z","level":"error","event":"404: Not found for https://api.openf1.org/v1/session_result?session_key=11256","logger":"openf1_de.fetch_bronze_session_results","filename":"fetch_bronze_session_results.py","lineno":111}
{"timestamp":"2026-06-06T12:42:35.988380Z","level":"info","event":"Fetching for url: https://api.openf1.org/v1/session_result?session_key=11257","logger":"openf1_de.fetch_bronze_session_results","filename":"fetch_bronze_session_results.py","lineno":94}
{"timestamp":"2026-06-06T12:42:36.503812Z","level":"error","event":"404: Not found for https://api.openf1.org/v1/session_result?session_key=11257","logger":"openf1_de.fetch_bronze_session_results","filename":"fetch_bronze_session_results.py","lineno":111}
{"timestamp":"2026-06-06T12:42:36.504184Z","level":"info","event":"Fetching for url: https://api.openf1.org/v1/session_result?session_key=11261","logger":"openf1_de.fetch_bronze_session_results","filename":"fetch_bronze_session_results.py","lineno":94}
{"timestamp":"2026-06-06T12:42:37.011779Z","level":"error","event":"404: Not found for https://api.openf1.org/v1/session_result?session_key=11261","logger":"openf1_de.fetch_bronze_session_results","filename":"fetch_bronze_session_results.py","lineno":111}
{"timestamp":"2026-06-06T12:42:37.012100Z","level":"info","event":"Fetching for url: https://api.openf1.org/v1/session_result?session_key=11262","logger":"openf1_de.fetch_bronze_session_results","filename":"fetch_bronze_session_results.py","lineno":94}
{"timestamp":"2026-06-06T12:42:37.522798Z","level":"error","event":"404: Not found for https://api.openf1.org/v1/session_result?session_key=11262","logger":"openf1_de.fetch_bronze_session_results","filename":"fetch_bronze_session_results.py","lineno":111}
{"timestamp":"2026-06-06T12:42:37.523135Z","level":"info","event":"Fetching for url: https://api.openf1.org/v1/session_result?session_key=11263","logger":"openf1_de.fetch_bronze_session_results","filename":"fetch_bronze_session_results.py","lineno":94}
{"timestamp":"2026-06-06T12:42:38.032144Z","level":"error","event":"404: Not found for https://api.openf1.org/v1/session_result?session_key=11263","logger":"openf1_de.fetch_bronze_session_results","filename":"fetch_bronze_session_results.py","lineno":111}
{"timestamp":"2026-06-06T12:42:38.032471Z","level":"info","event":"Fetching for url: https://api.openf1.org/v1/session_result?session_key=11264","logger":"openf1_de.fetch_bronze_session_results","filename":"fetch_bronze_session_results.py","lineno":94}
{"timestamp":"2026-06-06T12:42:38.538874Z","level":"error","event":"404: Not found for https://api.openf1.org/v1/session_result?session_key=11264","logger":"openf1_de.fetch_bronze_session_results","filename":"fetch_bronze_session_results.py","lineno":111}
{"timestamp":"2026-06-06T12:42:38.539158Z","level":"info","event":"Fetching for url: https://api.openf1.org/v1/session_result?session_key=11265","logger":"openf1_de.fetch_bronze_session_results","filename":"fetch_bronze_session_results.py","lineno":94}
{"timestamp":"2026-06-06T12:42:39.050130Z","level":"error","event":"404: Not found for https://api.openf1.org/v1/session_result?session_key=11265","logger":"openf1_de.fetch_bronze_session_results","filename":"fetch_bronze_session_results.py","lineno":111}
{"timestamp":"2026-06-06T12:42:39.050478Z","level":"info","event":"Fetching for url: https://api.openf1.org/v1/session_result?session_key=11269","logger":"openf1_de.fetch_bronze_session_results","filename":"fetch_bronze_session_results.py","lineno":94}
{"timestamp":"2026-06-06T12:42:39.559878Z","level":"error","event":"404: Not found for https://api.openf1.org/v1/session_result?session_key=11269","logger":"openf1_de.fetch_bronze_session_results","filename":"fetch_bronze_session_results.py","lineno":111}
{"timestamp":"2026-06-06T12:42:39.560230Z","level":"info","event":"Concatting the dataframes","logger":"openf1_de.fetch_bronze_session_results","filename":"fetch_bronze_session_results.py","lineno":124}
{"timestamp":"2026-06-06T12:42:39.560698Z","level":"info","event":"Skip cached session_key: 11270","logger":"task.stdout"}
{"timestamp":"2026-06-06T12:42:39.560911Z","level":"info","event":"Skip cached session_key: 11271","logger":"task.stdout"}
{"timestamp":"2026-06-06T12:42:39.561122Z","level":"info","event":"Skip cached session_key: 11275","logger":"task.stdout"}
{"timestamp":"2026-06-06T12:42:39.561336Z","level":"info","event":"Skip cached session_key: 11276","logger":"task.stdout"}
{"timestamp":"2026-06-06T12:42:39.561524Z","level":"info","event":"Skip cached session_key: 11280","logger":"task.stdout"}
{"timestamp":"2026-06-06T12:42:39.561747Z","level":"info","event":"Skip cached session_key: 11281","logger":"task.stdout"}
{"timestamp":"2026-06-06T12:42:39.561947Z","level":"info","event":"Skip cached session_key: 11282","logger":"task.stdout"}
{"timestamp":"2026-06-06T12:42:39.562116Z","level":"info","event":"Skip cached session_key: 11286","logger":"task.stdout"}
{"timestamp":"2026-06-06T12:42:39.562289Z","level":"info","event":"Skip cached session_key: 11287","logger":"task.stdout"}
{"timestamp":"2026-06-06T12:42:39.562481Z","level":"info","event":"Skip cached session_key: 11291","logger":"task.stdout"}
{"timestamp":"2026-06-06T12:42:39.562781Z","level":"info","event":"Skip cached session_key: 11292","logger":"task.stdout"}
{"timestamp":"2026-06-06T12:42:39.562966Z","level":"info","event":"Skip cached session_key: 11293","logger":"task.stdout"}
{"timestamp":"2026-06-06T12:42:39.563139Z","level":"info","event":"Skip cached session_key: 11294","logger":"task.stdout"}
{"timestamp":"2026-06-06T12:42:39.563522Z","level":"info","event":"Merging df_sr with df_sessions","logger":"openf1_de.fetch_bronze_session_results","filename":"fetch_bronze_session_results.py","lineno":127}
{"timestamp":"2026-06-06T12:42:39.563822Z","level":"error","event":"Task failed with exception","logger":"task","filename":"task_runner.py","lineno":1347,"error_detail":[{"exc_type":"KeyError","exc_value":"'session_key'","exc_notes":[],"syntax_error":null,"is_cause":false,"frames":[{"filename":"/home/airflow/.local/lib/python3.13/site-packages/airflow/sdk/execution_time/task_runner.py","lineno":1263,"name":"run"},{"filename":"/home/airflow/.local/lib/python3.13/site-packages/airflow/sdk/execution_time/task_runner.py","lineno":1678,"name":"_execute_task"},{"filename":"/home/airflow/.local/lib/python3.13/site-packages/airflow/sdk/bases/operator.py","lineno":443,"name":"wrapper"},{"filename":"/home/airflow/.local/lib/python3.13/site-packages/airflow/providers/standard/operators/python.py","lineno":227,"name":"execute"},{"filename":"/home/airflow/.local/lib/python3.13/site-packages/airflow/providers/standard/operators/python.py","lineno":250,"name":"execute_callable"},{"filename":"/home/airflow/.local/lib/python3.13/site-packages/airflow/sdk/execution_time/callback_runner.py","lineno":97,"name":"run"},{"filename":"/opt/airflow/src/openf1_de/fetch_bronze_session_results.py","lineno":128,"name":"main"},{"filename":"/home/airflow/.local/lib/python3.13/site-packages/pandas/core/reshape/merge.py","lineno":170,"name":"merge"},{"filename":"/home/airflow/.local/lib/python3.13/site-packages/pandas/core/reshape/merge.py","lineno":794,"name":"__init__"},{"filename":"/home/airflow/.local/lib/python3.13/site-packages/pandas/core/reshape/merge.py","lineno":1311,"name":"_get_merge_keys"},{"filename":"/home/airflow/.local/lib/python3.13/site-packages/pandas/core/generic.py","lineno":1914,"name":"_get_label_or_level_values"}],"is_group":false,"exceptions":[]}]}
