{"timestamp":"2026-06-25T12:10:19.815103Z","level":"info","event":"DAG bundles loaded: dags-folder","logger":"airflow.dag_processing.bundles.manager.DagBundlesManager","filename":"manager.py","lineno":209}
{"timestamp":"2026-06-25T12:10:19.817994Z","level":"info","event":"Filling up the DagBag from /opt/airflow/dags/openf1_session_results.py","logger":"airflow.dag_processing.dagbag.BundleDagBag","filename":"dagbag.py","lineno":469}
{"timestamp":"2026-06-25T12:10:21.974380Z","level":"warning","event":"The `airflow.operators.python.PythonOperator` attribute is deprecated. Please use `'airflow.providers.standard.operators.python.PythonOperator'`.","category":"UserWarning","filename":"/opt/airflow/dags/openf1_session_results.py","lineno":3,"logger":"py.warnings"}
{"timestamp":"2026-06-25T12:10:21.974641Z","level":"warning","event":"The `airflow.operators.bash.BashOperator` attribute is deprecated. Please use `'airflow.providers.standard.operators.bash.BashOperator'`.","category":"UserWarning","filename":"/opt/airflow/dags/openf1_session_results.py","lineno":4,"logger":"py.warnings"}
{"timestamp":"2026-06-25T12:10:22.106335Z","level":"info","event":"Init Bigquery Client","logger":"openf1_de.fetch_bronze_session_results","filename":"fetch_bronze_session_results.py","lineno":92}
{"timestamp":"2026-06-25T12:10:22.173980Z","level":"info","event":"Fetch stg_sessions","logger":"openf1_de.fetch_bronze_session_results","filename":"fetch_bronze_session_results.py","lineno":95}
{"timestamp":"2026-06-25T12:10:24.340297Z","level":"info","event":"Using columns ['session_key', 'date_start', 'session_type', 'session_name', 'year'] for sessions before 2026-06-25 12:10:24.340134+00:00","logger":"openf1_de.fetch_bronze_session_results","filename":"fetch_bronze_session_results.py","lineno":100}
{"timestamp":"2026-06-25T12:10:24.343669Z","level":"info","event":"Fetching session results and drivers per session","logger":"openf1_de.fetch_bronze_session_results","filename":"fetch_bronze_session_results.py","lineno":107}
{"timestamp":"2026-06-25T12:10:24.346096Z","level":"info","event":"Fetching session results: https://api.openf1.org/v1/session_result?session_key=11465","logger":"openf1_de.fetch_bronze_session_results","filename":"fetch_bronze_session_results.py","lineno":113}
{"timestamp":"2026-06-25T12:10:25.115262Z","level":"info","event":"Fetching drivers: https://api.openf1.org/v1/drivers?session_key=11465","logger":"openf1_de.fetch_bronze_session_results","filename":"fetch_bronze_session_results.py","lineno":120}
{"timestamp":"2026-06-25T12:10:25.712653Z","level":"info","event":"Fetching session results: https://api.openf1.org/v1/session_result?session_key=11466","logger":"openf1_de.fetch_bronze_session_results","filename":"fetch_bronze_session_results.py","lineno":113}
{"timestamp":"2026-06-25T12:10:26.357256Z","level":"info","event":"Fetching drivers: https://api.openf1.org/v1/drivers?session_key=11466","logger":"openf1_de.fetch_bronze_session_results","filename":"fetch_bronze_session_results.py","lineno":120}
{"timestamp":"2026-06-25T12:10:27.002943Z","level":"info","event":"Fetching session results: https://api.openf1.org/v1/session_result?session_key=11467","logger":"openf1_de.fetch_bronze_session_results","filename":"fetch_bronze_session_results.py","lineno":113}
{"timestamp":"2026-06-25T12:10:27.648694Z","level":"info","event":"Fetching drivers: https://api.openf1.org/v1/drivers?session_key=11467","logger":"openf1_de.fetch_bronze_session_results","filename":"fetch_bronze_session_results.py","lineno":120}
{"timestamp":"2026-06-25T12:10:28.246004Z","level":"info","event":"Fetching session results: https://api.openf1.org/v1/session_result?session_key=11470","logger":"openf1_de.fetch_bronze_session_results","filename":"fetch_bronze_session_results.py","lineno":113}
{"timestamp":"2026-06-25T12:10:28.905219Z","level":"info","event":"Fetching drivers: https://api.openf1.org/v1/drivers?session_key=11470","logger":"openf1_de.fetch_bronze_session_results","filename":"fetch_bronze_session_results.py","lineno":120}
{"timestamp":"2026-06-25T12:10:29.557143Z","level":"info","event":"Fetching session results: https://api.openf1.org/v1/session_result?session_key=11469","logger":"openf1_de.fetch_bronze_session_results","filename":"fetch_bronze_session_results.py","lineno":113}
{"timestamp":"2026-06-25T12:10:30.189831Z","level":"info","event":"Fetching drivers: https://api.openf1.org/v1/drivers?session_key=11469","logger":"openf1_de.fetch_bronze_session_results","filename":"fetch_bronze_session_results.py","lineno":120}
{"timestamp":"2026-06-25T12:10:30.823445Z","level":"info","event":"Fetching session results: https://api.openf1.org/v1/session_result?session_key=11468","logger":"openf1_de.fetch_bronze_session_results","filename":"fetch_bronze_session_results.py","lineno":113}
{"timestamp":"2026-06-25T12:10:31.474622Z","level":"info","event":"Fetching drivers: https://api.openf1.org/v1/drivers?session_key=11468","logger":"openf1_de.fetch_bronze_session_results","filename":"fetch_bronze_session_results.py","lineno":120}
{"timestamp":"2026-06-25T12:10:32.071207Z","level":"info","event":"Fetching session results: https://api.openf1.org/v1/session_result?session_key=11227","logger":"openf1_de.fetch_bronze_session_results","filename":"fetch_bronze_session_results.py","lineno":113}
{"timestamp":"2026-06-25T12:10:32.683114Z","level":"info","event":"Fetching drivers: https://api.openf1.org/v1/drivers?session_key=11227","logger":"openf1_de.fetch_bronze_session_results","filename":"fetch_bronze_session_results.py","lineno":120}
{"timestamp":"2026-06-25T12:10:33.321377Z","level":"info","event":"Fetching session results: https://api.openf1.org/v1/session_result?session_key=11228","logger":"openf1_de.fetch_bronze_session_results","filename":"fetch_bronze_session_results.py","lineno":113}
{"timestamp":"2026-06-25T12:10:33.920292Z","level":"info","event":"Fetching drivers: https://api.openf1.org/v1/drivers?session_key=11228","logger":"openf1_de.fetch_bronze_session_results","filename":"fetch_bronze_session_results.py","lineno":120}
{"timestamp":"2026-06-25T12:10:34.566826Z","level":"info","event":"Fetching session results: https://api.openf1.org/v1/session_result?session_key=11229","logger":"openf1_de.fetch_bronze_session_results","filename":"fetch_bronze_session_results.py","lineno":113}
{"timestamp":"2026-06-25T12:10:35.213297Z","level":"info","event":"Fetching drivers: https://api.openf1.org/v1/drivers?session_key=11229","logger":"openf1_de.fetch_bronze_session_results","filename":"fetch_bronze_session_results.py","lineno":120}
{"timestamp":"2026-06-25T12:10:35.914354Z","level":"info","event":"Fetching session results: https://api.openf1.org/v1/session_result?session_key=11230","logger":"openf1_de.fetch_bronze_session_results","filename":"fetch_bronze_session_results.py","lineno":113}
{"timestamp":"2026-06-25T12:10:36.560771Z","level":"info","event":"Fetching drivers: https://api.openf1.org/v1/drivers?session_key=11230","logger":"openf1_de.fetch_bronze_session_results","filename":"fetch_bronze_session_results.py","lineno":120}
{"timestamp":"2026-06-25T12:10:37.260230Z","level":"info","event":"Fetching session results: https://api.openf1.org/v1/session_result?session_key=11234","logger":"openf1_de.fetch_bronze_session_results","filename":"fetch_bronze_session_results.py","lineno":113}
{"timestamp":"2026-06-25T12:10:37.937025Z","level":"info","event":"Fetching drivers: https://api.openf1.org/v1/drivers?session_key=11234","logger":"openf1_de.fetch_bronze_session_results","filename":"fetch_bronze_session_results.py","lineno":120}
{"timestamp":"2026-06-25T12:10:38.546978Z","level":"info","event":"Fetching session results: https://api.openf1.org/v1/session_result?session_key=11235","logger":"openf1_de.fetch_bronze_session_results","filename":"fetch_bronze_session_results.py","lineno":113}
{"timestamp":"2026-06-25T12:10:39.165895Z","level":"info","event":"Fetching drivers: https://api.openf1.org/v1/drivers?session_key=11235","logger":"openf1_de.fetch_bronze_session_results","filename":"fetch_bronze_session_results.py","lineno":120}
{"timestamp":"2026-06-25T12:10:39.829718Z","level":"info","event":"Fetching session results: https://api.openf1.org/v1/session_result?session_key=11236","logger":"openf1_de.fetch_bronze_session_results","filename":"fetch_bronze_session_results.py","lineno":113}
{"timestamp":"2026-06-25T12:10:40.507526Z","level":"info","event":"Fetching drivers: https://api.openf1.org/v1/drivers?session_key=11236","logger":"openf1_de.fetch_bronze_session_results","filename":"fetch_bronze_session_results.py","lineno":120}
{"timestamp":"2026-06-25T12:10:41.102590Z","level":"info","event":"Fetching session results: https://api.openf1.org/v1/session_result?session_key=11240","logger":"openf1_de.fetch_bronze_session_results","filename":"fetch_bronze_session_results.py","lineno":113}
{"timestamp":"2026-06-25T12:10:41.760510Z","level":"info","event":"Fetching drivers: https://api.openf1.org/v1/drivers?session_key=11240","logger":"openf1_de.fetch_bronze_session_results","filename":"fetch_bronze_session_results.py","lineno":120}
{"timestamp":"2026-06-25T12:10:42.365312Z","level":"info","event":"Fetching session results: https://api.openf1.org/v1/session_result?session_key=11241","logger":"openf1_de.fetch_bronze_session_results","filename":"fetch_bronze_session_results.py","lineno":113}
{"timestamp":"2026-06-25T12:10:42.986940Z","level":"info","event":"Fetching drivers: https://api.openf1.org/v1/drivers?session_key=11241","logger":"openf1_de.fetch_bronze_session_results","filename":"fetch_bronze_session_results.py","lineno":120}
{"timestamp":"2026-06-25T12:10:43.651849Z","level":"info","event":"Fetching session results: https://api.openf1.org/v1/session_result?session_key=11245","logger":"openf1_de.fetch_bronze_session_results","filename":"fetch_bronze_session_results.py","lineno":113}
{"timestamp":"2026-06-25T12:10:44.254630Z","level":"error","event":"429: Waiting 15.7s until next minute...","logger":"openf1_de.fetch_bronze_session_results","filename":"fetch_bronze_session_results.py","lineno":56}
{"timestamp":"2026-06-25T12:10:49.278626Z","level":"error","event":"Server indicated the task shouldn't be running anymore. Terminating process","detail":{"reason":"not_running","message":"TI is no longer in the running state and task should terminate","current_state":"removed"},"logger":"task"}
{"timestamp":"2026-06-25T12:10:54.312894Z","level":"error","event":"Task killed!","logger":"task"}
